	Probing...
		Bounds: [722,4812]
		r020 [makespan: 1050]
		r020 [makespan: 982]
		r020 [makespan: 966]
		r020 [makespan: 946]
		r020 [makespan: 945]
		r020 [makespan: 938]
		r020 [makespan: 935]
			nodes:      14778
			failures:   10
			peak depth: 639
			runtime:    0.222 (222.000 ms)

	Adjusting...
		Bounds: [722,935]
		Bounds: [829,935]
		r020 [makespan: 877]
		Bounds: [829,877]
		r020 [makespan: 852]
		Bounds: [829,852]
		Bounds: [841,852]
		Bounds: [847,852]
		Bounds: [850,852]
			nodes:      1253508
			failures:   626404
			restarts:   34
			no-goods:   890
			peak depth: 95
			runtime:    1:05.215 (65216.000 ms)

	Solving...
			nodes:      0
			failures:   1
			restarts:   0
			no-goods:   0
			peak depth: 0
			runtime:    0.001 (1.000 ms)

	Found best solution and proved optimality.
