	Probing...
		Bounds: [684,5193]
		r024 [makespan: 956]
		r024 [makespan: 935]
		r024 [makespan: 895]
			nodes:      34899
			failures:   10006
			peak depth: 650
			runtime:    0.556 (556.000 ms)

	Adjusting...
		Bounds: [684,895]
		Bounds: [790,895]
		r024 [makespan: 842]
		Bounds: [790,842]
		Bounds: [817,842]
		Bounds: [830,842]
		r024 [makespan: 834]
		Bounds: [830,834]
		r024 [makespan: 832]
		Bounds: [830,832]
		r024 [makespan: 831]
			nodes:      165478
			failures:   82508
			restarts:   9
			no-goods:   143
			peak depth: 103
			runtime:    10.212 (10212.000 ms)

	Found best solution and proved optimality.
