	Probing...
		Bounds: [717,5257]
		r058 [makespan: 1096]
		r058 [makespan: 922]
		r058 [makespan: 912]
			nodes:      15083
			failures:   2
			peak depth: 649
			runtime:    0.222 (222.000 ms)

	Adjusting...
		Bounds: [717,912]
		Bounds: [815,912]
		r058 [makespan: 862]
		Bounds: [815,862]
		r058 [makespan: 835]
		Bounds: [815,835]
		r058 [makespan: 825]
		Bounds: [815,825]
		r058 [makespan: 818]
		Bounds: [815,818]
			nodes:      2214
			failures:   932
			restarts:   0
			no-goods:   0
			peak depth: 124
			runtime:    0.098 (98.000 ms)

	Found best solution and proved optimality.
