	Probing...
		Bounds: [695,4985]
		r070 [makespan: 900]
			nodes:      14872
			failures:   2
			peak depth: 654
			runtime:    0.223 (223.000 ms)

	Adjusting...
		Bounds: [695,900]
		Bounds: [798,900]
		r070 [makespan: 849]
		Bounds: [798,849]
		Bounds: [824,849]
		r070 [makespan: 835]
		Bounds: [824,835]
		r070 [makespan: 829]
		Bounds: [824,829]
		r070 [makespan: 826]
		Bounds: [824,826]
			nodes:      6903
			failures:   3280
			restarts:   0
			no-goods:   0
			peak depth: 101
			runtime:    0.437 (437.000 ms)

	Solving...
			nodes:      0
			failures:   1
			restarts:   0
			no-goods:   0
			peak depth: 0
			runtime:    0.001 (1.000 ms)

	Found best solution and proved optimality.
