	Probing...
		Bounds: [683,5058]
		r096 [makespan: 1057]
		r096 [makespan: 983]
			nodes:      54537
			failures:   20014
			peak depth: 656
			runtime:    1.228 (1228.000 ms)

	Adjusting...
		Bounds: [683,983]
		Bounds: [834,983]
		r096 [makespan: 908]
		Bounds: [834,908]
		r096 [makespan: 871]
		Bounds: [834,871]
		Bounds: [853,871]
		Bounds: [863,871]
		r096 [makespan: 867]
		Bounds: [863,867]
		r096 [makespan: 865]
		Bounds: [863,865]
		r096 [makespan: 864]
			nodes:      4045
			failures:   1842
			restarts:   0
			no-goods:   0
			peak depth: 95
			runtime:    0.272 (272.000 ms)

	Found best solution and proved optimality.
