	Probing...
		Bounds: [715,5020]
		r124 [makespan: 1123]
		r124 [makespan: 990]
			nodes:      15029
			failures:   10
			peak depth: 644
			runtime:    0.224 (224.000 ms)

	Adjusting...
		Bounds: [715,990]
		Bounds: [853,990]
		r124 [makespan: 917]
		Bounds: [853,917]
		r124 [makespan: 882]
		Bounds: [853,882]
		Bounds: [868,882]
		r124 [makespan: 875]
		Bounds: [868,875]
		Bounds: [872,875]
		r124 [makespan: 872]
			nodes:      45612
			failures:   22630
			restarts:   3
			no-goods:   32
			peak depth: 92
			runtime:    3.290 (3290.000 ms)

	Solving...
			nodes:      0
			failures:   1
			restarts:   0
			no-goods:   0
			peak depth: 0
			runtime:    0.001 (1.000 ms)

	Found best solution and proved optimality.
