	Probing...
		Bounds: [695,5389]
		r126 [makespan: 952]
		r126 [makespan: 936]
			nodes:      15308
			failures:   10
			peak depth: 657
			runtime:    0.219 (219.000 ms)

	Adjusting...
		Bounds: [695,936]
		Bounds: [816,936]
		r126 [makespan: 873]
		Bounds: [816,873]
		Bounds: [845,873]
		r126 [makespan: 859]
		Bounds: [845,859]
		Bounds: [853,859]
		Bounds: [857,859]
			nodes:      3989
			failures:   1919
			restarts:   0
			no-goods:   0
			peak depth: 91
			runtime:    0.163 (163.000 ms)

	Solving...
			nodes:      0
			failures:   1
			restarts:   0
			no-goods:   0
			peak depth: 0
			runtime:    0.000 (0.000 ms)

	Found best solution and proved optimality.
