	Probing...
		Bounds: [685,5091]
		r127 [makespan: 1157]
		r127 [makespan: 1021]
		r127 [makespan: 992]
		r127 [makespan: 968]
		r127 [makespan: 926]
		r127 [makespan: 882]
			nodes:      15077
			failures:   4
			peak depth: 648
			runtime:    0.216 (216.000 ms)

	Adjusting...
		Bounds: [685,882]
		Bounds: [784,882]
		r127 [makespan: 833]
		Bounds: [784,833]
		Bounds: [809,833]
		Bounds: [822,833]
		r127 [makespan: 827]
		Bounds: [822,827]
		r127 [makespan: 824]
		Bounds: [822,824]
		r127 [makespan: 823]
			nodes:      121210
			failures:   60387
			restarts:   7
			no-goods:   118
			peak depth: 110
			runtime:    7.065 (7065.000 ms)

	Found best solution and proved optimality.
