	Probing...
		Bounds: [604,4740]
		r128 [makespan: 1005]
		r128 [makespan: 838]
		r128 [makespan: 814]
		r128 [makespan: 809]
			nodes:      34533
			failures:   10003
			peak depth: 625
			runtime:    0.829 (829.000 ms)

	Adjusting...
		Bounds: [604,809]
		Bounds: [707,809]
		r128 [makespan: 757]
		Bounds: [707,757]
		r128 [makespan: 732]
		Bounds: [707,732]
		Bounds: [720,732]
		r128 [makespan: 725]
		Bounds: [720,725]
		Bounds: [723,725]
			nodes:      1853
			failures:   817
			restarts:   0
			no-goods:   0
			peak depth: 87
			runtime:    0.134 (134.000 ms)

	Solving...
			nodes:      0
			failures:   1
			restarts:   0
			no-goods:   0
			peak depth: 0
			runtime:    0.000 (0.000 ms)

	Found best solution and proved optimality.
