	Probing...
		Bounds: [693,5274]
		r202 [makespan: 941]
		r202 [makespan: 901]
		r202 [makespan: 886]
		r202 [makespan: 884]
			nodes:      15152
			failures:   9
			peak depth: 669
			runtime:    0.221 (221.000 ms)

	Adjusting...
		Bounds: [693,884]
		Bounds: [789,884]
		r202 [makespan: 835]
		Bounds: [789,835]
		r202 [makespan: 808]
		Bounds: [789,808]
		Bounds: [799,808]
		r202 [makespan: 803]
		Bounds: [799,803]
			nodes:      39116
			failures:   19446
			restarts:   2
			no-goods:   26
			peak depth: 83
			runtime:    2.393 (2393.000 ms)

	Found best solution and proved optimality.
