	Probing...
		Bounds: [668,5325]
		r209 [makespan: 1169]
		r209 [makespan: 1016]
		r209 [makespan: 1015]
		r209 [makespan: 1006]
		r209 [makespan: 987]
			nodes:      15159
			failures:   14
			peak depth: 662
			runtime:    0.222 (222.000 ms)

	Adjusting...
		Bounds: [668,987]
		Bounds: [828,987]
		r209 [makespan: 906]
		Bounds: [828,906]
		r209 [makespan: 866]
		Bounds: [828,866]
		Bounds: [848,866]
		Bounds: [858,866]
		Bounds: [863,866]
			nodes:      357094
			failures:   178323
			restarts:   19
			no-goods:   368
			peak depth: 103
			runtime:    22.633 (22633.000 ms)

	Found best solution and proved optimality.
