	Probing...
		Bounds: [698,5000]
		r298 [makespan: 1055]
		r298 [makespan: 945]
		r298 [makespan: 932]
		r298 [makespan: 928]
		r298 [makespan: 893]
		r298 [makespan: 885]
			nodes:      15020
			failures:   6
			peak depth: 647
			runtime:    0.220 (220.000 ms)

	Adjusting...
		Bounds: [698,885]
		Bounds: [792,885]
		r298 [makespan: 836]
		Bounds: [792,836]
		r298 [makespan: 812]
		Bounds: [792,812]
		Bounds: [803,812]
		r298 [makespan: 805]
		Bounds: [803,805]
			nodes:      1310
			failures:   543
			restarts:   0
			no-goods:   0
			peak depth: 89
			runtime:    0.076 (76.000 ms)

	Solving...
			nodes:      0
			failures:   1
			restarts:   0
			no-goods:   0
			peak depth: 0
			runtime:    0.000 (0.000 ms)

	Found best solution and proved optimality.
