	Probing...
		Bounds: [694,5261]
		r333 [makespan: 1033]
		r333 [makespan: 1005]
		r333 [makespan: 1002]
			nodes:      35217
			failures:   10011
			peak depth: 679
			runtime:    0.486 (486.000 ms)

	Adjusting...
		Bounds: [694,1002]
		Bounds: [849,1002]
		r333 [makespan: 924]
		Bounds: [849,924]
		Bounds: [887,924]
		r333 [makespan: 905]
		Bounds: [887,905]
		Bounds: [897,905]
		r333 [makespan: 901]
		Bounds: [897,901]
			nodes:      259417
			failures:   129399
			restarts:   16
			no-goods:   326
			peak depth: 95
			runtime:    13.485 (13485.000 ms)

	Found best solution and proved optimality.
