	Probing...
		Bounds: [683,5129]
		r348 [makespan: 1086]
		r348 [makespan: 1076]
		r348 [makespan: 1063]
		r348 [makespan: 1045]
		r348 [makespan: 1042]
		r348 [makespan: 1039]
			nodes:      15204
			failures:   6
			peak depth: 658
			runtime:    0.230 (230.000 ms)

	Adjusting...
		Bounds: [683,1039]
		Bounds: [862,1039]
		r348 [makespan: 947]
		Bounds: [862,947]
		r348 [makespan: 902]
		Bounds: [862,902]
		Bounds: [883,902]
		Bounds: [893,902]
		Bounds: [898,902]
			nodes:      106706
			failures:   53185
			restarts:   6
			no-goods:   168
			peak depth: 105
			runtime:    5.872 (5872.000 ms)

	Found best solution and proved optimality.
