	Probing...
		Bounds: [692,5262]
		r384 [makespan: 1043]
		r384 [makespan: 915]
			nodes:      34836
			failures:   10005
			peak depth: 683
			runtime:    0.852 (852.000 ms)

	Adjusting...
		Bounds: [692,915]
		Bounds: [804,915]
		r384 [makespan: 855]
		Bounds: [804,855]
		Bounds: [830,855]
		r384 [makespan: 840]
		Bounds: [830,840]
		Bounds: [836,840]
		r384 [makespan: 838]
		Bounds: [836,838]
			nodes:      24642
			failures:   12200
			restarts:   0
			no-goods:   0
			peak depth: 98
			runtime:    1.441 (1441.000 ms)

	Solving...
			nodes:      0
			failures:   1
			restarts:   0
			no-goods:   0
			peak depth: 0
			runtime:    0.000 (0.000 ms)

	Found best solution and proved optimality.
