	Probing...
		Bounds: [722,5250]
		r392 [makespan: 1060]
		r392 [makespan: 1026]
		r392 [makespan: 945]
		r392 [makespan: 931]
			nodes:      14857
			failures:   12
			peak depth: 659
			runtime:    0.229 (229.000 ms)

	Adjusting...
		Bounds: [722,931]
		Bounds: [827,931]
		r392 [makespan: 875]
		Bounds: [827,875]
		Bounds: [852,875]
		r392 [makespan: 862]
		Bounds: [852,862]
		r392 [makespan: 856]
		Bounds: [852,856]
		r392 [makespan: 854]
		Bounds: [852,854]
			nodes:      108625
			failures:   54116
			restarts:   6
			no-goods:   82
			peak depth: 99
			runtime:    6.342 (6342.000 ms)

	Solving...
			nodes:      0
			failures:   1
			restarts:   0
			no-goods:   0
			peak depth: 0
			runtime:    0.000 (0.000 ms)

	Found best solution and proved optimality.
