	Probing...
		Bounds: [634,4735]
		r459 [makespan: 1119]
		r459 [makespan: 880]
		r459 [makespan: 841]
		r459 [makespan: 838]
		r459 [makespan: 778]
			nodes:      15335
			failures:   4
			peak depth: 683
			runtime:    0.222 (222.000 ms)

	Adjusting...
		Bounds: [634,778]
		Bounds: [707,778]
		Bounds: [743,778]
		Bounds: [761,778]
		r459 [makespan: 769]
		Bounds: [761,769]
		r459 [makespan: 763]
		Bounds: [761,763]
			nodes:      773
			failures:   306
			restarts:   0
			no-goods:   0
			peak depth: 88
			runtime:    0.038 (38.000 ms)

	Solving...
			nodes:      0
			failures:   1
			restarts:   0
			no-goods:   0
			peak depth: 0
			runtime:    0.000 (0.000 ms)

	Found best solution and proved optimality.
