	Probing...
		Bounds: [706,5171]
		r463 [makespan: 1183]
		r463 [makespan: 1068]
		r463 [makespan: 1050]
		r463 [makespan: 1030]
		r463 [makespan: 1020]
			nodes:      15250
			failures:   4
			peak depth: 671
			runtime:    0.219 (219.000 ms)

	Adjusting...
		Bounds: [706,1020]
		Bounds: [864,1020]
		r463 [makespan: 941]
		Bounds: [864,941]
		Bounds: [903,941]
		Bounds: [923,941]
		r463 [makespan: 932]
		Bounds: [923,932]
		r463 [makespan: 926]
		Bounds: [923,926]
			nodes:      132294
			failures:   65982
			restarts:   9
			no-goods:   127
			peak depth: 81
			runtime:    7.183 (7183.000 ms)

	Found best solution and proved optimality.
