	Probing...
		Bounds: [694,5008]
		r474 [makespan: 1203]
		r474 [makespan: 975]
		r474 [makespan: 974]
		r474 [makespan: 924]
		r474 [makespan: 910]
			nodes:      15255
			failures:   8
			peak depth: 684
			runtime:    0.221 (221.000 ms)

	Adjusting...
		Bounds: [694,910]
		Bounds: [803,910]
		r474 [makespan: 855]
		Bounds: [803,855]
		r474 [makespan: 829]
		Bounds: [803,829]
		r474 [makespan: 816]
		Bounds: [803,816]
		Bounds: [810,816]
		r474 [makespan: 813]
		Bounds: [810,813]
		r474 [makespan: 811]
			nodes:      879775
			failures:   439355
			restarts:   24
			no-goods:   520
			peak depth: 113
			runtime:    47.740 (47740.000 ms)

	Found best solution and proved optimality.
