	Probing...
		Bounds: [663,4935]
		r486 [makespan: 1099]
		r486 [makespan: 932]
		r486 [makespan: 893]
		r486 [makespan: 880]
		r486 [makespan: 879]
		r486 [makespan: 875]
		r486 [makespan: 874]
			nodes:      15050
			failures:   2
			peak depth: 685
			runtime:    0.219 (219.000 ms)

	Adjusting...
		Bounds: [663,874]
		Bounds: [769,874]
		r486 [makespan: 815]
		Bounds: [769,815]
		r486 [makespan: 790]
		Bounds: [769,790]
		Bounds: [780,790]
		Bounds: [786,790]
		r486 [makespan: 788]
		Bounds: [786,788]
			nodes:      8850
			failures:   4288
			restarts:   0
			no-goods:   0
			peak depth: 114
			runtime:    0.428 (428.000 ms)

	Solving...
			nodes:      0
			failures:   1
			restarts:   0
			no-goods:   0
			peak depth: 0
			runtime:    0.000 (0.000 ms)

	Found best solution and proved optimality.
