	Probing...
		Bounds: [702,5490]
		r511 [makespan: 1229]
		r511 [makespan: 1186]
		r511 [makespan: 1173]
		r511 [makespan: 1099]
		r511 [makespan: 1049]
		r511 [makespan: 1035]
			nodes:      14932
			failures:   6
			peak depth: 628
			runtime:    0.220 (220.000 ms)

	Adjusting...
		Bounds: [702,1035]
		Bounds: [869,1035]
		r511 [makespan: 949]
		Bounds: [869,949]
		Bounds: [910,949]
		Bounds: [930,949]
		r511 [makespan: 938]
		Bounds: [930,938]
		Bounds: [935,938]
			nodes:      121519
			failures:   60612
			restarts:   6
			no-goods:   143
			peak depth: 102
			runtime:    7.776 (7776.000 ms)

	Found best solution and proved optimality.
