	Probing...
		Bounds: [627,5005]
		r537 [makespan: 1088]
		r537 [makespan: 976]
		r537 [makespan: 953]
		r537 [makespan: 915]
		r537 [makespan: 895]
		r537 [makespan: 891]
			nodes:      34383
			failures:   10004
			peak depth: 632
			runtime:    0.676 (676.000 ms)

	Adjusting...
		Bounds: [627,891]
		Bounds: [760,891]
		r537 [makespan: 824]
		Bounds: [760,824]
		Bounds: [793,824]
		r537 [makespan: 805]
		Bounds: [793,805]
		Bounds: [800,805]
		Bounds: [803,805]
		r537 [makespan: 804]
			nodes:      27353
			failures:   13551
			restarts:   1
			no-goods:   21
			peak depth: 108
			runtime:    1.521 (1521.000 ms)

	Found best solution and proved optimality.
