	Probing...
		Bounds: [681,4992]
		r538 [makespan: 1165]
		r538 [makespan: 981]
		r538 [makespan: 885]
		r538 [makespan: 867]
			nodes:      14881
			failures:   7
			peak depth: 653
			runtime:    0.220 (220.000 ms)

	Adjusting...
		Bounds: [681,867]
		Bounds: [775,867]
		r538 [makespan: 821]
		Bounds: [775,821]
		Bounds: [799,821]
		Bounds: [811,821]
		Bounds: [817,821]
			nodes:      260062
			failures:   129892
			restarts:   11
			no-goods:   167
			peak depth: 95
			runtime:    14.890 (14890.000 ms)

	Found best solution and proved optimality.
