	Probing...
		Bounds: [644,4812]
		r561 [makespan: 971]
		r561 [makespan: 931]
		r561 [makespan: 921]
		r561 [makespan: 908]
			nodes:      14942
			failures:   1
			peak depth: 653
			runtime:    0.217 (217.000 ms)

	Adjusting...
		Bounds: [644,908]
		Bounds: [777,908]
		r561 [makespan: 842]
		Bounds: [777,842]
		r561 [makespan: 809]
		Bounds: [777,809]
		r561 [makespan: 791]
		Bounds: [777,791]
		r561 [makespan: 784]
		Bounds: [777,784]
		Bounds: [781,784]
			nodes:      2112
			failures:   909
			restarts:   0
			no-goods:   0
			peak depth: 91
			runtime:    0.097 (97.000 ms)

	Found best solution and proved optimality.
