	Probing...
		Bounds: [692,5320]
		r572 [makespan: 1113]
		r572 [makespan: 1065]
		r572 [makespan: 1010]
		r572 [makespan: 988]
		r572 [makespan: 979]
			nodes:      14980
			failures:   17
			peak depth: 657
			runtime:    0.229 (229.000 ms)

	Adjusting...
		Bounds: [692,979]
		Bounds: [836,979]
		r572 [makespan: 905]
		Bounds: [836,905]
		r572 [makespan: 870]
		Bounds: [836,870]
		r572 [makespan: 851]
		Bounds: [836,851]
		r572 [makespan: 841]
		Bounds: [836,841]
		Bounds: [839,841]
			nodes:      1538
			failures:   604
			restarts:   0
			no-goods:   0
			peak depth: 97
			runtime:    0.083 (83.000 ms)

	Solving...
			nodes:      0
			failures:   1
			restarts:   0
			no-goods:   0
			peak depth: 0
			runtime:    0.000 (0.000 ms)

	Found best solution and proved optimality.
