	Probing...
		Bounds: [664,5007]
		r594 [makespan: 1236]
		r594 [makespan: 960]
		r594 [makespan: 954]
			nodes:      35039
			failures:   10003
			peak depth: 667
			runtime:    0.718 (718.000 ms)

	Adjusting...
		Bounds: [664,954]
		Bounds: [810,954]
		r594 [makespan: 881]
		Bounds: [810,881]
		Bounds: [846,881]
		r594 [makespan: 863]
		Bounds: [846,863]
		r594 [makespan: 853]
		Bounds: [846,853]
		Bounds: [850,853]
		r594 [makespan: 850]
			nodes:      17248
			failures:   8460
			restarts:   0
			no-goods:   0
			peak depth: 116
			runtime:    1.104 (1104.000 ms)

	Solving...
			nodes:      0
			failures:   1
			restarts:   0
			no-goods:   0
			peak depth: 0
			runtime:    0.000 (0.000 ms)

	Found best solution and proved optimality.
