	Probing...
		Bounds: [708,4932]
		r599 [makespan: 964]
		r599 [makespan: 954]
		r599 [makespan: 919]
		r599 [makespan: 913]
		r599 [makespan: 888]
			nodes:      15006
			failures:   12
			peak depth: 673
			runtime:    0.223 (223.000 ms)

	Adjusting...
		Bounds: [708,888]
		Bounds: [799,888]
		r599 [makespan: 842]
		Bounds: [799,842]
		Bounds: [821,842]
		r599 [makespan: 830]
		Bounds: [821,830]
		Bounds: [826,830]
		r599 [makespan: 826]
			nodes:      309531
			failures:   154455
			restarts:   13
			no-goods:   323
			peak depth: 107
			runtime:    16.896 (16896.000 ms)

	Solving...
			nodes:      0
			failures:   1
			restarts:   0
			no-goods:   0
			peak depth: 0
			runtime:    0.000 (0.000 ms)

	Found best solution and proved optimality.
