	Probing...
		Bounds: [636,4937]
		r607 [makespan: 974]
		r607 [makespan: 920]
		r607 [makespan: 889]
		r607 [makespan: 881]
		r607 [makespan: 848]
			nodes:      14513
			failures:   11
			peak depth: 633
			runtime:    0.222 (222.000 ms)

	Adjusting...
		Bounds: [636,848]
		Bounds: [743,848]
		r607 [makespan: 794]
		Bounds: [743,794]
		r607 [makespan: 767]
		Bounds: [743,767]
		r607 [makespan: 755]
		Bounds: [743,755]
		Bounds: [750,755]
		r607 [makespan: 751]
			nodes:      19975
			failures:   9826
			restarts:   0
			no-goods:   0
			peak depth: 110
			runtime:    1.114 (1114.000 ms)

	Found best solution and proved optimality.
