	Probing...
		Bounds: [642,4623]
		r615 [makespan: 957]
		r615 [makespan: 933]
		r615 [makespan: 892]
		r615 [makespan: 870]
			nodes:      14923
			failures:   5
			peak depth: 654
			runtime:    0.223 (223.000 ms)

	Adjusting...
		Bounds: [642,870]
		Bounds: [757,870]
		r615 [makespan: 813]
		Bounds: [757,813]
		r615 [makespan: 785]
		Bounds: [757,785]
		r615 [makespan: 771]
		Bounds: [757,771]
		Bounds: [765,771]
		r615 [makespan: 768]
		Bounds: [765,768]
			nodes:      161201
			failures:   80387
			restarts:   9
			no-goods:   157
			peak depth: 99
			runtime:    9.574 (9574.000 ms)

	Found best solution and proved optimality.
