	Probing...
		Bounds: [594,4491]
		r617 [makespan: 1034]
		r617 [makespan: 878]
		r617 [makespan: 855]
			nodes:      14965
			failures:   6
			peak depth: 638
			runtime:    0.219 (219.000 ms)

	Adjusting...
		Bounds: [594,855]
		r617 [makespan: 724]
		Bounds: [594,724]
		Bounds: [660,724]
		Bounds: [693,724]
		Bounds: [709,724]
		Bounds: [717,724]
		Bounds: [721,724]
			nodes:      3704
			failures:   1820
			restarts:   0
			no-goods:   0
			peak depth: 79
			runtime:    0.225 (225.000 ms)

	Found best solution and proved optimality.
