	Probing...
		Bounds: [645,5098]
		r627 [makespan: 1064]
		r627 [makespan: 1038]
		r627 [makespan: 939]
			nodes:      15276
			failures:   6
			peak depth: 669
			runtime:    0.247 (247.000 ms)

	Adjusting...
		Bounds: [645,939]
		Bounds: [793,939]
		r627 [makespan: 866]
		Bounds: [793,866]
		Bounds: [830,866]
		r627 [makespan: 848]
		Bounds: [830,848]
		r627 [makespan: 838]
		Bounds: [830,838]
		Bounds: [835,838]
			nodes:      247617
			failures:   123572
			restarts:   12
			no-goods:   224
			peak depth: 122
			runtime:    14.500 (14500.000 ms)

	Found best solution and proved optimality.
