	Probing...
		Bounds: [636,4871]
		r628 [makespan: 1128]
		r628 [makespan: 1036]
		r628 [makespan: 1001]
		r628 [makespan: 983]
			nodes:      14731
			failures:   6
			peak depth: 634
			runtime:    0.216 (216.000 ms)

	Adjusting...
		Bounds: [636,983]
		Bounds: [810,983]
		r628 [makespan: 896]
		Bounds: [810,896]
		Bounds: [854,896]
		r628 [makespan: 875]
		Bounds: [854,875]
		r628 [makespan: 864]
		Bounds: [854,864]
		Bounds: [860,864]
			nodes:      162496
			failures:   81042
			restarts:   9
			no-goods:   234
			peak depth: 92
			runtime:    8.917 (8917.000 ms)

	Found best solution and proved optimality.
