	Probing...
		Bounds: [726,5213]
		r640 [makespan: 1299]
		r640 [makespan: 1204]
		r640 [makespan: 1097]
		r640 [makespan: 1027]
			nodes:      14936
			failures:   14
			peak depth: 658
			runtime:    0.225 (225.000 ms)

	Adjusting...
		Bounds: [726,1027]
		Bounds: [877,1027]
		r640 [makespan: 951]
		Bounds: [877,951]
		Bounds: [915,951]
		r640 [makespan: 932]
		Bounds: [915,932]
		r640 [makespan: 923]
		Bounds: [915,923]
		Bounds: [920,923]
			nodes:      48008
			failures:   23865
			restarts:   2
			no-goods:   50
			peak depth: 93
			runtime:    2.654 (2654.000 ms)

	Found best solution and proved optimality.
