	Probing...
		Bounds: [669,5168]
		r646 [makespan: 1008]
		r646 [makespan: 968]
		r646 [makespan: 907]
		r646 [makespan: 897]
			nodes:      34891
			failures:   10005
			peak depth: 663
			runtime:    0.749 (749.000 ms)

	Adjusting...
		Bounds: [669,897]
		Bounds: [784,897]
		Bounds: [841,897]
		r646 [makespan: 869]
		Bounds: [841,869]
		r646 [makespan: 853]
		Bounds: [841,853]
		r646 [makespan: 847]
		Bounds: [841,847]
		Bounds: [845,847]
		r646 [makespan: 846]
			nodes:      103561
			failures:   51551
			restarts:   6
			no-goods:   135
			peak depth: 111
			runtime:    5.848 (5848.000 ms)

	Found best solution and proved optimality.
