	Probing...
		Bounds: [721,5071]
		r694 [makespan: 1205]
		r694 [makespan: 907]
			nodes:      14719
			failures:   12
			peak depth: 630
			runtime:    0.222 (222.000 ms)

	Adjusting...
		Bounds: [721,907]
		Bounds: [815,907]
		r694 [makespan: 860]
		Bounds: [815,860]
		r694 [makespan: 837]
		Bounds: [815,837]
		Bounds: [827,837]
		r694 [makespan: 832]
		Bounds: [827,832]
		Bounds: [830,832]
			nodes:      363206
			failures:   181260
			restarts:   19
			no-goods:   478
			peak depth: 104
			runtime:    16.683 (16683.000 ms)

	Solving...
			nodes:      0
			failures:   1
			restarts:   0
			no-goods:   0
			peak depth: 0
			runtime:    0.000 (0.000 ms)

	Found best solution and proved optimality.
