	Probing...
		Bounds: [620,4683]
		r697 [makespan: 936]
		r697 [makespan: 877]
		r697 [makespan: 847]
		r697 [makespan: 835]
			nodes:      34347
			failures:   10005
			peak depth: 677
			runtime:    0.626 (626.000 ms)

	Adjusting...
		Bounds: [620,835]
		Bounds: [728,835]
		r697 [makespan: 777]
		Bounds: [728,777]
		r697 [makespan: 751]
		Bounds: [728,751]
		Bounds: [740,751]
		r697 [makespan: 745]
		Bounds: [740,745]
		r697 [makespan: 740]
			nodes:      12509
			failures:   6080
			restarts:   1
			no-goods:   18
			peak depth: 106
			runtime:    0.707 (707.000 ms)

	Solving...
			nodes:      0
			failures:   1
			restarts:   0
			no-goods:   0
			peak depth: 0
			runtime:    0.000 (0.000 ms)

	Found best solution and proved optimality.
