	Probing...
		Bounds: [646,5045]
		r699 [makespan: 1117]
		r699 [makespan: 913]
		r699 [makespan: 893]
			nodes:      15093
			failures:   4
			peak depth: 670
			runtime:    0.220 (220.000 ms)

	Adjusting...
		Bounds: [646,893]
		Bounds: [770,893]
		r699 [makespan: 831]
		Bounds: [770,831]
		Bounds: [801,831]
		r699 [makespan: 816]
		Bounds: [801,816]
		Bounds: [809,816]
		r699 [makespan: 811]
		Bounds: [809,811]
			nodes:      150113
			failures:   74856
			restarts:   8
			no-goods:   144
			peak depth: 99
			runtime:    8.503 (8503.000 ms)

	Solving...
			nodes:      0
			failures:   1
			restarts:   0
			no-goods:   0
			peak depth: 0
			runtime:    0.000 (0.000 ms)

	Found best solution and proved optimality.
