	Probing...
		Bounds: [662,5186]
		r716 [makespan: 953]
		r716 [makespan: 945]
		r716 [makespan: 932]
		r716 [makespan: 906]
			nodes:      14959
			failures:   9
			peak depth: 657
			runtime:    0.218 (218.000 ms)

	Adjusting...
		Bounds: [662,906]
		Bounds: [785,906]
		r716 [makespan: 845]
		Bounds: [785,845]
		r716 [makespan: 815]
		Bounds: [785,815]
		Bounds: [801,815]
		r716 [makespan: 807]
		Bounds: [801,807]
		Bounds: [805,807]
			nodes:      5297
			failures:   2538
			restarts:   0
			no-goods:   0
			peak depth: 86
			runtime:    0.328 (328.000 ms)

	Solving...
			nodes:      0
			failures:   1
			restarts:   0
			no-goods:   0
			peak depth: 0
			runtime:    0.000 (0.000 ms)

	Found best solution and proved optimality.
