	Probing...
		Bounds: [760,5511]
		r718 [makespan: 1171]
		r718 [makespan: 1033]
		r718 [makespan: 974]
			nodes:      15236
			failures:   7
			peak depth: 657
			runtime:    0.229 (229.000 ms)

	Adjusting...
		Bounds: [760,974]
		Bounds: [868,974]
		r718 [makespan: 919]
		Bounds: [868,919]
		r718 [makespan: 893]
		Bounds: [868,893]
		r718 [makespan: 880]
		Bounds: [868,880]
		Bounds: [875,880]
		Bounds: [878,880]
			nodes:      49294
			failures:   24516
			restarts:   2
			no-goods:   32
			peak depth: 95
			runtime:    2.867 (2867.000 ms)

	Solving...
			nodes:      0
			failures:   1
			restarts:   0
			no-goods:   0
			peak depth: 0
			runtime:    0.000 (0.000 ms)

	Found best solution and proved optimality.
