	Probing...
		Bounds: [598,4446]
		r727 [makespan: 919]
		r727 [makespan: 772]
		r727 [makespan: 753]
			nodes:      14862
			failures:   3
			peak depth: 643
			runtime:    0.222 (222.000 ms)

	Adjusting...
		Bounds: [598,753]
		Bounds: [676,753]
		r727 [makespan: 714]
		Bounds: [676,714]
		Bounds: [696,714]
		r727 [makespan: 704]
		Bounds: [696,704]
		r727 [makespan: 699]
		Bounds: [696,699]
			nodes:      882
			failures:   328
			restarts:   0
			no-goods:   0
			peak depth: 85
			runtime:    0.041 (41.000 ms)

	Found best solution and proved optimality.
