	Probing...
		Bounds: [694,5058]
		r731 [makespan: 1205]
		r731 [makespan: 1050]
		r731 [makespan: 1025]
		r731 [makespan: 1005]
		r731 [makespan: 908]
			nodes:      14871
			failures:   6
			peak depth: 659
			runtime:    0.224 (224.000 ms)

	Adjusting...
		Bounds: [694,908]
		Bounds: [802,908]
		Bounds: [856,908]
		r731 [makespan: 874]
		Bounds: [856,874]
		r731 [makespan: 865]
		Bounds: [856,865]
		Bounds: [861,865]
			nodes:      52251
			failures:   26015
			restarts:   2
			no-goods:   50
			peak depth: 123
			runtime:    2.580 (2580.000 ms)

	Found best solution and proved optimality.
