	Probing...
		Bounds: [611,4566]
		r735 [makespan: 1156]
		r735 [makespan: 929]
		r735 [makespan: 908]
		r735 [makespan: 898]
		r735 [makespan: 876]
		r735 [makespan: 839]
			nodes:      73790
			failures:   30008
			peak depth: 647
			runtime:    1.555 (1555.000 ms)

	Adjusting...
		Bounds: [611,839]
		Bounds: [726,839]
		r735 [makespan: 780]
		Bounds: [726,780]
		Bounds: [754,780]
		Bounds: [768,780]
		Bounds: [775,780]
		Bounds: [778,780]
		r735 [makespan: 779]
			nodes:      22485
			failures:   11169
			restarts:   1
			no-goods:   26
			peak depth: 82
			runtime:    1.288 (1288.000 ms)

	Found best solution and proved optimality.
