	Probing...
		Bounds: [620,4708]
		r762 [makespan: 890]
		r762 [makespan: 878]
		r762 [makespan: 865]
			nodes:      14786
			failures:   5
			peak depth: 645
			runtime:    0.219 (219.000 ms)

	Adjusting...
		Bounds: [620,865]
		Bounds: [743,865]
		r762 [makespan: 801]
		Bounds: [743,801]
		r762 [makespan: 770]
		Bounds: [743,770]
		Bounds: [757,770]
		Bounds: [764,770]
		r762 [makespan: 765]
			nodes:      41023
			failures:   20363
			restarts:   2
			no-goods:   35
			peak depth: 107
			runtime:    2.364 (2364.000 ms)

	Found best solution and proved optimality.
