	Probing...
		Bounds: [722,4704]
		r782 [makespan: 1018]
		r782 [makespan: 948]
		r782 [makespan: 925]
		r782 [makespan: 901]
		r782 [makespan: 896]
			nodes:      14880
			failures:   6
			peak depth: 650
			runtime:    0.224 (224.000 ms)

	Adjusting...
		Bounds: [722,896]
		Bounds: [810,896]
		r782 [makespan: 850]
		Bounds: [810,850]
		r782 [makespan: 829]
		Bounds: [810,829]
		Bounds: [820,829]
		Bounds: [825,829]
			nodes:      1316174
			failures:   657618
			restarts:   36
			no-goods:   654
			peak depth: 119
			runtime:    1:13.113 (73113.000 ms)

	Found best solution and proved optimality.
