	Probing...
		Bounds: [718,5383]
		r784 [makespan: 1239]
		r784 [makespan: 995]
		r784 [makespan: 931]
		r784 [makespan: 923]
		r784 [makespan: 908]
			nodes:      34757
			failures:   10013
			peak depth: 698
			runtime:    0.546 (546.000 ms)

	Adjusting...
		Bounds: [718,908]
		Bounds: [814,908]
		r784 [makespan: 860]
		Bounds: [814,860]
		r784 [makespan: 834]
		Bounds: [814,834]
		Bounds: [825,834]
		r784 [makespan: 829]
		Bounds: [825,829]
			nodes:      8123
			failures:   3956
			restarts:   0
			no-goods:   0
			peak depth: 86
			runtime:    0.548 (548.000 ms)

	Found best solution and proved optimality.
