	Probing...
		Bounds: [636,4869]
		r789 [makespan: 1115]
		r789 [makespan: 937]
		r789 [makespan: 917]
		r789 [makespan: 915]
		r789 [makespan: 894]
		r789 [makespan: 885]
			nodes:      34684
			failures:   10007
			peak depth: 647
			runtime:    0.685 (685.000 ms)

	Adjusting...
		Bounds: [636,885]
		Bounds: [761,885]
		r789 [makespan: 821]
		Bounds: [761,821]
		r789 [makespan: 791]
		Bounds: [761,791]
		Bounds: [777,791]
		Bounds: [785,791]
		Bounds: [789,791]
		r789 [makespan: 790]
			nodes:      36836
			failures:   18300
			restarts:   1
			no-goods:   25
			peak depth: 96
			runtime:    2.039 (2039.000 ms)

	Found best solution and proved optimality.
