	Probing...
		Bounds: [649,5134]
		r800 [makespan: 1194]
		r800 [makespan: 1068]
		r800 [makespan: 1000]
		r800 [makespan: 978]
		r800 [makespan: 976]
			nodes:      54059
			failures:   20008
			peak depth: 634
			runtime:    1.315 (1315.000 ms)

	Adjusting...
		Bounds: [649,976]
		Bounds: [813,976]
		r800 [makespan: 892]
		Bounds: [813,892]
		Bounds: [853,892]
		r800 [makespan: 867]
		Bounds: [853,867]
		Bounds: [861,867]
		Bounds: [865,867]
		r800 [makespan: 866]
			nodes:      457995
			failures:   228689
			restarts:   19
			no-goods:   354
			peak depth: 107
			runtime:    26.049 (26049.000 ms)

	Found best solution and proved optimality.
