	Probing...
		Bounds: [794,5488]
		r804 [makespan: 1239]
		r804 [makespan: 1103]
		r804 [makespan: 1093]
		r804 [makespan: 1067]
		r804 [makespan: 1044]
			nodes:      15450
			failures:   12
			peak depth: 705
			runtime:    0.225 (225.000 ms)

	Adjusting...
		Bounds: [794,1044]
		Bounds: [920,1044]
		r804 [makespan: 981]
		Bounds: [920,981]
		r804 [makespan: 948]
		Bounds: [920,948]
		r804 [makespan: 932]
		Bounds: [920,932]
		Bounds: [927,932]
		Bounds: [930,932]
			nodes:      884
			failures:   311
			restarts:   0
			no-goods:   0
			peak depth: 101
			runtime:    0.053 (53.000 ms)

	Solving...
			nodes:      0
			failures:   1
			restarts:   0
			no-goods:   0
			peak depth: 0
			runtime:    0.000 (0.000 ms)

	Found best solution and proved optimality.
