	Probing...
		Bounds: [699,5357]
		r816 [makespan: 1098]
		r816 [makespan: 952]
		r816 [makespan: 914]
		r816 [makespan: 906]
			nodes:      15426
			failures:   5
			peak depth: 691
			runtime:    0.218 (218.000 ms)

	Adjusting...
		Bounds: [699,906]
		Bounds: [803,906]
		Bounds: [855,906]
		r816 [makespan: 878]
		Bounds: [855,878]
		r816 [makespan: 865]
		Bounds: [855,865]
		r816 [makespan: 858]
		Bounds: [855,858]
			nodes:      1844
			failures:   805
			restarts:   0
			no-goods:   0
			peak depth: 90
			runtime:    0.105 (105.000 ms)

	Found best solution and proved optimality.
