	Probing...
		Bounds: [693,5018]
		r849 [makespan: 1158]
		r849 [makespan: 1002]
		r849 [makespan: 907]
		r849 [makespan: 870]
			nodes:      34640
			failures:   10011
			peak depth: 661
			runtime:    0.699 (699.000 ms)

	Adjusting...
		Bounds: [693,870]
		Bounds: [782,870]
		r849 [makespan: 820]
		Bounds: [782,820]
		Bounds: [802,820]
		r849 [makespan: 810]
		Bounds: [802,810]
		Bounds: [807,810]
			nodes:      6800
			failures:   3320
			restarts:   0
			no-goods:   0
			peak depth: 96
			runtime:    0.402 (402.000 ms)

	Found best solution and proved optimality.
