	Probing...
		Bounds: [639,4945]
		r946 [makespan: 1049]
		r946 [makespan: 910]
		r946 [makespan: 898]
		r946 [makespan: 876]
			nodes:      15023
			failures:   12
			peak depth: 653
			runtime:    0.222 (222.000 ms)

	Adjusting...
		Bounds: [639,876]
		Bounds: [758,876]
		r946 [makespan: 815]
		Bounds: [758,815]
		Bounds: [787,815]
		r946 [makespan: 800]
		Bounds: [787,800]
		Bounds: [794,800]
		Bounds: [798,800]
		r946 [makespan: 799]
			nodes:      27656
			failures:   13702
			restarts:   1
			no-goods:   3
			peak depth: 104
			runtime:    1.501 (1501.000 ms)

	Found best solution and proved optimality.
