	Probing...
		Bounds: [701,5007]
		r950 [makespan: 1045]
		r950 [makespan: 1010]
		r950 [makespan: 948]
		r950 [makespan: 897]
		r950 [makespan: 879]
			nodes:      15155
			failures:   8
			peak depth: 675
			runtime:    0.219 (219.000 ms)

	Adjusting...
		Bounds: [701,879]
		Bounds: [791,879]
		r950 [makespan: 833]
		Bounds: [791,833]
		Bounds: [813,833]
		r950 [makespan: 823]
		Bounds: [813,823]
		Bounds: [819,823]
		r950 [makespan: 821]
		Bounds: [819,821]
		r950 [makespan: 819]
			nodes:      44961
			failures:   22315
			restarts:   3
			no-goods:   49
			peak depth: 90
			runtime:    2.680 (2680.000 ms)

	Solving...
			nodes:      0
			failures:   1
			restarts:   0
			no-goods:   0
			peak depth: 0
			runtime:    0.001 (1.000 ms)

	Found best solution and proved optimality.
