	Probing...
		Bounds: [699,5404]
		r991 [makespan: 1137]
		r991 [makespan: 1071]
		r991 [makespan: 1040]
			nodes:      34983
			failures:   10002
			peak depth: 672
			runtime:    0.617 (617.000 ms)

	Adjusting...
		Bounds: [699,1040]
		Bounds: [870,1040]
		r991 [makespan: 954]
		Bounds: [870,954]
		Bounds: [913,954]
		r991 [makespan: 932]
		Bounds: [913,932]
		Bounds: [923,932]
		Bounds: [928,932]
		r991 [makespan: 930]
		Bounds: [928,930]
			nodes:      540808
			failures:   270055
			restarts:   25
			no-goods:   572
			peak depth: 106
			runtime:    29.923 (29923.000 ms)

	Solving...
			nodes:      0
			failures:   1
			restarts:   0
			no-goods:   0
			peak depth: 0
			runtime:    0.000 (0.000 ms)

	Found best solution and proved optimality.
