	Probing...
		Bounds: [492,3262]
		q0027 [makespan: 607]
			nodes:      11829
			failures:   3
			peak depth: 517
			runtime:    0.323 (323.000 ms)

	Adjusting...
		Bounds: [492,607]
		Bounds: [550,607]
		q0027 [makespan: 578]
		Bounds: [550,578]
		q0027 [makespan: 561]
		Bounds: [550,561]
		q0027 [makespan: 553]
		Bounds: [550,553]
		Bounds: [552,553]
			nodes:      403
			failures:   118
			restarts:   0
			no-goods:   0
			peak depth: 64
			runtime:    0.036 (36.000 ms)

	Found best solution and proved optimality.
