	Probing...
		Bounds: [679,4382]
		q0043 [makespan: 921]
		q0043 [makespan: 856]
		q0043 [makespan: 852]
			nodes:      12502
			failures:   0
			peak depth: 559
			runtime:    0.249 (249.000 ms)

	Adjusting...
		Bounds: [679,852]
		Bounds: [766,852]
		q0043 [makespan: 808]
		Bounds: [766,808]
		Bounds: [788,808]
		q0043 [makespan: 798]
		Bounds: [788,798]
		q0043 [makespan: 788]
			nodes:      1714
			failures:   756
			restarts:   0
			no-goods:   0
			peak depth: 75
			runtime:    0.099 (99.000 ms)

	Found best solution and proved optimality.
