	Probing...
		Bounds: [526,3603]
		q0058 [makespan: 734]
		q0058 [makespan: 724]
		q0058 [makespan: 711]
		q0058 [makespan: 699]
			nodes:      31862
			failures:   10005
			peak depth: 511
			runtime:    0.725 (725.000 ms)

	Adjusting...
		Bounds: [526,699]
		Bounds: [613,699]
		q0058 [makespan: 656]
		Bounds: [613,656]
		q0058 [makespan: 633]
		Bounds: [613,633]
		q0058 [makespan: 621]
		Bounds: [613,621]
		Bounds: [618,621]
		Bounds: [620,621]
			nodes:      201
			failures:   4
			restarts:   0
			no-goods:   0
			peak depth: 68
			runtime:    0.006 (6.000 ms)

	Found best solution and proved optimality.
