	Probing...
		Bounds: [606,4180]
		q0079 [makespan: 957]
		q0079 [makespan: 909]
		q0079 [makespan: 881]
		q0079 [makespan: 804]
			nodes:      12083
			failures:   12
			peak depth: 546
			runtime:    0.238 (238.000 ms)

	Adjusting...
		Bounds: [606,804]
		Bounds: [706,804]
		q0079 [makespan: 755]
		Bounds: [706,755]
		Bounds: [731,755]
		q0079 [makespan: 743]
		Bounds: [731,743]
		Bounds: [738,743]
		Bounds: [741,743]
			nodes:      1779
			failures:   819
			restarts:   0
			no-goods:   0
			peak depth: 81
			runtime:    0.154 (154.000 ms)

	Found best solution and proved optimality.
