	Probing...
		Bounds: [589,3886]
		q0085 [makespan: 865]
		q0085 [makespan: 760]
		q0085 [makespan: 749]
			nodes:      12036
			failures:   2
			peak depth: 527
			runtime:    0.310 (310.000 ms)

	Adjusting...
		Bounds: [589,749]
		Bounds: [670,749]
		q0085 [makespan: 709]
		Bounds: [670,709]
		q0085 [makespan: 689]
		Bounds: [670,689]
		Bounds: [680,689]
		Bounds: [685,689]
		q0085 [makespan: 687]
		Bounds: [685,687]
		q0085 [makespan: 686]
		Bounds: [685,686]
		q0085 [makespan: 685]
			nodes:      778
			failures:   235
			restarts:   0
			no-goods:   0
			peak depth: 75
			runtime:    0.056 (56.000 ms)

	Found best solution and proved optimality.
