	Probing...
		Bounds: [595,3928]
		q0089 [makespan: 843]
		q0089 [makespan: 842]
			nodes:      12361
			failures:   8
			peak depth: 548
			runtime:    0.233 (233.000 ms)

	Adjusting...
		Bounds: [595,842]
		Bounds: [719,842]
		q0089 [makespan: 780]
		Bounds: [719,780]
		q0089 [makespan: 749]
		Bounds: [719,749]
		Bounds: [735,749]
		Bounds: [743,749]
		Bounds: [747,749]
			nodes:      202227
			failures:   100982
			restarts:   10
			no-goods:   155
			peak depth: 77
			runtime:    11.787 (11787.000 ms)

	Found best solution and proved optimality.
