	Probing...
		Bounds: [633,4071]
		q0094 [makespan: 993]
		q0094 [makespan: 822]
		q0094 [makespan: 782]
			nodes:      31944
			failures:   10005
			peak depth: 517
			runtime:    1.000 (1000.000 ms)

	Adjusting...
		Bounds: [633,782]
		Bounds: [708,782]
		Bounds: [746,782]
		q0094 [makespan: 758]
		Bounds: [746,758]
		q0094 [makespan: 751]
		Bounds: [746,751]
		Bounds: [749,751]
		q0094 [makespan: 750]
		Bounds: [749,750]
			nodes:      1049
			failures:   429
			restarts:   0
			no-goods:   0
			peak depth: 79
			runtime:    0.063 (63.000 ms)

	Found best solution and proved optimality.
