	Probing...
		Bounds: [617,4423]
		q0146 [makespan: 1036]
		q0146 [makespan: 893]
		q0146 [makespan: 889]
		q0146 [makespan: 876]
			nodes:      51783
			failures:   20008
			peak depth: 533
			runtime:    1.617 (1617.000 ms)

	Adjusting...
		Bounds: [617,876]
		Bounds: [747,876]
		q0146 [makespan: 811]
		Bounds: [747,811]
		Bounds: [780,811]
		Bounds: [796,811]
		Bounds: [804,811]
		Bounds: [808,811]
			nodes:      214561
			failures:   107136
			restarts:   10
			no-goods:   142
			peak depth: 90
			runtime:    15.001 (15001.000 ms)
				stopped due to time-out...

	Solving...
		q0146 [makespan: 809]
		q0146 [makespan: 808]
			nodes:      161066
			failures:   80399
			restarts:   7
			no-goods:   85
			peak depth: 98
			runtime:    11.186 (11186.000 ms)

	Found best solution and proved optimality.
