	Probing...
		Bounds: [685,4346]
		q0172 [makespan: 964]
		q0172 [makespan: 949]
		q0172 [makespan: 919]
		q0172 [makespan: 828]
			nodes:      12438
			failures:   6
			peak depth: 563
			runtime:    0.296 (296.000 ms)

	Adjusting...
		Bounds: [685,828]
		Bounds: [757,828]
		q0172 [makespan: 790]
		Bounds: [757,790]
		Bounds: [774,790]
		q0172 [makespan: 779]
		Bounds: [774,779]
		Bounds: [777,779]
		q0172 [makespan: 778]
		Bounds: [777,778]
		q0172 [makespan: 777]
			nodes:      167152
			failures:   83382
			restarts:   9
			no-goods:   124
			peak depth: 83
			runtime:    11.597 (11597.000 ms)

	Found best solution and proved optimality.
