	Probing...
		Bounds: [568,4142]
		q0260 [makespan: 1001]
		q0260 [makespan: 912]
		q0260 [makespan: 895]
		q0260 [makespan: 880]
		q0260 [makespan: 838]
		q0260 [makespan: 833]
		q0260 [makespan: 798]
			nodes:      12276
			failures:   7
			peak depth: 555
			runtime:    0.250 (250.000 ms)

	Adjusting...
		Bounds: [568,798]
		Bounds: [684,798]
		q0260 [makespan: 735]
		Bounds: [684,735]
		Bounds: [710,735]
		Bounds: [723,735]
		Bounds: [730,735]
		Bounds: [733,735]
		q0260 [makespan: 733]
			nodes:      18421
			failures:   9149
			restarts:   1
			no-goods:   16
			peak depth: 64
			runtime:    1.295 (1295.000 ms)

	Found best solution and proved optimality.
