	Probing...
		Bounds: [563,4121]
		q0325 [makespan: 930]
		q0325 [makespan: 892]
		q0325 [makespan: 833]
		q0325 [makespan: 826]
		q0325 [makespan: 815]
		q0325 [makespan: 765]
			nodes:      12285
			failures:   4
			peak depth: 546
			runtime:    0.292 (292.000 ms)

	Adjusting...
		Bounds: [563,765]
		Bounds: [665,765]
		q0325 [makespan: 715]
		Bounds: [665,715]
		q0325 [makespan: 688]
		Bounds: [665,688]
		q0325 [makespan: 676]
		Bounds: [665,676]
		q0325 [makespan: 670]
		Bounds: [665,670]
		Bounds: [668,670]
			nodes:      598
			failures:   173
			restarts:   0
			no-goods:   0
			peak depth: 82
			runtime:    0.036 (36.000 ms)

	Found best solution and proved optimality.
