	Probing...
		Bounds: [568,4199]
		q0372 [makespan: 856]
		q0372 [makespan: 769]
			nodes:      12133
			failures:   11
			peak depth: 547
			runtime:    0.266 (266.000 ms)

	Adjusting...
		Bounds: [568,769]
		Bounds: [669,769]
		Bounds: [720,769]
		Bounds: [745,769]
		q0372 [makespan: 757]
		Bounds: [745,757]
		Bounds: [752,757]
		q0372 [makespan: 754]
		Bounds: [752,754]
		q0372 [makespan: 753]
		Bounds: [752,753]
			nodes:      4374
			failures:   2102
			restarts:   0
			no-goods:   0
			peak depth: 73
			runtime:    0.305 (305.000 ms)

	Found best solution and proved optimality.
