	Probing...
		Bounds: [566,3672]
		q0505 [makespan: 878]
		q0505 [makespan: 814]
		q0505 [makespan: 791]
			nodes:      12017
			failures:   1
			peak depth: 528
			runtime:    0.219 (219.000 ms)

	Adjusting...
		Bounds: [566,791]
		Bounds: [679,791]
		q0505 [makespan: 733]
		Bounds: [679,733]
		q0505 [makespan: 705]
		Bounds: [679,705]
		Bounds: [693,705]
		q0505 [makespan: 697]
		Bounds: [693,697]
		Bounds: [696,697]
			nodes:      4076
			failures:   1930
			restarts:   0
			no-goods:   0
			peak depth: 96
			runtime:    0.336 (336.000 ms)

	Found best solution and proved optimality.
