	Probing...
		Bounds: [504,3753]
		q0554 [makespan: 806]
		q0554 [makespan: 787]
		q0554 [makespan: 771]
		q0554 [makespan: 763]
			nodes:      12064
			failures:   8
			peak depth: 536
			runtime:    0.221 (221.000 ms)

	Adjusting...
		Bounds: [504,763]
		Bounds: [634,763]
		q0554 [makespan: 695]
		Bounds: [634,695]
		Bounds: [665,695]
		q0554 [makespan: 679]
		Bounds: [665,679]
		Bounds: [673,679]
		q0554 [makespan: 675]
		Bounds: [673,675]
			nodes:      6553
			failures:   3176
			restarts:   0
			no-goods:   0
			peak depth: 87
			runtime:    0.526 (526.000 ms)

	Found best solution and proved optimality.
