	Probing...
		Bounds: [589,4145]
		q0648 [makespan: 929]
		q0648 [makespan: 881]
		q0648 [makespan: 816]
		q0648 [makespan: 804]
		q0648 [makespan: 791]
			nodes:      12376
			failures:   15
			peak depth: 544
			runtime:    0.361 (361.000 ms)

	Adjusting...
		Bounds: [589,791]
		Bounds: [691,791]
		Bounds: [742,791]
		q0648 [makespan: 766]
		Bounds: [742,766]
		q0648 [makespan: 754]
		Bounds: [742,754]
		q0648 [makespan: 744]
		Bounds: [742,744]
		q0648 [makespan: 743]
		Bounds: [742,743]
		q0648 [makespan: 742]
			nodes:      20485
			failures:   10075
			restarts:   0
			no-goods:   0
			peak depth: 86
			runtime:    1.773 (1773.000 ms)

	Found best solution and proved optimality.
