	Probing...
		Bounds: [685,4255]
		q0669 [makespan: 944]
		q0669 [makespan: 907]
		q0669 [makespan: 859]
		q0669 [makespan: 851]
			nodes:      12411
			failures:   16
			peak depth: 539
			runtime:    0.250 (250.000 ms)

	Adjusting...
		Bounds: [685,851]
		q0669 [makespan: 767]
		Bounds: [685,767]
		Bounds: [727,767]
		q0669 [makespan: 744]
		Bounds: [727,744]
		Bounds: [736,744]
		Bounds: [741,744]
		q0669 [makespan: 741]
			nodes:      309
			failures:   61
			restarts:   0
			no-goods:   0
			peak depth: 74
			runtime:    0.021 (21.000 ms)

	Found best solution and proved optimality.
