	Probing...
		Bounds: [612,4001]
		q0678 [makespan: 991]
		q0678 [makespan: 938]
		q0678 [makespan: 936]
		q0678 [makespan: 831]
		q0678 [makespan: 830]
			nodes:      12166
			failures:   4
			peak depth: 525
			runtime:    0.262 (262.000 ms)

	Adjusting...
		Bounds: [612,830]
		Bounds: [722,830]
		Bounds: [777,830]
		q0678 [makespan: 802]
		Bounds: [777,802]
		q0678 [makespan: 789]
		Bounds: [777,789]
		Bounds: [784,789]
		Bounds: [787,789]
			nodes:      3843
			failures:   1853
			restarts:   0
			no-goods:   0
			peak depth: 86
			runtime:    0.287 (287.000 ms)

	Found best solution and proved optimality.
