	Probing...
		Bounds: [660,4285]
		q0673 [makespan: 963]
		q0673 [makespan: 821]
		q0673 [makespan: 809]
			nodes:      12610
			failures:   7
			peak depth: 551
			runtime:    0.261 (261.000 ms)

	Adjusting...
		Bounds: [660,809]
		q0673 [makespan: 734]
		Bounds: [660,734]
		Bounds: [698,734]
		Bounds: [717,734]
		Bounds: [726,734]
		Bounds: [731,734]
		Bounds: [733,734]
		q0673 [makespan: 733]
			nodes:      688
			failures:   291
			restarts:   0
			no-goods:   0
			peak depth: 61
			runtime:    0.041 (41.000 ms)

	Found best solution and proved optimality.
