	Probing...
		Bounds: [616,4019]
		q0774 [makespan: 885]
		q0774 [makespan: 837]
		q0774 [makespan: 794]
			nodes:      12067
			failures:   4
			peak depth: 518
			runtime:    0.277 (277.000 ms)

	Adjusting...
		Bounds: [616,794]
		Bounds: [706,794]
		q0774 [makespan: 750]
		Bounds: [706,750]
		q0774 [makespan: 726]
		Bounds: [706,726]
		Bounds: [717,726]
		q0774 [makespan: 719]
		Bounds: [717,719]
			nodes:      10511
			failures:   5154
			restarts:   1
			no-goods:   15
			peak depth: 76
			runtime:    0.597 (597.000 ms)

	Found best solution and proved optimality.
