	Probing...
		Bounds: [589,4139]
		q0844 [makespan: 1036]
		q0844 [makespan: 866]
		q0844 [makespan: 846]
		q0844 [makespan: 836]
			nodes:      11945
			failures:   8
			peak depth: 520
			runtime:    0.244 (244.000 ms)

	Adjusting...
		Bounds: [589,836]
		Bounds: [713,836]
		q0844 [makespan: 769]
		Bounds: [713,769]
		q0844 [makespan: 741]
		Bounds: [713,741]
		Bounds: [728,741]
		Bounds: [735,741]
		Bounds: [739,741]
			nodes:      8535
			failures:   4211
			restarts:   0
			no-goods:   0
			peak depth: 70
			runtime:    0.656 (656.000 ms)

	Found best solution and proved optimality.
