	Probing...
		Bounds: [574,3666]
		q0853 [makespan: 816]
		q0853 [makespan: 791]
		q0853 [makespan: 790]
		q0853 [makespan: 738]
		q0853 [makespan: 717]
			nodes:      12153
			failures:   0
			peak depth: 520
			runtime:    0.269 (269.000 ms)

	Adjusting...
		Bounds: [574,717]
		Bounds: [646,717]
		Bounds: [682,717]
		Bounds: [700,717]
		Bounds: [709,717]
		q0853 [makespan: 713]
		Bounds: [709,713]
		q0853 [makespan: 711]
		Bounds: [709,711]
			nodes:      1088
			failures:   475
			restarts:   0
			no-goods:   0
			peak depth: 75
			runtime:    0.091 (91.000 ms)

	Found best solution and proved optimality.
