	Probing...
		Bounds: [615,4120]
		q0894 [makespan: 843]
		q0894 [makespan: 837]
		q0894 [makespan: 820]
		q0894 [makespan: 808]
			nodes:      12146
			failures:   4
			peak depth: 535
			runtime:    0.281 (281.000 ms)

	Adjusting...
		Bounds: [615,808]
		Bounds: [712,808]
		q0894 [makespan: 760]
		Bounds: [712,760]
		q0894 [makespan: 735]
		Bounds: [712,735]
		q0894 [makespan: 723]
		Bounds: [712,723]
		Bounds: [718,723]
		Bounds: [721,723]
			nodes:      914
			failures:   367
			restarts:   0
			no-goods:   0
			peak depth: 72
			runtime:    0.086 (86.000 ms)

	Found best solution and proved optimality.
