	Probing...
		Bounds: [619,4309]
		q0958 [makespan: 910]
		q0958 [makespan: 881]
		q0958 [makespan: 879]
		q0958 [makespan: 873]
		q0958 [makespan: 840]
		q0958 [makespan: 835]
		q0958 [makespan: 767]
			nodes:      12411
			failures:   5
			peak depth: 559
			runtime:    0.256 (256.000 ms)

	Adjusting...
		Bounds: [619,767]
		Bounds: [694,767]
		Bounds: [731,767]
		q0958 [makespan: 747]
		Bounds: [731,747]
		q0958 [makespan: 737]
		Bounds: [731,737]
		q0958 [makespan: 734]
		Bounds: [731,734]
		q0958 [makespan: 732]
		Bounds: [731,732]
		q0958 [makespan: 731]
			nodes:      4221
			failures:   1944
			restarts:   0
			no-goods:   0
			peak depth: 106
			runtime:    0.266 (266.000 ms)

	Found best solution and proved optimality.
