	Probing...
		Bounds: [603,3736]
		q1041 [makespan: 867]
		q1041 [makespan: 831]
		q1041 [makespan: 811]
		q1041 [makespan: 743]
			nodes:      32097
			failures:   10002
			peak depth: 544
			runtime:    0.763 (763.000 ms)

	Adjusting...
		Bounds: [603,743]
		Bounds: [674,743]
		Bounds: [709,743]
		q1041 [makespan: 725]
		Bounds: [709,725]
		q1041 [makespan: 717]
		Bounds: [709,717]
		q1041 [makespan: 711]
		Bounds: [709,711]
			nodes:      336
			failures:   76
			restarts:   0
			no-goods:   0
			peak depth: 66
			runtime:    0.018 (18.000 ms)

	Found best solution and proved optimality.
