	Probing...
		Bounds: [592,4249]
		q1105 [makespan: 1161]
		q1105 [makespan: 871]
		q1105 [makespan: 852]
			nodes:      12371
			failures:   2
			peak depth: 533
			runtime:    0.221 (221.000 ms)

	Adjusting...
		Bounds: [592,852]
		Bounds: [723,852]
		q1105 [makespan: 781]
		Bounds: [723,781]
		Bounds: [753,781]
		Bounds: [768,781]
		Bounds: [775,781]
		Bounds: [779,781]
			nodes:      5226
			failures:   2580
			restarts:   0
			no-goods:   0
			peak depth: 75
			runtime:    0.479 (479.000 ms)

	Found best solution and proved optimality.
