	Probing...
		Bounds: [634,4155]
		q1191 [makespan: 922]
		q1191 [makespan: 893]
		q1191 [makespan: 857]
		q1191 [makespan: 843]
		q1191 [makespan: 828]
		q1191 [makespan: 797]
			nodes:      12374
			failures:   7
			peak depth: 540
			runtime:    0.224 (224.000 ms)

	Adjusting...
		Bounds: [634,797]
		Bounds: [716,797]
		q1191 [makespan: 756]
		Bounds: [716,756]
		q1191 [makespan: 736]
		Bounds: [716,736]
		q1191 [makespan: 726]
		Bounds: [716,726]
		q1191 [makespan: 719]
		Bounds: [716,719]
		Bounds: [718,719]
			nodes:      5138
			failures:   2436
			restarts:   0
			no-goods:   0
			peak depth: 79
			runtime:    0.363 (363.000 ms)

	Found best solution and proved optimality.
