	Probing...
		Bounds: [707,4636]
		q1380 [makespan: 1267]
		q1380 [makespan: 1061]
		q1380 [makespan: 1025]
		q1380 [makespan: 995]
			nodes:      12338
			failures:   11
			peak depth: 545
			runtime:    0.240 (240.000 ms)

	Adjusting...
		Bounds: [707,995]
		Bounds: [852,995]
		q1380 [makespan: 922]
		Bounds: [852,922]
		Bounds: [888,922]
		Bounds: [906,922]
		q1380 [makespan: 912]
		Bounds: [906,912]
		Bounds: [910,912]
		q1380 [makespan: 910]
			nodes:      14866
			failures:   7330
			restarts:   0
			no-goods:   0
			peak depth: 79
			runtime:    0.950 (950.000 ms)

	Found best solution and proved optimality.
