	Probing...
		Bounds: [533,3738]
		q1436 [makespan: 925]
		q1436 [makespan: 752]
		q1436 [makespan: 728]
		q1436 [makespan: 705]
			nodes:      12040
			failures:   3
			peak depth: 530
			runtime:    0.213 (213.000 ms)

	Adjusting...
		Bounds: [533,705]
		Bounds: [620,705]
		q1436 [makespan: 662]
		Bounds: [620,662]
		Bounds: [642,662]
		Bounds: [653,662]
		Bounds: [658,662]
		q1436 [makespan: 660]
		Bounds: [658,660]
		q1436 [makespan: 658]
			nodes:      2643
			failures:   1230
			restarts:   0
			no-goods:   0
			peak depth: 83
			runtime:    0.173 (173.000 ms)

	Found best solution and proved optimality.
