	Probing...
		Bounds: [571,4245]
		q1567 [makespan: 760]
			nodes:      12430
			failures:   2
			peak depth: 532
			runtime:    0.248 (248.000 ms)

	Adjusting...
		Bounds: [571,760]
		Bounds: [666,760]
		q1567 [makespan: 710]
		Bounds: [666,710]
		Bounds: [689,710]
		Bounds: [700,710]
		Bounds: [706,710]
		Bounds: [709,710]
		q1567 [makespan: 709]
			nodes:      4915
			failures:   2402
			restarts:   0
			no-goods:   0
			peak depth: 69
			runtime:    0.442 (442.000 ms)

	Found best solution and proved optimality.
