	Probing...
		Bounds: [605,3904]
		q1575 [makespan: 914]
		q1575 [makespan: 823]
		q1575 [makespan: 805]
		q1575 [makespan: 799]
			nodes:      11825
			failures:   24
			peak depth: 507
			runtime:    0.288 (288.000 ms)

	Adjusting...
		Bounds: [605,799]
		Bounds: [703,799]
		q1575 [makespan: 748]
		Bounds: [703,748]
		q1575 [makespan: 725]
		Bounds: [703,725]
		q1575 [makespan: 712]
		Bounds: [703,712]
		q1575 [makespan: 707]
		Bounds: [703,707]
		Bounds: [706,707]
			nodes:      18136
			failures:   8932
			restarts:   0
			no-goods:   0
			peak depth: 89
			runtime:    1.198 (1198.000 ms)

	Found best solution and proved optimality.
