	Probing...
		Bounds: [609,3908]
		q1607 [makespan: 794]
		q1607 [makespan: 772]
		q1607 [makespan: 707]
			nodes:      12100
			failures:   0
			peak depth: 531
			runtime:    0.248 (248.000 ms)

	Adjusting...
		Bounds: [609,707]
		Bounds: [659,707]
		q1607 [makespan: 683]
		Bounds: [659,683]
		Bounds: [672,683]
		Bounds: [678,683]
		q1607 [makespan: 679]
		Bounds: [678,679]
		q1607 [makespan: 678]
			nodes:      754
			failures:   289
			restarts:   0
			no-goods:   0
			peak depth: 78
			runtime:    0.041 (41.000 ms)

	Found best solution and proved optimality.
