	Probing...
		Bounds: [676,4154]
		q1669 [makespan: 1041]
		q1669 [makespan: 813]
		q1669 [makespan: 812]
		q1669 [makespan: 784]
		q1669 [makespan: 749]
			nodes:      12577
			failures:   5
			peak depth: 562
			runtime:    0.220 (220.000 ms)

	Adjusting...
		Bounds: [676,749]
		Bounds: [713,749]
		Bounds: [732,749]
		q1669 [makespan: 740]
		Bounds: [732,740]
		q1669 [makespan: 734]
		Bounds: [732,734]
		q1669 [makespan: 733]
		Bounds: [732,733]
			nodes:      212
			failures:   12
			restarts:   0
			no-goods:   0
			peak depth: 73
			runtime:    0.007 (7.000 ms)

	Found best solution and proved optimality.
