	Probing...
		Bounds: [711,4040]
		q1719 [makespan: 1007]
		q1719 [makespan: 1006]
		q1719 [makespan: 991]
		q1719 [makespan: 969]
		q1719 [makespan: 946]
		q1719 [makespan: 871]
			nodes:      12349
			failures:   3
			peak depth: 547
			runtime:    0.234 (234.000 ms)

	Adjusting...
		Bounds: [711,871]
		Bounds: [792,871]
		Bounds: [832,871]
			nodes:      241123
			failures:   120456
			restarts:   8
			no-goods:   197
			peak depth: 90
			runtime:    15.001 (15001.000 ms)
				stopped due to time-out...

	Solving...
		q1719 [makespan: 868]
		q1719 [makespan: 867]
		q1719 [makespan: 865]
		q1719 [makespan: 864]
		q1719 [makespan: 860]
		q1719 [makespan: 859]
		q1719 [makespan: 858]
			nodes:      722134
			failures:   360681
			restarts:   18
			no-goods:   284
			peak depth: 94
			runtime:    44.073 (44073.000 ms)

	Found best solution and proved optimality.
