	Probing...
		Bounds: [642,3817]
		q1777 [makespan: 1021]
		q1777 [makespan: 783]
		q1777 [makespan: 766]
		q1777 [makespan: 757]
			nodes:      12373
			failures:   4
			peak depth: 546
			runtime:    0.259 (259.000 ms)

	Adjusting...
		Bounds: [642,757]
		q1777 [makespan: 698]
		Bounds: [642,698]
		Bounds: [671,698]
		Bounds: [685,698]
		Bounds: [692,698]
		Bounds: [696,698]
		q1777 [makespan: 696]
			nodes:      156
			failures:   19
			restarts:   0
			no-goods:   0
			peak depth: 68
			runtime:    0.007 (7.000 ms)

	Found best solution and proved optimality.
