	Probing...
		Bounds: [677,4251]
		q1866 [makespan: 1044]
		q1866 [makespan: 879]
		q1866 [makespan: 870]
		q1866 [makespan: 859]
		q1866 [makespan: 806]
			nodes:      12572
			failures:   7
			peak depth: 556
			runtime:    0.238 (238.000 ms)

	Adjusting...
		Bounds: [677,806]
		q1866 [makespan: 741]
		Bounds: [677,741]
		Bounds: [710,741]
		q1866 [makespan: 718]
		Bounds: [710,718]
		q1866 [makespan: 714]
		Bounds: [710,714]
		Bounds: [713,714]
			nodes:      205
			failures:   24
			restarts:   0
			no-goods:   0
			peak depth: 63
			runtime:    0.009 (9.000 ms)

	Found best solution and proved optimality.
