	Probing...
		Bounds: [595,3688]
		q1889 [makespan: 912]
		q1889 [makespan: 844]
		q1889 [makespan: 772]
			nodes:      12236
			failures:   0
			peak depth: 564
			runtime:    0.242 (242.000 ms)

	Adjusting...
		Bounds: [595,772]
		Bounds: [684,772]
		q1889 [makespan: 728]
		Bounds: [684,728]
		Bounds: [707,728]
		Bounds: [718,728]
		Bounds: [724,728]
		q1889 [makespan: 726]
		Bounds: [724,726]
			nodes:      4029
			failures:   1942
			restarts:   0
			no-goods:   0
			peak depth: 82
			runtime:    0.374 (374.000 ms)

	Found best solution and proved optimality.
