	Probing...
		Bounds: [609,3994]
		q1972 [makespan: 1059]
		q1972 [makespan: 911]
		q1972 [makespan: 881]
		q1972 [makespan: 869]
		q1972 [makespan: 859]
		q1972 [makespan: 839]
			nodes:      32271
			failures:   10003
			peak depth: 557
			runtime:    0.756 (756.000 ms)

	Adjusting...
		Bounds: [609,839]
		Bounds: [725,839]
		Bounds: [783,839]
		q1972 [makespan: 811]
		Bounds: [783,811]
		Bounds: [798,811]
		Bounds: [805,811]
		Bounds: [809,811]
		q1972 [makespan: 810]
		Bounds: [809,810]
		q1972 [makespan: 809]
			nodes:      10228
			failures:   5007
			restarts:   1
			no-goods:   20
			peak depth: 74
			runtime:    0.398 (398.000 ms)

	Found best solution and proved optimality.
