	Probing...
		Bounds: [611,4524]
		q1988 [makespan: 1151]
		q1988 [makespan: 1016]
		q1988 [makespan: 1003]
		q1988 [makespan: 952]
		q1988 [makespan: 950]
			nodes:      12409
			failures:   4
			peak depth: 554
			runtime:    0.238 (238.000 ms)

	Adjusting...
		Bounds: [611,950]
		Bounds: [781,950]
		q1988 [makespan: 865]
		Bounds: [781,865]
		Bounds: [824,865]
		Bounds: [845,865]
		q1988 [makespan: 853]
		Bounds: [845,853]
		Bounds: [850,853]
		Bounds: [852,853]
		q1988 [makespan: 852]
			nodes:      62700
			failures:   31207
			restarts:   3
			no-goods:   55
			peak depth: 118
			runtime:    4.257 (4257.000 ms)

	Found best solution and proved optimality.
