	Probing...
		Bounds: [566,3859]
		q2023 [makespan: 816]
		q2023 [makespan: 783]
		q2023 [makespan: 782]
		q2023 [makespan: 743]
		q2023 [makespan: 733]
			nodes:      32200
			failures:   10008
			peak depth: 524
			runtime:    0.757 (757.000 ms)

	Adjusting...
		Bounds: [566,733]
		Bounds: [650,733]
		q2023 [makespan: 690]
		Bounds: [650,690]
		q2023 [makespan: 669]
		Bounds: [650,669]
		Bounds: [660,669]
		q2023 [makespan: 664]
		Bounds: [660,664]
		q2023 [makespan: 662]
		Bounds: [660,662]
		q2023 [makespan: 660]
			nodes:      829
			failures:   253
			restarts:   0
			no-goods:   0
			peak depth: 79
			runtime:    0.048 (48.000 ms)

	Found best solution and proved optimality.
