	Probing...
		Bounds: [601,3722]
		q2030 [makespan: 966]
		q2030 [makespan: 870]
		q2030 [makespan: 834]
		q2030 [makespan: 803]
			nodes:      31886
			failures:   10009
			peak depth: 531
			runtime:    0.836 (836.000 ms)

	Adjusting...
		Bounds: [601,803]
		Bounds: [703,803]
		q2030 [makespan: 750]
		Bounds: [703,750]
		q2030 [makespan: 725]
		Bounds: [703,725]
		Bounds: [715,725]
		Bounds: [721,725]
		Bounds: [724,725]
			nodes:      13691
			failures:   6769
			restarts:   0
			no-goods:   0
			peak depth: 90
			runtime:    1.060 (1060.000 ms)

	Found best solution and proved optimality.
