	Probing...
		Bounds: [615,4187]
		q2053 [makespan: 1162]
		q2053 [makespan: 871]
		q2053 [makespan: 815]
		q2053 [makespan: 799]
			nodes:      31840
			failures:   10004
			peak depth: 542
			runtime:    0.936 (936.000 ms)

	Adjusting...
		Bounds: [615,799]
		Bounds: [708,799]
		q2053 [makespan: 752]
		Bounds: [708,752]
		q2053 [makespan: 730]
		Bounds: [708,730]
		Bounds: [720,730]
		Bounds: [726,730]
		Bounds: [729,730]
			nodes:      877
			failures:   380
			restarts:   0
			no-goods:   0
			peak depth: 73
			runtime:    0.071 (71.000 ms)

	Found best solution and proved optimality.
