	Probing...
		Bounds: [705,4393]
		q2082 [makespan: 1079]
		q2082 [makespan: 1034]
		q2082 [makespan: 1001]
		q2082 [makespan: 944]
		q2082 [makespan: 931]
			nodes:      12234
			failures:   4
			peak depth: 542
			runtime:    0.312 (312.000 ms)

	Adjusting...
		Bounds: [705,931]
		Bounds: [819,931]
		q2082 [makespan: 872]
		Bounds: [819,872]
		Bounds: [846,872]
		q2082 [makespan: 859]
		Bounds: [846,859]
		Bounds: [853,859]
		q2082 [makespan: 856]
		Bounds: [853,856]
		Bounds: [855,856]
		q2082 [makespan: 855]
			nodes:      85432
			failures:   42561
			restarts:   4
			no-goods:   57
			peak depth: 79
			runtime:    5.676 (5676.000 ms)

	Found best solution and proved optimality.
