	Probing...
		Bounds: [535,3908]
		q2114 [makespan: 974]
		q2114 [makespan: 882]
		q2114 [makespan: 849]
		q2114 [makespan: 820]
		q2114 [makespan: 803]
		q2114 [makespan: 802]
		q2114 [makespan: 789]
			nodes:      12257
			failures:   10
			peak depth: 533
			runtime:    0.285 (285.000 ms)

	Adjusting...
		Bounds: [535,789]
		Bounds: [663,789]
		q2114 [makespan: 723]
		Bounds: [663,723]
		Bounds: [694,723]
		Bounds: [709,723]
		q2114 [makespan: 715]
		Bounds: [709,715]
		Bounds: [713,715]
		q2114 [makespan: 714]
		Bounds: [713,714]
		q2114 [makespan: 713]
			nodes:      5825
			failures:   2782
			restarts:   0
			no-goods:   0
			peak depth: 82
			runtime:    0.533 (533.000 ms)

	Found best solution and proved optimality.
