	Probing...
		Bounds: [581,3884]
		q2135 [makespan: 950]
		q2135 [makespan: 786]
		q2135 [makespan: 758]
			nodes:      32332
			failures:   10009
			peak depth: 560
			runtime:    0.780 (780.000 ms)

	Adjusting...
		Bounds: [581,758]
		Bounds: [670,758]
		q2135 [makespan: 714]
		Bounds: [670,714]
		q2135 [makespan: 688]
		Bounds: [670,688]
		Bounds: [680,688]
		Bounds: [685,688]
		Bounds: [687,688]
			nodes:      208
			failures:   34
			restarts:   0
			no-goods:   0
			peak depth: 80
			runtime:    0.010 (10.000 ms)

	Found best solution and proved optimality.
