	Probing...
		Bounds: [663,4493]
		q2163 [makespan: 1085]
		q2163 [makespan: 950]
		q2163 [makespan: 946]
		q2163 [makespan: 923]
			nodes:      12241
			failures:   6
			peak depth: 532
			runtime:    0.225 (225.000 ms)

	Adjusting...
		Bounds: [663,923]
		Bounds: [794,923]
		q2163 [makespan: 850]
		Bounds: [794,850]
		q2163 [makespan: 820]
		Bounds: [794,820]
		Bounds: [808,820]
		Bounds: [815,820]
		Bounds: [818,820]
		q2163 [makespan: 818]
			nodes:      19249
			failures:   9521
			restarts:   0
			no-goods:   0
			peak depth: 86
			runtime:    1.296 (1296.000 ms)

	Found best solution and proved optimality.
