	Probing...
		Bounds: [613,4245]
		q2178 [makespan: 1129]
		q2178 [makespan: 852]
			nodes:      12013
			failures:   2
			peak depth: 525
			runtime:    0.276 (276.000 ms)

	Adjusting...
		Bounds: [613,852]
		Bounds: [733,852]
		q2178 [makespan: 788]
		Bounds: [733,788]
		Bounds: [761,788]
		q2178 [makespan: 773]
		Bounds: [761,773]
		q2178 [makespan: 767]
		Bounds: [761,767]
		Bounds: [765,767]
		q2178 [makespan: 766]
		Bounds: [765,766]
		q2178 [makespan: 765]
			nodes:      58949
			failures:   29291
			restarts:   2
			no-goods:   30
			peak depth: 79
			runtime:    3.946 (3946.000 ms)

	Found best solution and proved optimality.
