	Probing...
		Bounds: [579,4096]
		q2187 [makespan: 1126]
		q2187 [makespan: 948]
		q2187 [makespan: 837]
		q2187 [makespan: 817]
		q2187 [makespan: 794]
			nodes:      12257
			failures:   8
			peak depth: 535
			runtime:    0.257 (257.000 ms)

	Adjusting...
		Bounds: [579,794]
		Bounds: [687,794]
		Bounds: [741,794]
		q2187 [makespan: 767]
		Bounds: [741,767]
		q2187 [makespan: 754]
		Bounds: [741,754]
		q2187 [makespan: 747]
		Bounds: [741,747]
		Bounds: [745,747]
			nodes:      2415
			failures:   1113
			restarts:   0
			no-goods:   0
			peak depth: 76
			runtime:    0.168 (168.000 ms)

	Found best solution and proved optimality.
