	Probing...
		Bounds: [567,4032]
		q2186 [makespan: 1135]
		q2186 [makespan: 829]
		q2186 [makespan: 789]
			nodes:      12073
			failures:   5
			peak depth: 558
			runtime:    0.249 (249.000 ms)

	Adjusting...
		Bounds: [567,789]
		Bounds: [679,789]
		Bounds: [735,789]
		q2186 [makespan: 762]
		Bounds: [735,762]
		q2186 [makespan: 748]
		Bounds: [735,748]
		q2186 [makespan: 736]
		Bounds: [735,736]
		q2186 [makespan: 735]
			nodes:      487
			failures:   114
			restarts:   0
			no-goods:   0
			peak depth: 79
			runtime:    0.023 (23.000 ms)

	Found best solution and proved optimality.
