	Probing...
		Bounds: [509,3555]
		q2194 [makespan: 779]
		q2194 [makespan: 744]
		q2194 [makespan: 743]
		q2194 [makespan: 687]
		q2194 [makespan: 664]
			nodes:      12157
			failures:   12
			peak depth: 521
			runtime:    0.268 (268.000 ms)

	Adjusting...
		Bounds: [509,664]
		Bounds: [587,664]
		q2194 [makespan: 625]
		Bounds: [587,625]
		Bounds: [607,625]
		Bounds: [617,625]
		Bounds: [622,625]
		Bounds: [624,625]
			nodes:      480
			failures:   206
			restarts:   0
			no-goods:   0
			peak depth: 78
			runtime:    0.049 (49.000 ms)

	Found best solution and proved optimality.
