	Probing...
		Bounds: [575,4045]
		q2190 [makespan: 963]
		q2190 [makespan: 883]
		q2190 [makespan: 811]
			nodes:      12239
			failures:   8
			peak depth: 512
			runtime:    0.264 (264.000 ms)

	Adjusting...
		Bounds: [575,811]
		Bounds: [694,811]
		Bounds: [753,811]
		q2190 [makespan: 781]
		Bounds: [753,781]
		q2190 [makespan: 766]
		Bounds: [753,766]
			nodes:      236904
			failures:   118310
			restarts:   10
			no-goods:   205
			peak depth: 90
			runtime:    15.001 (15001.000 ms)
				stopped due to time-out...

	Solving...
		q2190 [makespan: 765]
		q2190 [makespan: 761]
			nodes:      226451
			failures:   113102
			restarts:   9
			no-goods:   210
			peak depth: 94
			runtime:    14.087 (14087.000 ms)

	Found best solution and proved optimality.
