	Probing...
		Bounds: [682,4753]
		q2206 [makespan: 1065]
		q2206 [makespan: 1004]
			nodes:      12212
			failures:   6
			peak depth: 579
			runtime:    0.240 (240.000 ms)

	Adjusting...
		Bounds: [682,1004]
		Bounds: [844,1004]
		q2206 [makespan: 920]
		Bounds: [844,920]
		Bounds: [883,920]
		q2206 [makespan: 900]
		Bounds: [883,900]
		Bounds: [892,900]
		Bounds: [897,900]
		Bounds: [899,900]
			nodes:      62060
			failures:   30946
			restarts:   2
			no-goods:   44
			peak depth: 78
			runtime:    4.399 (4399.000 ms)

	Found best solution and proved optimality.
