	Probing...
		Bounds: [696,4190]
		q2218 [makespan: 1044]
		q2218 [makespan: 844]
		q2218 [makespan: 783]
			nodes:      12435
			failures:   1
			peak depth: 569
			runtime:    0.263 (263.000 ms)

	Adjusting...
		Bounds: [696,783]
		Bounds: [740,783]
		q2218 [makespan: 758]
		Bounds: [740,758]
		Bounds: [750,758]
		Bounds: [755,758]
		Bounds: [757,758]
			nodes:      1779
			failures:   855
			restarts:   0
			no-goods:   0
			peak depth: 82
			runtime:    0.094 (94.000 ms)

	Found best solution and proved optimality.
