	Probing...
		Bounds: [583,4015]
		q2231 [makespan: 1092]
		q2231 [makespan: 823]
		q2231 [makespan: 813]
		q2231 [makespan: 794]
		q2231 [makespan: 782]
		q2231 [makespan: 747]
			nodes:      12065
			failures:   8
			peak depth: 518
			runtime:    0.319 (319.000 ms)

	Adjusting...
		Bounds: [583,747]
		Bounds: [666,747]
		Bounds: [707,747]
		q2231 [makespan: 727]
		Bounds: [707,727]
		Bounds: [718,727]
		q2231 [makespan: 722]
		Bounds: [718,722]
		Bounds: [721,722]
			nodes:      71024
			failures:   35414
			restarts:   5
			no-goods:   67
			peak depth: 92
			runtime:    4.180 (4180.000 ms)

	Found best solution and proved optimality.
