	Probing...
		Bounds: [555,3618]
		q2244 [makespan: 731]
		q2244 [makespan: 712]
		q2244 [makespan: 683]
		q2244 [makespan: 674]
			nodes:      11982
			failures:   3
			peak depth: 507
			runtime:    0.233 (233.000 ms)

	Adjusting...
		Bounds: [555,674]
		q2244 [makespan: 614]
		Bounds: [555,614]
		Bounds: [585,614]
		Bounds: [600,614]
		Bounds: [608,614]
		Bounds: [612,614]
		q2244 [makespan: 612]
			nodes:      737
			failures:   303
			restarts:   0
			no-goods:   0
			peak depth: 82
			runtime:    0.036 (36.000 ms)

	Found best solution and proved optimality.
