	Probing...
		Bounds: [676,3839]
		q2295 [makespan: 753]
		q2295 [makespan: 736]
		q2295 [makespan: 706]
			nodes:      12442
			failures:   4
			peak depth: 555
			runtime:    0.258 (258.000 ms)

	Adjusting...
		Bounds: [676,706]
		q2295 [makespan: 688]
		Bounds: [676,688]
		q2295 [makespan: 680]
		Bounds: [676,680]
		q2295 [makespan: 676]
			nodes:      321
			failures:   57
			restarts:   0
			no-goods:   0
			peak depth: 75
			runtime:    0.024 (24.000 ms)

	Found best solution and proved optimality.
