	Probing...
		Bounds: [588,4005]
		q2291 [makespan: 1036]
		q2291 [makespan: 824]
		q2291 [makespan: 820]
			nodes:      12576
			failures:   5
			peak depth: 548
			runtime:    0.241 (241.000 ms)

	Adjusting...
		Bounds: [588,820]
		Bounds: [705,820]
		q2291 [makespan: 759]
		Bounds: [705,759]
		Bounds: [733,759]
		q2291 [makespan: 746]
		Bounds: [733,746]
		Bounds: [740,746]
		q2291 [makespan: 743]
		Bounds: [740,743]
		Bounds: [742,743]
			nodes:      3366
			failures:   1591
			restarts:   0
			no-goods:   0
			peak depth: 72
			runtime:    0.236 (236.000 ms)

	Found best solution and proved optimality.
