	Probing...
		Bounds: [606,4054]
		q2436 [makespan: 1155]
		q2436 [makespan: 834]
		q2436 [makespan: 811]
			nodes:      12288
			failures:   1
			peak depth: 550
			runtime:    0.254 (254.000 ms)

	Adjusting...
		Bounds: [606,811]
		Bounds: [709,811]
		q2436 [makespan: 757]
		Bounds: [709,757]
		Bounds: [734,757]
		q2436 [makespan: 741]
		Bounds: [734,741]
		Bounds: [738,741]
		q2436 [makespan: 739]
		Bounds: [738,739]
		q2436 [makespan: 738]
			nodes:      137278
			failures:   68435
			restarts:   7
			no-goods:   87
			peak depth: 83
			runtime:    8.713 (8713.000 ms)

	Found best solution and proved optimality.
