	Probing...
		Bounds: [583,4178]
		q2520 [makespan: 872]
		q2520 [makespan: 835]
		q2520 [makespan: 818]
		q2520 [makespan: 783]
		q2520 [makespan: 776]
			nodes:      12452
			failures:   6
			peak depth: 531
			runtime:    0.257 (257.000 ms)

	Adjusting...
		Bounds: [583,776]
		Bounds: [680,776]
		q2520 [makespan: 728]
		Bounds: [680,728]
		Bounds: [705,728]
		Bounds: [717,728]
		Bounds: [723,728]
		Bounds: [726,728]
		q2520 [makespan: 726]
			nodes:      10496
			failures:   5187
			restarts:   0
			no-goods:   0
			peak depth: 74
			runtime:    0.716 (716.000 ms)

	Found best solution and proved optimality.
