	Probing...
		Bounds: [554,3839]
		q2541 [makespan: 1023]
		q2541 [makespan: 755]
		q2541 [makespan: 747]
		q2541 [makespan: 728]
			nodes:      12369
			failures:   12
			peak depth: 533
			runtime:    0.231 (231.000 ms)

	Adjusting...
		Bounds: [554,728]
		Bounds: [642,728]
		q2541 [makespan: 678]
		Bounds: [642,678]
		Bounds: [661,678]
		q2541 [makespan: 668]
		Bounds: [661,668]
		q2541 [makespan: 662]
		Bounds: [661,662]
			nodes:      1204
			failures:   509
			restarts:   0
			no-goods:   0
			peak depth: 76
			runtime:    0.067 (67.000 ms)

	Found best solution and proved optimality.
