	Probing...
		Bounds: [586,3909]
		q2697 [makespan: 866]
		q2697 [makespan: 845]
		q2697 [makespan: 822]
		q2697 [makespan: 740]
		q2697 [makespan: 728]
			nodes:      12215
			failures:   7
			peak depth: 577
			runtime:    0.222 (222.000 ms)

	Adjusting...
		Bounds: [586,728]
		Bounds: [658,728]
		q2697 [makespan: 685]
		Bounds: [658,685]
		Bounds: [672,685]
		Bounds: [679,685]
		Bounds: [683,685]
			nodes:      8341
			failures:   4132
			restarts:   0
			no-goods:   0
			peak depth: 92
			runtime:    0.645 (645.000 ms)

	Found best solution and proved optimality.
