	Probing...
		Bounds: [656,3984]
		q2719 [makespan: 920]
		q2719 [makespan: 853]
		q2719 [makespan: 800]
			nodes:      12495
			failures:   4
			peak depth: 524
			runtime:    0.267 (267.000 ms)

	Adjusting...
		Bounds: [656,800]
		Bounds: [729,800]
		q2719 [makespan: 764]
		Bounds: [729,764]
		q2719 [makespan: 745]
		Bounds: [729,745]
		Bounds: [738,745]
		q2719 [makespan: 739]
		Bounds: [738,739]
		q2719 [makespan: 738]
			nodes:      1416
			failures:   560
			restarts:   0
			no-goods:   0
			peak depth: 87
			runtime:    0.120 (120.000 ms)

	Found best solution and proved optimality.
