	Probing...
		Bounds: [648,4213]
		q2738 [makespan: 1051]
		q2738 [makespan: 929]
		q2738 [makespan: 881]
		q2738 [makespan: 856]
			nodes:      32018
			failures:   10002
			peak depth: 527
			runtime:    1.070 (1070.000 ms)

	Adjusting...
		Bounds: [648,856]
		Bounds: [753,856]
		q2738 [makespan: 798]
		Bounds: [753,798]
		Bounds: [776,798]
		q2738 [makespan: 784]
		Bounds: [776,784]
		q2738 [makespan: 780]
		Bounds: [776,780]
		q2738 [makespan: 776]
			nodes:      1855
			failures:   791
			restarts:   0
			no-goods:   0
			peak depth: 86
			runtime:    0.117 (117.000 ms)

	Found best solution and proved optimality.
