	Probing...
		Bounds: [646,4380]
		q2768 [makespan: 911]
		q2768 [makespan: 846]
			nodes:      12358
			failures:   12
			peak depth: 520
			runtime:    0.356 (356.000 ms)

	Adjusting...
		Bounds: [646,846]
		q2768 [makespan: 744]
		Bounds: [646,744]
		Bounds: [696,744]
		Bounds: [721,744]
		Bounds: [733,744]
		Bounds: [739,744]
		q2768 [makespan: 740]
		Bounds: [739,740]
			nodes:      154
			failures:   15
			restarts:   0
			no-goods:   0
			peak depth: 72
			runtime:    0.007 (7.000 ms)

	Found best solution and proved optimality.
