	Probing...
		Bounds: [622,4115]
		q2836 [makespan: 1024]
		q2836 [makespan: 893]
		q2836 [makespan: 858]
		q2836 [makespan: 854]
		q2836 [makespan: 819]
			nodes:      12335
			failures:   1
			peak depth: 548
			runtime:    0.253 (253.000 ms)

	Adjusting...
		Bounds: [622,819]
		Bounds: [721,819]
		q2836 [makespan: 770]
		Bounds: [721,770]
		Bounds: [746,770]
		q2836 [makespan: 758]
		Bounds: [746,758]
		Bounds: [753,758]
		Bounds: [756,758]
			nodes:      38680
			failures:   19281
			restarts:   2
			no-goods:   25
			peak depth: 74
			runtime:    2.208 (2208.000 ms)

	Found best solution and proved optimality.
