	Probing...
		Bounds: [587,4024]
		q2877 [makespan: 977]
		q2877 [makespan: 936]
		q2877 [makespan: 890]
		q2877 [makespan: 868]
		q2877 [makespan: 845]
		q2877 [makespan: 819]
		q2877 [makespan: 781]
			nodes:      12280
			failures:   1
			peak depth: 528
			runtime:    0.282 (282.000 ms)

	Adjusting...
		Bounds: [587,781]
		Bounds: [685,781]
		q2877 [makespan: 730]
		Bounds: [685,730]
		Bounds: [708,730]
		q2877 [makespan: 719]
		Bounds: [708,719]
		Bounds: [714,719]
		Bounds: [717,719]
			nodes:      2179
			failures:   1024
			restarts:   0
			no-goods:   0
			peak depth: 86
			runtime:    0.177 (177.000 ms)

	Found best solution and proved optimality.
