	Probing...
		Bounds: [586,3951]
		q2875 [makespan: 990]
		q2875 [makespan: 838]
		q2875 [makespan: 801]
			nodes:      12161
			failures:   4
			peak depth: 543
			runtime:    0.245 (245.000 ms)

	Adjusting...
		Bounds: [586,801]
		Bounds: [694,801]
		Bounds: [748,801]
		q2875 [makespan: 767]
		Bounds: [748,767]
		q2875 [makespan: 756]
		Bounds: [748,756]
		q2875 [makespan: 751]
		Bounds: [748,751]
		Bounds: [750,751]
			nodes:      26535
			failures:   13166
			restarts:   0
			no-goods:   0
			peak depth: 86
			runtime:    1.846 (1846.000 ms)

	Found best solution and proved optimality.
