	Probing...
		Bounds: [649,4005]
		q2903 [makespan: 964]
		q2903 [makespan: 827]
		q2903 [makespan: 823]
		q2903 [makespan: 781]
		q2903 [makespan: 754]
			nodes:      12177
			failures:   1
			peak depth: 547
			runtime:    0.223 (223.000 ms)

	Adjusting...
		Bounds: [649,754]
		Bounds: [702,754]
		q2903 [makespan: 725]
		Bounds: [702,725]
		q2903 [makespan: 713]
		Bounds: [702,713]
		Bounds: [708,713]
		Bounds: [711,713]
		q2903 [makespan: 712]
		Bounds: [711,712]
		q2903 [makespan: 711]
			nodes:      2886
			failures:   1317
			restarts:   0
			no-goods:   0
			peak depth: 73
			runtime:    0.179 (179.000 ms)

	Found best solution and proved optimality.
