	Probing...
		Bounds: [597,4038]
		q2916 [makespan: 1008]
		q2916 [makespan: 977]
		q2916 [makespan: 840]
		q2916 [makespan: 831]
			nodes:      12214
			failures:   10
			peak depth: 560
			runtime:    0.246 (246.000 ms)

	Adjusting...
		Bounds: [597,831]
		Bounds: [715,831]
		q2916 [makespan: 773]
		Bounds: [715,773]
		Bounds: [745,773]
		q2916 [makespan: 758]
		Bounds: [745,758]
		Bounds: [752,758]
		Bounds: [756,758]
		q2916 [makespan: 757]
		Bounds: [756,757]
		q2916 [makespan: 756]
			nodes:      5545
			failures:   2641
			restarts:   0
			no-goods:   0
			peak depth: 78
			runtime:    0.417 (417.000 ms)

	Found best solution and proved optimality.
