	Probing...
		Bounds: [589,3903]
		q2954 [makespan: 967]
		q2954 [makespan: 777]
			nodes:      11967
			failures:   7
			peak depth: 532
			runtime:    0.285 (285.000 ms)

	Adjusting...
		Bounds: [589,777]
		Bounds: [684,777]
		q2954 [makespan: 725]
		Bounds: [684,725]
		Bounds: [705,725]
		q2954 [makespan: 712]
		Bounds: [705,712]
		Bounds: [709,712]
		Bounds: [711,712]
			nodes:      905
			failures:   393
			restarts:   0
			no-goods:   0
			peak depth: 66
			runtime:    0.070 (70.000 ms)

	Found best solution and proved optimality.
