	Probing...
		Bounds: [671,4289]
		q2972 [makespan: 990]
		q2972 [makespan: 801]
			nodes:      32174
			failures:   10006
			peak depth: 548
			runtime:    0.798 (798.000 ms)

	Adjusting...
		Bounds: [671,801]
		Bounds: [737,801]
		q2972 [makespan: 769]
		Bounds: [737,769]
		q2972 [makespan: 752]
		Bounds: [737,752]
		Bounds: [745,752]
		Bounds: [749,752]
		q2972 [makespan: 749]
			nodes:      1513
			failures:   645
			restarts:   0
			no-goods:   0
			peak depth: 82
			runtime:    0.117 (117.000 ms)

	Found best solution and proved optimality.
