	Probing...
		Bounds: [569,3968]
		q3030 [makespan: 861]
		q3030 [makespan: 830]
		q3030 [makespan: 735]
			nodes:      12388
			failures:   8
			peak depth: 541
			runtime:    0.233 (233.000 ms)

	Adjusting...
		Bounds: [569,735]
		Bounds: [653,735]
		Bounds: [695,735]
		Bounds: [716,735]
		Bounds: [726,735]
		q3030 [makespan: 730]
		Bounds: [726,730]
		q3030 [makespan: 728]
		Bounds: [726,728]
			nodes:      838
			failures:   349
			restarts:   0
			no-goods:   0
			peak depth: 82
			runtime:    0.058 (58.000 ms)

	Found best solution and proved optimality.
