	Probing...
		Bounds: [660,4278]
		q3041 [makespan: 884]
		q3041 [makespan: 877]
		q3041 [makespan: 836]
			nodes:      32330
			failures:   10004
			peak depth: 561
			runtime:    0.877 (877.000 ms)

	Adjusting...
		Bounds: [660,836]
		Bounds: [749,836]
		Bounds: [793,836]
		q3041 [makespan: 813]
		Bounds: [793,813]
		q3041 [makespan: 803]
		Bounds: [793,803]
		Bounds: [799,803]
		Bounds: [802,803]
			nodes:      11264
			failures:   5556
			restarts:   0
			no-goods:   0
			peak depth: 92
			runtime:    0.763 (763.000 ms)

	Found best solution and proved optimality.
