	Probing...
		Bounds: [575,3844]
		q3176 [makespan: 964]
		q3176 [makespan: 902]
		q3176 [makespan: 886]
		q3176 [makespan: 884]
		q3176 [makespan: 838]
			nodes:      12029
			failures:   4
			peak depth: 530
			runtime:    0.332 (332.000 ms)

	Adjusting...
		Bounds: [575,838]
		Bounds: [707,838]
		q3176 [makespan: 771]
		Bounds: [707,771]
		Bounds: [740,771]
		q3176 [makespan: 753]
		Bounds: [740,753]
		q3176 [makespan: 743]
		Bounds: [740,743]
		Bounds: [742,743]
			nodes:      24133
			failures:   11957
			restarts:   0
			no-goods:   0
			peak depth: 91
			runtime:    1.558 (1558.000 ms)

	Found best solution and proved optimality.
