	Probing...
		Bounds: [619,3875]
		q3212 [makespan: 824]
		q3212 [makespan: 798]
		q3212 [makespan: 776]
			nodes:      12223
			failures:   4
			peak depth: 529
			runtime:    0.220 (220.000 ms)

	Adjusting...
		Bounds: [619,776]
		Bounds: [698,776]
		q3212 [makespan: 737]
		Bounds: [698,737]
		Bounds: [718,737]
		q3212 [makespan: 726]
		Bounds: [718,726]
		q3212 [makespan: 722]
		Bounds: [718,722]
		q3212 [makespan: 720]
		Bounds: [718,720]
			nodes:      52028
			failures:   25858
			restarts:   2
			no-goods:   30
			peak depth: 86
			runtime:    3.375 (3375.000 ms)

	Found best solution and proved optimality.
