	Probing...
		Bounds: [600,3950]
		q3223 [makespan: 866]
		q3223 [makespan: 844]
		q3223 [makespan: 784]
			nodes:      32075
			failures:   10004
			peak depth: 552
			runtime:    1.085 (1085.000 ms)

	Adjusting...
		Bounds: [600,784]
		Bounds: [693,784]
		q3223 [makespan: 738]
		Bounds: [693,738]
		q3223 [makespan: 715]
		Bounds: [693,715]
		q3223 [makespan: 703]
		Bounds: [693,703]
		Bounds: [699,703]
		Bounds: [702,703]
			nodes:      540
			failures:   179
			restarts:   0
			no-goods:   0
			peak depth: 72
			runtime:    0.034 (34.000 ms)

	Found best solution and proved optimality.
