	Probing...
		Bounds: [670,3990]
		q3258 [makespan: 793]
		q3258 [makespan: 780]
		q3258 [makespan: 762]
		q3258 [makespan: 752]
		q3258 [makespan: 749]
			nodes:      12262
			failures:   3
			peak depth: 539
			runtime:    0.224 (224.000 ms)

	Adjusting...
		Bounds: [670,749]
		q3258 [makespan: 709]
		Bounds: [670,709]
		Bounds: [690,709]
		q3258 [makespan: 697]
		Bounds: [690,697]
		q3258 [makespan: 693]
		Bounds: [690,693]
		Bounds: [692,693]
			nodes:      432
			failures:   118
			restarts:   0
			no-goods:   0
			peak depth: 76
			runtime:    0.022 (22.000 ms)

	Found best solution and proved optimality.
