	Probing...
		Bounds: [581,4014]
		q3251 [makespan: 923]
		q3251 [makespan: 817]
		q3251 [makespan: 792]
		q3251 [makespan: 790]
		q3251 [makespan: 738]
			nodes:      12280
			failures:   7
			peak depth: 551
			runtime:    0.272 (272.000 ms)

	Adjusting...
		Bounds: [581,738]
		Bounds: [660,738]
		Bounds: [700,738]
		q3251 [makespan: 710]
		Bounds: [700,710]
		q3251 [makespan: 705]
		Bounds: [700,705]
		Bounds: [703,705]
		q3251 [makespan: 703]
			nodes:      1061
			failures:   428
			restarts:   0
			no-goods:   0
			peak depth: 85
			runtime:    0.069 (69.000 ms)

	Found best solution and proved optimality.
