	Probing...
		Bounds: [552,3801]
		q3268 [makespan: 760]
			nodes:      11901
			failures:   7
			peak depth: 516
			runtime:    0.225 (225.000 ms)

	Adjusting...
		Bounds: [552,760]
		Bounds: [657,760]
		q3268 [makespan: 708]
		Bounds: [657,708]
		q3268 [makespan: 682]
		Bounds: [657,682]
		Bounds: [670,682]
		Bounds: [677,682]
		Bounds: [680,682]
		q3268 [makespan: 681]
		Bounds: [680,681]
			nodes:      7394
			failures:   3606
			restarts:   0
			no-goods:   0
			peak depth: 82
			runtime:    0.676 (676.000 ms)

	Found best solution and proved optimality.
