	Probing...
		Bounds: [689,4117]
		q3278 [makespan: 929]
		q3278 [makespan: 909]
		q3278 [makespan: 903]
		q3278 [makespan: 854]
		q3278 [makespan: 828]
			nodes:      12404
			failures:   7
			peak depth: 542
			runtime:    0.263 (263.000 ms)

	Adjusting...
		Bounds: [689,828]
		q3278 [makespan: 757]
		Bounds: [689,757]
		Bounds: [724,757]
		Bounds: [741,757]
		Bounds: [750,757]
		q3278 [makespan: 753]
		Bounds: [750,753]
		q3278 [makespan: 750]
			nodes:      265
			failures:   21
			restarts:   0
			no-goods:   0
			peak depth: 79
			runtime:    0.009 (9.000 ms)

	Found best solution and proved optimality.
