	Probing...
		Bounds: [620,3914]
		q3293 [makespan: 999]
		q3293 [makespan: 847]
		q3293 [makespan: 844]
		q3293 [makespan: 825]
		q3293 [makespan: 785]
			nodes:      12222
			failures:   9
			peak depth: 553
			runtime:    0.225 (225.000 ms)

	Adjusting...
		Bounds: [620,785]
		q3293 [makespan: 699]
		Bounds: [620,699]
		Bounds: [660,699]
		Bounds: [680,699]
		q3293 [makespan: 688]
		Bounds: [680,688]
		q3293 [makespan: 682]
		Bounds: [680,682]
			nodes:      2917
			failures:   1344
			restarts:   0
			no-goods:   0
			peak depth: 87
			runtime:    0.148 (148.000 ms)

	Found best solution and proved optimality.
