	Probing...
		Bounds: [634,4178]
		q3308 [makespan: 814]
		q3308 [makespan: 808]
		q3308 [makespan: 780]
			nodes:      12281
			failures:   2
			peak depth: 532
			runtime:    0.287 (287.000 ms)

	Adjusting...
		Bounds: [634,780]
		q3308 [makespan: 705]
		Bounds: [634,705]
		Bounds: [670,705]
		Bounds: [688,705]
		Bounds: [697,705]
		q3308 [makespan: 699]
		Bounds: [697,699]
			nodes:      187
			failures:   39
			restarts:   0
			no-goods:   0
			peak depth: 60
			runtime:    0.015 (15.000 ms)

	Found best solution and proved optimality.
