	Probing...
		Bounds: [564,4106]
		q3318 [makespan: 800]
		q3318 [makespan: 796]
		q3318 [makespan: 778]
		q3318 [makespan: 777]
		q3318 [makespan: 768]
			nodes:      12155
			failures:   4
			peak depth: 524
			runtime:    0.224 (224.000 ms)

	Adjusting...
		Bounds: [564,768]
		Bounds: [667,768]
		q3318 [makespan: 714]
		Bounds: [667,714]
		q3318 [makespan: 690]
		Bounds: [667,690]
		Bounds: [679,690]
		Bounds: [685,690]
		Bounds: [688,690]
		q3318 [makespan: 689]
		Bounds: [688,689]
		q3318 [makespan: 688]
			nodes:      624
			failures:   196
			restarts:   0
			no-goods:   0
			peak depth: 68
			runtime:    0.033 (33.000 ms)

	Found best solution and proved optimality.
