	Probing...
		Bounds: [648,4477]
		q3371 [makespan: 1091]
		q3371 [makespan: 922]
		q3371 [makespan: 895]
		q3371 [makespan: 894]
		q3371 [makespan: 867]
		q3371 [makespan: 862]
			nodes:      12197
			failures:   9
			peak depth: 551
			runtime:    0.278 (278.000 ms)

	Adjusting...
		Bounds: [648,862]
		Bounds: [756,862]
		q3371 [makespan: 809]
		Bounds: [756,809]
		Bounds: [783,809]
		q3371 [makespan: 796]
		Bounds: [783,796]
		Bounds: [790,796]
		Bounds: [794,796]
		q3371 [makespan: 794]
			nodes:      913
			failures:   358
			restarts:   0
			no-goods:   0
			peak depth: 78
			runtime:    0.058 (58.000 ms)

	Found best solution and proved optimality.
