	Probing...
		Bounds: [519,3766]
		q3384 [makespan: 933]
		q3384 [makespan: 827]
		q3384 [makespan: 799]
		q3384 [makespan: 783]
			nodes:      12245
			failures:   7
			peak depth: 533
			runtime:    0.259 (259.000 ms)

	Adjusting...
		Bounds: [519,783]
		Bounds: [652,783]
		Bounds: [718,783]
		q3384 [makespan: 750]
		Bounds: [718,750]
		q3384 [makespan: 729]
		Bounds: [718,729]
		Bounds: [724,729]
		q3384 [makespan: 725]
		Bounds: [724,725]
		q3384 [makespan: 724]
			nodes:      26725
			failures:   13233
			restarts:   0
			no-goods:   0
			peak depth: 79
			runtime:    1.782 (1782.000 ms)

	Found best solution and proved optimality.
