	Probing...
		Bounds: [583,3751]
		q3505 [makespan: 914]
		q3505 [makespan: 909]
		q3505 [makespan: 889]
		q3505 [makespan: 879]
		q3505 [makespan: 819]
		q3505 [makespan: 808]
		q3505 [makespan: 743]
			nodes:      12286
			failures:   5
			peak depth: 555
			runtime:    0.262 (262.000 ms)

	Adjusting...
		Bounds: [583,743]
		Bounds: [664,743]
		Bounds: [704,743]
		q3505 [makespan: 717]
		Bounds: [704,717]
		q3505 [makespan: 710]
		Bounds: [704,710]
		q3505 [makespan: 706]
		Bounds: [704,706]
			nodes:      6590
			failures:   3177
			restarts:   0
			no-goods:   0
			peak depth: 102
			runtime:    0.432 (432.000 ms)

	Found best solution and proved optimality.
