	Probing...
		Bounds: [672,4038]
		q3552 [makespan: 1024]
		q3552 [makespan: 827]
		q3552 [makespan: 811]
			nodes:      12221
			failures:   1
			peak depth: 556
			runtime:    0.219 (219.000 ms)

	Adjusting...
		Bounds: [672,811]
		Bounds: [742,811]
		Bounds: [777,811]
		q3552 [makespan: 790]
		Bounds: [777,790]
		q3552 [makespan: 781]
		Bounds: [777,781]
		q3552 [makespan: 779]
		Bounds: [777,779]
		q3552 [makespan: 778]
		Bounds: [777,778]
			nodes:      281
			failures:   12
			restarts:   0
			no-goods:   0
			peak depth: 73
			runtime:    0.010 (10.000 ms)

	Found best solution and proved optimality.
