	Probing...
		Bounds: [590,3727]
		q3623 [makespan: 863]
		q3623 [makespan: 785]
		q3623 [makespan: 692]
			nodes:      12377
			failures:   5
			peak depth: 556
			runtime:    0.270 (270.000 ms)

	Adjusting...
		Bounds: [590,692]
		Bounds: [642,692]
		Bounds: [668,692]
		q3623 [makespan: 676]
		Bounds: [668,676]
		Bounds: [673,676]
		Bounds: [675,676]
			nodes:      272
			failures:   108
			restarts:   0
			no-goods:   0
			peak depth: 63
			runtime:    0.028 (28.000 ms)

	Found best solution and proved optimality.
