	Probing...
		Bounds: [598,4046]
		q3659 [makespan: 992]
		q3659 [makespan: 892]
		q3659 [makespan: 834]
		q3659 [makespan: 799]
			nodes:      12417
			failures:   15
			peak depth: 546
			runtime:    0.337 (337.000 ms)

	Adjusting...
		Bounds: [598,799]
		Bounds: [699,799]
		Bounds: [750,799]
		q3659 [makespan: 774]
		Bounds: [750,774]
		q3659 [makespan: 762]
		Bounds: [750,762]
		Bounds: [757,762]
		q3659 [makespan: 757]
			nodes:      47632
			failures:   23692
			restarts:   3
			no-goods:   49
			peak depth: 81
			runtime:    2.979 (2979.000 ms)

	Found best solution and proved optimality.
