	Probing...
		Bounds: [545,3619]
		q3732 [makespan: 851]
		q3732 [makespan: 698]
			nodes:      12095
			failures:   3
			peak depth: 535
			runtime:    0.295 (295.000 ms)

	Adjusting...
		Bounds: [545,698]
		Bounds: [622,698]
		q3732 [makespan: 657]
		Bounds: [622,657]
		q3732 [makespan: 639]
		Bounds: [622,639]
		Bounds: [631,639]
		q3732 [makespan: 631]
			nodes:      12843
			failures:   6316
			restarts:   0
			no-goods:   0
			peak depth: 101
			runtime:    1.022 (1022.000 ms)

	Found best solution and proved optimality.
