	Probing...
		Bounds: [574,3925]
		q3828 [makespan: 793]
		q3828 [makespan: 743]
		q3828 [makespan: 742]
			nodes:      12122
			failures:   7
			peak depth: 520
			runtime:    0.228 (228.000 ms)

	Adjusting...
		Bounds: [574,742]
		Bounds: [659,742]
		q3828 [makespan: 696]
		Bounds: [659,696]
		Bounds: [678,696]
		Bounds: [688,696]
		Bounds: [693,696]
		Bounds: [695,696]
			nodes:      922
			failures:   429
			restarts:   0
			no-goods:   0
			peak depth: 76
			runtime:    0.067 (67.000 ms)

	Found best solution and proved optimality.
