	Probing...
		Bounds: [590,3860]
		q3946 [makespan: 827]
		q3946 [makespan: 753]
			nodes:      12238
			failures:   7
			peak depth: 534
			runtime:    0.239 (239.000 ms)

	Adjusting...
		Bounds: [590,753]
		Bounds: [672,753]
		q3946 [makespan: 712]
		Bounds: [672,712]
		q3946 [makespan: 692]
		Bounds: [672,692]
		q3946 [makespan: 682]
		Bounds: [672,682]
		Bounds: [678,682]
		q3946 [makespan: 680]
		Bounds: [678,680]
		q3946 [makespan: 679]
		Bounds: [678,679]
		q3946 [makespan: 678]
			nodes:      6900
			failures:   3283
			restarts:   0
			no-goods:   0
			peak depth: 72
			runtime:    0.456 (456.000 ms)

	Found best solution and proved optimality.
