	Probing...
		Bounds: [579,3803]
		q3980 [makespan: 834]
		q3980 [makespan: 765]
		q3980 [makespan: 718]
			nodes:      31734
			failures:   10004
			peak depth: 531
			runtime:    1.016 (1016.000 ms)

	Adjusting...
		Bounds: [579,718]
		Bounds: [649,718]
		q3980 [makespan: 682]
		Bounds: [649,682]
		q3980 [makespan: 665]
		Bounds: [649,665]
		Bounds: [658,665]
		q3980 [makespan: 660]
		Bounds: [658,660]
		q3980 [makespan: 659]
		Bounds: [658,659]
			nodes:      1581
			failures:   682
			restarts:   0
			no-goods:   0
			peak depth: 68
			runtime:    0.112 (112.000 ms)

	Found best solution and proved optimality.
