	Probing...
		Bounds: [608,4227]
		q4065 [makespan: 961]
		q4065 [makespan: 826]
		q4065 [makespan: 779]
			nodes:      12272
			failures:   6
			peak depth: 544
			runtime:    0.281 (281.000 ms)

	Adjusting...
		Bounds: [608,779]
		Bounds: [694,779]
		Bounds: [737,779]
		q4065 [makespan: 756]
		Bounds: [737,756]
		q4065 [makespan: 741]
		Bounds: [737,741]
		q4065 [makespan: 739]
		Bounds: [737,739]
		q4065 [makespan: 738]
		Bounds: [737,738]
			nodes:      4338
			failures:   2044
			restarts:   0
			no-goods:   0
			peak depth: 79
			runtime:    0.300 (300.000 ms)

	Found best solution and proved optimality.
