	Probing...
		Bounds: [568,3874]
		q4061 [makespan: 832]
		q4061 [makespan: 804]
		q4061 [makespan: 762]
		q4061 [makespan: 752]
		q4061 [makespan: 698]
			nodes:      12347
			failures:   2
			peak depth: 544
			runtime:    0.286 (286.000 ms)

	Adjusting...
		Bounds: [568,698]
		Bounds: [634,698]
		q4061 [makespan: 666]
		Bounds: [634,666]
		Bounds: [651,666]
		Bounds: [659,666]
		Bounds: [663,666]
		q4061 [makespan: 664]
		Bounds: [663,664]
			nodes:      691
			failures:   302
			restarts:   0
			no-goods:   0
			peak depth: 51
			runtime:    0.045 (45.000 ms)

	Found best solution and proved optimality.
