	Probing...
		Bounds: [615,4341]
		q4122 [makespan: 1247]
		q4122 [makespan: 957]
		q4122 [makespan: 941]
		q4122 [makespan: 876]
			nodes:      12203
			failures:   1
			peak depth: 534
			runtime:    0.264 (264.000 ms)

	Adjusting...
		Bounds: [615,876]
		Bounds: [746,876]
		Bounds: [812,876]
		q4122 [makespan: 844]
		Bounds: [812,844]
		q4122 [makespan: 828]
		Bounds: [812,828]
		q4122 [makespan: 819]
		Bounds: [812,819]
		q4122 [makespan: 814]
		Bounds: [812,814]
		q4122 [makespan: 813]
		Bounds: [812,813]
			nodes:      15154
			failures:   7411
			restarts:   0
			no-goods:   0
			peak depth: 80
			runtime:    1.006 (1007.000 ms)

	Found best solution and proved optimality.
