	Probing...
		Bounds: [615,4478]
		q4177 [makespan: 1047]
		q4177 [makespan: 916]
		q4177 [makespan: 886]
		q4177 [makespan: 864]
		q4177 [makespan: 842]
		q4177 [makespan: 836]
			nodes:      12393
			failures:   9
			peak depth: 566
			runtime:    0.306 (306.000 ms)

	Adjusting...
		Bounds: [615,836]
		Bounds: [726,836]
		q4177 [makespan: 781]
		Bounds: [726,781]
		Bounds: [754,781]
		Bounds: [768,781]
		Bounds: [775,781]
		Bounds: [779,781]
		q4177 [makespan: 779]
			nodes:      37651
			failures:   18745
			restarts:   1
			no-goods:   12
			peak depth: 91
			runtime:    2.686 (2686.000 ms)

	Found best solution and proved optimality.
