	Probing...
		Bounds: [619,4057]
		q4212 [makespan: 873]
		q4212 [makespan: 833]
		q4212 [makespan: 797]
		q4212 [makespan: 788]
			nodes:      12787
			failures:   3
			peak depth: 559
			runtime:    0.256 (256.000 ms)

	Adjusting...
		Bounds: [619,788]
		Bounds: [704,788]
		q4212 [makespan: 746]
		Bounds: [704,746]
		q4212 [makespan: 724]
		Bounds: [704,724]
		Bounds: [715,724]
		q4212 [makespan: 719]
		Bounds: [715,719]
		Bounds: [718,719]
			nodes:      5841
			failures:   2822
			restarts:   0
			no-goods:   0
			peak depth: 74
			runtime:    0.441 (441.000 ms)

	Found best solution and proved optimality.
