	Probing...
		Bounds: [676,4141]
		q4232 [makespan: 1153]
		q4232 [makespan: 899]
		q4232 [makespan: 879]
			nodes:      12505
			failures:   1
			peak depth: 562
			runtime:    0.232 (232.000 ms)

	Adjusting...
		Bounds: [676,879]
		Bounds: [778,879]
		q4232 [makespan: 827]
		Bounds: [778,827]
		q4232 [makespan: 800]
		Bounds: [778,800]
		Bounds: [790,800]
		Bounds: [796,800]
		Bounds: [799,800]
			nodes:      324
			failures:   92
			restarts:   0
			no-goods:   0
			peak depth: 84
			runtime:    0.017 (17.000 ms)

	Found best solution and proved optimality.
