	Probing...
		Bounds: [667,4363]
		q4249 [makespan: 1104]
		q4249 [makespan: 913]
			nodes:      12161
			failures:   3
			peak depth: 553
			runtime:    0.241 (241.000 ms)

	Adjusting...
		Bounds: [667,913]
		Bounds: [791,913]
		q4249 [makespan: 852]
		Bounds: [791,852]
		Bounds: [822,852]
		q4249 [makespan: 836]
		Bounds: [822,836]
		Bounds: [830,836]
		q4249 [makespan: 832]
		Bounds: [830,832]
		q4249 [makespan: 831]
		Bounds: [830,831]
		q4249 [makespan: 830]
			nodes:      10179
			failures:   4934
			restarts:   0
			no-goods:   0
			peak depth: 86
			runtime:    0.682 (682.000 ms)

	Found best solution and proved optimality.
