	Probing...
		Bounds: [520,3844]
		q4326 [makespan: 851]
		q4326 [makespan: 834]
		q4326 [makespan: 820]
		q4326 [makespan: 812]
			nodes:      11986
			failures:   9
			peak depth: 535
			runtime:    0.243 (243.000 ms)

	Adjusting...
		Bounds: [520,812]
		Bounds: [667,812]
		q4326 [makespan: 738]
		Bounds: [667,738]
		Bounds: [703,738]
		q4326 [makespan: 720]
		Bounds: [703,720]
		q4326 [makespan: 711]
		Bounds: [703,711]
		q4326 [makespan: 705]
		Bounds: [703,705]
			nodes:      4212
			failures:   1984
			restarts:   0
			no-goods:   0
			peak depth: 72
			runtime:    0.391 (391.000 ms)

	Found best solution and proved optimality.
