	Probing...
		Bounds: [572,3838]
		q4362 [makespan: 780]
		q4362 [makespan: 743]
		q4362 [makespan: 742]
		q4362 [makespan: 737]
		q4362 [makespan: 723]
			nodes:      12245
			failures:   3
			peak depth: 542
			runtime:    0.233 (233.000 ms)

	Adjusting...
		Bounds: [572,723]
		Bounds: [648,723]
		Bounds: [686,723]
		q4362 [makespan: 700]
		Bounds: [686,700]
		q4362 [makespan: 691]
		Bounds: [686,691]
		q4362 [makespan: 688]
		Bounds: [686,688]
		q4362 [makespan: 686]
			nodes:      3010
			failures:   1363
			restarts:   0
			no-goods:   0
			peak depth: 86
			runtime:    0.195 (195.000 ms)

	Found best solution and proved optimality.
