	Probing...
		Bounds: [614,4068]
		q4385 [makespan: 931]
		q4385 [makespan: 799]
			nodes:      12164
			failures:   0
			peak depth: 536
			runtime:    0.244 (244.000 ms)

	Adjusting...
		Bounds: [614,799]
		Bounds: [707,799]
		q4385 [makespan: 753]
		Bounds: [707,753]
		Bounds: [731,753]
		Bounds: [743,753]
		Bounds: [749,753]
		Bounds: [752,753]
			nodes:      27908
			failures:   13918
			restarts:   2
			no-goods:   12
			peak depth: 73
			runtime:    1.717 (1717.000 ms)

	Found best solution and proved optimality.
