	Probing...
		Bounds: [696,4528]
		q4404 [makespan: 1033]
		q4404 [makespan: 964]
		q4404 [makespan: 956]
		q4404 [makespan: 853]
			nodes:      12706
			failures:   5
			peak depth: 548
			runtime:    0.288 (288.000 ms)

	Adjusting...
		Bounds: [696,853]
		Bounds: [775,853]
		q4404 [makespan: 813]
		Bounds: [775,813]
		q4404 [makespan: 794]
		Bounds: [775,794]
		Bounds: [785,794]
		q4404 [makespan: 789]
		Bounds: [785,789]
		q4404 [makespan: 786]
		Bounds: [785,786]
		q4404 [makespan: 785]
			nodes:      487
			failures:   102
			restarts:   0
			no-goods:   0
			peak depth: 82
			runtime:    0.032 (32.000 ms)

	Found best solution and proved optimality.
