	Probing...
		Bounds: [655,3917]
		q4554 [makespan: 872]
		q4554 [makespan: 843]
		q4554 [makespan: 824]
			nodes:      12017
			failures:   9
			peak depth: 545
			runtime:    0.263 (263.000 ms)

	Adjusting...
		Bounds: [655,824]
		Bounds: [740,824]
		q4554 [makespan: 781]
		Bounds: [740,781]
		Bounds: [761,781]
		Bounds: [772,781]
		q4554 [makespan: 773]
		Bounds: [772,773]
			nodes:      184435
			failures:   92055
			restarts:   9
			no-goods:   187
			peak depth: 92
			runtime:    9.546 (9546.000 ms)

	Found best solution and proved optimality.
