	Probing...
		Bounds: [578,4196]
		q4714 [makespan: 1096]
		q4714 [makespan: 911]
		q4714 [makespan: 906]
		q4714 [makespan: 895]
		q4714 [makespan: 872]
		q4714 [makespan: 863]
		q4714 [makespan: 851]
		q4714 [makespan: 842]
			nodes:      12077
			failures:   13
			peak depth: 557
			runtime:    0.252 (252.000 ms)

	Adjusting...
		Bounds: [578,842]
		Bounds: [711,842]
		q4714 [makespan: 770]
		Bounds: [711,770]
		Bounds: [741,770]
		q4714 [makespan: 754]
		Bounds: [741,754]
		q4714 [makespan: 747]
		Bounds: [741,747]
		Bounds: [745,747]
			nodes:      20507
			failures:   10145
			restarts:   0
			no-goods:   0
			peak depth: 92
			runtime:    1.572 (1572.000 ms)

	Found best solution and proved optimality.
