	Probing...
		Bounds: [630,4102]
		q4736 [makespan: 1088]
		q4736 [makespan: 925]
		q4736 [makespan: 916]
		q4736 [makespan: 907]
		q4736 [makespan: 865]
			nodes:      31963
			failures:   10006
			peak depth: 544
			runtime:    0.910 (910.000 ms)

	Adjusting...
		Bounds: [630,865]
		Bounds: [748,865]
		q4736 [makespan: 806]
		Bounds: [748,806]
		q4736 [makespan: 777]
		Bounds: [748,777]
		q4736 [makespan: 754]
		Bounds: [748,754]
		Bounds: [752,754]
		q4736 [makespan: 752]
			nodes:      2119
			failures:   925
			restarts:   0
			no-goods:   0
			peak depth: 73
			runtime:    0.149 (149.000 ms)

	Found best solution and proved optimality.
