	Probing...
		Bounds: [641,4233]
		q4748 [makespan: 1128]
		q4748 [makespan: 921]
		q4748 [makespan: 824]
		q4748 [makespan: 823]
			nodes:      12113
			failures:   4
			peak depth: 523
			runtime:    0.229 (229.000 ms)

	Adjusting...
		Bounds: [641,823]
		Bounds: [733,823]
		q4748 [makespan: 778]
		Bounds: [733,778]
		Bounds: [756,778]
		q4748 [makespan: 767]
		Bounds: [756,767]
		q4748 [makespan: 760]
		Bounds: [756,760]
		Bounds: [759,760]
			nodes:      170
			failures:   8
			restarts:   0
			no-goods:   0
			peak depth: 61
			runtime:    0.006 (6.000 ms)

	Found best solution and proved optimality.
