	Probing...
		Bounds: [606,4188]
		q4788 [makespan: 972]
		q4788 [makespan: 950]
		q4788 [makespan: 914]
		q4788 [makespan: 891]
		q4788 [makespan: 882]
			nodes:      12544
			failures:   4
			peak depth: 540
			runtime:    0.245 (245.000 ms)

	Adjusting...
		Bounds: [606,882]
		Bounds: [745,882]
		q4788 [makespan: 813]
		Bounds: [745,813]
		Bounds: [780,813]
		q4788 [makespan: 795]
		Bounds: [780,795]
		Bounds: [788,795]
		q4788 [makespan: 790]
		Bounds: [788,790]
			nodes:      40468
			failures:   20121
			restarts:   3
			no-goods:   44
			peak depth: 72
			runtime:    2.512 (2512.000 ms)

	Found best solution and proved optimality.
