	Probing...
		Bounds: [605,4173]
		q4922 [makespan: 1023]
		q4922 [makespan: 767]
			nodes:      12162
			failures:   3
			peak depth: 524
			runtime:    0.267 (267.000 ms)

	Adjusting...
		Bounds: [605,767]
		Bounds: [687,767]
		q4922 [makespan: 724]
		Bounds: [687,724]
		q4922 [makespan: 702]
		Bounds: [687,702]
		Bounds: [695,702]
		Bounds: [699,702]
		Bounds: [701,702]
			nodes:      178
			failures:   17
			restarts:   0
			no-goods:   0
			peak depth: 80
			runtime:    0.010 (10.000 ms)

	Found best solution and proved optimality.
