	Probing...
		Bounds: [600,3987]
		q4999 [makespan: 878]
		q4999 [makespan: 843]
		q4999 [makespan: 834]
		q4999 [makespan: 811]
			nodes:      12276
			failures:   8
			peak depth: 549
			runtime:    0.315 (315.000 ms)

	Adjusting...
		Bounds: [600,811]
		Bounds: [706,811]
		q4999 [makespan: 757]
		Bounds: [706,757]
		q4999 [makespan: 730]
		Bounds: [706,730]
		Bounds: [719,730]
		q4999 [makespan: 724]
		Bounds: [719,724]
		Bounds: [722,724]
		q4999 [makespan: 722]
			nodes:      3328
			failures:   1539
			restarts:   0
			no-goods:   0
			peak depth: 75
			runtime:    0.255 (255.000 ms)

	Found best solution and proved optimality.
