	Probing...
		Bounds: [674,4670]
		q5050 [makespan: 1221]
		q5050 [makespan: 1012]
		q5050 [makespan: 978]
		q5050 [makespan: 948]
			nodes:      12484
			failures:   19
			peak depth: 570
			runtime:    0.332 (332.000 ms)

	Adjusting...
		Bounds: [674,948]
		Bounds: [812,948]
		q5050 [makespan: 879]
		Bounds: [812,879]
		Bounds: [846,879]
		q5050 [makespan: 861]
		Bounds: [846,861]
		q5050 [makespan: 853]
		Bounds: [846,853]
		q5050 [makespan: 847]
		Bounds: [846,847]
			nodes:      16165
			failures:   7944
			restarts:   0
			no-goods:   0
			peak depth: 85
			runtime:    1.190 (1190.000 ms)

	Found best solution and proved optimality.
