	Probing...
		Bounds: [584,3915]
		q5089 [makespan: 933]
		q5089 [makespan: 778]
		q5089 [makespan: 731]
			nodes:      12283
			failures:   4
			peak depth: 556
			runtime:    0.225 (225.000 ms)

	Adjusting...
		Bounds: [584,731]
		Bounds: [658,731]
		q5089 [makespan: 692]
		Bounds: [658,692]
		Bounds: [676,692]
		q5089 [makespan: 683]
		Bounds: [676,683]
		q5089 [makespan: 676]
			nodes:      6153
			failures:   2979
			restarts:   0
			no-goods:   0
			peak depth: 72
			runtime:    0.353 (353.000 ms)

	Found best solution and proved optimality.
