	Probing...
		Bounds: [553,3872]
		q5116 [makespan: 1005]
		q5116 [makespan: 821]
		q5116 [makespan: 777]
			nodes:      12394
			failures:   5
			peak depth: 536
			runtime:    0.291 (291.000 ms)

	Adjusting...
		Bounds: [553,777]
		Bounds: [666,777]
		q5116 [makespan: 720]
		Bounds: [666,720]
		Bounds: [694,720]
		Bounds: [708,720]
		q5116 [makespan: 711]
		Bounds: [708,711]
		Bounds: [710,711]
			nodes:      14528
			failures:   7200
			restarts:   0
			no-goods:   0
			peak depth: 79
			runtime:    1.106 (1106.000 ms)

	Found best solution and proved optimality.
