	Probing...
		Bounds: [539,3766]
		q5126 [makespan: 807]
		q5126 [makespan: 767]
		q5126 [makespan: 755]
		q5126 [makespan: 749]
			nodes:      12089
			failures:   5
			peak depth: 514
			runtime:    0.289 (289.000 ms)

	Adjusting...
		Bounds: [539,749]
		Bounds: [645,749]
		q5126 [makespan: 695]
		Bounds: [645,695]
		q5126 [makespan: 668]
		Bounds: [645,668]
		Bounds: [657,668]
		Bounds: [663,668]
		q5126 [makespan: 663]
			nodes:      6891
			failures:   3339
			restarts:   0
			no-goods:   0
			peak depth: 96
			runtime:    0.520 (520.000 ms)

	Found best solution and proved optimality.
