	Probing...
		Bounds: [643,4263]
		q5188 [makespan: 1034]
		q5188 [makespan: 969]
		q5188 [makespan: 909]
			nodes:      31964
			failures:   10008
			peak depth: 541
			runtime:    0.835 (835.000 ms)

	Adjusting...
		Bounds: [643,909]
		Bounds: [777,909]
		q5188 [makespan: 842]
		Bounds: [777,842]
		q5188 [makespan: 802]
		Bounds: [777,802]
		Bounds: [790,802]
		Bounds: [797,802]
		Bounds: [800,802]
			nodes:      41574
			failures:   20703
			restarts:   3
			no-goods:   22
			peak depth: 91
			runtime:    2.964 (2964.000 ms)

	Found best solution and proved optimality.
