	Probing...
		Bounds: [601,4128]
		q5212 [makespan: 930]
		q5212 [makespan: 864]
		q5212 [makespan: 812]
			nodes:      32267
			failures:   10008
			peak depth: 553
			runtime:    0.720 (720.000 ms)

	Adjusting...
		Bounds: [601,812]
		Bounds: [707,812]
		q5212 [makespan: 757]
		Bounds: [707,757]
		q5212 [makespan: 730]
		Bounds: [707,730]
		Bounds: [719,730]
		q5212 [makespan: 724]
		Bounds: [719,724]
		q5212 [makespan: 721]
		Bounds: [719,721]
			nodes:      1038
			failures:   394
			restarts:   0
			no-goods:   0
			peak depth: 77
			runtime:    0.069 (69.000 ms)

	Found best solution and proved optimality.
