	Probing...
		Bounds: [621,3860]
		q5269 [makespan: 910]
		q5269 [makespan: 855]
		q5269 [makespan: 834]
			nodes:      11998
			failures:   5
			peak depth: 568
			runtime:    0.256 (256.000 ms)

	Adjusting...
		Bounds: [621,834]
		Bounds: [728,834]
		q5269 [makespan: 780]
		Bounds: [728,780]
		q5269 [makespan: 752]
		Bounds: [728,752]
		q5269 [makespan: 740]
		Bounds: [728,740]
		q5269 [makespan: 731]
		Bounds: [728,731]
		Bounds: [730,731]
			nodes:      208390
			failures:   103962
			restarts:   11
			no-goods:   155
			peak depth: 95
			runtime:    14.619 (14619.000 ms)

	Found best solution and proved optimality.
