	Probing...
		Bounds: [606,3947]
		q5280 [makespan: 920]
		q5280 [makespan: 849]
		q5280 [makespan: 810]
		q5280 [makespan: 801]
			nodes:      31867
			failures:   10005
			peak depth: 560
			runtime:    0.834 (834.000 ms)

	Adjusting...
		Bounds: [606,801]
		Bounds: [704,801]
		q5280 [makespan: 752]
		Bounds: [704,752]
		q5280 [makespan: 726]
		Bounds: [704,726]
		Bounds: [716,726]
		Bounds: [722,726]
		q5280 [makespan: 723]
		Bounds: [722,723]
		q5280 [makespan: 722]
			nodes:      309
			failures:   30
			restarts:   0
			no-goods:   0
			peak depth: 74
			runtime:    0.014 (14.000 ms)

	Found best solution and proved optimality.
