	Probing...
		Bounds: [635,3986]
		q5286 [makespan: 937]
		q5286 [makespan: 910]
		q5286 [makespan: 905]
		q5286 [makespan: 874]
		q5286 [makespan: 859]
		q5286 [makespan: 829]
			nodes:      12229
			failures:   5
			peak depth: 543
			runtime:    0.260 (260.000 ms)

	Adjusting...
		Bounds: [635,829]
		Bounds: [733,829]
		q5286 [makespan: 779]
		Bounds: [733,779]
		q5286 [makespan: 756]
		Bounds: [733,756]
		q5286 [makespan: 744]
		Bounds: [733,744]
		Bounds: [739,744]
		q5286 [makespan: 740]
		Bounds: [739,740]
		q5286 [makespan: 739]
			nodes:      7590
			failures:   3594
			restarts:   0
			no-goods:   0
			peak depth: 100
			runtime:    0.509 (509.000 ms)

	Found best solution and proved optimality.
