	Probing...
		Bounds: [572,3918]
		q5308 [makespan: 944]
		q5308 [makespan: 807]
		q5308 [makespan: 803]
		q5308 [makespan: 790]
			nodes:      12264
			failures:   2
			peak depth: 563
			runtime:    0.235 (235.000 ms)

	Adjusting...
		Bounds: [572,790]
		Bounds: [682,790]
		q5308 [makespan: 736]
		Bounds: [682,736]
		Bounds: [710,736]
		q5308 [makespan: 722]
		Bounds: [710,722]
		Bounds: [717,722]
		q5308 [makespan: 718]
		Bounds: [717,718]
			nodes:      16001
			failures:   7893
			restarts:   0
			no-goods:   0
			peak depth: 92
			runtime:    1.103 (1103.000 ms)

	Found best solution and proved optimality.
