	Probing...
		Bounds: [595,4163]
		q5317 [makespan: 843]
		q5317 [makespan: 841]
		q5317 [makespan: 836]
			nodes:      12254
			failures:   5
			peak depth: 534
			runtime:    0.223 (223.000 ms)

	Adjusting...
		Bounds: [595,836]
		Bounds: [716,836]
		q5317 [makespan: 774]
		Bounds: [716,774]
		Bounds: [746,774]
		q5317 [makespan: 754]
		Bounds: [746,754]
		q5317 [makespan: 750]
		Bounds: [746,750]
		Bounds: [749,750]
			nodes:      736
			failures:   275
			restarts:   0
			no-goods:   0
			peak depth: 83
			runtime:    0.055 (55.000 ms)

	Found best solution and proved optimality.
