	Probing...
		Bounds: [610,3950]
		q5347 [makespan: 901]
		q5347 [makespan: 894]
		q5347 [makespan: 851]
		q5347 [makespan: 818]
		q5347 [makespan: 770]
			nodes:      32070
			failures:   10005
			peak depth: 544
			runtime:    0.785 (785.000 ms)

	Adjusting...
		Bounds: [610,770]
		Bounds: [691,770]
		q5347 [makespan: 730]
		Bounds: [691,730]
		Bounds: [711,730]
		Bounds: [721,730]
		q5347 [makespan: 725]
		Bounds: [721,725]
		q5347 [makespan: 723]
		Bounds: [721,723]
			nodes:      2844
			failures:   1330
			restarts:   0
			no-goods:   0
			peak depth: 71
			runtime:    0.241 (241.000 ms)

	Found best solution and proved optimality.
