	Probing...
		Bounds: [591,4045]
		q5379 [makespan: 860]
		q5379 [makespan: 815]
		q5379 [makespan: 813]
		q5379 [makespan: 761]
			nodes:      12359
			failures:   3
			peak depth: 552
			runtime:    0.222 (222.000 ms)

	Adjusting...
		Bounds: [591,761]
		q5379 [makespan: 676]
		Bounds: [591,676]
		Bounds: [634,676]
		Bounds: [656,676]
		Bounds: [667,676]
		Bounds: [672,676]
		q5379 [makespan: 672]
			nodes:      1270
			failures:   568
			restarts:   0
			no-goods:   0
			peak depth: 85
			runtime:    0.116 (116.000 ms)

	Found best solution and proved optimality.
