	Probing...
		Bounds: [608,3837]
		q5464 [makespan: 887]
		q5464 [makespan: 791]
		q5464 [makespan: 782]
			nodes:      12562
			failures:   7
			peak depth: 588
			runtime:    0.238 (238.000 ms)

	Adjusting...
		Bounds: [608,782]
		q5464 [makespan: 692]
		Bounds: [608,692]
		Bounds: [651,692]
		Bounds: [672,692]
		Bounds: [683,692]
		q5464 [makespan: 685]
		Bounds: [683,685]
			nodes:      3611
			failures:   1747
			restarts:   0
			no-goods:   0
			peak depth: 68
			runtime:    0.215 (215.000 ms)

	Found best solution and proved optimality.
