	Probing...
		Bounds: [603,3482]
		q5485 [makespan: 953]
		q5485 [makespan: 847]
		q5485 [makespan: 846]
		q5485 [makespan: 819]
			nodes:      12252
			failures:   9
			peak depth: 542
			runtime:    0.219 (219.000 ms)

	Adjusting...
		Bounds: [603,819]
		Bounds: [712,819]
			nodes:      319390
			failures:   159584
			restarts:   8
			no-goods:   142
			peak depth: 100
			runtime:    15.001 (15001.000 ms)
				stopped due to time-out...

	Solving...
		q5485 [makespan: 817]
		q5485 [makespan: 816]
		q5485 [makespan: 815]
		q5485 [makespan: 813]
		q5485 [makespan: 810]
		q5485 [makespan: 809]
		q5485 [makespan: 808]
		q5485 [makespan: 807]
		q5485 [makespan: 804]
		q5485 [makespan: 801]
		q5485 [makespan: 800]
		q5485 [makespan: 796]
		q5485 [makespan: 794]
		q5485 [makespan: 793]
		q5485 [makespan: 792]
		q5485 [makespan: 779]
		q5485 [makespan: 777]
		q5485 [makespan: 775]
		q5485 [makespan: 773]
		q5485 [makespan: 772]
		q5485 [makespan: 769]
		q5485 [makespan: 768]
		q5485 [makespan: 766]
			nodes:      2937723
			failures:   1467642
			restarts:   40
			no-goods:   496
			peak depth: 112
			runtime:    2:20.068 (140068.000 ms)

	Found best solution and proved optimality.
