	Probing...
		Bounds: [564,4200]
		q5515 [makespan: 1054]
		q5515 [makespan: 827]
		q5515 [makespan: 811]
			nodes:      12196
			failures:   7
			peak depth: 521
			runtime:    0.231 (231.000 ms)

	Adjusting...
		Bounds: [564,811]
		Bounds: [688,811]
		q5515 [makespan: 748]
		Bounds: [688,748]
		Bounds: [719,748]
		q5515 [makespan: 729]
		Bounds: [719,729]
		Bounds: [725,729]
		q5515 [makespan: 726]
		Bounds: [725,726]
		q5515 [makespan: 725]
			nodes:      4024
			failures:   1890
			restarts:   0
			no-goods:   0
			peak depth: 80
			runtime:    0.298 (298.000 ms)

	Found best solution and proved optimality.
