	Probing...
		Bounds: [593,4136]
		q5594 [makespan: 897]
		q5594 [makespan: 842]
		q5594 [makespan: 831]
		q5594 [makespan: 824]
		q5594 [makespan: 796]
			nodes:      12112
			failures:   15
			peak depth: 540
			runtime:    0.228 (228.000 ms)

	Adjusting...
		Bounds: [593,796]
		Bounds: [695,796]
		q5594 [makespan: 743]
		Bounds: [695,743]
		Bounds: [720,743]
		Bounds: [732,743]
		Bounds: [738,743]
		q5594 [makespan: 740]
		Bounds: [738,740]
			nodes:      8481
			failures:   4176
			restarts:   0
			no-goods:   0
			peak depth: 75
			runtime:    0.574 (574.000 ms)

	Found best solution and proved optimality.
