	Probing...
		Bounds: [524,3694]
		q5600 [makespan: 743]
		q5600 [makespan: 682]
			nodes:      12320
			failures:   1
			peak depth: 525
			runtime:    0.224 (224.000 ms)

	Adjusting...
		Bounds: [524,682]
		Bounds: [604,682]
		Bounds: [644,682]
		q5600 [makespan: 661]
		Bounds: [644,661]
		q5600 [makespan: 651]
		Bounds: [644,651]
		Bounds: [648,651]
		Bounds: [650,651]
			nodes:      5510
			failures:   2682
			restarts:   0
			no-goods:   0
			peak depth: 86
			runtime:    0.366 (366.000 ms)

	Found best solution and proved optimality.
