	Probing...
		Bounds: [630,4175]
		q5682 [makespan: 1130]
		q5682 [makespan: 995]
		q5682 [makespan: 969]
		q5682 [makespan: 959]
		q5682 [makespan: 942]
		q5682 [makespan: 937]
		q5682 [makespan: 926]
			nodes:      12219
			failures:   19
			peak depth: 532
			runtime:    0.237 (237.000 ms)

	Adjusting...
		Bounds: [630,926]
		Bounds: [779,926]
		q5682 [makespan: 848]
		Bounds: [779,848]
		q5682 [makespan: 813]
		Bounds: [779,813]
		Bounds: [797,813]
		Bounds: [806,813]
		q5682 [makespan: 809]
		Bounds: [806,809]
		Bounds: [808,809]
		q5682 [makespan: 808]
			nodes:      106206
			failures:   52915
			restarts:   6
			no-goods:   106
			peak depth: 81
			runtime:    7.274 (7274.000 ms)

	Found best solution and proved optimality.
