	Probing...
		Bounds: [541,3571]
		q5685 [makespan: 1055]
		q5685 [makespan: 779]
		q5685 [makespan: 744]
			nodes:      11881
			failures:   14
			peak depth: 529
			runtime:    0.239 (239.000 ms)

	Adjusting...
		Bounds: [541,744]
		Bounds: [643,744]
		q5685 [makespan: 690]
		Bounds: [643,690]
		q5685 [makespan: 665]
		Bounds: [643,665]
		q5685 [makespan: 651]
		Bounds: [643,651]
		q5685 [makespan: 647]
		Bounds: [643,647]
		Bounds: [646,647]
		q5685 [makespan: 646]
			nodes:      86627
			failures:   43111
			restarts:   5
			no-goods:   98
			peak depth: 89
			runtime:    6.822 (6822.000 ms)

	Found best solution and proved optimality.
