	Probing...
		Bounds: [686,4524]
		q5703 [makespan: 1226]
		q5703 [makespan: 952]
		q5703 [makespan: 905]
			nodes:      32181
			failures:   10010
			peak depth: 542
			runtime:    0.914 (914.000 ms)

	Adjusting...
		Bounds: [686,905]
		Bounds: [796,905]
		q5703 [makespan: 849]
		Bounds: [796,849]
		Bounds: [823,849]
		q5703 [makespan: 834]
		Bounds: [823,834]
		Bounds: [829,834]
		q5703 [makespan: 830]
		Bounds: [829,830]
			nodes:      9157
			failures:   4466
			restarts:   0
			no-goods:   0
			peak depth: 95
			runtime:    0.688 (688.000 ms)

	Found best solution and proved optimality.
