	Probing...
		Bounds: [557,4135]
		q5768 [makespan: 1089]
		q5768 [makespan: 802]
		q5768 [makespan: 788]
			nodes:      12373
			failures:   3
			peak depth: 538
			runtime:    0.283 (283.000 ms)

	Adjusting...
		Bounds: [557,788]
		Bounds: [673,788]
		q5768 [makespan: 729]
		Bounds: [673,729]
		q5768 [makespan: 700]
		Bounds: [673,700]
		q5768 [makespan: 686]
		Bounds: [673,686]
		q5768 [makespan: 678]
		Bounds: [673,678]
		q5768 [makespan: 674]
		Bounds: [673,674]
			nodes:      2140
			failures:   920
			restarts:   0
			no-goods:   0
			peak depth: 77
			runtime:    0.132 (132.000 ms)

	Found best solution and proved optimality.
