	Probing...
		Bounds: [621,4237]
		q5761 [makespan: 1190]
		q5761 [makespan: 914]
		q5761 [makespan: 870]
			nodes:      12383
			failures:   4
			peak depth: 572
			runtime:    0.281 (281.000 ms)

	Adjusting...
		Bounds: [621,870]
		Bounds: [746,870]
		q5761 [makespan: 806]
		Bounds: [746,806]
		Bounds: [777,806]
		q5761 [makespan: 789]
		Bounds: [777,789]
		Bounds: [784,789]
		Bounds: [787,789]
			nodes:      147
			failures:   15
			restarts:   0
			no-goods:   0
			peak depth: 66
			runtime:    0.009 (9.000 ms)

	Found best solution and proved optimality.
