	Probing...
		Bounds: [603,4172]
		q5780 [makespan: 842]
		q5780 [makespan: 812]
		q5780 [makespan: 792]
		q5780 [makespan: 772]
			nodes:      12401
			failures:   3
			peak depth: 543
			runtime:    0.245 (245.000 ms)

	Adjusting...
		Bounds: [603,772]
		Bounds: [688,772]
		Bounds: [731,772]
		q5780 [makespan: 751]
		Bounds: [731,751]
		q5780 [makespan: 741]
		Bounds: [731,741]
		Bounds: [737,741]
		q5780 [makespan: 739]
		Bounds: [737,739]
		q5780 [makespan: 738]
		Bounds: [737,738]
		q5780 [makespan: 737]
			nodes:      5217
			failures:   2462
			restarts:   0
			no-goods:   0
			peak depth: 68
			runtime:    0.421 (421.000 ms)

	Found best solution and proved optimality.
