	Probing...
		Bounds: [584,3911]
		q5808 [makespan: 809]
		q5808 [makespan: 763]
		q5808 [makespan: 756]
			nodes:      12414
			failures:   2
			peak depth: 538
			runtime:    0.339 (339.000 ms)

	Adjusting...
		Bounds: [584,756]
		Bounds: [671,756]
		q5808 [makespan: 713]
		Bounds: [671,713]
		Bounds: [693,713]
		q5808 [makespan: 703]
		Bounds: [693,703]
		q5808 [makespan: 698]
		Bounds: [693,698]
		q5808 [makespan: 694]
		Bounds: [693,694]
		q5808 [makespan: 693]
			nodes:      2351
			failures:   1025
			restarts:   0
			no-goods:   0
			peak depth: 76
			runtime:    0.133 (133.000 ms)

	Found best solution and proved optimality.
