	Probing...
		Bounds: [603,4258]
		q5803 [makespan: 1035]
		q5803 [makespan: 891]
		q5803 [makespan: 840]
			nodes:      12291
			failures:   7
			peak depth: 529
			runtime:    0.224 (224.000 ms)

	Adjusting...
		Bounds: [603,840]
		Bounds: [722,840]
		q5803 [makespan: 778]
		Bounds: [722,778]
		Bounds: [751,778]
		q5803 [makespan: 763]
		Bounds: [751,763]
		Bounds: [758,763]
		q5803 [makespan: 760]
		Bounds: [758,760]
			nodes:      8701
			failures:   4269
			restarts:   0
			no-goods:   0
			peak depth: 69
			runtime:    0.697 (697.000 ms)

	Found best solution and proved optimality.
