	Probing...
		Bounds: [623,3888]
		q5824 [makespan: 963]
		q5824 [makespan: 928]
		q5824 [makespan: 871]
		q5824 [makespan: 862]
		q5824 [makespan: 822]
			nodes:      12245
			failures:   3
			peak depth: 535
			runtime:    0.255 (255.000 ms)

	Adjusting...
		Bounds: [623,822]
		Bounds: [723,822]
		q5824 [makespan: 770]
		Bounds: [723,770]
		Bounds: [747,770]
		q5824 [makespan: 758]
		Bounds: [747,758]
		Bounds: [753,758]
		Bounds: [756,758]
		q5824 [makespan: 757]
		Bounds: [756,757]
			nodes:      5533
			failures:   2666
			restarts:   0
			no-goods:   0
			peak depth: 85
			runtime:    0.348 (348.000 ms)

	Found best solution and proved optimality.
