	Probing...
		Bounds: [641,4380]
		q5964 [makespan: 934]
		q5964 [makespan: 867]
			nodes:      12595
			failures:   4
			peak depth: 548
			runtime:    0.260 (260.000 ms)

	Adjusting...
		Bounds: [641,867]
		Bounds: [755,867]
		q5964 [makespan: 811]
		Bounds: [755,811]
		Bounds: [784,811]
		Bounds: [798,811]
		q5964 [makespan: 802]
		Bounds: [798,802]
		q5964 [makespan: 799]
		Bounds: [798,799]
			nodes:      244487
			failures:   122026
			restarts:   12
			no-goods:   186
			peak depth: 82
			runtime:    15.001 (15001.000 ms)
				stopped due to time-out...

	Solving...
			nodes:      71037
			failures:   35489
			restarts:   4
			no-goods:   59
			peak depth: 60
			runtime:    4.294 (4294.000 ms)

	Found best solution and proved optimality.
