	Probing...
		Bounds: [641,4380]
		q5964 [makespan: 934]
		q5964 [makespan: 867]
			nodes:      12595
			failures:   4
			peak depth: 548
			runtime:    0.326 (326.000 ms)

	Adjusting...
		Bounds: [641,867]
		Bounds: [755,867]
		q5964 [makespan: 809]
		Bounds: [755,809]
		Bounds: [783,809]
		Bounds: [797,809]
		q5964 [makespan: 802]
		Bounds: [797,802]
		q5964 [makespan: 799]
		Bounds: [797,799]
			nodes:      179545
			failures:   89588
			restarts:   11
			no-goods:   225
			peak depth: 82
			runtime:    11.554 (11554.000 ms)

	Found best solution and proved optimality.
