	Probing...
		Bounds: [568,3860]
		q5970 [makespan: 875]
		q5970 [makespan: 687]
			nodes:      12038
			failures:   4
			peak depth: 510
			runtime:    0.247 (247.000 ms)

	Adjusting...
		Bounds: [568,687]
		Bounds: [628,687]
		q5970 [makespan: 651]
		Bounds: [628,651]
		Bounds: [640,651]
		Bounds: [646,651]
		q5970 [makespan: 647]
		Bounds: [646,647]
			nodes:      2555
			failures:   1220
			restarts:   0
			no-goods:   0
			peak depth: 72
			runtime:    0.233 (233.000 ms)

	Found best solution and proved optimality.
