	Probing...
		Bounds: [631,3620]
		q6000 [makespan: 906]
		q6000 [makespan: 775]
		q6000 [makespan: 762]
			nodes:      12298
			failures:   5
			peak depth: 537
			runtime:    0.235 (235.000 ms)

	Adjusting...
		Bounds: [631,762]
		q6000 [makespan: 694]
		Bounds: [631,694]
		Bounds: [663,694]
		Bounds: [679,694]
		q6000 [makespan: 686]
		Bounds: [679,686]
		Bounds: [683,686]
		Bounds: [685,686]
			nodes:      3170
			failures:   1511
			restarts:   0
			no-goods:   0
			peak depth: 87
			runtime:    0.290 (290.000 ms)

	Found best solution and proved optimality.
