	Probing...
		Bounds: [644,4499]
		q6079 [makespan: 1197]
		q6079 [makespan: 1095]
		q6079 [makespan: 1093]
		q6079 [makespan: 1075]
		q6079 [makespan: 1063]
		q6079 [makespan: 962]
			nodes:      12122
			failures:   15
			peak depth: 542
			runtime:    0.264 (264.000 ms)

	Adjusting...
		Bounds: [644,962]
		Bounds: [804,962]
			nodes:      231283
			failures:   115532
			restarts:   7
			no-goods:   190
			peak depth: 90
			runtime:    15.001 (15001.000 ms)
				stopped due to time-out...

	Solving...
		q6079 [makespan: 960]
		q6079 [makespan: 957]
		q6079 [makespan: 956]
		q6079 [makespan: 955]
		q6079 [makespan: 952]
		q6079 [makespan: 947]
		q6079 [makespan: 946]
		q6079 [makespan: 943]
		q6079 [makespan: 942]
		q6079 [makespan: 938]
		q6079 [makespan: 937]
		q6079 [makespan: 933]
		q6079 [makespan: 931]
		q6079 [makespan: 920]
		q6079 [makespan: 918]
		q6079 [makespan: 914]
		q6079 [makespan: 912]
		q6079 [makespan: 911]
		q6079 [makespan: 910]
		q6079 [makespan: 909]
		q6079 [makespan: 907]
		q6079 [makespan: 904]
		q6079 [makespan: 903]
		q6079 [makespan: 900]
		q6079 [makespan: 896]
		q6079 [makespan: 895]
		q6079 [makespan: 894]
		q6079 [makespan: 888]
			nodes:      1983975
			failures:   990695
			restarts:   42
			no-goods:   479
			peak depth: 92
			runtime:    2:00.435 (120435.000 ms)

	Found best solution and proved optimality.
