	Probing...
		Bounds: [530,3571]
		q6072 [makespan: 845]
		q6072 [makespan: 704]
			nodes:      31851
			failures:   10013
			peak depth: 537
			runtime:    1.240 (1240.000 ms)

	Adjusting...
		Bounds: [530,704]
		Bounds: [618,704]
		q6072 [makespan: 661]
		Bounds: [618,661]
		q6072 [makespan: 639]
		Bounds: [618,639]
		Bounds: [629,639]
		q6072 [makespan: 634]
		Bounds: [629,634]
		Bounds: [632,634]
			nodes:      7153
			failures:   3477
			restarts:   0
			no-goods:   0
			peak depth: 78
			runtime:    0.445 (445.000 ms)

	Found best solution and proved optimality.
