	Probing...
		Bounds: [643,4213]
		q6087 [makespan: 875]
		q6087 [makespan: 835]
		q6087 [makespan: 833]
		q6087 [makespan: 814]
			nodes:      12121
			failures:   8
			peak depth: 527
			runtime:    0.222 (222.000 ms)

	Adjusting...
		Bounds: [643,814]
		Bounds: [729,814]
		q6087 [makespan: 767]
		Bounds: [729,767]
		q6087 [makespan: 745]
		Bounds: [729,745]
		Bounds: [738,745]
		Bounds: [742,745]
		Bounds: [744,745]
			nodes:      3505
			failures:   1692
			restarts:   0
			no-goods:   0
			peak depth: 83
			runtime:    0.242 (242.000 ms)

	Found best solution and proved optimality.
