	Probing...
		Bounds: [652,4278]
		q6128 [makespan: 963]
		q6128 [makespan: 908]
		q6128 [makespan: 839]
			nodes:      12430
			failures:   4
			peak depth: 555
			runtime:    0.245 (245.000 ms)

	Adjusting...
		Bounds: [652,839]
		Bounds: [746,839]
		q6128 [makespan: 790]
		Bounds: [746,790]
		Bounds: [769,790]
		q6128 [makespan: 776]
		Bounds: [769,776]
		Bounds: [773,776]
		Bounds: [775,776]
			nodes:      66299
			failures:   33058
			restarts:   3
			no-goods:   53
			peak depth: 74
			runtime:    4.435 (4435.000 ms)

	Found best solution and proved optimality.
