	Probing...
		Bounds: [600,4014]
		q6130 [makespan: 866]
		q6130 [makespan: 860]
		q6130 [makespan: 829]
		q6130 [makespan: 824]
		q6130 [makespan: 810]
		q6130 [makespan: 797]
			nodes:      11897
			failures:   5
			peak depth: 533
			runtime:    0.273 (273.000 ms)

	Adjusting...
		Bounds: [600,797]
		Bounds: [699,797]
		q6130 [makespan: 748]
		Bounds: [699,748]
		Bounds: [724,748]
		q6130 [makespan: 736]
		Bounds: [724,736]
		Bounds: [731,736]
		Bounds: [734,736]
			nodes:      2067
			failures:   964
			restarts:   0
			no-goods:   0
			peak depth: 87
			runtime:    0.127 (127.000 ms)

	Found best solution and proved optimality.
