	Probing...
		Bounds: [614,3649]
		q6158 [makespan: 791]
		q6158 [makespan: 728]
		q6158 [makespan: 708]
		q6158 [makespan: 687]
			nodes:      12304
			failures:   1
			peak depth: 530
			runtime:    0.233 (233.000 ms)

	Adjusting...
		Bounds: [614,687]
		q6158 [makespan: 650]
		Bounds: [614,650]
		q6158 [makespan: 632]
		Bounds: [614,632]
		Bounds: [624,632]
		Bounds: [629,632]
		Bounds: [631,632]
			nodes:      119
			failures:   6
			restarts:   0
			no-goods:   0
			peak depth: 60
			runtime:    0.004 (4.000 ms)

	Found best solution and proved optimality.
