	Probing...
		Bounds: [530,3922]
		q6253 [makespan: 864]
		q6253 [makespan: 852]
		q6253 [makespan: 805]
		q6253 [makespan: 772]
			nodes:      12138
			failures:   6
			peak depth: 536
			runtime:    0.230 (230.000 ms)

	Adjusting...
		Bounds: [530,772]
		Bounds: [652,772]
		Bounds: [713,772]
		q6253 [makespan: 742]
		Bounds: [713,742]
		q6253 [makespan: 727]
		Bounds: [713,727]
		Bounds: [721,727]
		q6253 [makespan: 723]
		Bounds: [721,723]
		q6253 [makespan: 722]
		Bounds: [721,722]
			nodes:      7464
			failures:   3600
			restarts:   0
			no-goods:   0
			peak depth: 94
			runtime:    0.514 (514.000 ms)

	Found best solution and proved optimality.
