	Probing...
		Bounds: [648,4050]
		q6286 [makespan: 1112]
		q6286 [makespan: 917]
		q6286 [makespan: 871]
		q6286 [makespan: 850]
		q6286 [makespan: 841]
		q6286 [makespan: 805]
			nodes:      12144
			failures:   0
			peak depth: 551
			runtime:    0.231 (231.000 ms)

	Adjusting...
		Bounds: [648,805]
		Bounds: [727,805]
		q6286 [makespan: 762]
		Bounds: [727,762]
		q6286 [makespan: 741]
		Bounds: [727,741]
		Bounds: [735,741]
		Bounds: [739,741]
		q6286 [makespan: 739]
			nodes:      15912
			failures:   7845
			restarts:   0
			no-goods:   0
			peak depth: 95
			runtime:    1.082 (1082.000 ms)

	Found best solution and proved optimality.
