	Probing...
		Bounds: [608,4048]
		q6310 [makespan: 1268]
		q6310 [makespan: 809]
		q6310 [makespan: 782]
			nodes:      12337
			failures:   2
			peak depth: 535
			runtime:    0.268 (268.000 ms)

	Adjusting...
		Bounds: [608,782]
		Bounds: [696,782]
		q6310 [makespan: 739]
		Bounds: [696,739]
		Bounds: [718,739]
		Bounds: [729,739]
		Bounds: [735,739]
		q6310 [makespan: 737]
		Bounds: [735,737]
		q6310 [makespan: 736]
		Bounds: [735,736]
		q6310 [makespan: 735]
			nodes:      4075
			failures:   1914
			restarts:   0
			no-goods:   0
			peak depth: 71
			runtime:    0.305 (305.000 ms)

	Found best solution and proved optimality.
