	Probing...
		Bounds: [578,4024]
		q6385 [makespan: 1270]
		q6385 [makespan: 819]
		q6385 [makespan: 805]
		q6385 [makespan: 804]
		q6385 [makespan: 796]
			nodes:      12311
			failures:   6
			peak depth: 526
			runtime:    0.268 (268.000 ms)

	Adjusting...
		Bounds: [578,796]
		Bounds: [688,796]
		q6385 [makespan: 742]
		Bounds: [688,742]
		q6385 [makespan: 715]
		Bounds: [688,715]
		Bounds: [702,715]
		Bounds: [709,715]
		Bounds: [713,715]
		q6385 [makespan: 714]
		Bounds: [713,714]
			nodes:      2529
			failures:   1174
			restarts:   0
			no-goods:   0
			peak depth: 77
			runtime:    0.217 (217.000 ms)

	Found best solution and proved optimality.
