	Probing...
		Bounds: [560,3903]
		q6500 [makespan: 977]
		q6500 [makespan: 794]
		q6500 [makespan: 787]
			nodes:      12342
			failures:   8
			peak depth: 561
			runtime:    0.241 (241.000 ms)

	Adjusting...
		Bounds: [560,787]
		Bounds: [674,787]
		q6500 [makespan: 728]
		Bounds: [674,728]
		Bounds: [702,728]
		Bounds: [716,728]
		Bounds: [723,728]
		q6500 [makespan: 725]
		Bounds: [723,725]
		q6500 [makespan: 723]
			nodes:      19486
			failures:   9648
			restarts:   0
			no-goods:   0
			peak depth: 86
			runtime:    1.391 (1391.000 ms)

	Found best solution and proved optimality.
