	Probing...
		Bounds: [634,4073]
		q6660 [makespan: 1165]
		q6660 [makespan: 909]
		q6660 [makespan: 903]
		q6660 [makespan: 893]
		q6660 [makespan: 879]
		q6660 [makespan: 877]
		q6660 [makespan: 841]
		q6660 [makespan: 833]
			nodes:      12156
			failures:   10
			peak depth: 540
			runtime:    0.232 (232.000 ms)

	Adjusting...
		Bounds: [634,833]
		Bounds: [734,833]
		q6660 [makespan: 783]
		Bounds: [734,783]
		q6660 [makespan: 758]
		Bounds: [734,758]
		Bounds: [747,758]
		Bounds: [753,758]
		Bounds: [756,758]
		q6660 [makespan: 757]
		Bounds: [756,757]
			nodes:      2226
			failures:   1039
			restarts:   0
			no-goods:   0
			peak depth: 62
			runtime:    0.135 (135.000 ms)

	Found best solution and proved optimality.
