	Probing...
		Bounds: [737,3876]
		q6754 [makespan: 961]
		q6754 [makespan: 862]
		q6754 [makespan: 835]
			nodes:      12199
			failures:   2
			peak depth: 528
			runtime:    0.251 (251.000 ms)

	Adjusting...
		Bounds: [737,835]
		Bounds: [787,835]
		q6754 [makespan: 811]
		Bounds: [787,811]
		q6754 [makespan: 799]
		Bounds: [787,799]
		q6754 [makespan: 793]
		Bounds: [787,793]
		Bounds: [791,793]
		q6754 [makespan: 791]
			nodes:      333
			failures:   12
			restarts:   0
			no-goods:   0
			peak depth: 97
			runtime:    0.011 (11.000 ms)

	Found best solution and proved optimality.
