	Probing...
		Bounds: [625,4194]
		q6771 [makespan: 1032]
		q6771 [makespan: 989]
		q6771 [makespan: 935]
		q6771 [makespan: 931]
		q6771 [makespan: 908]
			nodes:      12338
			failures:   3
			peak depth: 530
			runtime:    0.226 (226.000 ms)

	Adjusting...
		Bounds: [625,908]
		Bounds: [767,908]
		q6771 [makespan: 837]
		Bounds: [767,837]
		q6771 [makespan: 801]
		Bounds: [767,801]
		Bounds: [785,801]
		Bounds: [794,801]
		q6771 [makespan: 794]
			nodes:      5847
			failures:   2827
			restarts:   0
			no-goods:   0
			peak depth: 75
			runtime:    0.440 (440.000 ms)

	Found best solution and proved optimality.
