	Probing...
		Bounds: [644,3960]
		q6782 [makespan: 985]
		q6782 [makespan: 899]
		q6782 [makespan: 896]
		q6782 [makespan: 858]
			nodes:      12280
			failures:   6
			peak depth: 567
			runtime:    0.223 (223.000 ms)

	Adjusting...
		Bounds: [644,858]
		Bounds: [752,858]
		q6782 [makespan: 800]
		Bounds: [752,800]
		Bounds: [777,800]
		Bounds: [789,800]
		q6782 [makespan: 794]
		Bounds: [789,794]
		Bounds: [792,794]
		q6782 [makespan: 792]
			nodes:      134091
			failures:   66880
			restarts:   8
			no-goods:   110
			peak depth: 83
			runtime:    7.579 (7579.000 ms)

	Found best solution and proved optimality.
