	Probing...
		Bounds: [633,4186]
		q6815 [makespan: 951]
		q6815 [makespan: 803]
		q6815 [makespan: 784]
		q6815 [makespan: 772]
		q6815 [makespan: 725]
			nodes:      12243
			failures:   4
			peak depth: 538
			runtime:    0.227 (227.000 ms)

	Adjusting...
		Bounds: [633,725]
		Bounds: [680,725]
		q6815 [makespan: 702]
		Bounds: [680,702]
		q6815 [makespan: 690]
		Bounds: [680,690]
		Bounds: [686,690]
		q6815 [makespan: 686]
			nodes:      269
			failures:   45
			restarts:   0
			no-goods:   0
			peak depth: 72
			runtime:    0.012 (12.000 ms)

	Found best solution and proved optimality.
