	Probing...
		Bounds: [585,3776]
		q6863 [makespan: 835]
		q6863 [makespan: 711]
		q6863 [makespan: 689]
			nodes:      12090
			failures:   2
			peak depth: 527
			runtime:    0.267 (267.000 ms)

	Adjusting...
		Bounds: [585,689]
		Bounds: [638,689]
		q6863 [makespan: 661]
		Bounds: [638,661]
		Bounds: [650,661]
		q6863 [makespan: 653]
		Bounds: [650,653]
		Bounds: [652,653]
			nodes:      790
			failures:   329
			restarts:   0
			no-goods:   0
			peak depth: 77
			runtime:    0.054 (54.000 ms)

	Found best solution and proved optimality.
