	Probing...
		Bounds: [571,4171]
		q6885 [makespan: 1071]
		q6885 [makespan: 902]
		q6885 [makespan: 900]
		q6885 [makespan: 879]
			nodes:      31866
			failures:   10015
			peak depth: 528
			runtime:    0.795 (795.000 ms)

	Adjusting...
		Bounds: [571,879]
		Bounds: [726,879]
		q6885 [makespan: 802]
		Bounds: [726,802]
		Bounds: [765,802]
		q6885 [makespan: 779]
		Bounds: [765,779]
		Bounds: [773,779]
		q6885 [makespan: 775]
		Bounds: [773,775]
		q6885 [makespan: 774]
		Bounds: [773,774]
			nodes:      3958
			failures:   1845
			restarts:   0
			no-goods:   0
			peak depth: 83
			runtime:    0.271 (271.000 ms)

	Found best solution and proved optimality.
