	Probing...
		Bounds: [629,4212]
		q6914 [makespan: 1092]
		q6914 [makespan: 979]
		q6914 [makespan: 925]
			nodes:      12337
			failures:   7
			peak depth: 540
			runtime:    0.222 (222.000 ms)

	Adjusting...
		Bounds: [629,925]
		Bounds: [778,925]
		q6914 [makespan: 849]
		Bounds: [778,849]
		Bounds: [814,849]
		q6914 [makespan: 831]
		Bounds: [814,831]
		Bounds: [823,831]
		q6914 [makespan: 827]
		Bounds: [823,827]
		q6914 [makespan: 825]
		Bounds: [823,825]
			nodes:      342
			failures:   13
			restarts:   0
			no-goods:   0
			peak depth: 84
			runtime:    0.010 (10.000 ms)

	Found best solution and proved optimality.
