	Probing...
		Bounds: [747,4351]
		q6965 [makespan: 1106]
		q6965 [makespan: 1062]
		q6965 [makespan: 1026]
		q6965 [makespan: 951]
			nodes:      12633
			failures:   4
			peak depth: 562
			runtime:    0.240 (240.000 ms)

	Adjusting...
		Bounds: [747,951]
		Bounds: [850,951]
		q6965 [makespan: 900]
		Bounds: [850,900]
		Bounds: [876,900]
		Bounds: [889,900]
		Bounds: [895,900]
		Bounds: [898,900]
			nodes:      1329
			failures:   634
			restarts:   0
			no-goods:   0
			peak depth: 67
			runtime:    0.120 (120.000 ms)

	Found best solution and proved optimality.
