	Probing...
		Bounds: [521,3666]
		q6962 [makespan: 833]
		q6962 [makespan: 827]
		q6962 [makespan: 806]
		q6962 [makespan: 791]
		q6962 [makespan: 735]
			nodes:      12130
			failures:   7
			peak depth: 512
			runtime:    0.242 (242.000 ms)

	Adjusting...
		Bounds: [521,735]
		Bounds: [629,735]
		Bounds: [683,735]
		q6962 [makespan: 709]
		Bounds: [683,709]
		q6962 [makespan: 696]
		Bounds: [683,696]
		Bounds: [690,696]
		Bounds: [694,696]
		q6962 [makespan: 695]
		Bounds: [694,695]
			nodes:      3800
			failures:   1805
			restarts:   0
			no-goods:   0
			peak depth: 82
			runtime:    0.258 (258.000 ms)

	Found best solution and proved optimality.
