	Probing...
		Bounds: [658,4095]
		q6973 [makespan: 1097]
		q6973 [makespan: 871]
		q6973 [makespan: 857]
			nodes:      12455
			failures:   2
			peak depth: 571
			runtime:    0.269 (269.000 ms)

	Adjusting...
		Bounds: [658,857]
		Bounds: [758,857]
		q6973 [makespan: 805]
		Bounds: [758,805]
		q6973 [makespan: 778]
		Bounds: [758,778]
		q6973 [makespan: 764]
		Bounds: [758,764]
		q6973 [makespan: 761]
		Bounds: [758,761]
		q6973 [makespan: 758]
			nodes:      4612
			failures:   2140
			restarts:   0
			no-goods:   0
			peak depth: 84
			runtime:    0.323 (323.000 ms)

	Found best solution and proved optimality.
