	Probing...
		Bounds: [708,4671]
		q7030 [makespan: 1003]
		q7030 [makespan: 915]
		q7030 [makespan: 887]
			nodes:      12246
			failures:   7
			peak depth: 550
			runtime:    0.240 (240.000 ms)

	Adjusting...
		Bounds: [708,887]
		Bounds: [798,887]
		q7030 [makespan: 840]
		Bounds: [798,840]
		q7030 [makespan: 816]
		Bounds: [798,816]
		Bounds: [808,816]
		q7030 [makespan: 812]
		Bounds: [808,812]
		Bounds: [811,812]
			nodes:      18004
			failures:   8905
			restarts:   0
			no-goods:   0
			peak depth: 81
			runtime:    1.303 (1303.000 ms)

	Found best solution and proved optimality.
