	Probing...
		Bounds: [634,4002]
		q7040 [makespan: 847]
		q7040 [makespan: 794]
		q7040 [makespan: 773]
		q7040 [makespan: 772]
		q7040 [makespan: 769]
			nodes:      12214
			failures:   1
			peak depth: 564
			runtime:    0.362 (362.000 ms)

	Adjusting...
		Bounds: [634,769]
		Bounds: [702,769]
		q7040 [makespan: 734]
		Bounds: [702,734]
		q7040 [makespan: 714]
		Bounds: [702,714]
		q7040 [makespan: 705]
		Bounds: [702,705]
		Bounds: [704,705]
			nodes:      778
			failures:   288
			restarts:   0
			no-goods:   0
			peak depth: 78
			runtime:    0.043 (43.000 ms)

	Found best solution and proved optimality.
