	Probing...
		Bounds: [644,4040]
		q7113 [makespan: 849]
			nodes:      12166
			failures:   2
			peak depth: 538
			runtime:    0.233 (233.000 ms)

	Adjusting...
		Bounds: [644,849]
		Bounds: [747,849]
		q7113 [makespan: 798]
		Bounds: [747,798]
		q7113 [makespan: 769]
		Bounds: [747,769]
		q7113 [makespan: 758]
		Bounds: [747,758]
		Bounds: [753,758]
		Bounds: [756,758]
		q7113 [makespan: 757]
		Bounds: [756,757]
			nodes:      95546
			failures:   47588
			restarts:   5
			no-goods:   76
			peak depth: 106
			runtime:    6.236 (6236.000 ms)

	Found best solution and proved optimality.
