	Probing...
		Bounds: [580,4383]
		q7122 [makespan: 927]
		q7122 [makespan: 882]
			nodes:      31737
			failures:   10009
			peak depth: 533
			runtime:    0.777 (777.000 ms)

	Adjusting...
		Bounds: [580,882]
		Bounds: [732,882]
		q7122 [makespan: 806]
		Bounds: [732,806]
		q7122 [makespan: 768]
		Bounds: [732,768]
		Bounds: [751,768]
		Bounds: [760,768]
		q7122 [makespan: 762]
		Bounds: [760,762]
			nodes:      24697
			failures:   12237
			restarts:   1
			no-goods:   16
			peak depth: 84
			runtime:    1.765 (1765.000 ms)

	Found best solution and proved optimality.
