	Probing...
		Bounds: [651,4369]
		q7180 [makespan: 1012]
		q7180 [makespan: 895]
			nodes:      12221
			failures:   13
			peak depth: 530
			runtime:    0.218 (218.000 ms)

	Adjusting...
		Bounds: [651,895]
		Bounds: [774,895]
		q7180 [makespan: 834]
		Bounds: [774,834]
		Bounds: [805,834]
		q7180 [makespan: 819]
		Bounds: [805,819]
		q7180 [makespan: 812]
		Bounds: [805,812]
		q7180 [makespan: 807]
		Bounds: [805,807]
		q7180 [makespan: 805]
			nodes:      5760
			failures:   2726
			restarts:   0
			no-goods:   0
			peak depth: 77
			runtime:    0.408 (408.000 ms)

	Found best solution and proved optimality.
