	Probing...
		Bounds: [602,3848]
		q7201 [makespan: 839]
		q7201 [makespan: 834]
		q7201 [makespan: 823]
		q7201 [makespan: 813]
		q7201 [makespan: 810]
		q7201 [makespan: 779]
			nodes:      12292
			failures:   0
			peak depth: 574
			runtime:    0.314 (314.000 ms)

	Adjusting...
		Bounds: [602,779]
		Bounds: [691,779]
		q7201 [makespan: 734]
		Bounds: [691,734]
		q7201 [makespan: 712]
		Bounds: [691,712]
		Bounds: [702,712]
		q7201 [makespan: 706]
		Bounds: [702,706]
		q7201 [makespan: 703]
		Bounds: [702,703]
			nodes:      43814
			failures:   21735
			restarts:   3
			no-goods:   51
			peak depth: 98
			runtime:    2.341 (2341.000 ms)

	Found best solution and proved optimality.
