	Probing...
		Bounds: [653,4275]
		q7227 [makespan: 882]
		q7227 [makespan: 873]
		q7227 [makespan: 870]
		q7227 [makespan: 860]
		q7227 [makespan: 814]
		q7227 [makespan: 791]
			nodes:      12302
			failures:   5
			peak depth: 547
			runtime:    0.233 (233.000 ms)

	Adjusting...
		Bounds: [653,791]
		Bounds: [723,791]
		Bounds: [758,791]
		Bounds: [775,791]
		q7227 [makespan: 783]
		Bounds: [775,783]
		q7227 [makespan: 779]
		Bounds: [775,779]
		q7227 [makespan: 777]
		Bounds: [775,777]
			nodes:      119462
			failures:   59568
			restarts:   7
			no-goods:   136
			peak depth: 82
			runtime:    7.220 (7220.000 ms)

	Found best solution and proved optimality.
