	Probing...
		Bounds: [608,3992]
		q7301 [makespan: 861]
		q7301 [makespan: 838]
		q7301 [makespan: 818]
		q7301 [makespan: 808]
		q7301 [makespan: 800]
			nodes:      11908
			failures:   1
			peak depth: 533
			runtime:    0.266 (266.000 ms)

	Adjusting...
		Bounds: [608,800]
		Bounds: [705,800]
		q7301 [makespan: 752]
		Bounds: [705,752]
		Bounds: [729,752]
		q7301 [makespan: 735]
		Bounds: [729,735]
		Bounds: [733,735]
			nodes:      13175
			failures:   6515
			restarts:   0
			no-goods:   0
			peak depth: 83
			runtime:    0.896 (896.000 ms)

	Found best solution and proved optimality.
