	Probing...
		Bounds: [607,3972]
		q7434 [makespan: 832]
		q7434 [makespan: 788]
			nodes:      12181
			failures:   1
			peak depth: 521
			runtime:    0.221 (221.000 ms)

	Adjusting...
		Bounds: [607,788]
		Bounds: [698,788]
		Bounds: [744,788]
		q7434 [makespan: 766]
		Bounds: [744,766]
		q7434 [makespan: 752]
		Bounds: [744,752]
		q7434 [makespan: 748]
		Bounds: [744,748]
		Bounds: [747,748]
			nodes:      25770
			failures:   12780
			restarts:   0
			no-goods:   0
			peak depth: 83
			runtime:    1.603 (1603.000 ms)

	Found best solution and proved optimality.
