	Probing...
		Bounds: [582,4097]
		q7448 [makespan: 961]
		q7448 [makespan: 805]
		q7448 [makespan: 787]
			nodes:      12452
			failures:   3
			peak depth: 548
			runtime:    0.266 (266.000 ms)

	Adjusting...
		Bounds: [582,787]
		Bounds: [685,787]
		Bounds: [737,787]
		q7448 [makespan: 762]
		Bounds: [737,762]
		q7448 [makespan: 747]
		Bounds: [737,747]
		q7448 [makespan: 741]
		Bounds: [737,741]
		q7448 [makespan: 738]
		Bounds: [737,738]
			nodes:      7200
			failures:   3471
			restarts:   0
			no-goods:   0
			peak depth: 81
			runtime:    0.566 (566.000 ms)

	Found best solution and proved optimality.
