	Probing...
		Bounds: [625,4373]
		q7585 [makespan: 893]
		q7585 [makespan: 815]
		q7585 [makespan: 789]
		q7585 [makespan: 785]
			nodes:      12369
			failures:   9
			peak depth: 564
			runtime:    0.228 (228.000 ms)

	Adjusting...
		Bounds: [625,785]
		Bounds: [706,785]
		Bounds: [746,785]
		q7585 [makespan: 757]
		Bounds: [746,757]
		q7585 [makespan: 750]
		Bounds: [746,750]
		q7585 [makespan: 747]
		Bounds: [746,747]
		q7585 [makespan: 746]
			nodes:      1048
			failures:   397
			restarts:   0
			no-goods:   0
			peak depth: 71
			runtime:    0.067 (67.000 ms)

	Found best solution and proved optimality.
