	Probing...
		Bounds: [575,3894]
		q7636 [makespan: 887]
		q7636 [makespan: 865]
		q7636 [makespan: 859]
		q7636 [makespan: 838]
		q7636 [makespan: 817]
		q7636 [makespan: 811]
		q7636 [makespan: 795]
			nodes:      12430
			failures:   1
			peak depth: 557
			runtime:    0.231 (231.000 ms)

	Adjusting...
		Bounds: [575,795]
		Bounds: [686,795]
		q7636 [makespan: 739]
		Bounds: [686,739]
		Bounds: [713,739]
		q7636 [makespan: 726]
		Bounds: [713,726]
		q7636 [makespan: 719]
		Bounds: [713,719]
		Bounds: [717,719]
		q7636 [makespan: 717]
			nodes:      404
			failures:   94
			restarts:   0
			no-goods:   0
			peak depth: 71
			runtime:    0.027 (27.000 ms)

	Found best solution and proved optimality.
