	Probing...
		Bounds: [541,3548]
		q7678 [makespan: 801]
		q7678 [makespan: 705]
		q7678 [makespan: 704]
			nodes:      12371
			failures:   1
			peak depth: 549
			runtime:    0.266 (266.000 ms)

	Adjusting...
		Bounds: [541,704]
		Bounds: [623,704]
		q7678 [makespan: 663]
		Bounds: [623,663]
		q7678 [makespan: 640]
		Bounds: [623,640]
		q7678 [makespan: 629]
		Bounds: [623,629]
		Bounds: [627,629]
			nodes:      208
			failures:   7
			restarts:   0
			no-goods:   0
			peak depth: 69
			runtime:    0.008 (8.000 ms)

	Found best solution and proved optimality.
