	Probing...
		Bounds: [604,4039]
		q7870 [makespan: 889]
		q7870 [makespan: 845]
		q7870 [makespan: 838]
		q7870 [makespan: 834]
			nodes:      12050
			failures:   15
			peak depth: 540
			runtime:    0.241 (241.000 ms)

	Adjusting...
		Bounds: [604,834]
		q7870 [makespan: 714]
		Bounds: [604,714]
		Bounds: [660,714]
		Bounds: [688,714]
		Bounds: [702,714]
		Bounds: [709,714]
		Bounds: [712,714]
		q7870 [makespan: 712]
			nodes:      393
			failures:   138
			restarts:   0
			no-goods:   0
			peak depth: 68
			runtime:    0.031 (31.000 ms)

	Found best solution and proved optimality.
