	Probing...
		Bounds: [538,3803]
		q7914 [makespan: 879]
		q7914 [makespan: 826]
		q7914 [makespan: 819]
		q7914 [makespan: 783]
		q7914 [makespan: 716]
			nodes:      12243
			failures:   4
			peak depth: 553
			runtime:    0.370 (370.000 ms)

	Adjusting...
		Bounds: [538,716]
		Bounds: [628,716]
		Bounds: [673,716]
		q7914 [makespan: 686]
		Bounds: [673,686]
		q7914 [makespan: 679]
		Bounds: [673,679]
		q7914 [makespan: 675]
		Bounds: [673,675]
		q7914 [makespan: 674]
		Bounds: [673,674]
			nodes:      1610
			failures:   678
			restarts:   0
			no-goods:   0
			peak depth: 80
			runtime:    0.180 (180.000 ms)

	Found best solution and proved optimality.
