	Probing...
		Bounds: [606,3848]
		q7957 [makespan: 817]
		q7957 [makespan: 784]
			nodes:      12222
			failures:   7
			peak depth: 528
			runtime:    0.247 (247.000 ms)

	Adjusting...
		Bounds: [606,784]
		Bounds: [696,784]
		q7957 [makespan: 740]
		Bounds: [696,740]
		q7957 [makespan: 718]
		Bounds: [696,718]
		q7957 [makespan: 706]
		Bounds: [696,706]
		q7957 [makespan: 701]
		Bounds: [696,701]
		Bounds: [699,701]
			nodes:      21229
			failures:   10497
			restarts:   0
			no-goods:   0
			peak depth: 71
			runtime:    1.286 (1286.000 ms)

	Found best solution and proved optimality.
