	Probing...
		Bounds: [632,4131]
		q7975 [makespan: 931]
		q7975 [makespan: 867]
		q7975 [makespan: 865]
		q7975 [makespan: 841]
		q7975 [makespan: 822]
			nodes:      12135
			failures:   5
			peak depth: 529
			runtime:    0.271 (271.000 ms)

	Adjusting...
		Bounds: [632,822]
		Bounds: [728,822]
		q7975 [makespan: 774]
		Bounds: [728,774]
		Bounds: [752,774]
		q7975 [makespan: 762]
		Bounds: [752,762]
		q7975 [makespan: 755]
		Bounds: [752,755]
		Bounds: [754,755]
			nodes:      14918
			failures:   7362
			restarts:   0
			no-goods:   0
			peak depth: 86
			runtime:    0.877 (877.000 ms)

	Found best solution and proved optimality.
