	Probing...
		Bounds: [587,4340]
		q8031 [makespan: 1013]
		q8031 [makespan: 914]
		q8031 [makespan: 888]
		q8031 [makespan: 880]
		q8031 [makespan: 863]
		q8031 [makespan: 854]
			nodes:      12365
			failures:   12
			peak depth: 549
			runtime:    0.257 (257.000 ms)

	Adjusting...
		Bounds: [587,854]
		Bounds: [721,854]
		q8031 [makespan: 785]
		Bounds: [721,785]
		Bounds: [754,785]
		Bounds: [770,785]
		Bounds: [778,785]
		Bounds: [782,785]
		Bounds: [784,785]
			nodes:      3684
			failures:   1809
			restarts:   0
			no-goods:   0
			peak depth: 86
			runtime:    0.348 (348.000 ms)

	Found best solution and proved optimality.
