	Probing...
		Bounds: [605,4233]
		q8064 [makespan: 923]
		q8064 [makespan: 845]
		q8064 [makespan: 798]
		q8064 [makespan: 794]
		q8064 [makespan: 776]
			nodes:      12431
			failures:   7
			peak depth: 561
			runtime:    0.265 (265.000 ms)

	Adjusting...
		Bounds: [605,776]
		Bounds: [691,776]
		Bounds: [734,776]
		q8064 [makespan: 754]
		Bounds: [734,754]
		Bounds: [745,754]
		q8064 [makespan: 749]
		Bounds: [745,749]
		q8064 [makespan: 746]
		Bounds: [745,746]
		q8064 [makespan: 745]
			nodes:      5070
			failures:   2416
			restarts:   0
			no-goods:   0
			peak depth: 80
			runtime:    0.316 (316.000 ms)

	Found best solution and proved optimality.
