	Probing...
		Bounds: [576,4379]
		q8076 [makespan: 958]
		q8076 [makespan: 898]
		q8076 [makespan: 890]
		q8076 [makespan: 856]
		q8076 [makespan: 855]
		q8076 [makespan: 850]
		q8076 [makespan: 840]
			nodes:      12254
			failures:   5
			peak depth: 518
			runtime:    0.234 (234.000 ms)

	Adjusting...
		Bounds: [576,840]
		Bounds: [709,840]
		q8076 [makespan: 772]
		Bounds: [709,772]
		Bounds: [741,772]
		Bounds: [757,772]
		q8076 [makespan: 763]
		Bounds: [757,763]
		q8076 [makespan: 760]
		Bounds: [757,760]
		q8076 [makespan: 758]
		Bounds: [757,758]
			nodes:      4007
			failures:   1892
			restarts:   0
			no-goods:   0
			peak depth: 83
			runtime:    0.347 (347.000 ms)

	Found best solution and proved optimality.
