	Probing...
		Bounds: [575,3798]
		q8200 [makespan: 1002]
		q8200 [makespan: 811]
		q8200 [makespan: 805]
			nodes:      12514
			failures:   4
			peak depth: 544
			runtime:    0.230 (230.000 ms)

	Adjusting...
		Bounds: [575,805]
		Bounds: [691,805]
		Bounds: [749,805]
		q8200 [makespan: 772]
		Bounds: [749,772]
		q8200 [makespan: 760]
		Bounds: [749,760]
		Bounds: [755,760]
		q8200 [makespan: 757]
		Bounds: [755,757]
		q8200 [makespan: 755]
			nodes:      13382
			failures:   6548
			restarts:   0
			no-goods:   0
			peak depth: 94
			runtime:    0.906 (906.000 ms)

	Found best solution and proved optimality.
