	Probing...
		Bounds: [696,4441]
		q8224 [makespan: 994]
		q8224 [makespan: 887]
		q8224 [makespan: 832]
			nodes:      32520
			failures:   10002
			peak depth: 564
			runtime:    0.949 (949.000 ms)

	Adjusting...
		Bounds: [696,832]
		Bounds: [765,832]
		q8224 [makespan: 796]
		Bounds: [765,796]
		Bounds: [781,796]
		q8224 [makespan: 784]
		Bounds: [781,784]
		q8224 [makespan: 781]
			nodes:      391
			failures:   88
			restarts:   0
			no-goods:   0
			peak depth: 82
			runtime:    0.025 (25.000 ms)

	Found best solution and proved optimality.
