	Probing...
		Bounds: [585,4015]
		q8255 [makespan: 993]
		q8255 [makespan: 792]
		q8255 [makespan: 787]
		q8255 [makespan: 763]
			nodes:      12623
			failures:   4
			peak depth: 573
			runtime:    0.234 (234.000 ms)

	Adjusting...
		Bounds: [585,763]
		Bounds: [675,763]
		q8255 [makespan: 718]
		Bounds: [675,718]
		Bounds: [697,718]
		Bounds: [708,718]
		q8255 [makespan: 712]
		Bounds: [708,712]
		q8255 [makespan: 708]
			nodes:      8037
			failures:   3906
			restarts:   0
			no-goods:   0
			peak depth: 97
			runtime:    0.489 (489.000 ms)

	Found best solution and proved optimality.
