	Probing...
		Bounds: [632,3929]
		q8267 [makespan: 1034]
		q8267 [makespan: 862]
		q8267 [makespan: 861]
		q8267 [makespan: 814]
			nodes:      12495
			failures:   4
			peak depth: 545
			runtime:    0.226 (226.000 ms)

	Adjusting...
		Bounds: [632,814]
		Bounds: [724,814]
		q8267 [makespan: 767]
		Bounds: [724,767]
		Bounds: [746,767]
		q8267 [makespan: 756]
		Bounds: [746,756]
		Bounds: [752,756]
		q8267 [makespan: 752]
			nodes:      572
			failures:   192
			restarts:   0
			no-goods:   0
			peak depth: 77
			runtime:    0.030 (30.000 ms)

	Found best solution and proved optimality.
