	Probing...
		Bounds: [636,4288]
		q8315 [makespan: 998]
		q8315 [makespan: 842]
			nodes:      12207
			failures:   7
			peak depth: 536
			runtime:    0.250 (250.000 ms)

	Adjusting...
		Bounds: [636,842]
		Bounds: [740,842]
		q8315 [makespan: 787]
		Bounds: [740,787]
		q8315 [makespan: 761]
		Bounds: [740,761]
		Bounds: [751,761]
		q8315 [makespan: 755]
		Bounds: [751,755]
		Bounds: [754,755]
		q8315 [makespan: 754]
			nodes:      8276
			failures:   3986
			restarts:   0
			no-goods:   0
			peak depth: 95
			runtime:    0.526 (526.000 ms)

	Found best solution and proved optimality.
