	Probing...
		Bounds: [648,3904]
		q8325 [makespan: 900]
		q8325 [makespan: 868]
		q8325 [makespan: 777]
			nodes:      12132
			failures:   8
			peak depth: 534
			runtime:    0.244 (244.000 ms)

	Adjusting...
		Bounds: [648,777]
		Bounds: [713,777]
		q8325 [makespan: 743]
		Bounds: [713,743]
		q8325 [makespan: 726]
		Bounds: [713,726]
		q8325 [makespan: 713]
			nodes:      1339
			failures:   579
			restarts:   0
			no-goods:   0
			peak depth: 69
			runtime:    0.131 (131.000 ms)

	Found best solution and proved optimality.
