	Probing...
		Bounds: [632,4186]
		q8415 [makespan: 1052]
		q8415 [makespan: 991]
		q8415 [makespan: 984]
		q8415 [makespan: 878]
		q8415 [makespan: 814]
			nodes:      12417
			failures:   6
			peak depth: 537
			runtime:    0.227 (227.000 ms)

	Adjusting...
		Bounds: [632,814]
		Bounds: [724,814]
		Bounds: [770,814]
		q8415 [makespan: 792]
		Bounds: [770,792]
		q8415 [makespan: 778]
		Bounds: [770,778]
		Bounds: [775,778]
		Bounds: [777,778]
		q8415 [makespan: 777]
			nodes:      19749
			failures:   9777
			restarts:   0
			no-goods:   0
			peak depth: 79
			runtime:    1.246 (1246.000 ms)

	Found best solution and proved optimality.
