	Probing...
		Bounds: [581,3958]
		q8471 [makespan: 911]
		q8471 [makespan: 877]
		q8471 [makespan: 867]
		q8471 [makespan: 826]
		q8471 [makespan: 799]
			nodes:      12268
			failures:   5
			peak depth: 535
			runtime:    0.233 (233.000 ms)

	Adjusting...
		Bounds: [581,799]
		Bounds: [691,799]
		q8471 [makespan: 743]
		Bounds: [691,743]
		Bounds: [718,743]
		q8471 [makespan: 729]
		Bounds: [718,729]
		Bounds: [724,729]
		q8471 [makespan: 724]
			nodes:      2726
			failures:   1266
			restarts:   0
			no-goods:   0
			peak depth: 76
			runtime:    0.192 (192.000 ms)

	Found best solution and proved optimality.
