	Probing...
		Bounds: [623,3720]
		q8519 [makespan: 888]
		q8519 [makespan: 775]
		q8519 [makespan: 754]
			nodes:      11944
			failures:   7
			peak depth: 536
			runtime:    0.249 (249.000 ms)

	Adjusting...
		Bounds: [623,754]
		Bounds: [689,754]
		q8519 [makespan: 720]
		Bounds: [689,720]
		q8519 [makespan: 704]
		Bounds: [689,704]
		Bounds: [697,704]
		q8519 [makespan: 700]
		Bounds: [697,700]
		Bounds: [699,700]
		q8519 [makespan: 699]
			nodes:      307
			failures:   23
			restarts:   0
			no-goods:   0
			peak depth: 94
			runtime:    0.010 (10.000 ms)

	Found best solution and proved optimality.
