	Probing...
		Bounds: [637,4211]
		q8563 [makespan: 963]
		q8563 [makespan: 866]
		q8563 [makespan: 833]
			nodes:      12271
			failures:   5
			peak depth: 530
			runtime:    0.316 (316.000 ms)

	Adjusting...
		Bounds: [637,833]
		Bounds: [736,833]
		Bounds: [785,833]
		q8563 [makespan: 802]
		Bounds: [785,802]
		q8563 [makespan: 787]
		Bounds: [785,787]
		q8563 [makespan: 785]
			nodes:      6315
			failures:   3055
			restarts:   0
			no-goods:   0
			peak depth: 79
			runtime:    0.461 (461.000 ms)

	Found best solution and proved optimality.
