	Probing...
		Bounds: [683,4650]
		q8596 [makespan: 1294]
		q8596 [makespan: 1062]
		q8596 [makespan: 980]
		q8596 [makespan: 935]
			nodes:      32118
			failures:   10006
			peak depth: 546
			runtime:    0.893 (893.000 ms)

	Adjusting...
		Bounds: [683,935]
		Bounds: [810,935]
		q8596 [makespan: 867]
		Bounds: [810,867]
		Bounds: [839,867]
		Bounds: [854,867]
		q8596 [makespan: 860]
		Bounds: [854,860]
		Bounds: [858,860]
		q8596 [makespan: 858]
			nodes:      429
			failures:   111
			restarts:   0
			no-goods:   0
			peak depth: 76
			runtime:    0.028 (28.000 ms)

	Found best solution and proved optimality.
