	Probing...
		Bounds: [564,4025]
		q8609 [makespan: 799]
		q8609 [makespan: 772]
		q8609 [makespan: 760]
		q8609 [makespan: 705]
			nodes:      12475
			failures:   4
			peak depth: 558
			runtime:    0.276 (276.000 ms)

	Adjusting...
		Bounds: [564,705]
		Bounds: [635,705]
		Bounds: [671,705]
		q8609 [makespan: 687]
		Bounds: [671,687]
		q8609 [makespan: 679]
		Bounds: [671,679]
		Bounds: [676,679]
		Bounds: [678,679]
			nodes:      632
			failures:   258
			restarts:   0
			no-goods:   0
			peak depth: 72
			runtime:    0.045 (45.000 ms)

	Found best solution and proved optimality.
