	Probing...
		Bounds: [598,4271]
		q8605 [makespan: 1142]
		q8605 [makespan: 862]
			nodes:      12628
			failures:   3
			peak depth: 553
			runtime:    0.238 (238.000 ms)

	Adjusting...
		Bounds: [598,862]
		Bounds: [731,862]
		q8605 [makespan: 793]
		Bounds: [731,793]
		q8605 [makespan: 762]
		Bounds: [731,762]
		Bounds: [747,762]
		Bounds: [755,762]
		Bounds: [759,762]
		Bounds: [761,762]
			nodes:      2002
			failures:   932
			restarts:   0
			no-goods:   0
			peak depth: 87
			runtime:    0.125 (125.000 ms)

	Found best solution and proved optimality.
