	Probing...
		Bounds: [600,4288]
		q8619 [makespan: 1091]
		q8619 [makespan: 871]
		q8619 [makespan: 844]
		q8619 [makespan: 838]
			nodes:      12672
			failures:   3
			peak depth: 550
			runtime:    0.234 (234.000 ms)

	Adjusting...
		Bounds: [600,838]
		Bounds: [720,838]
		Bounds: [780,838]
		q8619 [makespan: 808]
		Bounds: [780,808]
		q8619 [makespan: 794]
		Bounds: [780,794]
		q8619 [makespan: 783]
		Bounds: [780,783]
		q8619 [makespan: 781]
		Bounds: [780,781]
			nodes:      10408
			failures:   5073
			restarts:   0
			no-goods:   0
			peak depth: 91
			runtime:    0.822 (822.000 ms)

	Found best solution and proved optimality.
