	Probing...
		Bounds: [639,4157]
		q8657 [makespan: 947]
		q8657 [makespan: 825]
			nodes:      12204
			failures:   6
			peak depth: 524
			runtime:    0.219 (219.000 ms)

	Adjusting...
		Bounds: [639,825]
		Bounds: [733,825]
		Bounds: [780,825]
		q8657 [makespan: 799]
		Bounds: [780,799]
		q8657 [makespan: 787]
		Bounds: [780,787]
		q8657 [makespan: 780]
			nodes:      8465
			failures:   4119
			restarts:   0
			no-goods:   0
			peak depth: 92
			runtime:    0.547 (547.000 ms)

	Found best solution and proved optimality.
