	Probing...
		Bounds: [620,4317]
		q8708 [makespan: 942]
		q8708 [makespan: 833]
			nodes:      12365
			failures:   11
			peak depth: 552
			runtime:    0.223 (223.000 ms)

	Adjusting...
		Bounds: [620,833]
		Bounds: [727,833]
		q8708 [makespan: 780]
		Bounds: [727,780]
		Bounds: [754,780]
		Bounds: [768,780]
		Bounds: [775,780]
		q8708 [makespan: 777]
		Bounds: [775,777]
		q8708 [makespan: 776]
		Bounds: [775,776]
			nodes:      511
			failures:   180
			restarts:   0
			no-goods:   0
			peak depth: 65
			runtime:    0.035 (35.000 ms)

	Found best solution and proved optimality.
