	Probing...
		Bounds: [577,3971]
		q8727 [makespan: 1007]
		q8727 [makespan: 894]
		q8727 [makespan: 876]
		q8727 [makespan: 859]
		q8727 [makespan: 797]
			nodes:      12379
			failures:   5
			peak depth: 543
			runtime:    0.254 (254.000 ms)

	Adjusting...
		Bounds: [577,797]
		Bounds: [688,797]
		q8727 [makespan: 741]
		Bounds: [688,741]
		Bounds: [715,741]
		q8727 [makespan: 728]
		Bounds: [715,728]
		q8727 [makespan: 720]
		Bounds: [715,720]
		Bounds: [718,720]
		q8727 [makespan: 719]
		Bounds: [718,719]
		q8727 [makespan: 718]
			nodes:      1622
			failures:   638
			restarts:   0
			no-goods:   0
			peak depth: 89
			runtime:    0.086 (86.000 ms)

	Found best solution and proved optimality.
