	Probing...
		Bounds: [590,4148]
		q8775 [makespan: 943]
		q8775 [makespan: 839]
		q8775 [makespan: 829]
			nodes:      31955
			failures:   10002
			peak depth: 535
			runtime:    0.879 (879.000 ms)

	Adjusting...
		Bounds: [590,829]
		Bounds: [710,829]
		Bounds: [770,829]
		q8775 [makespan: 799]
		Bounds: [770,799]
		q8775 [makespan: 784]
		Bounds: [770,784]
		q8775 [makespan: 772]
		Bounds: [770,772]
			nodes:      115775
			failures:   57724
			restarts:   7
			no-goods:   114
			peak depth: 97
			runtime:    7.725 (7725.000 ms)

	Found best solution and proved optimality.
