	Probing...
		Bounds: [595,4109]
		q8835 [makespan: 914]
		q8835 [makespan: 826]
		q8835 [makespan: 820]
			nodes:      12198
			failures:   8
			peak depth: 541
			runtime:    0.223 (223.000 ms)

	Adjusting...
		Bounds: [595,820]
		Bounds: [708,820]
		q8835 [makespan: 764]
		Bounds: [708,764]
		q8835 [makespan: 736]
		Bounds: [708,736]
		Bounds: [723,736]
		Bounds: [730,736]
		q8835 [makespan: 733]
		Bounds: [730,733]
		Bounds: [732,733]
			nodes:      15327
			failures:   7571
			restarts:   0
			no-goods:   0
			peak depth: 71
			runtime:    1.039 (1039.000 ms)

	Found best solution and proved optimality.
