	Probing...
		Bounds: [583,3776]
		q8872 [makespan: 797]
		q8872 [makespan: 784]
		q8872 [makespan: 755]
		q8872 [makespan: 729]
			nodes:      12038
			failures:   12
			peak depth: 536
			runtime:    0.262 (262.000 ms)

	Adjusting...
		Bounds: [583,729]
		Bounds: [657,729]
		q8872 [makespan: 693]
		Bounds: [657,693]
		Bounds: [676,693]
		Bounds: [685,693]
		q8872 [makespan: 688]
		Bounds: [685,688]
		Bounds: [687,688]
			nodes:      107
			failures:   9
			restarts:   0
			no-goods:   0
			peak depth: 51
			runtime:    0.007 (7.000 ms)

	Found best solution and proved optimality.
