	Probing...
		Bounds: [545,3616]
		q8891 [makespan: 918]
		q8891 [makespan: 838]
		q8891 [makespan: 800]
		q8891 [makespan: 744]
			nodes:      11865
			failures:   7
			peak depth: 514
			runtime:    0.238 (238.000 ms)

	Adjusting...
		Bounds: [545,744]
		Bounds: [645,744]
		q8891 [makespan: 694]
		Bounds: [645,694]
		Bounds: [670,694]
		q8891 [makespan: 679]
		Bounds: [670,679]
		q8891 [makespan: 673]
		Bounds: [670,673]
		Bounds: [672,673]
		q8891 [makespan: 672]
			nodes:      1730
			failures:   719
			restarts:   0
			no-goods:   0
			peak depth: 86
			runtime:    0.115 (115.000 ms)

	Found best solution and proved optimality.
