	Probing...
		Bounds: [605,3769]
		q8950 [makespan: 1074]
		q8950 [makespan: 827]
		q8950 [makespan: 795]
			nodes:      12161
			failures:   5
			peak depth: 538
			runtime:    0.237 (237.000 ms)

	Adjusting...
		Bounds: [605,795]
		Bounds: [701,795]
		q8950 [makespan: 747]
		Bounds: [701,747]
		Bounds: [725,747]
		q8950 [makespan: 729]
		Bounds: [725,729]
		Bounds: [728,729]
		q8950 [makespan: 728]
			nodes:      33488
			failures:   16629
			restarts:   1
			no-goods:   22
			peak depth: 88
			runtime:    2.007 (2007.000 ms)

	Found best solution and proved optimality.
