	Probing...
		Bounds: [651,4399]
		q9002 [makespan: 891]
		q9002 [makespan: 881]
		q9002 [makespan: 829]
			nodes:      12586
			failures:   9
			peak depth: 559
			runtime:    0.220 (220.000 ms)

	Adjusting...
		Bounds: [651,829]
		Bounds: [741,829]
		q9002 [makespan: 774]
		Bounds: [741,774]
		Bounds: [758,774]
		Bounds: [767,774]
		q9002 [makespan: 770]
		Bounds: [767,770]
		q9002 [makespan: 768]
		Bounds: [767,768]
			nodes:      388
			failures:   110
			restarts:   0
			no-goods:   0
			peak depth: 78
			runtime:    0.023 (23.000 ms)

	Found best solution and proved optimality.
