	Probing...
		Bounds: [561,3837]
		q9023 [makespan: 799]
		q9023 [makespan: 780]
		q9023 [makespan: 715]
			nodes:      31925
			failures:   10010
			peak depth: 539
			runtime:    0.668 (668.000 ms)

	Adjusting...
		Bounds: [561,715]
		Bounds: [639,715]
		Bounds: [678,715]
		q9023 [makespan: 694]
		Bounds: [678,694]
		Bounds: [687,694]
		q9023 [makespan: 690]
		Bounds: [687,690]
		q9023 [makespan: 688]
		Bounds: [687,688]
		q9023 [makespan: 687]
			nodes:      695
			failures:   235
			restarts:   0
			no-goods:   0
			peak depth: 77
			runtime:    0.040 (40.000 ms)

	Found best solution and proved optimality.
