	Probing...
		Bounds: [545,3606]
		q9106 [makespan: 818]
		q9106 [makespan: 773]
		q9106 [makespan: 761]
		q9106 [makespan: 742]
			nodes:      11917
			failures:   4
			peak depth: 532
			runtime:    0.222 (222.000 ms)

	Adjusting...
		Bounds: [545,742]
		Bounds: [644,742]
		q9106 [makespan: 691]
		Bounds: [644,691]
		Bounds: [668,691]
		q9106 [makespan: 679]
		Bounds: [668,679]
		q9106 [makespan: 672]
		Bounds: [668,672]
		Bounds: [671,672]
			nodes:      9801
			failures:   4808
			restarts:   0
			no-goods:   0
			peak depth: 78
			runtime:    0.782 (782.000 ms)

	Found best solution and proved optimality.
