	Probing...
		Bounds: [519,3858]
		q9101 [makespan: 784]
		q9101 [makespan: 769]
		q9101 [makespan: 734]
		q9101 [makespan: 726]
			nodes:      51949
			failures:   20003
			peak depth: 547
			runtime:    1.383 (1383.000 ms)

	Adjusting...
		Bounds: [519,726]
		Bounds: [623,726]
		q9101 [makespan: 674]
		Bounds: [623,674]
		q9101 [makespan: 648]
		Bounds: [623,648]
		q9101 [makespan: 634]
		Bounds: [623,634]
		q9101 [makespan: 628]
		Bounds: [623,628]
		Bounds: [626,628]
			nodes:      672
			failures:   228
			restarts:   0
			no-goods:   0
			peak depth: 65
			runtime:    0.054 (54.000 ms)

	Found best solution and proved optimality.
