	Probing...
		Bounds: [596,4020]
		q9233 [makespan: 971]
		q9233 [makespan: 876]
		q9233 [makespan: 841]
		q9233 [makespan: 837]
			nodes:      31907
			failures:   10011
			peak depth: 534
			runtime:    0.715 (715.000 ms)

	Adjusting...
		Bounds: [596,837]
		Bounds: [717,837]
		q9233 [makespan: 777]
		Bounds: [717,777]
		Bounds: [748,777]
		q9233 [makespan: 762]
		Bounds: [748,762]
		q9233 [makespan: 751]
		Bounds: [748,751]
		q9233 [makespan: 748]
			nodes:      36753
			failures:   18216
			restarts:   3
			no-goods:   61
			peak depth: 82
			runtime:    2.767 (2767.000 ms)

	Found best solution and proved optimality.
