	Probing...
		Bounds: [614,3964]
		q9287 [makespan: 1107]
		q9287 [makespan: 897]
		q9287 [makespan: 854]
		q9287 [makespan: 847]
			nodes:      11905
			failures:   13
			peak depth: 515
			runtime:    0.267 (267.000 ms)

	Adjusting...
		Bounds: [614,847]
		Bounds: [731,847]
		q9287 [makespan: 779]
		Bounds: [731,779]
		q9287 [makespan: 752]
		Bounds: [731,752]
		Bounds: [742,752]
		q9287 [makespan: 745]
		Bounds: [742,745]
		Bounds: [744,745]
			nodes:      1878
			failures:   829
			restarts:   0
			no-goods:   0
			peak depth: 82
			runtime:    0.127 (127.000 ms)

	Found best solution and proved optimality.
