	Probing...
		Bounds: [573,3859]
		q9315 [makespan: 970]
		q9315 [makespan: 776]
			nodes:      31907
			failures:   10009
			peak depth: 526
			runtime:    0.663 (663.000 ms)

	Adjusting...
		Bounds: [573,776]
		Bounds: [675,776]
		q9315 [makespan: 724]
		Bounds: [675,724]
		q9315 [makespan: 698]
		Bounds: [675,698]
		Bounds: [687,698]
		Bounds: [693,698]
		q9315 [makespan: 694]
		Bounds: [693,694]
			nodes:      194828
			failures:   97188
			restarts:   12
			no-goods:   231
			peak depth: 97
			runtime:    11.957 (11957.000 ms)

	Found best solution and proved optimality.
