	Probing...
		Bounds: [680,4475]
		q9385 [makespan: 1052]
		q9385 [makespan: 960]
		q9385 [makespan: 947]
		q9385 [makespan: 946]
		q9385 [makespan: 916]
			nodes:      12247
			failures:   1
			peak depth: 520
			runtime:    0.307 (307.000 ms)

	Adjusting...
		Bounds: [680,916]
		Bounds: [799,916]
		q9385 [makespan: 857]
		Bounds: [799,857]
		Bounds: [829,857]
		q9385 [makespan: 836]
		Bounds: [829,836]
		q9385 [makespan: 832]
		Bounds: [829,832]
			nodes:      233514
			failures:   116506
			restarts:   11
			no-goods:   202
			peak depth: 109
			runtime:    15.001 (15001.000 ms)
				stopped due to time-out...

	Solving...
		q9385 [makespan: 830]
			nodes:      137986
			failures:   68882
			restarts:   7
			no-goods:   116
			peak depth: 109
			runtime:    8.832 (8832.000 ms)

	Found best solution and proved optimality.
