	Probing...
		Bounds: [685,3936]
		q9421 [makespan: 1049]
		q9421 [makespan: 843]
		q9421 [makespan: 738]
			nodes:      11931
			failures:   7
			peak depth: 555
			runtime:    0.265 (265.000 ms)

	Adjusting...
		Bounds: [685,738]
		Bounds: [712,738]
		q9421 [makespan: 723]
		Bounds: [712,723]
		Bounds: [718,723]
		Bounds: [721,723]
		q9421 [makespan: 722]
		Bounds: [721,722]
			nodes:      1817
			failures:   851
			restarts:   0
			no-goods:   0
			peak depth: 73
			runtime:    0.113 (113.000 ms)

	Found best solution and proved optimality.
