	Probing...
		Bounds: [643,4147]
		q9509 [makespan: 1091]
		q9509 [makespan: 1000]
		q9509 [makespan: 948]
		q9509 [makespan: 933]
		q9509 [makespan: 900]
		q9509 [makespan: 896]
		q9509 [makespan: 885]
			nodes:      12014
			failures:   4
			peak depth: 533
			runtime:    0.242 (242.000 ms)

	Adjusting...
		Bounds: [643,885]
		Bounds: [765,885]
		q9509 [makespan: 823]
		Bounds: [765,823]
		Bounds: [795,823]
		q9509 [makespan: 805]
		Bounds: [795,805]
		q9509 [makespan: 799]
		Bounds: [795,799]
		q9509 [makespan: 797]
		Bounds: [795,797]
			nodes:      33673
			failures:   16671
			restarts:   1
			no-goods:   8
			peak depth: 100
			runtime:    2.466 (2466.000 ms)

	Found best solution and proved optimality.
