	Probing...
		Bounds: [626,3918]
		q9613 [makespan: 958]
		q9613 [makespan: 812]
		q9613 [makespan: 768]
		q9613 [makespan: 764]
		q9613 [makespan: 742]
		q9613 [makespan: 735]
			nodes:      12082
			failures:   11
			peak depth: 518
			runtime:    0.280 (280.000 ms)

	Adjusting...
		Bounds: [626,735]
		q9613 [makespan: 680]
		Bounds: [626,680]
		Bounds: [654,680]
		Bounds: [668,680]
		Bounds: [675,680]
		Bounds: [678,680]
		q9613 [makespan: 679]
		Bounds: [678,679]
			nodes:      14297
			failures:   7097
			restarts:   0
			no-goods:   0
			peak depth: 65
			runtime:    1.126 (1126.000 ms)

	Found best solution and proved optimality.
