	Probing...
		Bounds: [541,3819]
		q9614 [makespan: 864]
		q9614 [makespan: 779]
		q9614 [makespan: 748]
			nodes:      32003
			failures:   10006
			peak depth: 544
			runtime:    0.763 (763.000 ms)

	Adjusting...
		Bounds: [541,748]
		Bounds: [645,748]
		Bounds: [697,748]
		q9614 [makespan: 722]
		Bounds: [697,722]
		q9614 [makespan: 708]
		Bounds: [697,708]
		q9614 [makespan: 702]
		Bounds: [697,702]
		Bounds: [700,702]
		q9614 [makespan: 701]
		Bounds: [700,701]
			nodes:      33266
			failures:   16494
			restarts:   0
			no-goods:   0
			peak depth: 89
			runtime:    1.948 (1948.000 ms)

	Found best solution and proved optimality.
