	Probing...
		Bounds: [559,3921]
		q9642 [makespan: 935]
		q9642 [makespan: 846]
		q9642 [makespan: 776]
			nodes:      11900
			failures:   8
			peak depth: 516
			runtime:    0.271 (271.000 ms)

	Adjusting...
		Bounds: [559,776]
		Bounds: [668,776]
		q9642 [makespan: 721]
		Bounds: [668,721]
		Bounds: [695,721]
		Bounds: [709,721]
		Bounds: [716,721]
		q9642 [makespan: 716]
			nodes:      8490
			failures:   4187
			restarts:   0
			no-goods:   0
			peak depth: 68
			runtime:    0.664 (664.000 ms)

	Found best solution and proved optimality.
