	Probing...
		Bounds: [562,3758]
		q9681 [makespan: 819]
		q9681 [makespan: 775]
		q9681 [makespan: 741]
		q9681 [makespan: 706]
			nodes:      12188
			failures:   8
			peak depth: 533
			runtime:    0.225 (225.000 ms)

	Adjusting...
		Bounds: [562,706]
		Bounds: [635,706]
		q9681 [makespan: 670]
		Bounds: [635,670]
		Bounds: [653,670]
		Bounds: [662,670]
		q9681 [makespan: 665]
		Bounds: [662,665]
		q9681 [makespan: 662]
			nodes:      333
			failures:   66
			restarts:   0
			no-goods:   0
			peak depth: 79
			runtime:    0.015 (15.000 ms)

	Found best solution and proved optimality.
