	Probing...
		Bounds: [751,4378]
		q9707 [makespan: 894]
		q9707 [makespan: 873]
		q9707 [makespan: 829]
			nodes:      12627
			failures:   3
			peak depth: 537
			runtime:    0.230 (230.000 ms)

	Adjusting...
		Bounds: [751,829]
		q9707 [makespan: 790]
		Bounds: [751,790]
		q9707 [makespan: 769]
		Bounds: [751,769]
		q9707 [makespan: 759]
		Bounds: [751,759]
		Bounds: [756,759]
		q9707 [makespan: 757]
		Bounds: [756,757]
			nodes:      390
			failures:   69
			restarts:   0
			no-goods:   0
			peak depth: 78
			runtime:    0.033 (33.000 ms)

	Found best solution and proved optimality.
