	Probing...
		Bounds: [577,4030]
		q9719 [makespan: 903]
		q9719 [makespan: 889]
		q9719 [makespan: 848]
		q9719 [makespan: 827]
			nodes:      12143
			failures:   3
			peak depth: 528
			runtime:    0.248 (248.000 ms)

	Adjusting...
		Bounds: [577,827]
		Bounds: [703,827]
		q9719 [makespan: 763]
		Bounds: [703,763]
		Bounds: [734,763]
		q9719 [makespan: 748]
		Bounds: [734,748]
		Bounds: [742,748]
		Bounds: [746,748]
		q9719 [makespan: 746]
			nodes:      29028
			failures:   14420
			restarts:   1
			no-goods:   18
			peak depth: 65
			runtime:    1.822 (1822.000 ms)

	Found best solution and proved optimality.
