	Probing...
		Bounds: [609,4088]
		q9751 [makespan: 883]
		q9751 [makespan: 830]
		q9751 [makespan: 816]
		q9751 [makespan: 808]
			nodes:      12287
			failures:   5
			peak depth: 542
			runtime:    0.224 (224.000 ms)

	Adjusting...
		Bounds: [609,808]
		Bounds: [709,808]
		q9751 [makespan: 758]
		Bounds: [709,758]
		Bounds: [734,758]
		q9751 [makespan: 744]
		Bounds: [734,744]
		q9751 [makespan: 739]
		Bounds: [734,739]
		Bounds: [737,739]
		q9751 [makespan: 738]
		Bounds: [737,738]
		q9751 [makespan: 737]
			nodes:      4400
			failures:   2034
			restarts:   0
			no-goods:   0
			peak depth: 83
			runtime:    0.216 (216.000 ms)

	Found best solution and proved optimality.
