	Probing...
		Bounds: [558,3960]
		q9793 [makespan: 916]
		q9793 [makespan: 861]
		q9793 [makespan: 828]
		q9793 [makespan: 789]
		q9793 [makespan: 761]
			nodes:      31943
			failures:   10006
			peak depth: 529
			runtime:    0.806 (806.000 ms)

	Adjusting...
		Bounds: [558,761]
		Bounds: [660,761]
		Bounds: [711,761]
		q9793 [makespan: 734]
		Bounds: [711,734]
		q9793 [makespan: 722]
		Bounds: [711,722]
		q9793 [makespan: 714]
		Bounds: [711,714]
		q9793 [makespan: 711]
			nodes:      1735
			failures:   730
			restarts:   0
			no-goods:   0
			peak depth: 76
			runtime:    0.096 (96.000 ms)

	Found best solution and proved optimality.
