	Probing...
		Bounds: [559,4139]
		q9803 [makespan: 1157]
		q9803 [makespan: 874]
		q9803 [makespan: 835]
			nodes:      12422
			failures:   3
			peak depth: 541
			runtime:    0.251 (251.000 ms)

	Adjusting...
		Bounds: [559,835]
		Bounds: [698,835]
		q9803 [makespan: 764]
		Bounds: [698,764]
		Bounds: [732,764]
		Bounds: [749,764]
		q9803 [makespan: 751]
		Bounds: [749,751]
			nodes:      24475
			failures:   12161
			restarts:   1
			no-goods:   11
			peak depth: 84
			runtime:    1.751 (1751.000 ms)

	Found best solution and proved optimality.
