	Probing...
		Bounds: [591,3959]
		q9828 [makespan: 1027]
		q9828 [makespan: 829]
		q9828 [makespan: 826]
		q9828 [makespan: 811]
		q9828 [makespan: 805]
		q9828 [makespan: 791]
			nodes:      32285
			failures:   10011
			peak depth: 558
			runtime:    0.580 (580.000 ms)

	Adjusting...
		Bounds: [591,791]
		Bounds: [692,791]
		q9828 [makespan: 741]
		Bounds: [692,741]
		Bounds: [717,741]
		q9828 [makespan: 729]
		Bounds: [717,729]
		Bounds: [724,729]
		Bounds: [727,729]
			nodes:      7545
			failures:   3706
			restarts:   0
			no-goods:   0
			peak depth: 79
			runtime:    0.571 (571.000 ms)

	Found best solution and proved optimality.
