	Probing...
		Bounds: [640,4249]
		q9900 [makespan: 993]
		q9900 [makespan: 973]
		q9900 [makespan: 963]
		q9900 [makespan: 938]
		q9900 [makespan: 905]
		q9900 [makespan: 884]
			nodes:      12595
			failures:   1
			peak depth: 554
			runtime:    0.234 (234.000 ms)

	Adjusting...
		Bounds: [640,884]
		Bounds: [763,884]
		q9900 [makespan: 823]
		Bounds: [763,823]
		Bounds: [794,823]
		Bounds: [809,823]
		Bounds: [817,823]
		q9900 [makespan: 819]
		Bounds: [817,819]
		q9900 [makespan: 817]
			nodes:      339
			failures:   82
			restarts:   0
			no-goods:   0
			peak depth: 64
			runtime:    0.017 (17.000 ms)

	Found best solution and proved optimality.
