	Probing...
		Bounds: [560,3973]
		q9955 [makespan: 832]
		q9955 [makespan: 801]
		q9955 [makespan: 790]
		q9955 [makespan: 784]
			nodes:      12062
			failures:   4
			peak depth: 516
			runtime:    0.251 (251.000 ms)

	Adjusting...
		Bounds: [560,784]
		Bounds: [673,784]
		q9955 [makespan: 724]
		Bounds: [673,724]
		Bounds: [699,724]
		q9955 [makespan: 709]
		Bounds: [699,709]
		q9955 [makespan: 703]
		Bounds: [699,703]
		q9955 [makespan: 701]
		Bounds: [699,701]
			nodes:      63019
			failures:   31338
			restarts:   4
			no-goods:   81
			peak depth: 86
			runtime:    3.986 (3986.000 ms)

	Found best solution and proved optimality.
