	Probing...
		Bounds: [613,4239]
		q9977 [makespan: 863]
			nodes:      12388
			failures:   3
			peak depth: 566
			runtime:    0.249 (249.000 ms)

	Adjusting...
		Bounds: [613,863]
		Bounds: [739,863]
		q9977 [makespan: 800]
		Bounds: [739,800]
		Bounds: [770,800]
		Bounds: [786,800]
		q9977 [makespan: 793]
		Bounds: [786,793]
		Bounds: [790,793]
		Bounds: [792,793]
			nodes:      243891
			failures:   121793
			restarts:   13
			no-goods:   210
			peak depth: 74
			runtime:    15.001 (15001.000 ms)
				stopped due to time-out...

	Solving...
			nodes:      108490
			failures:   54220
			restarts:   5
			no-goods:   74
			peak depth: 57
			runtime:    6.832 (6832.000 ms)

	Found best solution and proved optimality.
