	Probing...
		la16 [makespan: 1169]
		la16 [makespan: 1146]
		la16 [makespan: 982]
			nodes:      30315
			failures:   9
			peak depth: 689
			runtime:    1.301 (1301.000 ms)

	Adjusting...
		Bounds: [732,982]
		Bounds: [857,982]
		Bounds: [919,982]
		la16 [makespan: 950]
		Bounds: [919,950]
		la16 [makespan: 934]
		Bounds: [919,934]
		Bounds: [926,934]
		Bounds: [930,934]
		Bounds: [932,934]
			nodes:      2983329
			failures:   1490768
			restarts:   1390
			no-goods:   0
			peak depth: 109
			runtime:    1:51.317 (111317.000 ms)

	Found best solution and proved optimality.
