	Probing...
		swv13 [makespan: 3794]
			nodes:      2705756
			failures:   1232925
			peak depth: 2766
			runtime:    1:00.020 (60020.000 ms)
				stopped due to time-out...

	Adjusting...
		Bounds: [2977,3794]
			nodes:      205590
			failures:   97527
			restarts:   381
			no-goods:   0
			peak depth: 1332
			runtime:    2:00.397 (120397.000 ms)
				stopped due to time-out...

	Solving...
			nodes:      262648
			failures:   126234
			restarts:   454
			no-goods:   0
			peak depth: 1837
			runtime:    2:00.018 (120018.000 ms)
				stopped due to time-out...

	Solution at most 21.56% away from optimum.
