	Probing...
		Bounds: [605,4704]
		r008 [makespan: 1051]
		r008 [makespan: 1004]
		r008 [makespan: 989]
		r008 [makespan: 963]
		r008 [makespan: 942]
		r008 [makespan: 907]
			nodes:      14869
			failures:   7
			peak depth: 657
			runtime:    0.418 (418.000 ms)

	Adjusting...
		Bounds: [605,907]
		Bounds: [757,907]
		Bounds: [833,907]
		r008 [makespan: 870]
		Bounds: [833,870]
		r008 [makespan: 851]
		Bounds: [833,851]
		r008 [makespan: 842]
		Bounds: [833,842]
		Bounds: [838,842]
		Bounds: [841,842]
			nodes:      47411
			failures:   23558
			restarts:   3
			no-goods:   44
			peak depth: 92
			runtime:    3.927 (3927.000 ms)

	Found best solution and proved optimality.
