	Probing...
		Bounds: [659,4850]
		r028 [makespan: 997]
		r028 [makespan: 982]
		r028 [makespan: 922]
		r028 [makespan: 902]
			nodes:      14821
			failures:   4
			peak depth: 672
			runtime:    0.388 (388.000 ms)

	Adjusting...
		Bounds: [659,902]
		Bounds: [781,902]
		Bounds: [842,902]
		r028 [makespan: 872]
		Bounds: [842,872]
		r028 [makespan: 856]
		Bounds: [842,856]
		Bounds: [850,856]
		r028 [makespan: 852]
		Bounds: [850,852]
		r028 [makespan: 851]
		Bounds: [850,851]
		r028 [makespan: 850]
			nodes:      976333
			failures:   487666
			restarts:   25
			no-goods:   565
			peak depth: 114
			runtime:    1:07.269 (67269.000 ms)

	Found best solution and proved optimality.
