	Probing...
		Bounds: [649,4728]
		r067 [makespan: 1259]
		r067 [makespan: 870]
			nodes:      14777
			failures:   1
			peak depth: 634
			runtime:    0.394 (394.000 ms)

	Adjusting...
		Bounds: [649,870]
		Bounds: [760,870]
		r067 [makespan: 814]
		Bounds: [760,814]
		r067 [makespan: 787]
		Bounds: [760,787]
		r067 [makespan: 773]
		Bounds: [760,773]
		r067 [makespan: 766]
		Bounds: [760,766]
		r067 [makespan: 763]
		Bounds: [760,763]
		r067 [makespan: 761]
		Bounds: [760,761]
			nodes:      14488
			failures:   6972
			restarts:   1
			no-goods:   18
			peak depth: 100
			runtime:    1.202 (1202.000 ms)

	Found best solution and proved optimality.
