	Probing...
		Bounds: [696,4985]
		r070 [makespan: 900]
			nodes:      14872
			failures:   2
			peak depth: 654
			runtime:    0.492 (492.000 ms)

	Adjusting...
		Bounds: [696,900]
		Bounds: [799,900]
		r070 [makespan: 844]
		Bounds: [799,844]
		Bounds: [822,844]
		r070 [makespan: 829]
		Bounds: [822,829]
		Bounds: [826,829]
		r070 [makespan: 827]
		Bounds: [826,827]
		r070 [makespan: 826]
			nodes:      38698
			failures:   19169
			restarts:   2
			no-goods:   30
			peak depth: 98
			runtime:    3.507 (3507.000 ms)

	Found best solution and proved optimality.
