	Probing...
		Bounds: [674,5314]
		r073 [makespan: 1071]
		r073 [makespan: 1064]
		r073 [makespan: 1033]
		r073 [makespan: 1014]
			nodes:      14921
			failures:   7
			peak depth: 652
			runtime:    0.332 (332.000 ms)

	Adjusting...
		Bounds: [674,1014]
		Bounds: [845,1014]
		r073 [makespan: 927]
		Bounds: [845,927]
		r073 [makespan: 886]
		Bounds: [845,886]
		Bounds: [866,886]
		r073 [makespan: 874]
		Bounds: [866,874]
		Bounds: [871,874]
		Bounds: [873,874]
		r073 [makespan: 873]
			nodes:      682135
			failures:   340722
			restarts:   22
			no-goods:   372
			peak depth: 89
			runtime:    1:01.278 (61278.000 ms)

	Found best solution and proved optimality.
