	Probing...
		Bounds: [674,5314]
		r073 [makespan: 1071]
		r073 [makespan: 1064]
		r073 [makespan: 1033]
		r073 [makespan: 1014]
			nodes:      14921
			failures:   7
			peak depth: 652
			runtime:    0.373 (373.000 ms)

	Adjusting...
		Bounds: [674,1014]
		Bounds: [845,1014]
		r073 [makespan: 929]
		Bounds: [845,929]
		r073 [makespan: 887]
		Bounds: [845,887]
		Bounds: [867,887]
		r073 [makespan: 876]
		Bounds: [867,876]
		Bounds: [872,876]
		r073 [makespan: 873]
		Bounds: [872,873]
			nodes:      720326
			failures:   359747
			restarts:   26
			no-goods:   405
			peak depth: 98
			runtime:    1:04.953 (64954.000 ms)

	Found best solution and proved optimality.
