	Probing...
		Bounds: [699,4774]
		r079 [makespan: 1191]
		r079 [makespan: 985]
		r079 [makespan: 967]
		r079 [makespan: 965]
		r079 [makespan: 926]
			nodes:      14834
			failures:   6
			peak depth: 661
			runtime:    0.385 (385.000 ms)

	Adjusting...
		Bounds: [699,926]
		r079 [makespan: 811]
		Bounds: [699,811]
		Bounds: [756,811]
		Bounds: [784,811]
		r079 [makespan: 797]
		Bounds: [784,797]
		Bounds: [791,797]
		Bounds: [795,797]
			nodes:      359
			failures:   100
			restarts:   0
			no-goods:   0
			peak depth: 103
			runtime:    0.033 (33.000 ms)

	Found best solution and proved optimality.
