	Probing...
		Bounds: [698,5304]
		r101 [makespan: 1088]
		r101 [makespan: 1000]
		r101 [makespan: 995]
		r101 [makespan: 948]
		r101 [makespan: 930]
			nodes:      15283
			failures:   5
			peak depth: 668
			runtime:    0.353 (353.000 ms)

	Adjusting...
		Bounds: [698,930]
		Bounds: [815,930]
		r101 [makespan: 872]
		Bounds: [815,872]
		Bounds: [844,872]
		r101 [makespan: 857]
		Bounds: [844,857]
		r101 [makespan: 849]
		Bounds: [844,849]
		Bounds: [847,849]
		r101 [makespan: 848]
		Bounds: [847,848]
			nodes:      580977
			failures:   289993
			restarts:   24
			no-goods:   532
			peak depth: 109
			runtime:    47.657 (47657.000 ms)

	Found best solution and proved optimality.
