	Probing...
		Bounds: [675,4392]
		r133 [makespan: 917]
		r133 [makespan: 908]
		r133 [makespan: 892]
		r133 [makespan: 847]
		r133 [makespan: 843]
			nodes:      34350
			failures:   10017
			peak depth: 646
			runtime:    1.036 (1036.000 ms)

	Adjusting...
		Bounds: [675,843]
		Bounds: [760,843]
		r133 [makespan: 801]
		Bounds: [760,801]
		Bounds: [781,801]
		r133 [makespan: 790]
		Bounds: [781,790]
		r133 [makespan: 785]
		Bounds: [781,785]
		Bounds: [784,785]
			nodes:      617
			failures:   184
			restarts:   0
			no-goods:   0
			peak depth: 99
			runtime:    0.046 (46.000 ms)

	Found best solution and proved optimality.
