	Probing...
		Bounds: [667,5046]
		r145 [makespan: 1048]
		r145 [makespan: 968]
		r145 [makespan: 945]
		r145 [makespan: 890]
		r145 [makespan: 888]
			nodes:      14900
			failures:   1
			peak depth: 664
			runtime:    0.342 (342.000 ms)

	Adjusting...
		Bounds: [667,888]
		r145 [makespan: 777]
		Bounds: [667,777]
		Bounds: [723,777]
		Bounds: [751,777]
		Bounds: [765,777]
		r145 [makespan: 769]
		Bounds: [765,769]
		Bounds: [768,769]
			nodes:      2319
			failures:   1076
			restarts:   0
			no-goods:   0
			peak depth: 93
			runtime:    0.214 (214.000 ms)

	Found best solution and proved optimality.
