	Probing...
		Bounds: [697,5043]
		r148 [makespan: 1107]
		r148 [makespan: 986]
		r148 [makespan: 934]
		r148 [makespan: 878]
			nodes:      15153
			failures:   5
			peak depth: 655
			runtime:    0.451 (451.000 ms)

	Adjusting...
		Bounds: [697,878]
		Bounds: [788,878]
		r148 [makespan: 832]
		Bounds: [788,832]
		Bounds: [811,832]
		r148 [makespan: 821]
		Bounds: [811,821]
		Bounds: [817,821]
		Bounds: [820,821]
			nodes:      24675
			failures:   12261
			restarts:   0
			no-goods:   0
			peak depth: 105
			runtime:    2.005 (2005.000 ms)

	Found best solution and proved optimality.
