	Probing...
		Bounds: [644,4504]
		r159 [makespan: 1073]
		r159 [makespan: 1025]
		r159 [makespan: 982]
		r159 [makespan: 914]
		r159 [makespan: 866]
		r159 [makespan: 865]
		r159 [makespan: 863]
			nodes:      34530
			failures:   10003
			peak depth: 638
			runtime:    1.326 (1326.000 ms)

	Adjusting...
		Bounds: [644,863]
		Bounds: [754,863]
		r159 [makespan: 807]
		Bounds: [754,807]
		Bounds: [781,807]
		Bounds: [795,807]
		r159 [makespan: 800]
		Bounds: [795,800]
		Bounds: [798,800]
			nodes:      174
			failures:   6
			restarts:   0
			no-goods:   0
			peak depth: 88
			runtime:    0.010 (10.000 ms)

	Found best solution and proved optimality.
