	Probing...
		Bounds: [725,5281]
		r162 [makespan: 1261]
		r162 [makespan: 1138]
		r162 [makespan: 1131]
		r162 [makespan: 1039]
		r162 [makespan: 1033]
		r162 [makespan: 1032]
		r162 [makespan: 1014]
			nodes:      14975
			failures:   4
			peak depth: 670
			runtime:    0.398 (398.000 ms)

	Adjusting...
		Bounds: [725,1014]
		Bounds: [870,1014]
		r162 [makespan: 942]
		Bounds: [870,942]
		Bounds: [907,942]
		Bounds: [925,942]
		Bounds: [934,942]
		r162 [makespan: 936]
		Bounds: [934,936]
		r162 [makespan: 935]
		Bounds: [934,935]
			nodes:      391424
			failures:   195475
			restarts:   14
			no-goods:   376
			peak depth: 88
			runtime:    33.268 (33268.000 ms)

	Found best solution and proved optimality.
