	Probing...
		Bounds: [652,5095]
		r188 [makespan: 1300]
		r188 [makespan: 1107]
		r188 [makespan: 1008]
		r188 [makespan: 982]
		r188 [makespan: 976]
		r188 [makespan: 947]
			nodes:      15055
			failures:   4
			peak depth: 664
			runtime:    0.331 (331.000 ms)

	Adjusting...
		Bounds: [652,947]
		Bounds: [800,947]
		r188 [makespan: 873]
		Bounds: [800,873]
		r188 [makespan: 835]
		Bounds: [800,835]
		Bounds: [818,835]
		Bounds: [827,835]
		Bounds: [832,835]
		r188 [makespan: 833]
		Bounds: [832,833]
			nodes:      36676
			failures:   18240
			restarts:   1
			no-goods:   9
			peak depth: 74
			runtime:    3.351 (3351.000 ms)

	Found best solution and proved optimality.
