	Probing...
		Bounds: [652,5095]
		r188 [makespan: 1300]
		r188 [makespan: 1107]
		r188 [makespan: 1008]
		r188 [makespan: 982]
		r188 [makespan: 976]
		r188 [makespan: 947]
			nodes:      15055
			failures:   4
			peak depth: 664
			runtime:    0.337 (337.000 ms)

	Adjusting...
		Bounds: [652,947]
		Bounds: [800,947]
		r188 [makespan: 872]
		Bounds: [800,872]
		r188 [makespan: 835]
		Bounds: [800,835]
		Bounds: [818,835]
		Bounds: [827,835]
		Bounds: [832,835]
		r188 [makespan: 833]
		Bounds: [832,833]
			nodes:      38205
			failures:   18989
			restarts:   1
			no-goods:   19
			peak depth: 87
			runtime:    3.296 (3296.000 ms)

	Found best solution and proved optimality.
