	Probing...
		Bounds: [624,5230]
		r194 [makespan: 1018]
		r194 [makespan: 895]
			nodes:      15048
			failures:   9
			peak depth: 650
			runtime:    0.333 (333.000 ms)

	Adjusting...
		Bounds: [624,895]
		Bounds: [760,895]
		r194 [makespan: 825]
		Bounds: [760,825]
		Bounds: [793,825]
		r194 [makespan: 808]
		Bounds: [793,808]
		r194 [makespan: 796]
		Bounds: [793,796]
		Bounds: [795,796]
			nodes:      11339
			failures:   5541
			restarts:   0
			no-goods:   0
			peak depth: 97
			runtime:    0.797 (797.000 ms)

	Found best solution and proved optimality.
