	Probing...
		Bounds: [574,4420]
		r249 [makespan: 947]
		r249 [makespan: 893]
		r249 [makespan: 864]
		r249 [makespan: 856]
		r249 [makespan: 806]
			nodes:      14508
			failures:   9
			peak depth: 653
			runtime:    0.336 (336.000 ms)

	Adjusting...
		Bounds: [574,806]
		Bounds: [691,806]
		r249 [makespan: 748]
		Bounds: [691,748]
		Bounds: [720,748]
		r249 [makespan: 734]
		Bounds: [720,734]
		r249 [makespan: 725]
		Bounds: [720,725]
		Bounds: [723,725]
		r249 [makespan: 724]
		Bounds: [723,724]
			nodes:      509348
			failures:   254260
			restarts:   24
			no-goods:   540
			peak depth: 90
			runtime:    43.326 (43326.000 ms)

	Found best solution and proved optimality.
