	Probing...
		Bounds: [574,4420]
		r249 [makespan: 947]
		r249 [makespan: 893]
		r249 [makespan: 864]
		r249 [makespan: 856]
		r249 [makespan: 806]
			nodes:      14508
			failures:   9
			peak depth: 653
			runtime:    0.399 (399.000 ms)

	Adjusting...
		Bounds: [574,806]
		Bounds: [691,806]
		r249 [makespan: 746]
		Bounds: [691,746]
		Bounds: [719,746]
		r249 [makespan: 730]
		Bounds: [719,730]
		r249 [makespan: 724]
		Bounds: [719,724]
		Bounds: [722,724]
			nodes:      358851
			failures:   179128
			restarts:   14
			no-goods:   261
			peak depth: 111
			runtime:    31.419 (31419.000 ms)

	Found best solution and proved optimality.
