	Probing...
		Bounds: [695,5261]
		r333 [makespan: 1033]
		r333 [makespan: 1005]
		r333 [makespan: 1002]
			nodes:      35217
			failures:   10011
			peak depth: 679
			runtime:    0.774 (774.000 ms)

	Adjusting...
		Bounds: [695,1002]
		Bounds: [849,1002]
		r333 [makespan: 923]
		Bounds: [849,923]
		Bounds: [887,923]
		r333 [makespan: 905]
		Bounds: [887,905]
		Bounds: [897,905]
		r333 [makespan: 901]
		Bounds: [897,901]
		Bounds: [900,901]
		r333 [makespan: 900]
			nodes:      612292
			failures:   305734
			restarts:   27
			no-goods:   423
			peak depth: 109
			runtime:    55.856 (55856.000 ms)

	Found best solution and proved optimality.
