	Probing...
		Bounds: [717,5048]
		r387 [makespan: 1031]
		r387 [makespan: 957]
			nodes:      14868
			failures:   4
			peak depth: 650
			runtime:    0.424 (424.000 ms)

	Adjusting...
		Bounds: [717,957]
		Bounds: [838,957]
		r387 [makespan: 896]
		Bounds: [838,896]
		r387 [makespan: 860]
		Bounds: [838,860]
		r387 [makespan: 849]
		Bounds: [838,849]
		r387 [makespan: 841]
		Bounds: [838,841]
		r387 [makespan: 839]
		Bounds: [838,839]
			nodes:      27595
			failures:   13595
			restarts:   1
			no-goods:   6
			peak depth: 95
			runtime:    2.473 (2473.000 ms)

	Found best solution and proved optimality.
