	Probing...
		Bounds: [621,4581]
		r397 [makespan: 1200]
		r397 [makespan: 980]
		r397 [makespan: 933]
		r397 [makespan: 931]
		r397 [makespan: 913]
			nodes:      15060
			failures:   16
			peak depth: 648
			runtime:    0.463 (463.000 ms)

	Adjusting...
		Bounds: [621,913]
		Bounds: [768,913]
		r397 [makespan: 838]
		Bounds: [768,838]
		Bounds: [804,838]
		r397 [makespan: 819]
		Bounds: [804,819]
		r397 [makespan: 811]
		Bounds: [804,811]
		r397 [makespan: 807]
		Bounds: [804,807]
		r397 [makespan: 805]
		Bounds: [804,805]
		r397 [makespan: 804]
			nodes:      374758
			failures:   186949
			restarts:   19
			no-goods:   411
			peak depth: 118
			runtime:    29.184 (29184.000 ms)

	Found best solution and proved optimality.
