	Probing...
		Bounds: [641,4693]
		r445 [makespan: 1023]
		r445 [makespan: 895]
		r445 [makespan: 893]
		r445 [makespan: 856]
		r445 [makespan: 845]
			nodes:      14863
			failures:   4
			peak depth: 664
			runtime:    0.489 (489.000 ms)

	Adjusting...
		Bounds: [641,845]
		Bounds: [744,845]
		r445 [makespan: 793]
		Bounds: [744,793]
		Bounds: [769,793]
		r445 [makespan: 781]
		Bounds: [769,781]
		r445 [makespan: 775]
		Bounds: [769,775]
		Bounds: [773,775]
			nodes:      2324958
			failures:   1161887
			restarts:   36
			no-goods:   577
			peak depth: 113
			runtime:    3:15.107 (195107.000 ms)

	Found best solution and proved optimality.
