	Probing...
		Bounds: [639,4655]
		r464 [makespan: 984]
		r464 [makespan: 941]
		r464 [makespan: 934]
		r464 [makespan: 906]
			nodes:      14872
			failures:   6
			peak depth: 659
			runtime:    0.346 (346.000 ms)

	Adjusting...
		Bounds: [639,906]
		Bounds: [773,906]
		r464 [makespan: 838]
		Bounds: [773,838]
		r464 [makespan: 804]
		Bounds: [773,804]
		Bounds: [789,804]
		Bounds: [797,804]
		Bounds: [801,804]
		Bounds: [803,804]
			nodes:      3104217
			failures:   1551253
			restarts:   58
			no-goods:   1529
			peak depth: 118
			runtime:    4:00.001 (240001.000 ms)
				stopped due to time-out...

	Solving...
			nodes:      1069690
			failures:   534670
			restarts:   13
			no-goods:   334
			peak depth: 108
			runtime:    1:21.105 (81105.000 ms)

	Found best solution and proved optimality.
