	Probing...
		Bounds: [683,4982]
		r493 [makespan: 1232]
		r493 [makespan: 914]
			nodes:      14883
			failures:   6
			peak depth: 645
			runtime:    0.342 (342.000 ms)

	Adjusting...
		Bounds: [683,914]
		Bounds: [799,914]
		r493 [makespan: 854]
		Bounds: [799,854]
		r493 [makespan: 826]
		Bounds: [799,826]
		r493 [makespan: 810]
		Bounds: [799,810]
		Bounds: [805,810]
		Bounds: [808,810]
		r493 [makespan: 808]
			nodes:      5357
			failures:   2537
			restarts:   0
			no-goods:   0
			peak depth: 86
			runtime:    0.370 (370.000 ms)

	Found best solution and proved optimality.
