	Probing...
		Bounds: [716,4886]
		r514 [makespan: 1143]
		r514 [makespan: 977]
		r514 [makespan: 954]
		r514 [makespan: 916]
		r514 [makespan: 884]
			nodes:      14835
			failures:   7
			peak depth: 642
			runtime:    0.371 (371.000 ms)

	Adjusting...
		Bounds: [716,884]
		Bounds: [801,884]
		r514 [makespan: 839]
		Bounds: [801,839]
		r514 [makespan: 820]
		Bounds: [801,820]
		Bounds: [811,820]
		r514 [makespan: 815]
		Bounds: [811,815]
		r514 [makespan: 811]
			nodes:      9844
			failures:   4782
			restarts:   0
			no-goods:   0
			peak depth: 89
			runtime:    0.735 (735.000 ms)

	Found best solution and proved optimality.
