	Probing...
		Bounds: [707,5063]
		r523 [makespan: 1041]
		r523 [makespan: 935]
		r523 [makespan: 931]
		r523 [makespan: 909]
		r523 [makespan: 855]
			nodes:      15542
			failures:   5
			peak depth: 683
			runtime:    0.338 (338.000 ms)

	Adjusting...
		Bounds: [707,855]
		Bounds: [782,855]
		r523 [makespan: 817]
		Bounds: [782,817]
		Bounds: [800,817]
		Bounds: [809,817]
		r523 [makespan: 813]
		Bounds: [809,813]
		Bounds: [812,813]
		r523 [makespan: 812]
			nodes:      7052
			failures:   3404
			restarts:   0
			no-goods:   0
			peak depth: 92
			runtime:    0.546 (546.000 ms)

	Found best solution and proved optimality.
