	Probing...
		Bounds: [724,4796]
		r528 [makespan: 1343]
		r528 [makespan: 1016]
		r528 [makespan: 965]
		r528 [makespan: 926]
			nodes:      14885
			failures:   5
			peak depth: 624
			runtime:    0.403 (403.000 ms)

	Adjusting...
		Bounds: [724,926]
		Bounds: [826,926]
		r528 [makespan: 876]
		Bounds: [826,876]
		r528 [makespan: 851]
		Bounds: [826,851]
		Bounds: [839,851]
		r528 [makespan: 845]
		Bounds: [839,845]
		Bounds: [843,845]
			nodes:      9254
			failures:   4516
			restarts:   0
			no-goods:   0
			peak depth: 83
			runtime:    0.709 (709.000 ms)

	Found best solution and proved optimality.
