	Probing...
		Bounds: [669,4809]
		r535 [makespan: 897]
		r535 [makespan: 877]
		r535 [makespan: 868]
		r535 [makespan: 856]
			nodes:      15268
			failures:   1
			peak depth: 644
			runtime:    0.358 (358.000 ms)

	Adjusting...
		Bounds: [669,856]
		r535 [makespan: 762]
		Bounds: [669,762]
		Bounds: [716,762]
		Bounds: [740,762]
		r535 [makespan: 749]
		Bounds: [740,749]
		r535 [makespan: 744]
		Bounds: [740,744]
		r535 [makespan: 742]
		Bounds: [740,742]
		r535 [makespan: 740]
			nodes:      808
			failures:   206
			restarts:   0
			no-goods:   0
			peak depth: 110
			runtime:    0.057 (57.000 ms)

	Found best solution and proved optimality.
