	Probing...
		Bounds: [765,5445]
		r560 [makespan: 1186]
		r560 [makespan: 1098]
		r560 [makespan: 1070]
		r560 [makespan: 1060]
			nodes:      15401
			failures:   2
			peak depth: 706
			runtime:    0.420 (420.000 ms)

	Adjusting...
		Bounds: [765,1060]
		Bounds: [913,1060]
		r560 [makespan: 986]
		Bounds: [913,986]
		Bounds: [950,986]
		r560 [makespan: 968]
		Bounds: [950,968]
		r560 [makespan: 958]
		Bounds: [950,958]
		Bounds: [955,958]
		r560 [makespan: 955]
			nodes:      226096
			failures:   112770
			restarts:   10
			no-goods:   151
			peak depth: 89
			runtime:    19.339 (19339.000 ms)

	Found best solution and proved optimality.
