	Probing...
		Bounds: [692,5205]
		r626 [makespan: 1200]
		r626 [makespan: 1028]
		r626 [makespan: 963]
		r626 [makespan: 909]
		r626 [makespan: 894]
			nodes:      15235
			failures:   13
			peak depth: 664
			runtime:    0.390 (390.000 ms)

	Adjusting...
		Bounds: [692,894]
		Bounds: [794,894]
		r626 [makespan: 844]
		Bounds: [794,844]
		Bounds: [820,844]
		r626 [makespan: 830]
		Bounds: [820,830]
		Bounds: [826,830]
		Bounds: [829,830]
			nodes:      660435
			failures:   329899
			restarts:   25
			no-goods:   519
			peak depth: 120
			runtime:    56.051 (56051.000 ms)

	Found best solution and proved optimality.
