	Probing...
		Bounds: [683,5173]
		r651 [makespan: 1106]
		r651 [makespan: 1099]
		r651 [makespan: 1074]
		r651 [makespan: 1006]
			nodes:      34682
			failures:   10007
			peak depth: 648
			runtime:    1.477 (1477.000 ms)

	Adjusting...
		Bounds: [683,1006]
		Bounds: [845,1006]
		r651 [makespan: 923]
		Bounds: [845,923]
		Bounds: [885,923]
		r651 [makespan: 904]
		Bounds: [885,904]
		r651 [makespan: 892]
		Bounds: [885,892]
		Bounds: [889,892]
		Bounds: [891,892]
			nodes:      2793819
			failures:   1396184
			restarts:   57
			no-goods:   1207
			peak depth: 143
			runtime:    4:00.001 (240001.000 ms)
				stopped due to time-out...

	Solving...
			nodes:      2426162
			failures:   1212922
			restarts:   16
			no-goods:   363
			peak depth: 78
			runtime:    3:23.107 (203107.000 ms)

	Found best solution and proved optimality.
