	Probing...
		Bounds: [633,4561]
		r698 [makespan: 1105]
		r698 [makespan: 974]
		r698 [makespan: 970]
		r698 [makespan: 937]
		r698 [makespan: 923]
		r698 [makespan: 917]
		r698 [makespan: 907]
		r698 [makespan: 886]
		r698 [makespan: 871]
			nodes:      34491
			failures:   10005
			peak depth: 661
			runtime:    1.075 (1075.000 ms)

	Adjusting...
		Bounds: [633,871]
		r698 [makespan: 752]
		Bounds: [633,752]
		Bounds: [693,752]
		Bounds: [723,752]
		Bounds: [738,752]
		r698 [makespan: 744]
		Bounds: [738,744]
		r698 [makespan: 741]
		Bounds: [738,741]
		r698 [makespan: 739]
		Bounds: [738,739]
		r698 [makespan: 738]
			nodes:      3956
			failures:   1802
			restarts:   0
			no-goods:   0
			peak depth: 96
			runtime:    0.389 (389.000 ms)

	Found best solution and proved optimality.
