	Probing...
		Bounds: [653,4683]
		r712 [makespan: 1116]
		r712 [makespan: 918]
		r712 [makespan: 914]
		r712 [makespan: 899]
		r712 [makespan: 871]
			nodes:      14694
			failures:   8
			peak depth: 633
			runtime:    0.398 (398.000 ms)

	Adjusting...
		Bounds: [653,871]
		Bounds: [763,871]
		r712 [makespan: 816]
		Bounds: [763,816]
		Bounds: [790,816]
		r712 [makespan: 803]
		Bounds: [790,803]
		r712 [makespan: 795]
		Bounds: [790,795]
		r712 [makespan: 790]
			nodes:      256467
			failures:   127904
			restarts:   13
			no-goods:   269
			peak depth: 115
			runtime:    22.118 (22118.000 ms)

	Found best solution and proved optimality.
