	Probing...
		Bounds: [631,4752]
		r722 [makespan: 986]
		r722 [makespan: 901]
		r722 [makespan: 894]
		r722 [makespan: 862]
		r722 [makespan: 839]
			nodes:      54921
			failures:   20013
			peak depth: 661
			runtime:    1.868 (1868.000 ms)

	Adjusting...
		Bounds: [631,839]
		Bounds: [736,839]
		r722 [makespan: 786]
		Bounds: [736,786]
		Bounds: [762,786]
		Bounds: [775,786]
		Bounds: [781,786]
		Bounds: [784,786]
			nodes:      3113156
			failures:   1556022
			restarts:   44
			no-goods:   857
			peak depth: 113
			runtime:    3:58.655 (238655.000 ms)

	Found best solution and proved optimality.
