	Probing...
		Bounds: [654,4787]
		r769 [makespan: 1144]
		r769 [makespan: 998]
		r769 [makespan: 977]
		r769 [makespan: 946]
			nodes:      54136
			failures:   20011
			peak depth: 640
			runtime:    1.686 (1686.000 ms)

	Adjusting...
		Bounds: [654,946]
		Bounds: [801,946]
		r769 [makespan: 871]
		Bounds: [801,871]
		Bounds: [837,871]
		r769 [makespan: 854]
		Bounds: [837,854]
		r769 [makespan: 842]
		Bounds: [837,842]
		Bounds: [840,842]
		r769 [makespan: 841]
		Bounds: [840,841]
		r769 [makespan: 840]
			nodes:      2107173
			failures:   1053159
			restarts:   24
			no-goods:   436
			peak depth: 105
			runtime:    2:44.579 (164579.000 ms)

	Found best solution and proved optimality.
