	Probing...
		Bounds: [652,5011]
		r778 [makespan: 999]
		r778 [makespan: 850]
			nodes:      15309
			failures:   6
			peak depth: 668
			runtime:    0.396 (396.000 ms)

	Adjusting...
		Bounds: [652,850]
		Bounds: [752,850]
		Bounds: [802,850]
		r778 [makespan: 826]
		Bounds: [802,826]
		r778 [makespan: 813]
		Bounds: [802,813]
		Bounds: [808,813]
		Bounds: [811,813]
		r778 [makespan: 812]
		Bounds: [811,812]
		r778 [makespan: 811]
			nodes:      11579
			failures:   5610
			restarts:   0
			no-goods:   0
			peak depth: 113
			runtime:    0.949 (949.000 ms)

	Found best solution and proved optimality.
