	Probing...
		Bounds: [702,5053]
		r780 [makespan: 986]
		r780 [makespan: 933]
		r780 [makespan: 899]
			nodes:      34660
			failures:   10005
			peak depth: 640
			runtime:    1.081 (1081.000 ms)

	Adjusting...
		Bounds: [702,899]
		r780 [makespan: 799]
		Bounds: [702,799]
		Bounds: [751,799]
		Bounds: [776,799]
		Bounds: [788,799]
		Bounds: [794,799]
		r780 [makespan: 796]
		Bounds: [794,796]
		r780 [makespan: 795]
		Bounds: [794,795]
			nodes:      66001
			failures:   32869
			restarts:   3
			no-goods:   55
			peak depth: 92
			runtime:    5.467 (5467.000 ms)

	Found best solution and proved optimality.
