	Probing...
		Bounds: [719,5383]
		r784 [makespan: 1239]
		r784 [makespan: 995]
		r784 [makespan: 931]
		r784 [makespan: 923]
		r784 [makespan: 908]
			nodes:      34757
			failures:   10013
			peak depth: 698
			runtime:    0.956 (956.000 ms)

	Adjusting...
		Bounds: [719,908]
		Bounds: [814,908]
		r784 [makespan: 859]
		Bounds: [814,859]
		r784 [makespan: 835]
		Bounds: [814,835]
		Bounds: [825,835]
		r784 [makespan: 830]
		Bounds: [825,830]
		Bounds: [828,830]
		r784 [makespan: 829]
		Bounds: [828,829]
			nodes:      14375
			failures:   7040
			restarts:   0
			no-goods:   0
			peak depth: 95
			runtime:    1.428 (1428.000 ms)

	Found best solution and proved optimality.
