	Probing...
		Bounds: [659,4613]
		r826 [makespan: 799]
		r826 [makespan: 790]
			nodes:      14619
			failures:   8
			peak depth: 619
			runtime:    0.394 (394.000 ms)

	Adjusting...
		Bounds: [659,790]
		r826 [makespan: 721]
		Bounds: [659,721]
		Bounds: [691,721]
		Bounds: [707,721]
		Bounds: [715,721]
		Bounds: [719,721]
		r826 [makespan: 720]
		Bounds: [719,720]
			nodes:      131500
			failures:   65628
			restarts:   7
			no-goods:   112
			peak depth: 89
			runtime:    12.640 (12640.000 ms)

	Found best solution and proved optimality.
