	Probing...
		Bounds: [701,5085]
		r843 [makespan: 1089]
		r843 [makespan: 1018]
		r843 [makespan: 992]
		r843 [makespan: 973]
		r843 [makespan: 965]
		r843 [makespan: 959]
			nodes:      34561
			failures:   10010
			peak depth: 636
			runtime:    1.125 (1125.000 ms)

	Adjusting...
		Bounds: [701,959]
		r843 [makespan: 830]
		Bounds: [701,830]
		Bounds: [766,830]
		Bounds: [799,830]
		Bounds: [815,830]
		r843 [makespan: 820]
		Bounds: [815,820]
		Bounds: [818,820]
		r843 [makespan: 819]
		Bounds: [818,819]
			nodes:      40717
			failures:   20249
			restarts:   1
			no-goods:   14
			peak depth: 89
			runtime:    3.559 (3559.000 ms)

	Found best solution and proved optimality.
