	Probing...
		Bounds: [666,4716]
		r860 [makespan: 896]
		r860 [makespan: 879]
		r860 [makespan: 874]
			nodes:      34659
			failures:   10006
			peak depth: 626
			runtime:    0.934 (934.000 ms)

	Adjusting...
		Bounds: [666,874]
		r860 [makespan: 762]
		Bounds: [666,762]
		Bounds: [715,762]
		Bounds: [739,762]
		Bounds: [751,762]
		Bounds: [757,762]
		Bounds: [760,762]
		r860 [makespan: 760]
			nodes:      39624
			failures:   19719
			restarts:   2
			no-goods:   31
			peak depth: 99
			runtime:    3.011 (3011.000 ms)

	Found best solution and proved optimality.
