	Probing...
		Bounds: [623,4666]
		r921 [makespan: 1004]
		r921 [makespan: 868]
		r921 [makespan: 847]
		r921 [makespan: 831]
			nodes:      14711
			failures:   8
			peak depth: 647
			runtime:    0.340 (340.000 ms)

	Adjusting...
		Bounds: [623,831]
		Bounds: [728,831]
		r921 [makespan: 777]
		Bounds: [728,777]
		Bounds: [753,777]
		r921 [makespan: 765]
		Bounds: [753,765]
		Bounds: [760,765]
		Bounds: [763,765]
			nodes:      28061
			failures:   13939
			restarts:   0
			no-goods:   0
			peak depth: 119
			runtime:    2.897 (2897.000 ms)

	Found best solution and proved optimality.
