	Probing...
		Bounds: [606,4659]
		r958 [makespan: 1046]
		r958 [makespan: 1005]
		r958 [makespan: 963]
		r958 [makespan: 935]
		r958 [makespan: 906]
		r958 [makespan: 905]
		r958 [makespan: 840]
			nodes:      34645
			failures:   10011
			peak depth: 659
			runtime:    1.030 (1030.000 ms)

	Adjusting...
		Bounds: [606,840]
		Bounds: [724,840]
		Bounds: [783,840]
		r958 [makespan: 811]
		Bounds: [783,811]
		Bounds: [798,811]
			nodes:      2953919
			failures:   1476440
			restarts:   35
			no-goods:   786
			peak depth: 114
			runtime:    4:00.001 (240001.000 ms)
				stopped due to time-out...

	Solving...
		r958 [makespan: 807]
		r958 [makespan: 806]
		r958 [makespan: 805]
		r958 [makespan: 804]
		r958 [makespan: 802]
			nodes:      5897621
			failures:   2948318
			restarts:   24
			no-goods:   530
			peak depth: 115
			runtime:    7:47.696 (467696.000 ms)

	Found best solution and proved optimality.
