	Probing...
		Bounds: [787,5228]
		r967 [makespan: 1212]
		r967 [makespan: 1018]
		r967 [makespan: 973]
		r967 [makespan: 928]
		r967 [makespan: 911]
			nodes:      14941
			failures:   5
			peak depth: 648
			runtime:    0.474 (474.000 ms)

	Adjusting...
		Bounds: [787,911]
		Bounds: [850,911]
		r967 [makespan: 879]
		Bounds: [850,879]
		r967 [makespan: 864]
		Bounds: [850,864]
		r967 [makespan: 857]
		Bounds: [850,857]
		r967 [makespan: 851]
		Bounds: [850,851]
		r967 [makespan: 850]
			nodes:      10534
			failures:   5040
			restarts:   1
			no-goods:   23
			peak depth: 92
			runtime:    0.650 (650.000 ms)

	Found best solution and proved optimality.
