	Probing...
		Bounds: [682,5179]
		r994 [makespan: 1051]
		r994 [makespan: 1042]
		r994 [makespan: 1004]
			nodes:      15007
			failures:   8
			peak depth: 670
			runtime:    0.369 (369.000 ms)

	Adjusting...
		Bounds: [682,1004]
		Bounds: [844,1004]
		r994 [makespan: 923]
		Bounds: [844,923]
		Bounds: [884,923]
		r994 [makespan: 902]
		Bounds: [884,902]
		Bounds: [894,902]
		Bounds: [899,902]
		r994 [makespan: 900]
		Bounds: [899,900]
		r994 [makespan: 899]
			nodes:      183549
			failures:   91483
			restarts:   10
			no-goods:   139
			peak depth: 114
			runtime:    17.024 (17024.000 ms)

	Found best solution and proved optimality.
