	Probing...
		Bounds: [648,3762]
		p0027 [makespan: 870]
		p0027 [makespan: 833]
		p0027 [makespan: 801]
			nodes:      10974
			failures:   2
			peak depth: 484
			runtime:    0.117 (117.000 ms)

	Adjusting...
		Bounds: [648,801]
		Bounds: [725,801]
		Bounds: [764,801]
		p0027 [makespan: 780]
		Bounds: [764,780]
		Bounds: [773,780]
		p0027 [makespan: 776]
		Bounds: [773,776]
		Bounds: [775,776]
			nodes:      5700
			failures:   2790
			restarts:   0
			no-goods:   0
			peak depth: 77
			runtime:    0.223 (223.000 ms)

	Found best solution and proved optimality.
