	Probing...
		Bounds: [553,3990]
		p0056 [makespan: 988]
		p0056 [makespan: 938]
		p0056 [makespan: 904]
		p0056 [makespan: 877]
		p0056 [makespan: 839]
		p0056 [makespan: 831]
		p0056 [makespan: 814]
			nodes:      30772
			failures:   10007
			peak depth: 493
			runtime:    0.489 (489.000 ms)

	Adjusting...
		Bounds: [553,814]
		Bounds: [684,814]
		p0056 [makespan: 748]
		Bounds: [684,748]
		Bounds: [717,748]
		p0056 [makespan: 729]
		Bounds: [717,729]
		p0056 [makespan: 721]
		Bounds: [717,721]
		p0056 [makespan: 718]
		Bounds: [717,718]
		p0056 [makespan: 717]
			nodes:      3857
			failures:   1763
			restarts:   0
			no-goods:   0
			peak depth: 83
			runtime:    0.155 (155.000 ms)

	Found best solution and proved optimality.
