	Probing...
		Bounds: [543,3677]
		p0069 [makespan: 862]
		p0069 [makespan: 845]
		p0069 [makespan: 820]
		p0069 [makespan: 814]
		p0069 [makespan: 759]
		p0069 [makespan: 758]
		p0069 [makespan: 742]
			nodes:      10945
			failures:   2
			peak depth: 474
			runtime:    0.112 (112.000 ms)

	Adjusting...
		Bounds: [543,742]
		Bounds: [643,742]
		Bounds: [693,742]
		p0069 [makespan: 714]
		Bounds: [693,714]
		p0069 [makespan: 702]
		Bounds: [693,702]
		Bounds: [698,702]
		p0069 [makespan: 700]
		Bounds: [698,700]
		p0069 [makespan: 699]
		Bounds: [698,699]
			nodes:      373
			failures:   74
			restarts:   0
			no-goods:   0
			peak depth: 70
			runtime:    0.008 (8.000 ms)

	Found best solution and proved optimality.
