	Probing...
		Bounds: [431,2287]
		p0108 [makespan: 605]
		p0108 [makespan: 599]
		p0108 [makespan: 581]
		p0108 [makespan: 580]
			nodes:      7019
			failures:   1
			peak depth: 324
			runtime:    0.050 (50.000 ms)

	Adjusting...
		Bounds: [431,580]
		Bounds: [506,580]
		Bounds: [544,580]
		p0108 [makespan: 560]
		Bounds: [544,560]
		Bounds: [553,560]
		Bounds: [557,560]
		Bounds: [559,560]
			nodes:      104
			failures:   38
			restarts:   0
			no-goods:   0
			peak depth: 41
			runtime:    0.002 (2.000 ms)

	Found best solution and proved optimality.
