	Probing...
		Bounds: [594,2944]
		p0102 [makespan: 868]
		p0102 [makespan: 753]
		p0102 [makespan: 742]
		p0102 [makespan: 725]
			nodes:      8298
			failures:   3
			peak depth: 372
			runtime:    0.068 (68.000 ms)

	Adjusting...
		Bounds: [594,725]
		Bounds: [660,725]
		Bounds: [693,725]
		Bounds: [710,725]
		Bounds: [718,725]
		Bounds: [722,725]
		Bounds: [724,725]
			nodes:      212
			failures:   111
			restarts:   0
			no-goods:   0
			peak depth: 14
			runtime:    0.006 (6.000 ms)

	Found best solution and proved optimality.
