	Probing...
		Bounds: [492,2574]
		p0111 [makespan: 698]
		p0111 [makespan: 684]
		p0111 [makespan: 676]
		p0111 [makespan: 633]
			nodes:      7654
			failures:   2
			peak depth: 350
			runtime:    0.071 (71.000 ms)

	Adjusting...
		Bounds: [492,633]
		Bounds: [563,633]
		Bounds: [599,633]
		p0111 [makespan: 615]
		Bounds: [599,615]
		p0111 [makespan: 607]
		Bounds: [599,607]
		Bounds: [604,607]
		p0111 [makespan: 604]
			nodes:      233
			failures:   48
			restarts:   0
			no-goods:   0
			peak depth: 52
			runtime:    0.005 (5.000 ms)

	Found best solution and proved optimality.
