	Probing...
		Bounds: [595,3522]
		p0137 [makespan: 1021]
		p0137 [makespan: 863]
		p0137 [makespan: 817]
		p0137 [makespan: 800]
			nodes:      9824
			failures:   4
			peak depth: 434
			runtime:    0.108 (108.000 ms)

	Adjusting...
		Bounds: [595,800]
		Bounds: [698,800]
		p0137 [makespan: 742]
		Bounds: [698,742]
		p0137 [makespan: 720]
		Bounds: [698,720]
		Bounds: [710,720]
		Bounds: [716,720]
		p0137 [makespan: 717]
		Bounds: [716,717]
		p0137 [makespan: 716]
			nodes:      37678
			failures:   18716
			restarts:   1
			no-goods:   10
			peak depth: 72
			runtime:    1.564 (1564.000 ms)

	Found best solution and proved optimality.
