	Probing...
		Bounds: [487,3142]
		p0158 [makespan: 652]
		p0158 [makespan: 642]
		p0158 [makespan: 636]
			nodes:      10856
			failures:   1
			peak depth: 479
			runtime:    0.130 (130.000 ms)

	Adjusting...
		Bounds: [487,636]
		p0158 [makespan: 561]
		Bounds: [487,561]
		Bounds: [525,561]
		Bounds: [544,561]
		Bounds: [553,561]
		p0158 [makespan: 557]
		Bounds: [553,557]
		p0158 [makespan: 555]
		Bounds: [553,555]
		p0158 [makespan: 554]
		Bounds: [553,554]
			nodes:      286
			failures:   39
			restarts:   0
			no-goods:   0
			peak depth: 60
			runtime:    0.009 (9.000 ms)

	Found best solution and proved optimality.
