	Probing...
		Bounds: [532,3175]
		p0321 [makespan: 802]
		p0321 [makespan: 780]
		p0321 [makespan: 701]
			nodes:      9597
			failures:   6
			peak depth: 417
			runtime:    0.109 (109.000 ms)

	Adjusting...
		Bounds: [532,701]
		Bounds: [617,701]
		p0321 [makespan: 659]
		Bounds: [617,659]
		Bounds: [639,659]
		Bounds: [650,659]
		p0321 [makespan: 652]
		Bounds: [650,652]
		p0321 [makespan: 651]
		Bounds: [650,651]
			nodes:      11704
			failures:   5782
			restarts:   0
			no-goods:   0
			peak depth: 72
			runtime:    0.524 (524.000 ms)

	Found best solution and proved optimality.
