	Probing...
		Bounds: [631,3413]
		p0362 [makespan: 884]
		p0362 [makespan: 756]
			nodes:      9433
			failures:   6
			peak depth: 429
			runtime:    0.081 (81.000 ms)

	Adjusting...
		Bounds: [631,756]
		Bounds: [694,756]
		Bounds: [726,756]
		p0362 [makespan: 739]
		Bounds: [726,739]
		p0362 [makespan: 731]
		Bounds: [726,731]
		p0362 [makespan: 728]
		Bounds: [726,728]
			nodes:      361
			failures:   108
			restarts:   0
			no-goods:   0
			peak depth: 60
			runtime:    0.010 (10.000 ms)

	Found best solution and proved optimality.
