	Probing...
		Bounds: [491,1825]
		p0433 [makespan: 714]
		p0433 [makespan: 647]
		p0433 [makespan: 596]
		p0433 [makespan: 586]
			nodes:      5313
			failures:   2
			peak depth: 244
			runtime:    0.029 (29.000 ms)

	Adjusting...
		Bounds: [491,586]
		Bounds: [539,586]
		p0433 [makespan: 554]
		Bounds: [539,554]
		Bounds: [547,554]
		p0433 [makespan: 548]
		Bounds: [547,548]
			nodes:      63
			failures:   3
			restarts:   0
			no-goods:   0
			peak depth: 31
			runtime:    0.001 (1.000 ms)

	Found best solution and proved optimality.
