	Probing...
		Bounds: [347,1118]
		p0440 [makespan: 480]
		p0440 [makespan: 422]
		p0440 [makespan: 418]
			nodes:      3693
			failures:   0
			peak depth: 171
			runtime:    0.018 (18.000 ms)

	Adjusting...
		Bounds: [347,418]
		Bounds: [383,418]
		Bounds: [401,418]
		Bounds: [410,418]
		Bounds: [415,418]
		Bounds: [417,418]
		p0440 [makespan: 417]
			nodes:      35
			failures:   14
			restarts:   0
			no-goods:   0
			peak depth: 15
			runtime:    0.000 (0.000 ms)

	Found best solution and proved optimality.
