	Probing...
		Bounds: [498,1930]
		p0453 [makespan: 591]
		p0453 [makespan: 568]
			nodes:      5520
			failures:   2
			peak depth: 238
			runtime:    0.040 (40.000 ms)

	Adjusting...
		Bounds: [498,568]
		p0453 [makespan: 529]
		Bounds: [498,529]
		Bounds: [514,529]
		p0453 [makespan: 519]
		Bounds: [514,519]
		Bounds: [517,519]
			nodes:      160
			failures:   49
			restarts:   0
			no-goods:   0
			peak depth: 41
			runtime:    0.004 (4.000 ms)

	Found best solution and proved optimality.
