	Probing...
		Bounds: [580,4240]
		p0462 [makespan: 989]
		p0462 [makespan: 912]
		p0462 [makespan: 905]
		p0462 [makespan: 884]
		p0462 [makespan: 847]
		p0462 [makespan: 822]
			nodes:      12120
			failures:   7
			peak depth: 533
			runtime:    0.153 (153.000 ms)

	Adjusting...
		Bounds: [580,822]
		Bounds: [702,822]
		Bounds: [763,822]
		p0462 [makespan: 787]
		Bounds: [763,787]
		Bounds: [776,787]
		Bounds: [782,787]
		Bounds: [785,787]
			nodes:      112684
			failures:   56247
			restarts:   6
			no-goods:   92
			peak depth: 86
			runtime:    5.159 (5159.000 ms)

	Found best solution and proved optimality.
