	Probing...
		Bounds: [469,2531]
		p0555 [makespan: 718]
		p0555 [makespan: 654]
		p0555 [makespan: 631]
		p0555 [makespan: 605]
			nodes:      7580
			failures:   2
			peak depth: 354
			runtime:    0.069 (69.000 ms)

	Adjusting...
		Bounds: [469,605]
		Bounds: [538,605]
		Bounds: [572,605]
		p0555 [makespan: 585]
		Bounds: [572,585]
		p0555 [makespan: 573]
		Bounds: [572,573]
		p0555 [makespan: 572]
			nodes:      332
			failures:   102
			restarts:   0
			no-goods:   0
			peak depth: 55
			runtime:    0.009 (9.000 ms)

	Found best solution and proved optimality.
