	Probing...
		Bounds: [519,2798]
		p0648 [makespan: 670]
		p0648 [makespan: 634]
			nodes:      9611
			failures:   4
			peak depth: 421
			runtime:    0.109 (109.000 ms)

	Adjusting...
		Bounds: [519,634]
		Bounds: [577,634]
		p0648 [makespan: 605]
		Bounds: [577,605]
		Bounds: [592,605]
		p0648 [makespan: 598]
		Bounds: [592,598]
		p0648 [makespan: 594]
		Bounds: [592,594]
		p0648 [makespan: 593]
		Bounds: [592,593]
		p0648 [makespan: 592]
			nodes:      2026
			failures:   866
			restarts:   0
			no-goods:   0
			peak depth: 83
			runtime:    0.080 (80.000 ms)

	Found best solution and proved optimality.
