	Probing...
		Bounds: [477,2039]
		p0653 [makespan: 754]
		p0653 [makespan: 601]
		p0653 [makespan: 573]
			nodes:      5686
			failures:   3
			peak depth: 256
			runtime:    0.041 (41.000 ms)

	Adjusting...
		Bounds: [477,573]
		Bounds: [526,573]
		Bounds: [550,573]
		Bounds: [562,573]
		p0653 [makespan: 566]
		Bounds: [562,566]
		p0653 [makespan: 562]
			nodes:      304
			failures:   124
			restarts:   0
			no-goods:   0
			peak depth: 31
			runtime:    0.005 (5.000 ms)

	Found best solution and proved optimality.
