	Probing...
		Bounds: [493,2148]
		p0667 [makespan: 781]
		p0667 [makespan: 635]
		p0667 [makespan: 628]
		p0667 [makespan: 617]
		p0667 [makespan: 603]
			nodes:      7086
			failures:   4
			peak depth: 308
			runtime:    0.050 (50.000 ms)

	Adjusting...
		Bounds: [493,603]
		Bounds: [549,603]
		Bounds: [577,603]
		p0667 [makespan: 587]
		Bounds: [577,587]
		p0667 [makespan: 579]
		Bounds: [577,579]
		p0667 [makespan: 578]
		Bounds: [577,578]
			nodes:      207
			failures:   48
			restarts:   0
			no-goods:   0
			peak depth: 50
			runtime:    0.004 (4.000 ms)

	Found best solution and proved optimality.
