	Probing...
		Bounds: [517,2729]
		p0713 [makespan: 973]
		p0713 [makespan: 810]
		p0713 [makespan: 789]
		p0713 [makespan: 729]
		p0713 [makespan: 722]
		p0713 [makespan: 715]
		p0713 [makespan: 708]
			nodes:      8286
			failures:   5
			peak depth: 363
			runtime:    0.092 (92.000 ms)

	Adjusting...
		Bounds: [517,708]
		Bounds: [613,708]
		p0713 [makespan: 650]
		Bounds: [613,650]
		Bounds: [632,650]
		Bounds: [642,650]
		Bounds: [647,650]
		Bounds: [649,650]
			nodes:      5145
			failures:   2555
			restarts:   0
			no-goods:   0
			peak depth: 57
			runtime:    0.195 (195.000 ms)

	Found best solution and proved optimality.
