	Probing...
		Bounds: [552,3715]
		p0716 [makespan: 1088]
		p0716 [makespan: 888]
		p0716 [makespan: 856]
		p0716 [makespan: 792]
		p0716 [makespan: 788]
			nodes:      9804
			failures:   1
			peak depth: 429
			runtime:    0.098 (98.000 ms)

	Adjusting...
		Bounds: [552,788]
		Bounds: [671,788]
		p0716 [makespan: 721]
		Bounds: [671,721]
		Bounds: [697,721]
		Bounds: [710,721]
		Bounds: [716,721]
		Bounds: [719,721]
			nodes:      130
			failures:   46
			restarts:   0
			no-goods:   0
			peak depth: 48
			runtime:    0.005 (5.000 ms)

	Found best solution and proved optimality.
