	Probing...
		Bounds: [605,2691]
		p0731 [makespan: 976]
		p0731 [makespan: 910]
		p0731 [makespan: 805]
		p0731 [makespan: 794]
		p0731 [makespan: 779]
			nodes:      7982
			failures:   5
			peak depth: 361
			runtime:    0.091 (91.000 ms)

	Adjusting...
		Bounds: [605,779]
		p0731 [makespan: 691]
		Bounds: [605,691]
		Bounds: [649,691]
		Bounds: [671,691]
		Bounds: [682,691]
		p0731 [makespan: 686]
		Bounds: [682,686]
		p0731 [makespan: 684]
		Bounds: [682,684]
		p0731 [makespan: 682]
			nodes:      18312
			failures:   9061
			restarts:   0
			no-goods:   0
			peak depth: 67
			runtime:    0.543 (543.000 ms)

	Found best solution and proved optimality.
