	Probing...
		Bounds: [555,2997]
		p0855 [makespan: 792]
		p0855 [makespan: 782]
		p0855 [makespan: 742]
		p0855 [makespan: 738]
		p0855 [makespan: 718]
			nodes:      8577
			failures:   0
			peak depth: 402
			runtime:    0.072 (72.000 ms)

	Adjusting...
		Bounds: [555,718]
		Bounds: [637,718]
		Bounds: [678,718]
		p0855 [makespan: 692]
		Bounds: [678,692]
		p0855 [makespan: 685]
		Bounds: [678,685]
		Bounds: [682,685]
		p0855 [makespan: 683]
		Bounds: [682,683]
			nodes:      335
			failures:   97
			restarts:   0
			no-goods:   0
			peak depth: 55
			runtime:    0.007 (7.000 ms)

	Found best solution and proved optimality.
