	Probing...
		Bounds: [546,3437]
		p0992 [makespan: 1041]
		p0992 [makespan: 795]
		p0992 [makespan: 768]
		p0992 [makespan: 745]
		p0992 [makespan: 739]
			nodes:      10757
			failures:   7
			peak depth: 490
			runtime:    0.133 (133.000 ms)

	Adjusting...
		Bounds: [546,739]
		Bounds: [643,739]
		p0992 [makespan: 690]
		Bounds: [643,690]
		Bounds: [667,690]
		Bounds: [679,690]
		p0992 [makespan: 684]
		Bounds: [679,684]
		Bounds: [682,684]
			nodes:      15589
			failures:   7733
			restarts:   0
			no-goods:   0
			peak depth: 78
			runtime:    0.696 (696.000 ms)

	Found best solution and proved optimality.
