	Probing...
		Bounds: [426,1699]
		p1072 [makespan: 511]
		p1072 [makespan: 470]
		p1072 [makespan: 467]
		p1072 [makespan: 458]
			nodes:      5393
			failures:   2
			peak depth: 237
			runtime:    0.039 (39.000 ms)

	Adjusting...
		Bounds: [426,458]
		Bounds: [443,458]
		p1072 [makespan: 447]
		Bounds: [443,447]
		p1072 [makespan: 445]
		Bounds: [443,445]
			nodes:      59
			failures:   2
			restarts:   0
			no-goods:   0
			peak depth: 31
			runtime:    0.001 (1.000 ms)

	Found best solution and proved optimality.
