	Probing...
		Bounds: [472,2136]
		p1194 [makespan: 582]
		p1194 [makespan: 555]
		p1194 [makespan: 523]
			nodes:      7316
			failures:   1
			peak depth: 320
			runtime:    0.066 (66.000 ms)

	Adjusting...
		Bounds: [472,523]
		p1194 [makespan: 496]
		Bounds: [472,496]
		Bounds: [485,496]
		p1194 [makespan: 489]
		Bounds: [485,489]
		Bounds: [488,489]
			nodes:      80
			failures:   3
			restarts:   0
			no-goods:   0
			peak depth: 39
			runtime:    0.001 (1.000 ms)

	Found best solution and proved optimality.
