	Probing...
		Bounds: [652,2513]
		p1257 [makespan: 701]
		p1257 [makespan: 697]
		p1257 [makespan: 696]
			nodes:      6758
			failures:   0
			peak depth: 294
			runtime:    0.050 (50.000 ms)

	Adjusting...
		Bounds: [652,696]
		p1257 [makespan: 669]
		Bounds: [652,669]
		Bounds: [661,669]
		Bounds: [666,669]
		Bounds: [668,669]
			nodes:      31
			failures:   4
			restarts:   0
			no-goods:   0
			peak depth: 30
			runtime:    0.001 (1.000 ms)

	Found best solution and proved optimality.
