	Probing...
		Bounds: [619,3330]
		p1288 [makespan: 926]
		p1288 [makespan: 825]
		p1288 [makespan: 755]
		p1288 [makespan: 727]
			nodes:      10881
			failures:   1
			peak depth: 478
			runtime:    0.110 (110.000 ms)

	Adjusting...
		Bounds: [619,727]
		Bounds: [674,727]
		p1288 [makespan: 699]
		Bounds: [674,699]
		Bounds: [687,699]
		p1288 [makespan: 690]
		Bounds: [687,690]
		Bounds: [689,690]
			nodes:      854
			failures:   366
			restarts:   0
			no-goods:   0
			peak depth: 70
			runtime:    0.030 (30.000 ms)

	Found best solution and proved optimality.
