	Probing...
		Bounds: [541,2687]
		p1354 [makespan: 946]
		p1354 [makespan: 825]
		p1354 [makespan: 742]
		p1354 [makespan: 723]
			nodes:      8378
			failures:   3
			peak depth: 363
			runtime:    0.070 (70.000 ms)

	Adjusting...
		Bounds: [541,723]
		Bounds: [633,723]
		p1354 [makespan: 675]
		Bounds: [633,675]
		Bounds: [655,675]
		Bounds: [666,675]
		Bounds: [671,675]
		Bounds: [674,675]
			nodes:      452
			failures:   201
			restarts:   0
			no-goods:   0
			peak depth: 57
			runtime:    0.013 (13.000 ms)

	Found best solution and proved optimality.
