	Probing...
		Bounds: [743,3844]
		p1461 [makespan: 1015]
		p1461 [makespan: 814]
			nodes:      11188
			failures:   5
			peak depth: 484
			runtime:    0.114 (114.000 ms)

	Adjusting...
		Bounds: [743,814]
		p1461 [makespan: 778]
		Bounds: [743,778]
		Bounds: [761,778]
		p1461 [makespan: 764]
		Bounds: [761,764]
		p1461 [makespan: 762]
		Bounds: [761,762]
		p1461 [makespan: 761]
			nodes:      731
			failures:   252
			restarts:   0
			no-goods:   0
			peak depth: 66
			runtime:    0.016 (16.000 ms)

	Found best solution and proved optimality.
