	Probing...
		Bounds: [519,1999]
		p1473 [makespan: 647]
		p1473 [makespan: 543]
			nodes:      6816
			failures:   1
			peak depth: 299
			runtime:    0.072 (72.000 ms)

	Adjusting...
		Bounds: [519,543]
		p1473 [makespan: 531]
		Bounds: [519,531]
		p1473 [makespan: 525]
		Bounds: [519,525]
		p1473 [makespan: 519]
			nodes:      150
			failures:   12
			restarts:   0
			no-goods:   0
			peak depth: 49
			runtime:    0.004 (4.000 ms)

	Found best solution and proved optimality.
