	Probing...
		Bounds: [548,2918]
		p1575 [makespan: 664]
		p1575 [makespan: 633]
			nodes:      9286
			failures:   0
			peak depth: 410
			runtime:    0.080 (80.000 ms)

	Adjusting...
		Bounds: [548,633]
		Bounds: [591,633]
		Bounds: [613,633]
		p1575 [makespan: 619]
		Bounds: [613,619]
		Bounds: [617,619]
		p1575 [makespan: 618]
		Bounds: [617,618]
			nodes:      591
			failures:   242
			restarts:   0
			no-goods:   0
			peak depth: 66
			runtime:    0.016 (16.000 ms)

	Found best solution and proved optimality.
