	Probing...
		Bounds: [501,3557]
		p1757 [makespan: 779]
		p1757 [makespan: 760]
		p1757 [makespan: 753]
		p1757 [makespan: 744]
		p1757 [makespan: 737]
		p1757 [makespan: 715]
			nodes:      10768
			failures:   0
			peak depth: 478
			runtime:    0.111 (111.000 ms)

	Adjusting...
		Bounds: [501,715]
		Bounds: [609,715]
		p1757 [makespan: 659]
		Bounds: [609,659]
		Bounds: [635,659]
		Bounds: [648,659]
		p1757 [makespan: 650]
		Bounds: [648,650]
			nodes:      666
			failures:   275
			restarts:   0
			no-goods:   0
			peak depth: 73
			runtime:    0.026 (26.000 ms)

	Found best solution and proved optimality.
