	Probing...
		Bounds: [423,1893]
		p1751 [makespan: 632]
		p1751 [makespan: 581]
		p1751 [makespan: 574]
		p1751 [makespan: 572]
			nodes:      6282
			failures:   2
			peak depth: 283
			runtime:    0.043 (43.000 ms)

	Adjusting...
		Bounds: [423,572]
		Bounds: [498,572]
		Bounds: [536,572]
		p1751 [makespan: 545]
		Bounds: [536,545]
		p1751 [makespan: 540]
		Bounds: [536,540]
		Bounds: [539,540]
			nodes:      80
			failures:   12
			restarts:   0
			no-goods:   0
			peak depth: 32
			runtime:    0.001 (1.000 ms)

	Found best solution and proved optimality.
