	Probing...
		Bounds: [631,4182]
		p1780 [makespan: 1077]
		p1780 [makespan: 917]
		p1780 [makespan: 890]
		p1780 [makespan: 879]
			nodes:      30569
			failures:   10011
			peak depth: 486
			runtime:    0.567 (567.000 ms)

	Adjusting...
		Bounds: [631,879]
		Bounds: [756,879]
		p1780 [makespan: 816]
		Bounds: [756,816]
		p1780 [makespan: 779]
		Bounds: [756,779]
		Bounds: [768,779]
		Bounds: [774,779]
		Bounds: [777,779]
			nodes:      16218
			failures:   8032
			restarts:   0
			no-goods:   0
			peak depth: 105
			runtime:    0.779 (779.000 ms)

	Found best solution and proved optimality.
