	Probing...
		Bounds: [437,2510]
		p1802 [makespan: 674]
		p1802 [makespan: 609]
			nodes:      7668
			failures:   1
			peak depth: 332
			runtime:    0.061 (61.000 ms)

	Adjusting...
		Bounds: [437,609]
		Bounds: [524,609]
		Bounds: [567,609]
		p1802 [makespan: 587]
		Bounds: [567,587]
		Bounds: [578,587]
		Bounds: [583,587]
		Bounds: [586,587]
			nodes:      504
			failures:   230
			restarts:   0
			no-goods:   0
			peak depth: 53
			runtime:    0.012 (12.000 ms)

	Found best solution and proved optimality.
