	Probing...
		Bounds: [560,2597]
		p1811 [makespan: 638]
		p1811 [makespan: 629]
		p1811 [makespan: 612]
		p1811 [makespan: 609]
			nodes:      7686
			failures:   2
			peak depth: 340
			runtime:    0.057 (57.000 ms)

	Adjusting...
		Bounds: [560,609]
		Bounds: [585,609]
		Bounds: [598,609]
		Bounds: [604,609]
		Bounds: [607,609]
			nodes:      0
			failures:   5
			restarts:   0
			no-goods:   0
			peak depth: 0
			runtime:    0.000 (0.000 ms)

	Found best solution and proved optimality.
