	Probing...
		Bounds: [563,3529]
		p1961 [makespan: 1025]
		p1961 [makespan: 823]
		p1961 [makespan: 787]
		p1961 [makespan: 772]
		p1961 [makespan: 749]
			nodes:      10892
			failures:   7
			peak depth: 485
			runtime:    0.143 (143.000 ms)

	Adjusting...
		Bounds: [563,749]
		Bounds: [657,749]
		Bounds: [704,749]
		p1961 [makespan: 725]
		Bounds: [704,725]
		p1961 [makespan: 710]
		Bounds: [704,710]
		Bounds: [708,710]
		p1961 [makespan: 709]
		Bounds: [708,709]
			nodes:      4743
			failures:   2283
			restarts:   0
			no-goods:   0
			peak depth: 74
			runtime:    0.213 (213.000 ms)

	Found best solution and proved optimality.
