	Probing...
		Bounds: [534,3079]
		p2126 [makespan: 762]
		p2126 [makespan: 734]
		p2126 [makespan: 732]
		p2126 [makespan: 723]
		p2126 [makespan: 712]
			nodes:      29556
			failures:   10010
			peak depth: 426
			runtime:    0.396 (396.000 ms)

	Adjusting...
		Bounds: [534,712]
		Bounds: [624,712]
		p2126 [makespan: 668]
		Bounds: [624,668]
		Bounds: [647,668]
		p2126 [makespan: 657]
		Bounds: [647,657]
		Bounds: [653,657]
		p2126 [makespan: 655]
		Bounds: [653,655]
		p2126 [makespan: 653]
			nodes:      2760
			failures:   1279
			restarts:   0
			no-goods:   0
			peak depth: 58
			runtime:    0.097 (97.000 ms)

	Found best solution and proved optimality.
