	Probing...
		Bounds: [541,2788]
		p2179 [makespan: 764]
		p2179 [makespan: 751]
		p2179 [makespan: 719]
		p2179 [makespan: 641]
			nodes:      8602
			failures:   2
			peak depth: 381
			runtime:    0.083 (83.000 ms)

	Adjusting...
		Bounds: [541,641]
		Bounds: [592,641]
		p2179 [makespan: 614]
		Bounds: [592,614]
		Bounds: [604,614]
		p2179 [makespan: 607]
		Bounds: [604,607]
		p2179 [makespan: 604]
			nodes:      1954
			failures:   903
			restarts:   0
			no-goods:   0
			peak depth: 64
			runtime:    0.060 (60.000 ms)

	Found best solution and proved optimality.
