	Probing...
		Bounds: [652,4155]
		p2214 [makespan: 1040]
		p2214 [makespan: 903]
		p2214 [makespan: 895]
		p2214 [makespan: 875]
		p2214 [makespan: 811]
			nodes:      11452
			failures:   5
			peak depth: 503
			runtime:    0.133 (133.000 ms)

	Adjusting...
		Bounds: [652,811]
		Bounds: [732,811]
		Bounds: [772,811]
		p2214 [makespan: 783]
		Bounds: [772,783]
		Bounds: [778,783]
		p2214 [makespan: 779]
		Bounds: [778,779]
			nodes:      16853
			failures:   8355
			restarts:   0
			no-goods:   0
			peak depth: 90
			runtime:    0.688 (688.000 ms)

	Found best solution and proved optimality.
