	Probing...
		Bounds: [563,2965]
		p2272 [makespan: 917]
		p2272 [makespan: 778]
		p2272 [makespan: 687]
		p2272 [makespan: 673]
			nodes:      8168
			failures:   0
			peak depth: 368
			runtime:    0.058 (58.000 ms)

	Adjusting...
		Bounds: [563,673]
		Bounds: [619,673]
		Bounds: [647,673]
		Bounds: [661,673]
		Bounds: [668,673]
		Bounds: [671,673]
		p2272 [makespan: 672]
		Bounds: [671,672]
			nodes:      121
			failures:   45
			restarts:   0
			no-goods:   0
			peak depth: 40
			runtime:    0.002 (2.000 ms)

	Found best solution and proved optimality.
