	Probing...
		Bounds: [642,3891]
		p2292 [makespan: 876]
		p2292 [makespan: 822]
		p2292 [makespan: 818]
			nodes:      10902
			failures:   3
			peak depth: 499
			runtime:    0.114 (114.000 ms)

	Adjusting...
		Bounds: [642,818]
		Bounds: [731,818]
		p2292 [makespan: 769]
		Bounds: [731,769]
		Bounds: [751,769]
		Bounds: [761,769]
		Bounds: [766,769]
		Bounds: [768,769]
			nodes:      699
			failures:   327
			restarts:   0
			no-goods:   0
			peak depth: 53
			runtime:    0.027 (27.000 ms)

	Found best solution and proved optimality.
