	Probing...
		Bounds: [543,2349]
		p2438 [makespan: 843]
		p2438 [makespan: 613]
		p2438 [makespan: 582]
			nodes:      7678
			failures:   3
			peak depth: 338
			runtime:    0.057 (57.000 ms)

	Adjusting...
		Bounds: [543,582]
		p2438 [makespan: 560]
		Bounds: [543,560]
		p2438 [makespan: 551]
		Bounds: [543,551]
		Bounds: [548,551]
		Bounds: [550,551]
			nodes:      97
			failures:   5
			restarts:   0
			no-goods:   0
			peak depth: 48
			runtime:    0.001 (1.000 ms)

	Found best solution and proved optimality.
