	Probing...
		Bounds: [340,1428]
		p2495 [makespan: 470]
		p2495 [makespan: 465]
		p2495 [makespan: 452]
			nodes:      3798
			failures:   1
			peak depth: 177
			runtime:    0.017 (17.000 ms)

	Adjusting...
		Bounds: [340,452]
		Bounds: [397,452]
		Bounds: [425,452]
		Bounds: [439,452]
		Bounds: [446,452]
		Bounds: [450,452]
			nodes:      0
			failures:   6
			restarts:   0
			no-goods:   0
			peak depth: 0
			runtime:    0.000 (0.000 ms)

	Found best solution and proved optimality.
