	Probing...
		Bounds: [610,3034]
		p2529 [makespan: 831]
		p2529 [makespan: 777]
			nodes:      8224
			failures:   6
			peak depth: 383
			runtime:    0.059 (59.000 ms)

	Adjusting...
		Bounds: [610,777]
		Bounds: [694,777]
		p2529 [makespan: 733]
		Bounds: [694,733]
		Bounds: [714,733]
		p2529 [makespan: 716]
		Bounds: [714,716]
			nodes:      156
			failures:   33
			restarts:   0
			no-goods:   0
			peak depth: 48
			runtime:    0.003 (3.000 ms)

	Found best solution and proved optimality.
