	Probing...
		Bounds: [545,3260]
		p2531 [makespan: 847]
		p2531 [makespan: 809]
		p2531 [makespan: 770]
		p2531 [makespan: 763]
		p2531 [makespan: 751]
			nodes:      9717
			failures:   3
			peak depth: 473
			runtime:    0.096 (96.000 ms)

	Adjusting...
		Bounds: [545,751]
		Bounds: [649,751]
		p2531 [makespan: 699]
		Bounds: [649,699]
		Bounds: [675,699]
		Bounds: [688,699]
		Bounds: [694,699]
		Bounds: [697,699]
			nodes:      165
			failures:   58
			restarts:   0
			no-goods:   0
			peak depth: 57
			runtime:    0.005 (5.000 ms)

	Found best solution and proved optimality.
