	Probing...
		Bounds: [632,4239]
		p2580 [makespan: 931]
		p2580 [makespan: 884]
		p2580 [makespan: 865]
		p2580 [makespan: 844]
		p2580 [makespan: 839]
		p2580 [makespan: 833]
		p2580 [makespan: 807]
			nodes:      12185
			failures:   4
			peak depth: 564
			runtime:    0.150 (150.000 ms)

	Adjusting...
		Bounds: [632,807]
		Bounds: [720,807]
		p2580 [makespan: 762]
		Bounds: [720,762]
		Bounds: [742,762]
		p2580 [makespan: 751]
		Bounds: [742,751]
		Bounds: [747,751]
		p2580 [makespan: 749]
		Bounds: [747,749]
		p2580 [makespan: 748]
		Bounds: [747,748]
			nodes:      6554
			failures:   3142
			restarts:   0
			no-goods:   0
			peak depth: 85
			runtime:    0.295 (295.000 ms)

	Found best solution and proved optimality.
