	Probing...
		Bounds: [502,2961]
		p2586 [makespan: 977]
		p2586 [makespan: 855]
		p2586 [makespan: 827]
		p2586 [makespan: 706]
			nodes:      9573
			failures:   1
			peak depth: 404
			runtime:    0.111 (111.000 ms)

	Adjusting...
		Bounds: [502,706]
		Bounds: [605,706]
		p2586 [makespan: 654]
		Bounds: [605,654]
		p2586 [makespan: 627]
		Bounds: [605,627]
		Bounds: [617,627]
		Bounds: [623,627]
		p2586 [makespan: 624]
		Bounds: [623,624]
			nodes:      13274
			failures:   6547
			restarts:   0
			no-goods:   0
			peak depth: 70
			runtime:    0.520 (520.000 ms)

	Found best solution and proved optimality.
