	Probing...
		Bounds: [655,2701]
		p2623 [makespan: 751]
		p2623 [makespan: 750]
		p2623 [makespan: 740]
		p2623 [makespan: 710]
			nodes:      7707
			failures:   0
			peak depth: 345
			runtime:    0.070 (70.000 ms)

	Adjusting...
		Bounds: [655,710]
		p2623 [makespan: 682]
		Bounds: [655,682]
		p2623 [makespan: 668]
		Bounds: [655,668]
		p2623 [makespan: 655]
			nodes:      124
			failures:   7
			restarts:   0
			no-goods:   0
			peak depth: 51
			runtime:    0.003 (3.000 ms)

	Found best solution and proved optimality.
