	Probing...
		Bounds: [623,2316]
		p2822 [makespan: 715]
		p2822 [makespan: 691]
		p2822 [makespan: 687]
			nodes:      6636
			failures:   0
			peak depth: 293
			runtime:    0.037 (37.000 ms)

	Adjusting...
		Bounds: [623,687]
		Bounds: [656,687]
		p2822 [makespan: 669]
		Bounds: [656,669]
		Bounds: [663,669]
		p2822 [makespan: 665]
		Bounds: [663,665]
			nodes:      67
			failures:   3
			restarts:   0
			no-goods:   0
			peak depth: 35
			runtime:    0.001 (1.000 ms)

	Found best solution and proved optimality.
