	Probing...
		Bounds: [566,3339]
		p2845 [makespan: 859]
		p2845 [makespan: 740]
		p2845 [makespan: 736]
		p2845 [makespan: 731]
			nodes:      9572
			failures:   6
			peak depth: 426
			runtime:    0.082 (82.000 ms)

	Adjusting...
		Bounds: [566,731]
		Bounds: [649,731]
		Bounds: [691,731]
		p2845 [makespan: 709]
		Bounds: [691,709]
		p2845 [makespan: 696]
		Bounds: [691,696]
		Bounds: [694,696]
			nodes:      715
			failures:   306
			restarts:   0
			no-goods:   0
			peak depth: 55
			runtime:    0.020 (20.000 ms)

	Found best solution and proved optimality.
