	Probing...
		Bounds: [414,2597]
		p2902 [makespan: 837]
		p2902 [makespan: 598]
			nodes:      8451
			failures:   4
			peak depth: 367
			runtime:    0.080 (80.000 ms)

	Adjusting...
		Bounds: [414,598]
		Bounds: [507,598]
		p2902 [makespan: 552]
		Bounds: [507,552]
		Bounds: [530,552]
		p2902 [makespan: 541]
		Bounds: [530,541]
		p2902 [makespan: 535]
		Bounds: [530,535]
		Bounds: [533,535]
		p2902 [makespan: 534]
		Bounds: [533,534]
		p2902 [makespan: 533]
			nodes:      208
			failures:   14
			restarts:   0
			no-goods:   0
			peak depth: 43
			runtime:    0.003 (3.000 ms)

	Found best solution and proved optimality.
