	Probing...
		Bounds: [441,1697]
		p2917 [makespan: 679]
		p2917 [makespan: 615]
			nodes:      4619
			failures:   0
			peak depth: 207
			runtime:    0.031 (31.000 ms)

	Adjusting...
		Bounds: [441,615]
		Bounds: [529,615]
		Bounds: [573,615]
		p2917 [makespan: 594]
		Bounds: [573,594]
		Bounds: [584,594]
		p2917 [makespan: 589]
		Bounds: [584,589]
		p2917 [makespan: 586]
		Bounds: [584,586]
		p2917 [makespan: 584]
			nodes:      184
			failures:   48
			restarts:   0
			no-goods:   0
			peak depth: 30
			runtime:    0.003 (3.000 ms)

	Found best solution and proved optimality.
