	Probing...
		Bounds: [504,2384]
		p3137 [makespan: 703]
		p3137 [makespan: 654]
			nodes:      7608
			failures:   6
			peak depth: 337
			runtime:    0.070 (70.000 ms)

	Adjusting...
		Bounds: [504,654]
		Bounds: [580,654]
		p3137 [makespan: 611]
		Bounds: [580,611]
		p3137 [makespan: 594]
		Bounds: [580,594]
		Bounds: [588,594]
		Bounds: [592,594]
		p3137 [makespan: 593]
		Bounds: [592,593]
		p3137 [makespan: 592]
			nodes:      351
			failures:   93
			restarts:   0
			no-goods:   0
			peak depth: 50
			runtime:    0.010 (10.000 ms)

	Found best solution and proved optimality.
