	Probing...
		Bounds: [433,2023]
		p3153 [makespan: 623]
		p3153 [makespan: 538]
		p3153 [makespan: 514]
			nodes:      6429
			failures:   3
			peak depth: 288
			runtime:    0.049 (49.000 ms)

	Adjusting...
		Bounds: [433,514]
		Bounds: [474,514]
		p3153 [makespan: 489]
		Bounds: [474,489]
		p3153 [makespan: 481]
		Bounds: [474,481]
		Bounds: [478,481]
		Bounds: [480,481]
			nodes:      89
			failures:   8
			restarts:   0
			no-goods:   0
			peak depth: 50
			runtime:    0.001 (1.000 ms)

	Found best solution and proved optimality.
