	Probing...
		Bounds: [609,4083]
		p3243 [makespan: 969]
		p3243 [makespan: 897]
		p3243 [makespan: 817]
			nodes:      11134
			failures:   6
			peak depth: 483
			runtime:    0.136 (136.000 ms)

	Adjusting...
		Bounds: [609,817]
		Bounds: [714,817]
		Bounds: [766,817]
		p3243 [makespan: 790]
		Bounds: [766,790]
		Bounds: [779,790]
		p3243 [makespan: 780]
		Bounds: [779,780]
			nodes:      5271
			failures:   2577
			restarts:   0
			no-goods:   0
			peak depth: 65
			runtime:    0.192 (192.000 ms)

	Found best solution and proved optimality.
