	Probing...
		Bounds: [495,2674]
		p3285 [makespan: 773]
		p3285 [makespan: 751]
		p3285 [makespan: 747]
		p3285 [makespan: 728]
		p3285 [makespan: 705]
		p3285 [makespan: 611]
			nodes:      8085
			failures:   4
			peak depth: 349
			runtime:    0.092 (92.000 ms)

	Adjusting...
		Bounds: [495,611]
		Bounds: [554,611]
		p3285 [makespan: 581]
		Bounds: [554,581]
		p3285 [makespan: 567]
		Bounds: [554,567]
		Bounds: [561,567]
		Bounds: [565,567]
			nodes:      14429
			failures:   7166
			restarts:   0
			no-goods:   0
			peak depth: 61
			runtime:    0.575 (575.000 ms)

	Found best solution and proved optimality.
