	Probing...
		Bounds: [534,3219]
		p3296 [makespan: 817]
		p3296 [makespan: 796]
		p3296 [makespan: 785]
		p3296 [makespan: 765]
		p3296 [makespan: 748]
		p3296 [makespan: 708]
		p3296 [makespan: 696]
		p3296 [makespan: 689]
			nodes:      9681
			failures:   2
			peak depth: 425
			runtime:    0.096 (96.000 ms)

	Adjusting...
		Bounds: [534,689]
		Bounds: [612,689]
		p3296 [makespan: 647]
		Bounds: [612,647]
		Bounds: [630,647]
		Bounds: [639,647]
		Bounds: [644,647]
		p3296 [makespan: 644]
			nodes:      1472
			failures:   687
			restarts:   0
			no-goods:   0
			peak depth: 55
			runtime:    0.063 (63.000 ms)

	Found best solution and proved optimality.
