	Probing...
		Bounds: [580,3012]
		p3317 [makespan: 894]
		p3317 [makespan: 784]
		p3317 [makespan: 775]
		p3317 [makespan: 736]
			nodes:      8246
			failures:   4
			peak depth: 350
			runtime:    0.099 (99.000 ms)

	Adjusting...
		Bounds: [580,736]
		Bounds: [659,736]
		p3317 [makespan: 683]
		Bounds: [659,683]
		p3317 [makespan: 670]
		Bounds: [659,670]
		p3317 [makespan: 662]
		Bounds: [659,662]
		Bounds: [661,662]
			nodes:      1342
			failures:   608
			restarts:   0
			no-goods:   0
			peak depth: 49
			runtime:    0.067 (67.000 ms)

	Found best solution and proved optimality.
