	Probing...
		Bounds: [458,2103]
		p3376 [makespan: 857]
		p3376 [makespan: 687]
		p3376 [makespan: 647]
		p3376 [makespan: 636]
		p3376 [makespan: 630]
		p3376 [makespan: 626]
			nodes:      5729
			failures:   0
			peak depth: 252
			runtime:    0.036 (36.000 ms)

	Adjusting...
		Bounds: [458,626]
		Bounds: [543,626]
		Bounds: [585,626]
		Bounds: [606,626]
		Bounds: [617,626]
		Bounds: [622,626]
		Bounds: [625,626]
			nodes:      128
			failures:   69
			restarts:   0
			no-goods:   0
			peak depth: 15
			runtime:    0.003 (3.000 ms)

	Found best solution and proved optimality.
