	Probing...
		Bounds: [513,2318]
		p3411 [makespan: 569]
			nodes:      7416
			failures:   4
			peak depth: 330
			runtime:    0.069 (69.000 ms)

	Adjusting...
		Bounds: [513,569]
		p3411 [makespan: 530]
		Bounds: [513,530]
		p3411 [makespan: 519]
		Bounds: [513,519]
		p3411 [makespan: 514]
		Bounds: [513,514]
		p3411 [makespan: 513]
			nodes:      221
			failures:   11
			restarts:   0
			no-goods:   0
			peak depth: 54
			runtime:    0.004 (4.000 ms)

	Found best solution and proved optimality.
