	Probing...
		Bounds: [513,2318]
		p3411 [makespan: 569]
			nodes:      7416
			failures:   4
			peak depth: 330
			runtime:    0.069 (69.000 ms)

	Adjusting...
		Bounds: [513,569]
		p3411 [makespan: 541]
		Bounds: [513,541]
		p3411 [makespan: 522]
		Bounds: [513,522]
		p3411 [makespan: 514]
		Bounds: [513,514]
		p3411 [makespan: 513]
			nodes:      360
			failures:   70
			restarts:   0
			no-goods:   0
			peak depth: 63
			runtime:    0.008 (8.000 ms)

	Found best solution and proved optimality.
