	Probing...
		Bounds: [523,3051]
		p3702 [makespan: 733]
		p3702 [makespan: 718]
		p3702 [makespan: 694]
		p3702 [makespan: 687]
		p3702 [makespan: 678]
			nodes:      8795
			failures:   4
			peak depth: 391
			runtime:    0.084 (84.000 ms)

	Adjusting...
		Bounds: [523,678]
		Bounds: [601,678]
		p3702 [makespan: 639]
		Bounds: [601,639]
		p3702 [makespan: 619]
		Bounds: [601,619]
		Bounds: [611,619]
		Bounds: [616,619]
		Bounds: [618,619]
			nodes:      621
			failures:   271
			restarts:   0
			no-goods:   0
			peak depth: 56
			runtime:    0.023 (23.000 ms)

	Found best solution and proved optimality.
