	Probing...
		Bounds: [621,4016]
		p3747 [makespan: 971]
		p3747 [makespan: 758]
		p3747 [makespan: 733]
			nodes:      31937
			failures:   10006
			peak depth: 516
			runtime:    0.602 (602.000 ms)

	Adjusting...
		Bounds: [621,733]
		Bounds: [678,733]
		p3747 [makespan: 705]
		Bounds: [678,705]
		Bounds: [692,705]
		p3747 [makespan: 698]
		Bounds: [692,698]
		p3747 [makespan: 694]
		Bounds: [692,694]
		p3747 [makespan: 693]
		Bounds: [692,693]
			nodes:      512
			failures:   136
			restarts:   0
			no-goods:   0
			peak depth: 69
			runtime:    0.022 (22.000 ms)

	Found best solution and proved optimality.
