	Probing...
		Bounds: [499,3123]
		p3759 [makespan: 879]
		p3759 [makespan: 830]
		p3759 [makespan: 781]
		p3759 [makespan: 779]
			nodes:      29367
			failures:   10004
			peak depth: 413
			runtime:    0.433 (433.000 ms)

	Adjusting...
		Bounds: [499,779]
		Bounds: [640,779]
		Bounds: [710,779]
		p3759 [makespan: 743]
		Bounds: [710,743]
		p3759 [makespan: 721]
		Bounds: [710,721]
		Bounds: [716,721]
		p3759 [makespan: 716]
			nodes:      11786
			failures:   5805
			restarts:   0
			no-goods:   0
			peak depth: 78
			runtime:    0.375 (375.000 ms)

	Found best solution and proved optimality.
