	Probing...
		Bounds: [499,3123]
		p3759 [makespan: 879]
		p3759 [makespan: 830]
		p3759 [makespan: 781]
		p3759 [makespan: 779]
			nodes:      29367
			failures:   10004
			peak depth: 413
			runtime:    0.434 (434.000 ms)

	Adjusting...
		Bounds: [499,779]
		Bounds: [640,779]
		Bounds: [710,779]
		p3759 [makespan: 738]
		Bounds: [710,738]
		p3759 [makespan: 721]
		Bounds: [710,721]
		Bounds: [716,721]
		p3759 [makespan: 716]
			nodes:      32188
			failures:   15994
			restarts:   2
			no-goods:   28
			peak depth: 73
			runtime:    1.041 (1041.000 ms)

	Found best solution and proved optimality.
