	Probing...
		Bounds: [479,2104]
		p3778 [makespan: 698]
		p3778 [makespan: 656]
		p3778 [makespan: 639]
		p3778 [makespan: 603]
		p3778 [makespan: 587]
			nodes:      6238
			failures:   0
			peak depth: 276
			runtime:    0.054 (54.000 ms)

	Adjusting...
		Bounds: [479,587]
		Bounds: [534,587]
		p3778 [makespan: 555]
		Bounds: [534,555]
		Bounds: [545,555]
		p3778 [makespan: 547]
		Bounds: [545,547]
			nodes:      154
			failures:   37
			restarts:   0
			no-goods:   0
			peak depth: 59
			runtime:    0.004 (4.000 ms)

	Found best solution and proved optimality.
