	Probing...
		Bounds: [521,1822]
		p3834 [makespan: 688]
		p3834 [makespan: 614]
		p3834 [makespan: 590]
		p3834 [makespan: 588]
		p3834 [makespan: 586]
			nodes:      6418
			failures:   0
			peak depth: 291
			runtime:    0.039 (39.000 ms)

	Adjusting...
		Bounds: [521,586]
		Bounds: [554,586]
		p3834 [makespan: 570]
		Bounds: [554,570]
		p3834 [makespan: 562]
		Bounds: [554,562]
		p3834 [makespan: 558]
		Bounds: [554,558]
		Bounds: [557,558]
		p3834 [makespan: 557]
			nodes:      257
			failures:   67
			restarts:   0
			no-goods:   0
			peak depth: 36
			runtime:    0.004 (4.000 ms)

	Found best solution and proved optimality.
