	Probing...
		Bounds: [639,3716]
		p3851 [makespan: 888]
		p3851 [makespan: 852]
		p3851 [makespan: 833]
		p3851 [makespan: 787]
			nodes:      10722
			failures:   9
			peak depth: 464
			runtime:    0.114 (114.000 ms)

	Adjusting...
		Bounds: [639,787]
		Bounds: [714,787]
		Bounds: [751,787]
		p3851 [makespan: 761]
		Bounds: [751,761]
		p3851 [makespan: 755]
		Bounds: [751,755]
		p3851 [makespan: 753]
		Bounds: [751,753]
		p3851 [makespan: 752]
		Bounds: [751,752]
		p3851 [makespan: 751]
			nodes:      844
			failures:   279
			restarts:   0
			no-goods:   0
			peak depth: 75
			runtime:    0.026 (26.000 ms)

	Found best solution and proved optimality.
