	Probing...
		Bounds: [592,3542]
		p3985 [makespan: 907]
		p3985 [makespan: 906]
		p3985 [makespan: 824]
		p3985 [makespan: 821]
		p3985 [makespan: 796]
			nodes:      29590
			failures:   10007
			peak depth: 434
			runtime:    0.455 (455.000 ms)

	Adjusting...
		Bounds: [592,796]
		Bounds: [695,796]
		p3985 [makespan: 741]
		Bounds: [695,741]
		p3985 [makespan: 716]
		Bounds: [695,716]
		Bounds: [706,716]
		Bounds: [712,716]
		p3985 [makespan: 713]
		Bounds: [712,713]
			nodes:      40977
			failures:   20401
			restarts:   1
			no-goods:   9
			peak depth: 79
			runtime:    1.599 (1599.000 ms)

	Found best solution and proved optimality.
