	Probing...
		Bounds: [445,2141]
		p3997 [makespan: 914]
		p3997 [makespan: 576]
		p3997 [makespan: 562]
		p3997 [makespan: 541]
			nodes:      5681
			failures:   1
			peak depth: 256
			runtime:    0.034 (34.000 ms)

	Adjusting...
		Bounds: [445,541]
		Bounds: [494,541]
		p3997 [makespan: 516]
		Bounds: [494,516]
		Bounds: [506,516]
		p3997 [makespan: 510]
		Bounds: [506,510]
		Bounds: [509,510]
			nodes:      84
			failures:   13
			restarts:   0
			no-goods:   0
			peak depth: 37
			runtime:    0.001 (1.000 ms)

	Found best solution and proved optimality.
