	Probing...
		Bounds: [486,3076]
		p4135 [makespan: 664]
		p4135 [makespan: 663]
		p4135 [makespan: 630]
			nodes:      9781
			failures:   3
			peak depth: 431
			runtime:    0.096 (96.000 ms)

	Adjusting...
		Bounds: [486,630]
		Bounds: [559,630]
		p4135 [makespan: 594]
		Bounds: [559,594]
		Bounds: [577,594]
		p4135 [makespan: 584]
		Bounds: [577,584]
		Bounds: [581,584]
		Bounds: [583,584]
			nodes:      94
			failures:   7
			restarts:   0
			no-goods:   0
			peak depth: 50
			runtime:    0.002 (2.000 ms)

	Found best solution and proved optimality.
