	Probing...
		Bounds: [511,2591]
		p4198 [makespan: 691]
		p4198 [makespan: 679]
		p4198 [makespan: 654]
		p4198 [makespan: 653]
			nodes:      8154
			failures:   4
			peak depth: 360
			runtime:    0.091 (91.000 ms)

	Adjusting...
		Bounds: [511,653]
		p4198 [makespan: 580]
		Bounds: [511,580]
		Bounds: [546,580]
		Bounds: [564,580]
		Bounds: [573,580]
		p4198 [makespan: 574]
		Bounds: [573,574]
		p4198 [makespan: 573]
			nodes:      497
			failures:   189
			restarts:   0
			no-goods:   0
			peak depth: 52
			runtime:    0.021 (21.000 ms)

	Found best solution and proved optimality.
