	Probing...
		Bounds: [408,1578]
		p4208 [makespan: 626]
		p4208 [makespan: 541]
		p4208 [makespan: 516]
		p4208 [makespan: 506]
			nodes:      5304
			failures:   0
			peak depth: 229
			runtime:    0.040 (40.000 ms)

	Adjusting...
		Bounds: [408,506]
		Bounds: [458,506]
		p4208 [makespan: 479]
		Bounds: [458,479]
		Bounds: [469,479]
		Bounds: [475,479]
		p4208 [makespan: 476]
		Bounds: [475,476]
			nodes:      77
			failures:   6
			restarts:   0
			no-goods:   0
			peak depth: 38
			runtime:    0.001 (1.000 ms)

	Found best solution and proved optimality.
