	Probing...
		Bounds: [679,3940]
		p4215 [makespan: 999]
		p4215 [makespan: 905]
		p4215 [makespan: 836]
		p4215 [makespan: 782]
			nodes:      12038
			failures:   5
			peak depth: 510
			runtime:    0.153 (153.000 ms)

	Adjusting...
		Bounds: [679,782]
		Bounds: [731,782]
		p4215 [makespan: 756]
		Bounds: [731,756]
		p4215 [makespan: 743]
		Bounds: [731,743]
		p4215 [makespan: 737]
		Bounds: [731,737]
		Bounds: [735,737]
			nodes:      1512
			failures:   663
			restarts:   0
			no-goods:   0
			peak depth: 67
			runtime:    0.052 (52.000 ms)

	Found best solution and proved optimality.
