	Probing...
		Bounds: [474,2856]
		p4229 [makespan: 581]
		p4229 [makespan: 576]
			nodes:      9754
			failures:   2
			peak depth: 425
			runtime:    0.122 (122.000 ms)

	Adjusting...
		Bounds: [474,576]
		Bounds: [526,576]
		p4229 [makespan: 551]
		Bounds: [526,551]
		Bounds: [539,551]
		p4229 [makespan: 545]
		Bounds: [539,545]
		Bounds: [543,545]
		p4229 [makespan: 544]
		Bounds: [543,544]
			nodes:      380
			failures:   115
			restarts:   0
			no-goods:   0
			peak depth: 58
			runtime:    0.010 (10.000 ms)

	Found best solution and proved optimality.
