	Probing...
		Bounds: [615,3693]
		p4272 [makespan: 915]
		p4272 [makespan: 750]
		p4272 [makespan: 726]
			nodes:      10741
			failures:   3
			peak depth: 461
			runtime:    0.112 (112.000 ms)

	Adjusting...
		Bounds: [615,726]
		Bounds: [671,726]
		p4272 [makespan: 695]
		Bounds: [671,695]
		p4272 [makespan: 683]
		Bounds: [671,683]
		p4272 [makespan: 677]
		Bounds: [671,677]
		Bounds: [675,677]
		p4272 [makespan: 675]
			nodes:      519
			failures:   138
			restarts:   0
			no-goods:   0
			peak depth: 68
			runtime:    0.015 (15.000 ms)

	Found best solution and proved optimality.
