	Probing...
		Bounds: [502,2426]
		p4441 [makespan: 584]
		p4441 [makespan: 546]
		p4441 [makespan: 533]
		p4441 [makespan: 514]
		p4441 [makespan: 510]
			nodes:      8363
			failures:   5
			peak depth: 371
			runtime:    0.083 (83.000 ms)

	Adjusting...
		Bounds: [502,510]
		p4441 [makespan: 505]
		Bounds: [502,505]
		p4441 [makespan: 502]
			nodes:      120
			failures:   1
			restarts:   0
			no-goods:   0
			peak depth: 59
			runtime:    0.002 (2.000 ms)

	Found best solution and proved optimality.
