	Probing...
		Bounds: [590,3773]
		p4460 [makespan: 834]
		p4460 [makespan: 790]
		p4460 [makespan: 781]
			nodes:      11133
			failures:   3
			peak depth: 495
			runtime:    0.114 (114.000 ms)

	Adjusting...
		Bounds: [590,781]
		Bounds: [686,781]
		Bounds: [734,781]
		p4460 [makespan: 756]
		Bounds: [734,756]
		Bounds: [746,756]
		Bounds: [752,756]
		p4460 [makespan: 752]
			nodes:      147
			failures:   22
			restarts:   0
			no-goods:   0
			peak depth: 61
			runtime:    0.003 (3.000 ms)

	Found best solution and proved optimality.
