	Probing...
		Bounds: [564,3063]
		p4598 [makespan: 1027]
		p4598 [makespan: 809]
		p4598 [makespan: 802]
		p4598 [makespan: 752]
		p4598 [makespan: 726]
		p4598 [makespan: 693]
			nodes:      9699
			failures:   0
			peak depth: 441
			runtime:    0.107 (107.000 ms)

	Adjusting...
		Bounds: [564,693]
		Bounds: [629,693]
		p4598 [makespan: 661]
		Bounds: [629,661]
		p4598 [makespan: 645]
		Bounds: [629,645]
		Bounds: [638,645]
		Bounds: [642,645]
		p4598 [makespan: 642]
			nodes:      3687
			failures:   1763
			restarts:   0
			no-goods:   0
			peak depth: 69
			runtime:    0.143 (143.000 ms)

	Found best solution and proved optimality.
