	Probing...
		Bounds: [508,2732]
		p4635 [makespan: 937]
		p4635 [makespan: 726]
			nodes:      27411
			failures:   10004
			peak depth: 341
			runtime:    0.318 (318.000 ms)

	Adjusting...
		Bounds: [508,726]
		Bounds: [618,726]
		p4635 [makespan: 671]
		Bounds: [618,671]
		p4635 [makespan: 638]
		Bounds: [618,638]
		Bounds: [629,638]
		p4635 [makespan: 631]
		Bounds: [629,631]
			nodes:      1133
			failures:   508
			restarts:   0
			no-goods:   0
			peak depth: 51
			runtime:    0.034 (34.000 ms)

	Found best solution and proved optimality.
