	Probing...
		Bounds: [623,3208]
		p4683 [makespan: 711]
		p4683 [makespan: 698]
			nodes:      9644
			failures:   3
			peak depth: 416
			runtime:    0.082 (82.000 ms)

	Adjusting...
		Bounds: [623,698]
		Bounds: [661,698]
		Bounds: [680,698]
		p4683 [makespan: 687]
		Bounds: [680,687]
		p4683 [makespan: 681]
		Bounds: [680,681]
		p4683 [makespan: 680]
			nodes:      142
			failures:   7
			restarts:   0
			no-goods:   0
			peak depth: 52
			runtime:    0.002 (2.000 ms)

	Found best solution and proved optimality.
