	Probing...
		Bounds: [579,3702]
		p4693 [makespan: 911]
		p4693 [makespan: 830]
		p4693 [makespan: 819]
		p4693 [makespan: 780]
			nodes:      10927
			failures:   6
			peak depth: 494
			runtime:    0.132 (132.000 ms)

	Adjusting...
		Bounds: [579,780]
		Bounds: [680,780]
		p4693 [makespan: 729]
		Bounds: [680,729]
		Bounds: [705,729]
		p4693 [makespan: 714]
		Bounds: [705,714]
		p4693 [makespan: 709]
		Bounds: [705,709]
		p4693 [makespan: 707]
		Bounds: [705,707]
			nodes:      23655
			failures:   11709
			restarts:   0
			no-goods:   0
			peak depth: 73
			runtime:    1.028 (1028.000 ms)

	Found best solution and proved optimality.
