	Probing...
		Bounds: [496,2864]
		p4793 [makespan: 633]
			nodes:      29452
			failures:   10004
			peak depth: 425
			runtime:    0.483 (483.000 ms)

	Adjusting...
		Bounds: [496,633]
		Bounds: [565,633]
		p4793 [makespan: 599]
		Bounds: [565,599]
		p4793 [makespan: 582]
		Bounds: [565,582]
		p4793 [makespan: 573]
		Bounds: [565,573]
		Bounds: [570,573]
		Bounds: [572,573]
			nodes:      257
			failures:   61
			restarts:   0
			no-goods:   0
			peak depth: 50
			runtime:    0.009 (9.000 ms)

	Found best solution and proved optimality.
