	Probing...
		Bounds: [426,1798]
		p4852 [makespan: 556]
		p4852 [makespan: 549]
		p4852 [makespan: 527]
			nodes:      5377
			failures:   3
			peak depth: 252
			runtime:    0.040 (40.000 ms)

	Adjusting...
		Bounds: [426,527]
		Bounds: [477,527]
		p4852 [makespan: 499]
		Bounds: [477,499]
		Bounds: [489,499]
		p4852 [makespan: 494]
		Bounds: [489,494]
		p4852 [makespan: 489]
			nodes:      133
			failures:   24
			restarts:   0
			no-goods:   0
			peak depth: 38
			runtime:    0.003 (3.000 ms)

	Found best solution and proved optimality.
