	Probing...
		Bounds: [584,3380]
		p4959 [makespan: 1010]
		p4959 [makespan: 789]
		p4959 [makespan: 760]
			nodes:      10866
			failures:   3
			peak depth: 479
			runtime:    0.130 (130.000 ms)

	Adjusting...
		Bounds: [584,760]
		Bounds: [673,760]
		p4959 [makespan: 716]
		Bounds: [673,716]
		p4959 [makespan: 694]
		Bounds: [673,694]
		Bounds: [684,694]
		p4959 [makespan: 688]
		Bounds: [684,688]
		Bounds: [687,688]
			nodes:      22090
			failures:   10955
			restarts:   0
			no-goods:   0
			peak depth: 77
			runtime:    0.856 (856.000 ms)

	Found best solution and proved optimality.
