	Probing...
		Bounds: [509,3164]
		p5092 [makespan: 825]
		p5092 [makespan: 754]
		p5092 [makespan: 731]
		p5092 [makespan: 697]
			nodes:      9882
			failures:   1
			peak depth: 447
			runtime:    0.098 (98.000 ms)

	Adjusting...
		Bounds: [509,697]
		Bounds: [604,697]
		Bounds: [651,697]
		Bounds: [675,697]
		p5092 [makespan: 685]
		Bounds: [675,685]
		p5092 [makespan: 677]
		Bounds: [675,677]
			nodes:      4734
			failures:   2316
			restarts:   0
			no-goods:   0
			peak depth: 61
			runtime:    0.166 (166.000 ms)

	Found best solution and proved optimality.
