	Probing...
		Bounds: [622,3253]
		p5102 [makespan: 816]
		p5102 [makespan: 814]
		p5102 [makespan: 803]
		p5102 [makespan: 784]
		p5102 [makespan: 777]
		p5102 [makespan: 754]
			nodes:      9819
			failures:   3
			peak depth: 431
			runtime:    0.096 (96.000 ms)

	Adjusting...
		Bounds: [622,754]
		p5102 [makespan: 685]
		Bounds: [622,685]
		Bounds: [654,685]
		Bounds: [670,685]
		Bounds: [678,685]
		Bounds: [682,685]
		Bounds: [684,685]
			nodes:      51
			failures:   6
			restarts:   0
			no-goods:   0
			peak depth: 50
			runtime:    0.000 (0.000 ms)

	Found best solution and proved optimality.
