	Probing...
		Bounds: [546,3143]
		p5210 [makespan: 988]
		p5210 [makespan: 811]
		p5210 [makespan: 796]
		p5210 [makespan: 774]
			nodes:      9480
			failures:   2
			peak depth: 423
			runtime:    0.083 (83.000 ms)

	Adjusting...
		Bounds: [546,774]
		Bounds: [661,774]
		p5210 [makespan: 716]
		Bounds: [661,716]
		p5210 [makespan: 687]
		Bounds: [661,687]
		p5210 [makespan: 674]
		Bounds: [661,674]
		Bounds: [668,674]
		Bounds: [672,674]
			nodes:      157
			failures:   7
			restarts:   0
			no-goods:   0
			peak depth: 58
			runtime:    0.003 (3.000 ms)

	Found best solution and proved optimality.
