	Probing...
		Bounds: [444,1983]
		p5320 [makespan: 598]
		p5320 [makespan: 584]
			nodes:      5571
			failures:   3
			peak depth: 255
			runtime:    0.035 (35.000 ms)

	Adjusting...
		Bounds: [444,584]
		Bounds: [515,584]
		Bounds: [550,584]
		Bounds: [568,584]
		p5320 [makespan: 575]
		Bounds: [568,575]
		Bounds: [572,575]
		Bounds: [574,575]
		p5320 [makespan: 574]
			nodes:      74
			failures:   9
			restarts:   0
			no-goods:   0
			peak depth: 37
			runtime:    0.001 (1.000 ms)

	Found best solution and proved optimality.
