	Probing...
		Bounds: [535,3087]
		p5392 [makespan: 805]
		p5392 [makespan: 779]
		p5392 [makespan: 725]
		p5392 [makespan: 711]
		p5392 [makespan: 702]
		p5392 [makespan: 657]
			nodes:      9493
			failures:   3
			peak depth: 419
			runtime:    0.094 (94.000 ms)

	Adjusting...
		Bounds: [535,657]
		Bounds: [597,657]
		Bounds: [628,657]
		p5392 [makespan: 640]
		Bounds: [628,640]
		Bounds: [635,640]
		Bounds: [638,640]
		p5392 [makespan: 639]
		Bounds: [638,639]
			nodes:      374
			failures:   138
			restarts:   0
			no-goods:   0
			peak depth: 65
			runtime:    0.014 (14.000 ms)

	Found best solution and proved optimality.
