	Probing...
		Bounds: [503,2128]
		p5548 [makespan: 683]
		p5548 [makespan: 678]
		p5548 [makespan: 675]
		p5548 [makespan: 659]
		p5548 [makespan: 656]
		p5548 [makespan: 655]
			nodes:      6690
			failures:   4
			peak depth: 309
			runtime:    0.080 (80.000 ms)

	Adjusting...
		Bounds: [503,655]
		Bounds: [580,655]
		p5548 [makespan: 616]
		Bounds: [580,616]
		p5548 [makespan: 596]
		Bounds: [580,596]
		p5548 [makespan: 588]
		Bounds: [580,588]
		Bounds: [585,588]
		p5548 [makespan: 586]
		Bounds: [585,586]
			nodes:      4782
			failures:   2303
			restarts:   0
			no-goods:   0
			peak depth: 58
			runtime:    0.162 (162.000 ms)

	Found best solution and proved optimality.
