	Probing...
		Bounds: [531,3041]
		p5588 [makespan: 876]
		p5588 [makespan: 829]
		p5588 [makespan: 772]
		p5588 [makespan: 727]
		p5588 [makespan: 702]
		p5588 [makespan: 700]
			nodes:      9668
			failures:   6
			peak depth: 424
			runtime:    0.097 (97.000 ms)

	Adjusting...
		Bounds: [531,700]
		Bounds: [616,700]
		p5588 [makespan: 657]
		Bounds: [616,657]
		Bounds: [637,657]
		p5588 [makespan: 647]
		Bounds: [637,647]
		Bounds: [643,647]
		Bounds: [646,647]
			nodes:      484
			failures:   198
			restarts:   0
			no-goods:   0
			peak depth: 56
			runtime:    0.016 (16.000 ms)

	Found best solution and proved optimality.
