	Probing...
		Bounds: [657,4474]
		p5664 [makespan: 1005]
		p5664 [makespan: 947]
		p5664 [makespan: 921]
		p5664 [makespan: 893]
		p5664 [makespan: 820]
			nodes:      12439
			failures:   5
			peak depth: 572
			runtime:    0.150 (150.000 ms)

	Adjusting...
		Bounds: [657,820]
		Bounds: [739,820]
		Bounds: [780,820]
		Bounds: [801,820]
		Bounds: [811,820]
		Bounds: [816,820]
		Bounds: [819,820]
			nodes:      1569
			failures:   789
			restarts:   0
			no-goods:   0
			peak depth: 36
			runtime:    0.076 (76.000 ms)

	Found best solution and proved optimality.
