	Probing...
		Bounds: [613,2461]
		p5666 [makespan: 781]
		p5666 [makespan: 742]
		p5666 [makespan: 741]
		p5666 [makespan: 729]
			nodes:      7407
			failures:   1
			peak depth: 324
			runtime:    0.052 (52.000 ms)

	Adjusting...
		Bounds: [613,729]
		Bounds: [672,729]
		Bounds: [701,729]
		p5666 [makespan: 709]
		Bounds: [701,709]
		Bounds: [706,709]
		p5666 [makespan: 706]
			nodes:      339
			failures:   126
			restarts:   0
			no-goods:   0
			peak depth: 46
			runtime:    0.008 (8.000 ms)

	Found best solution and proved optimality.
