	Probing...
		Bounds: [516,2653]
		p5675 [makespan: 916]
		p5675 [makespan: 707]
		p5675 [makespan: 706]
		p5675 [makespan: 656]
		p5675 [makespan: 653]
			nodes:      7589
			failures:   2
			peak depth: 333
			runtime:    0.063 (63.000 ms)

	Adjusting...
		Bounds: [516,653]
		Bounds: [585,653]
		Bounds: [620,653]
		Bounds: [637,653]
		p5675 [makespan: 644]
		Bounds: [637,644]
		Bounds: [641,644]
		Bounds: [643,644]
		p5675 [makespan: 643]
			nodes:      487
			failures:   203
			restarts:   0
			no-goods:   0
			peak depth: 52
			runtime:    0.012 (12.000 ms)

	Found best solution and proved optimality.
