	Probing...
		Bounds: [609,4215]
		p5682 [makespan: 1018]
		p5682 [makespan: 821]
		p5682 [makespan: 809]
			nodes:      12459
			failures:   4
			peak depth: 539
			runtime:    0.151 (151.000 ms)

	Adjusting...
		Bounds: [609,809]
		Bounds: [710,809]
		p5682 [makespan: 759]
		Bounds: [710,759]
		Bounds: [735,759]
		p5682 [makespan: 747]
		Bounds: [735,747]
		p5682 [makespan: 739]
		Bounds: [735,739]
		Bounds: [738,739]
			nodes:      209
			failures:   17
			restarts:   0
			no-goods:   0
			peak depth: 70
			runtime:    0.005 (5.000 ms)

	Found best solution and proved optimality.
