	Probing...
		Bounds: [402,1924]
		p5696 [makespan: 690]
		p5696 [makespan: 649]
		p5696 [makespan: 647]
		p5696 [makespan: 605]
		p5696 [makespan: 595]
			nodes:      5626
			failures:   3
			peak depth: 252
			runtime:    0.036 (36.000 ms)

	Adjusting...
		Bounds: [402,595]
		Bounds: [499,595]
		Bounds: [548,595]
		p5696 [makespan: 569]
		Bounds: [548,569]
		p5696 [makespan: 558]
		Bounds: [548,558]
		p5696 [makespan: 552]
		Bounds: [548,552]
		Bounds: [551,552]
			nodes:      107
			failures:   13
			restarts:   0
			no-goods:   0
			peak depth: 33
			runtime:    0.001 (1.000 ms)

	Found best solution and proved optimality.
