	Probing...
		Bounds: [427,1675]
		p5742 [makespan: 826]
		p5742 [makespan: 622]
		p5742 [makespan: 592]
		p5742 [makespan: 558]
		p5742 [makespan: 528]
			nodes:      5380
			failures:   0
			peak depth: 247
			runtime:    0.034 (34.000 ms)

	Adjusting...
		Bounds: [427,528]
		Bounds: [478,528]
		Bounds: [504,528]
		Bounds: [517,528]
		Bounds: [523,528]
		Bounds: [526,528]
			nodes:      286
			failures:   147
			restarts:   0
			no-goods:   0
			peak depth: 25
			runtime:    0.005 (5.000 ms)

	Found best solution and proved optimality.
