	Probing...
		Bounds: [569,2624]
		p5930 [makespan: 765]
		p5930 [makespan: 656]
		p5930 [makespan: 634]
			nodes:      6968
			failures:   4
			peak depth: 335
			runtime:    0.072 (72.000 ms)

	Adjusting...
		Bounds: [569,634]
		p5930 [makespan: 600]
		Bounds: [569,600]
		p5930 [makespan: 584]
		Bounds: [569,584]
		Bounds: [577,584]
		Bounds: [581,584]
		p5930 [makespan: 582]
		Bounds: [581,582]
			nodes:      257
			failures:   70
			restarts:   0
			no-goods:   0
			peak depth: 54
			runtime:    0.006 (6.000 ms)

	Found best solution and proved optimality.
