	Probing...
		Bounds: [502,3163]
		p5982 [makespan: 654]
		p5982 [makespan: 630]
			nodes:      10508
			failures:   2
			peak depth: 474
			runtime:    0.110 (110.000 ms)

	Adjusting...
		Bounds: [502,630]
		Bounds: [567,630]
		p5982 [makespan: 597]
		Bounds: [567,597]
		p5982 [makespan: 575]
		Bounds: [567,575]
		Bounds: [572,575]
		Bounds: [574,575]
			nodes:      660
			failures:   264
			restarts:   0
			no-goods:   0
			peak depth: 76
			runtime:    0.021 (21.000 ms)

	Found best solution and proved optimality.
