	Probing...
		Bounds: [550,3083]
		p6002 [makespan: 882]
		p6002 [makespan: 774]
		p6002 [makespan: 751]
		p6002 [makespan: 738]
		p6002 [makespan: 724]
			nodes:      8502
			failures:   3
			peak depth: 364
			runtime:    0.085 (85.000 ms)

	Adjusting...
		Bounds: [550,724]
		p6002 [makespan: 637]
		Bounds: [550,637]
		Bounds: [594,637]
		Bounds: [616,637]
		Bounds: [627,637]
		Bounds: [633,637]
		Bounds: [636,637]
			nodes:      221
			failures:   94
			restarts:   0
			no-goods:   0
			peak depth: 45
			runtime:    0.007 (7.000 ms)

	Found best solution and proved optimality.
