	Probing...
		Bounds: [617,3774]
		p6018 [makespan: 962]
		p6018 [makespan: 921]
		p6018 [makespan: 906]
		p6018 [makespan: 902]
		p6018 [makespan: 843]
		p6018 [makespan: 834]
		p6018 [makespan: 823]
		p6018 [makespan: 820]
		p6018 [makespan: 769]
			nodes:      10885
			failures:   3
			peak depth: 472
			runtime:    0.131 (131.000 ms)

	Adjusting...
		Bounds: [617,769]
		Bounds: [694,769]
		p6018 [makespan: 730]
		Bounds: [694,730]
		p6018 [makespan: 711]
		Bounds: [694,711]
		p6018 [makespan: 699]
		Bounds: [694,699]
		Bounds: [697,699]
			nodes:      238
			failures:   38
			restarts:   0
			no-goods:   0
			peak depth: 69
			runtime:    0.008 (8.000 ms)

	Found best solution and proved optimality.
