	Probing...
		Bounds: [526,3549]
		p6026 [makespan: 769]
		p6026 [makespan: 768]
		p6026 [makespan: 765]
		p6026 [makespan: 760]
		p6026 [makespan: 756]
			nodes:      11002
			failures:   3
			peak depth: 484
			runtime:    0.130 (130.000 ms)

	Adjusting...
		Bounds: [526,756]
		Bounds: [642,756]
		p6026 [makespan: 699]
		Bounds: [642,699]
		Bounds: [671,699]
		p6026 [makespan: 681]
		Bounds: [671,681]
		p6026 [makespan: 675]
		Bounds: [671,675]
		Bounds: [674,675]
			nodes:      39964
			failures:   19883
			restarts:   1
			no-goods:   5
			peak depth: 106
			runtime:    1.546 (1546.000 ms)

	Found best solution and proved optimality.
