	Probing...
		Bounds: [553,2549]
		p6045 [makespan: 786]
		p6045 [makespan: 744]
		p6045 [makespan: 730]
		p6045 [makespan: 670]
			nodes:      7074
			failures:   5
			peak depth: 311
			runtime:    0.068 (68.000 ms)

	Adjusting...
		Bounds: [553,670]
		Bounds: [612,670]
		p6045 [makespan: 633]
		Bounds: [612,633]
		p6045 [makespan: 621]
		Bounds: [612,621]
		Bounds: [617,621]
		Bounds: [620,621]
			nodes:      1284
			failures:   609
			restarts:   0
			no-goods:   0
			peak depth: 48
			runtime:    0.043 (43.000 ms)

	Found best solution and proved optimality.
