	Probing...
		Bounds: [514,3324]
		p6078 [makespan: 850]
		p6078 [makespan: 841]
		p6078 [makespan: 828]
		p6078 [makespan: 796]
		p6078 [makespan: 776]
		p6078 [makespan: 739]
			nodes:      10594
			failures:   7
			peak depth: 469
			runtime:    0.112 (112.000 ms)

	Adjusting...
		Bounds: [514,739]
		Bounds: [627,739]
		Bounds: [684,739]
		p6078 [makespan: 711]
		Bounds: [684,711]
		p6078 [makespan: 696]
		Bounds: [684,696]
		p6078 [makespan: 690]
		Bounds: [684,690]
		Bounds: [688,690]
			nodes:      234
			failures:   33
			restarts:   0
			no-goods:   0
			peak depth: 65
			runtime:    0.006 (6.000 ms)

	Found best solution and proved optimality.
