	Probing...
		Bounds: [527,2092]
		p6314 [makespan: 640]
		p6314 [makespan: 602]
			nodes:      7041
			failures:   3
			peak depth: 306
			runtime:    0.073 (73.000 ms)

	Adjusting...
		Bounds: [527,602]
		p6314 [makespan: 564]
		Bounds: [527,564]
		p6314 [makespan: 543]
		Bounds: [527,543]
		Bounds: [536,543]
		Bounds: [540,543]
		Bounds: [542,543]
		p6314 [makespan: 542]
			nodes:      594
			failures:   236
			restarts:   0
			no-goods:   0
			peak depth: 51
			runtime:    0.018 (18.000 ms)

	Found best solution and proved optimality.
