	Probing...
		Bounds: [518,2296]
		p6330 [makespan: 749]
		p6330 [makespan: 705]
		p6330 [makespan: 668]
		p6330 [makespan: 629]
		p6330 [makespan: 624]
		p6330 [makespan: 596]
			nodes:      6903
			failures:   2
			peak depth: 301
			runtime:    0.072 (72.000 ms)

	Adjusting...
		Bounds: [518,596]
		p6330 [makespan: 551]
		Bounds: [518,551]
		Bounds: [535,551]
		p6330 [makespan: 543]
		Bounds: [535,543]
		Bounds: [540,543]
		p6330 [makespan: 541]
		Bounds: [540,541]
			nodes:      848
			failures:   369
			restarts:   0
			no-goods:   0
			peak depth: 53
			runtime:    0.026 (26.000 ms)

	Found best solution and proved optimality.
