	Probing...
		Bounds: [616,2746]
		p6437 [makespan: 896]
		p6437 [makespan: 668]
		p6437 [makespan: 666]
		p6437 [makespan: 632]
			nodes:      8337
			failures:   5
			peak depth: 355
			runtime:    0.093 (93.000 ms)

	Adjusting...
		Bounds: [616,632]
		p6437 [makespan: 624]
		Bounds: [616,624]
		p6437 [makespan: 619]
		Bounds: [616,619]
		p6437 [makespan: 616]
			nodes:      449
			failures:   139
			restarts:   0
			no-goods:   0
			peak depth: 73
			runtime:    0.012 (12.000 ms)

	Found best solution and proved optimality.
