	Probing...
		Bounds: [464,2496]
		p6516 [makespan: 797]
		p6516 [makespan: 695]
		p6516 [makespan: 693]
		p6516 [makespan: 666]
		p6516 [makespan: 656]
			nodes:      8038
			failures:   2
			peak depth: 358
			runtime:    0.082 (82.000 ms)

	Adjusting...
		Bounds: [464,656]
		Bounds: [561,656]
		p6516 [makespan: 606]
		Bounds: [561,606]
		p6516 [makespan: 573]
		Bounds: [561,573]
		Bounds: [568,573]
		Bounds: [571,573]
			nodes:      216
			failures:   55
			restarts:   0
			no-goods:   0
			peak depth: 57
			runtime:    0.006 (6.000 ms)

	Found best solution and proved optimality.
