	Probing...
		Bounds: [556,2685]
		p6568 [makespan: 791]
		p6568 [makespan: 678]
			nodes:      8363
			failures:   5
			peak depth: 368
			runtime:    0.093 (93.000 ms)

	Adjusting...
		Bounds: [556,678]
		Bounds: [618,678]
		p6568 [makespan: 647]
		Bounds: [618,647]
		p6568 [makespan: 629]
		Bounds: [618,629]
		p6568 [makespan: 621]
		Bounds: [618,621]
		p6568 [makespan: 619]
		Bounds: [618,619]
			nodes:      682
			failures:   224
			restarts:   0
			no-goods:   0
			peak depth: 71
			runtime:    0.025 (25.000 ms)

	Found best solution and proved optimality.
