	Probing...
		Bounds: [641,3676]
		p6711 [makespan: 1140]
		p6711 [makespan: 904]
		p6711 [makespan: 900]
			nodes:      9666
			failures:   2
			peak depth: 427
			runtime:    0.081 (81.000 ms)

	Adjusting...
		Bounds: [641,900]
		Bounds: [771,900]
		Bounds: [836,900]
		p6711 [makespan: 866]
		Bounds: [836,866]
		Bounds: [852,866]
		p6711 [makespan: 859]
		Bounds: [852,859]
		p6711 [makespan: 855]
		Bounds: [852,855]
		p6711 [makespan: 853]
		Bounds: [852,853]
		p6711 [makespan: 852]
			nodes:      313
			failures:   46
			restarts:   0
			no-goods:   0
			peak depth: 52
			runtime:    0.007 (7.000 ms)

	Found best solution and proved optimality.
