	Probing...
		Bounds: [519,3076]
		p6720 [makespan: 808]
		p6720 [makespan: 780]
		p6720 [makespan: 764]
		p6720 [makespan: 729]
		p6720 [makespan: 724]
		p6720 [makespan: 721]
			nodes:      9871
			failures:   5
			peak depth: 437
			runtime:    0.097 (97.000 ms)

	Adjusting...
		Bounds: [519,721]
		Bounds: [621,721]
		p6720 [makespan: 671]
		Bounds: [621,671]
		Bounds: [647,671]
		p6720 [makespan: 659]
		Bounds: [647,659]
		p6720 [makespan: 650]
		Bounds: [647,650]
		Bounds: [649,650]
			nodes:      641
			failures:   254
			restarts:   0
			no-goods:   0
			peak depth: 54
			runtime:    0.022 (22.000 ms)

	Found best solution and proved optimality.
