	Probing...
		Bounds: [673,3352]
		p6842 [makespan: 939]
		p6842 [makespan: 853]
		p6842 [makespan: 772]
		p6842 [makespan: 768]
		p6842 [makespan: 762]
		p6842 [makespan: 754]
			nodes:      10782
			failures:   2
			peak depth: 470
			runtime:    0.114 (114.000 ms)

	Adjusting...
		Bounds: [673,754]
		p6842 [makespan: 709]
		Bounds: [673,709]
		Bounds: [692,709]
		Bounds: [701,709]
		Bounds: [706,709]
		p6842 [makespan: 706]
			nodes:      454
			failures:   164
			restarts:   0
			no-goods:   0
			peak depth: 72
			runtime:    0.013 (13.000 ms)

	Found best solution and proved optimality.
