	Probing...
		Bounds: [619,3926]
		p6911 [makespan: 920]
		p6911 [makespan: 883]
		p6911 [makespan: 833]
			nodes:      30753
			failures:   10001
			peak depth: 470
			runtime:    0.480 (480.000 ms)

	Adjusting...
		Bounds: [619,833]
		Bounds: [727,833]
		Bounds: [781,833]
		p6911 [makespan: 806]
		Bounds: [781,806]
		p6911 [makespan: 792]
		Bounds: [781,792]
		p6911 [makespan: 786]
		Bounds: [781,786]
		p6911 [makespan: 783]
		Bounds: [781,783]
			nodes:      3834
			failures:   1809
			restarts:   0
			no-goods:   0
			peak depth: 74
			runtime:    0.141 (141.000 ms)

	Found best solution and proved optimality.
