	Probing...
		Bounds: [452,1724]
		p6989 [makespan: 622]
		p6989 [makespan: 504]
		p6989 [makespan: 490]
		p6989 [makespan: 489]
		p6989 [makespan: 479]
			nodes:      5505
			failures:   0
			peak depth: 246
			runtime:    0.040 (40.000 ms)

	Adjusting...
		Bounds: [452,479]
		p6989 [makespan: 464]
		Bounds: [452,464]
		p6989 [makespan: 455]
		Bounds: [452,455]
		p6989 [makespan: 452]
			nodes:      111
			failures:   3
			restarts:   0
			no-goods:   0
			peak depth: 41
			runtime:    0.002 (2.000 ms)

	Found best solution and proved optimality.
