	Probing...
		Bounds: [634,4159]
		p6997 [makespan: 1044]
		p6997 [makespan: 929]
		p6997 [makespan: 924]
		p6997 [makespan: 855]
		p6997 [makespan: 835]
			nodes:      12288
			failures:   3
			peak depth: 543
			runtime:    0.152 (152.000 ms)

	Adjusting...
		Bounds: [634,835]
		Bounds: [735,835]
		p6997 [makespan: 784]
		Bounds: [735,784]
		Bounds: [760,784]
		p6997 [makespan: 771]
		Bounds: [760,771]
		Bounds: [766,771]
		p6997 [makespan: 768]
		Bounds: [766,768]
			nodes:      175
			failures:   13
			restarts:   0
			no-goods:   0
			peak depth: 69
			runtime:    0.004 (4.000 ms)

	Found best solution and proved optimality.
