	Probing...
		Bounds: [554,3073]
		p7022 [makespan: 826]
		p7022 [makespan: 760]
		p7022 [makespan: 733]
		p7022 [makespan: 721]
		p7022 [makespan: 710]
			nodes:      29485
			failures:   10003
			peak depth: 425
			runtime:    0.396 (396.000 ms)

	Adjusting...
		Bounds: [554,710]
		Bounds: [633,710]
		p7022 [makespan: 671]
		Bounds: [633,671]
		Bounds: [653,671]
		p7022 [makespan: 659]
		Bounds: [653,659]
		Bounds: [657,659]
			nodes:      375
			failures:   146
			restarts:   0
			no-goods:   0
			peak depth: 49
			runtime:    0.013 (13.000 ms)

	Found best solution and proved optimality.
