	Probing...
		Bounds: [591,3609]
		p7023 [makespan: 1083]
		p7023 [makespan: 914]
		p7023 [makespan: 891]
		p7023 [makespan: 828]
		p7023 [makespan: 823]
			nodes:      10883
			failures:   0
			peak depth: 483
			runtime:    0.112 (112.000 ms)

	Adjusting...
		Bounds: [591,823]
		Bounds: [708,823]
		p7023 [makespan: 763]
		Bounds: [708,763]
		p7023 [makespan: 731]
		Bounds: [708,731]
		Bounds: [720,731]
		Bounds: [726,731]
		Bounds: [729,731]
			nodes:      536
			failures:   209
			restarts:   0
			no-goods:   0
			peak depth: 66
			runtime:    0.018 (18.000 ms)

	Found best solution and proved optimality.
