	Probing...
		Bounds: [567,3104]
		p7036 [makespan: 728]
		p7036 [makespan: 712]
			nodes:      8860
			failures:   2
			peak depth: 410
			runtime:    0.084 (84.000 ms)

	Adjusting...
		Bounds: [567,712]
		Bounds: [640,712]
		p7036 [makespan: 676]
		Bounds: [640,676]
		Bounds: [659,676]
		Bounds: [668,676]
		Bounds: [673,676]
		Bounds: [675,676]
			nodes:      716
			failures:   339
			restarts:   0
			no-goods:   0
			peak depth: 50
			runtime:    0.022 (22.000 ms)

	Found best solution and proved optimality.
