	Probing...
		Bounds: [507,2283]
		p7134 [makespan: 787]
		p7134 [makespan: 607]
		p7134 [makespan: 574]
			nodes:      6797
			failures:   13
			peak depth: 292
			runtime:    0.075 (75.000 ms)

	Adjusting...
		Bounds: [507,574]
		p7134 [makespan: 537]
		Bounds: [507,537]
		p7134 [makespan: 522]
		Bounds: [507,522]
		p7134 [makespan: 513]
		Bounds: [507,513]
		p7134 [makespan: 510]
		Bounds: [507,510]
		p7134 [makespan: 507]
			nodes:      1958
			failures:   889
			restarts:   0
			no-goods:   0
			peak depth: 48
			runtime:    0.070 (70.000 ms)

	Found best solution and proved optimality.
