	Probing...
		Bounds: [541,2797]
		p7183 [makespan: 673]
		p7183 [makespan: 635]
		p7183 [makespan: 621]
			nodes:      8735
			failures:   7
			peak depth: 397
			runtime:    0.072 (72.000 ms)

	Adjusting...
		Bounds: [541,621]
		Bounds: [582,621]
		p7183 [makespan: 601]
		Bounds: [582,601]
		Bounds: [592,601]
		Bounds: [597,601]
		p7183 [makespan: 599]
		Bounds: [597,599]
			nodes:      582
			failures:   255
			restarts:   0
			no-goods:   0
			peak depth: 44
			runtime:    0.022 (22.000 ms)

	Found best solution and proved optimality.
