	Probing...
		Bounds: [451,2624]
		p7180 [makespan: 662]
		p7180 [makespan: 632]
		p7180 [makespan: 618]
		p7180 [makespan: 615]
			nodes:      8627
			failures:   2
			peak depth: 378
			runtime:    0.074 (74.000 ms)

	Adjusting...
		Bounds: [451,615]
		Bounds: [534,615]
		Bounds: [575,615]
		p7180 [makespan: 593]
		Bounds: [575,593]
		Bounds: [585,593]
		Bounds: [590,593]
		p7180 [makespan: 591]
		Bounds: [590,591]
			nodes:      199
			failures:   51
			restarts:   0
			no-goods:   0
			peak depth: 57
			runtime:    0.003 (3.000 ms)

	Found best solution and proved optimality.
