	Probing...
		Bounds: [575,3229]
		p7230 [makespan: 802]
		p7230 [makespan: 762]
		p7230 [makespan: 735]
			nodes:      9637
			failures:   5
			peak depth: 444
			runtime:    0.109 (109.000 ms)

	Adjusting...
		Bounds: [575,735]
		p7230 [makespan: 654]
		Bounds: [575,654]
		Bounds: [615,654]
		p7230 [makespan: 623]
		Bounds: [615,623]
		p7230 [makespan: 619]
		Bounds: [615,619]
		Bounds: [618,619]
			nodes:      175
			failures:   27
			restarts:   0
			no-goods:   0
			peak depth: 57
			runtime:    0.005 (5.000 ms)

	Found best solution and proved optimality.
