	Probing...
		Bounds: [535,3341]
		p7271 [makespan: 748]
		p7271 [makespan: 747]
		p7271 [makespan: 746]
		p7271 [makespan: 729]
		p7271 [makespan: 684]
			nodes:      10122
			failures:   3
			peak depth: 455
			runtime:    0.097 (97.000 ms)

	Adjusting...
		Bounds: [535,684]
		Bounds: [610,684]
		Bounds: [648,684]
		p7271 [makespan: 659]
		Bounds: [648,659]
		p7271 [makespan: 652]
		Bounds: [648,652]
		Bounds: [651,652]
			nodes:      516
			failures:   205
			restarts:   0
			no-goods:   0
			peak depth: 64
			runtime:    0.019 (19.000 ms)

	Found best solution and proved optimality.
