	Probing...
		Bounds: [620,2977]
		p7278 [makespan: 959]
		p7278 [makespan: 733]
		p7278 [makespan: 711]
			nodes:      8401
			failures:   2
			peak depth: 380
			runtime:    0.092 (92.000 ms)

	Adjusting...
		Bounds: [620,711]
		p7278 [makespan: 665]
		Bounds: [620,665]
		Bounds: [643,665]
		Bounds: [655,665]
		Bounds: [661,665]
		p7278 [makespan: 661]
			nodes:      5537
			failures:   2722
			restarts:   0
			no-goods:   0
			peak depth: 66
			runtime:    0.212 (212.000 ms)

	Found best solution and proved optimality.
