	Probing...
		Bounds: [461,1944]
		p7340 [makespan: 710]
		p7340 [makespan: 669]
		p7340 [makespan: 594]
			nodes:      5559
			failures:   1
			peak depth: 256
			runtime:    0.040 (40.000 ms)

	Adjusting...
		Bounds: [461,594]
		Bounds: [528,594]
		Bounds: [562,594]
		p7340 [makespan: 578]
		Bounds: [562,578]
		p7340 [makespan: 569]
		Bounds: [562,569]
		Bounds: [566,569]
		Bounds: [568,569]
			nodes:      1445
			failures:   694
			restarts:   0
			no-goods:   0
			peak depth: 36
			runtime:    0.033 (33.000 ms)

	Found best solution and proved optimality.
