	Probing...
		Bounds: [518,2887]
		p7507 [makespan: 848]
		p7507 [makespan: 758]
		p7507 [makespan: 684]
		p7507 [makespan: 671]
			nodes:      8517
			failures:   5
			peak depth: 386
			runtime:    0.074 (74.000 ms)

	Adjusting...
		Bounds: [518,671]
		Bounds: [595,671]
		p7507 [makespan: 632]
		Bounds: [595,632]
		Bounds: [614,632]
		Bounds: [624,632]
		Bounds: [629,632]
		p7507 [makespan: 630]
		Bounds: [629,630]
		p7507 [makespan: 629]
			nodes:      595
			failures:   229
			restarts:   0
			no-goods:   0
			peak depth: 75
			runtime:    0.020 (20.000 ms)

	Found best solution and proved optimality.
