	Probing...
		Bounds: [630,3874]
		p7541 [makespan: 930]
		p7541 [makespan: 869]
			nodes:      30848
			failures:   10008
			peak depth: 482
			runtime:    0.493 (493.000 ms)

	Adjusting...
		Bounds: [630,869]
		Bounds: [750,869]
		p7541 [makespan: 805]
		Bounds: [750,805]
		Bounds: [778,805]
		p7541 [makespan: 791]
		Bounds: [778,791]
		p7541 [makespan: 783]
		Bounds: [778,783]
		p7541 [makespan: 780]
		Bounds: [778,780]
			nodes:      3094
			failures:   1425
			restarts:   0
			no-goods:   0
			peak depth: 72
			runtime:    0.130 (130.000 ms)

	Found best solution and proved optimality.
