	Probing...
		Bounds: [578,4017]
		p7594 [makespan: 971]
		p7594 [makespan: 881]
		p7594 [makespan: 841]
		p7594 [makespan: 803]
			nodes:      11981
			failures:   5
			peak depth: 537
			runtime:    0.161 (161.000 ms)

	Adjusting...
		Bounds: [578,803]
		Bounds: [691,803]
		p7594 [makespan: 743]
		Bounds: [691,743]
		Bounds: [718,743]
		p7594 [makespan: 728]
		Bounds: [718,728]
		Bounds: [724,728]
		p7594 [makespan: 725]
		Bounds: [724,725]
			nodes:      3244
			failures:   1514
			restarts:   0
			no-goods:   0
			peak depth: 79
			runtime:    0.158 (158.000 ms)

	Found best solution and proved optimality.
