	Probing...
		Bounds: [699,3592]
		p7689 [makespan: 1034]
		p7689 [makespan: 841]
		p7689 [makespan: 799]
		p7689 [makespan: 767]
			nodes:      9886
			failures:   6
			peak depth: 426
			runtime:    0.098 (98.000 ms)

	Adjusting...
		Bounds: [699,767]
		Bounds: [734,767]
		p7689 [makespan: 748]
		Bounds: [734,748]
		p7689 [makespan: 736]
		Bounds: [734,736]
		p7689 [makespan: 734]
			nodes:      289
			failures:   73
			restarts:   0
			no-goods:   0
			peak depth: 50
			runtime:    0.007 (7.000 ms)

	Found best solution and proved optimality.
