	Probing...
		Bounds: [451,2146]
		p7695 [makespan: 546]
		p7695 [makespan: 528]
		p7695 [makespan: 499]
			nodes:      7048
			failures:   0
			peak depth: 323
			runtime:    0.050 (50.000 ms)

	Adjusting...
		Bounds: [451,499]
		Bounds: [476,499]
		p7695 [makespan: 484]
		Bounds: [476,484]
		Bounds: [481,484]
		Bounds: [483,484]
		p7695 [makespan: 483]
			nodes:      72
			failures:   3
			restarts:   0
			no-goods:   0
			peak depth: 41
			runtime:    0.001 (1.000 ms)

	Found best solution and proved optimality.
