	Probing...
		Bounds: [639,3716]
		p7701 [makespan: 888]
		p7701 [makespan: 852]
		p7701 [makespan: 833]
		p7701 [makespan: 787]
			nodes:      10722
			failures:   9
			peak depth: 464
			runtime:    0.114 (114.000 ms)

	Adjusting...
		Bounds: [639,787]
		Bounds: [714,787]
		Bounds: [751,787]
		p7701 [makespan: 767]
		Bounds: [751,767]
		p7701 [makespan: 759]
		Bounds: [751,759]
		p7701 [makespan: 755]
		Bounds: [751,755]
		p7701 [makespan: 752]
		Bounds: [751,752]
		p7701 [makespan: 751]
			nodes:      1276
			failures:   509
			restarts:   0
			no-goods:   0
			peak depth: 70
			runtime:    0.046 (46.000 ms)

	Found best solution and proved optimality.
