	Probing...
		Bounds: [549,2669]
		p7735 [makespan: 716]
		p7735 [makespan: 714]
			nodes:      7659
			failures:   1
			peak depth: 355
			runtime:    0.059 (59.000 ms)

	Adjusting...
		Bounds: [549,714]
		Bounds: [632,714]
		Bounds: [674,714]
		p7735 [makespan: 693]
		Bounds: [674,693]
		p7735 [makespan: 683]
		Bounds: [674,683]
		Bounds: [679,683]
		Bounds: [682,683]
			nodes:      334
			failures:   131
			restarts:   0
			no-goods:   0
			peak depth: 44
			runtime:    0.007 (7.000 ms)

	Found best solution and proved optimality.
