	Probing...
		Bounds: [461,2080]
		p7749 [makespan: 646]
		p7749 [makespan: 614]
		p7749 [makespan: 596]
			nodes:      6334
			failures:   2
			peak depth: 287
			runtime:    0.051 (51.000 ms)

	Adjusting...
		Bounds: [461,596]
		Bounds: [529,596]
		p7749 [makespan: 561]
		Bounds: [529,561]
		Bounds: [546,561]
		p7749 [makespan: 551]
		Bounds: [546,551]
		p7749 [makespan: 546]
			nodes:      2645
			failures:   1258
			restarts:   0
			no-goods:   0
			peak depth: 50
			runtime:    0.064 (64.000 ms)

	Found best solution and proved optimality.
