	Probing...
		Bounds: [573,3623]
		p7771 [makespan: 934]
		p7771 [makespan: 844]
		p7771 [makespan: 828]
		p7771 [makespan: 777]
		p7771 [makespan: 773]
		p7771 [makespan: 745]
			nodes:      11290
			failures:   6
			peak depth: 488
			runtime:    0.133 (133.000 ms)

	Adjusting...
		Bounds: [573,745]
		Bounds: [660,745]
		Bounds: [703,745]
		p7771 [makespan: 723]
		Bounds: [703,723]
		p7771 [makespan: 713]
		Bounds: [703,713]
		p7771 [makespan: 707]
		Bounds: [703,707]
		Bounds: [706,707]
			nodes:      181
			failures:   6
			restarts:   0
			no-goods:   0
			peak depth: 62
			runtime:    0.004 (4.000 ms)

	Found best solution and proved optimality.
