	Probing...
		Bounds: [603,2962]
		p7811 [makespan: 787]
		p7811 [makespan: 734]
		p7811 [makespan: 686]
		p7811 [makespan: 649]
		p7811 [makespan: 630]
		p7811 [makespan: 610]
			nodes:      9587
			failures:   4
			peak depth: 437
			runtime:    0.081 (81.000 ms)

	Adjusting...
		Bounds: [603,610]
		p7811 [makespan: 604]
		Bounds: [603,604]
		p7811 [makespan: 603]
			nodes:      89
			failures:   0
			restarts:   0
			no-goods:   0
			peak depth: 49
			runtime:    0.001 (1.000 ms)

	Found best solution and proved optimality.
