	Probing...
		Bounds: [586,3089]
		p7822 [makespan: 746]
		p7822 [makespan: 677]
		p7822 [makespan: 661]
		p7822 [makespan: 660]
			nodes:      9217
			failures:   5
			peak depth: 407
			runtime:    0.081 (81.000 ms)

	Adjusting...
		Bounds: [586,660]
		Bounds: [624,660]
		p7822 [makespan: 640]
		Bounds: [624,640]
		Bounds: [633,640]
		p7822 [makespan: 633]
			nodes:      143
			failures:   16
			restarts:   0
			no-goods:   0
			peak depth: 62
			runtime:    0.002 (2.000 ms)

	Found best solution and proved optimality.
