	Probing...
		Bounds: [459,2575]
		p7885 [makespan: 771]
		p7885 [makespan: 671]
		p7885 [makespan: 640]
		p7885 [makespan: 636]
		p7885 [makespan: 603]
		p7885 [makespan: 598]
		p7885 [makespan: 585]
		p7885 [makespan: 547]
			nodes:      8330
			failures:   4
			peak depth: 370
			runtime:    0.070 (70.000 ms)

	Adjusting...
		Bounds: [459,547]
		Bounds: [504,547]
		Bounds: [526,547]
		Bounds: [537,547]
		Bounds: [543,547]
		Bounds: [546,547]
			nodes:      22
			failures:   15
			restarts:   0
			no-goods:   0
			peak depth: 3
			runtime:    0.000 (0.000 ms)

	Found best solution and proved optimality.
