	Probing...
		Bounds: [392,1490]
		p8091 [makespan: 502]
		p8091 [makespan: 490]
		p8091 [makespan: 478]
		p8091 [makespan: 456]
			nodes:      4660
			failures:   0
			peak depth: 201
			runtime:    0.023 (23.000 ms)

	Adjusting...
		Bounds: [392,456]
		Bounds: [425,456]
		Bounds: [441,456]
		Bounds: [449,456]
		Bounds: [453,456]
		Bounds: [455,456]
			nodes:      0
			failures:   6
			restarts:   0
			no-goods:   0
			peak depth: 0
			runtime:    0.000 (0.000 ms)

	Found best solution and proved optimality.
