	Probing...
		Bounds: [546,2738]
		p8176 [makespan: 806]
		p8176 [makespan: 765]
		p8176 [makespan: 746]
		p8176 [makespan: 739]
			nodes:      7827
			failures:   3
			peak depth: 378
			runtime:    0.060 (60.000 ms)

	Adjusting...
		Bounds: [546,739]
		Bounds: [643,739]
		Bounds: [692,739]
		p8176 [makespan: 710]
		Bounds: [692,710]
		p8176 [makespan: 699]
		Bounds: [692,699]
		Bounds: [696,699]
		Bounds: [698,699]
			nodes:      285
			failures:   98
			restarts:   0
			no-goods:   0
			peak depth: 52
			runtime:    0.005 (5.000 ms)

	Found best solution and proved optimality.
