	Probing...
		Bounds: [479,2651]
		p8248 [makespan: 825]
		p8248 [makespan: 725]
		p8248 [makespan: 682]
		p8248 [makespan: 649]
		p8248 [makespan: 648]
		p8248 [makespan: 629]
		p8248 [makespan: 624]
			nodes:      7351
			failures:   7
			peak depth: 327
			runtime:    0.071 (71.000 ms)

	Adjusting...
		Bounds: [479,624]
		Bounds: [552,624]
		p8248 [makespan: 588]
		Bounds: [552,588]
		Bounds: [571,588]
		p8248 [makespan: 576]
		Bounds: [571,576]
		Bounds: [574,576]
			nodes:      372
			failures:   150
			restarts:   0
			no-goods:   0
			peak depth: 47
			runtime:    0.010 (10.000 ms)

	Found best solution and proved optimality.
