	Probing...
		Bounds: [601,3249]
		p8334 [makespan: 1023]
		p8334 [makespan: 800]
		p8334 [makespan: 796]
		p8334 [makespan: 774]
		p8334 [makespan: 733]
			nodes:      9542
			failures:   11
			peak depth: 448
			runtime:    0.111 (111.000 ms)

	Adjusting...
		Bounds: [601,733]
		Bounds: [668,733]
		p8334 [makespan: 700]
		Bounds: [668,700]
		p8334 [makespan: 684]
		Bounds: [668,684]
		Bounds: [677,684]
		p8334 [makespan: 680]
		Bounds: [677,680]
		Bounds: [679,680]
			nodes:      55826
			failures:   27804
			restarts:   4
			no-goods:   85
			peak depth: 75
			runtime:    2.003 (2003.000 ms)

	Found best solution and proved optimality.
