	Probing...
		Bounds: [601,3194]
		p8460 [makespan: 891]
		p8460 [makespan: 850]
		p8460 [makespan: 784]
			nodes:      8507
			failures:   4
			peak depth: 377
			runtime:    0.089 (89.000 ms)

	Adjusting...
		Bounds: [601,784]
		Bounds: [693,784]
		p8460 [makespan: 737]
		Bounds: [693,737]
		Bounds: [716,737]
		Bounds: [727,737]
		p8460 [makespan: 732]
		Bounds: [727,732]
		Bounds: [730,732]
			nodes:      2722
			failures:   1320
			restarts:   0
			no-goods:   0
			peak depth: 58
			runtime:    0.098 (98.000 ms)

	Found best solution and proved optimality.
