	Probing...
		Bounds: [607,3453]
		p8506 [makespan: 843]
		p8506 [makespan: 806]
		p8506 [makespan: 776]
			nodes:      9982
			failures:   4
			peak depth: 445
			runtime:    0.099 (99.000 ms)

	Adjusting...
		Bounds: [607,776]
		p8506 [makespan: 691]
		Bounds: [607,691]
		Bounds: [650,691]
		Bounds: [671,691]
		p8506 [makespan: 679]
		Bounds: [671,679]
		p8506 [makespan: 673]
		Bounds: [671,673]
			nodes:      362
			failures:   109
			restarts:   0
			no-goods:   0
			peak depth: 56
			runtime:    0.014 (14.000 ms)

	Found best solution and proved optimality.
