	Probing...
		Bounds: [623,3208]
		p8533 [makespan: 711]
		p8533 [makespan: 698]
			nodes:      9644
			failures:   3
			peak depth: 416
			runtime:    0.082 (82.000 ms)

	Adjusting...
		Bounds: [623,698]
		Bounds: [661,698]
		Bounds: [680,698]
		p8533 [makespan: 688]
		Bounds: [680,688]
		p8533 [makespan: 682]
		Bounds: [680,682]
		p8533 [makespan: 681]
		Bounds: [680,681]
		p8533 [makespan: 680]
			nodes:      246
			failures:   37
			restarts:   0
			no-goods:   0
			peak depth: 48
			runtime:    0.004 (4.000 ms)

	Found best solution and proved optimality.
