	Probing...
		Bounds: [513,2452]
		p8612 [makespan: 641]
		p8612 [makespan: 569]
		p8612 [makespan: 556]
			nodes:      8218
			failures:   3
			peak depth: 361
			runtime:    0.092 (92.000 ms)

	Adjusting...
		Bounds: [513,556]
		p8612 [makespan: 533]
		Bounds: [513,533]
		p8612 [makespan: 523]
		Bounds: [513,523]
		p8612 [makespan: 518]
		Bounds: [513,518]
		Bounds: [516,518]
			nodes:      2263
			failures:   1058
			restarts:   0
			no-goods:   0
			peak depth: 61
			runtime:    0.063 (63.000 ms)

	Found best solution and proved optimality.
