	Probing...
		Bounds: [631,3588]
		p8633 [makespan: 805]
		p8633 [makespan: 758]
			nodes:      9596
			failures:   1
			peak depth: 426
			runtime:    0.116 (116.000 ms)

	Adjusting...
		Bounds: [631,758]
		Bounds: [695,758]
		p8633 [makespan: 726]
		Bounds: [695,726]
		p8633 [makespan: 709]
		Bounds: [695,709]
		Bounds: [703,709]
		p8633 [makespan: 706]
		Bounds: [703,706]
		Bounds: [705,706]
			nodes:      4569
			failures:   2212
			restarts:   0
			no-goods:   0
			peak depth: 75
			runtime:    0.202 (202.000 ms)

	Found best solution and proved optimality.
