	Probing...
		Bounds: [369,1455]
		p8639 [makespan: 464]
		p8639 [makespan: 454]
		p8639 [makespan: 422]
		p8639 [makespan: 399]
			nodes:      5464
			failures:   1
			peak depth: 251
			runtime:    0.040 (40.000 ms)

	Adjusting...
		Bounds: [369,399]
		Bounds: [385,399]
		p8639 [makespan: 391]
		Bounds: [385,391]
		p8639 [makespan: 387]
		Bounds: [385,387]
			nodes:      69
			failures:   3
			restarts:   0
			no-goods:   0
			peak depth: 34
			runtime:    0.001 (1.000 ms)

	Found best solution and proved optimality.
