	Probing...
		Bounds: [349,1493]
		p8641 [makespan: 442]
		p8641 [makespan: 414]
		p8641 [makespan: 403]
		p8641 [makespan: 400]
			nodes:      4842
			failures:   1
			peak depth: 213
			runtime:    0.029 (29.000 ms)

	Adjusting...
		Bounds: [349,400]
		Bounds: [375,400]
		Bounds: [388,400]
		Bounds: [395,400]
		Bounds: [398,400]
			nodes:      0
			failures:   5
			restarts:   0
			no-goods:   0
			peak depth: 0
			runtime:    0.000 (0.000 ms)

	Found best solution and proved optimality.
