	Probing...
		Bounds: [460,1999]
		p8661 [makespan: 691]
		p8661 [makespan: 664]
		p8661 [makespan: 618]
		p8661 [makespan: 612]
		p8661 [makespan: 579]
		p8661 [makespan: 566]
		p8661 [makespan: 565]
			nodes:      5459
			failures:   0
			peak depth: 242
			runtime:    0.029 (29.000 ms)

	Adjusting...
		Bounds: [460,565]
		Bounds: [513,565]
		Bounds: [540,565]
		Bounds: [553,565]
		Bounds: [560,565]
		Bounds: [563,565]
			nodes:      11
			failures:   10
			restarts:   0
			no-goods:   0
			peak depth: 2
			runtime:    0.000 (0.000 ms)

	Found best solution and proved optimality.
