	Probing...
		Bounds: [521,3120]
		p8688 [makespan: 918]
		p8688 [makespan: 723]
		p8688 [makespan: 687]
			nodes:      10486
			failures:   6
			peak depth: 467
			runtime:    0.110 (110.000 ms)

	Adjusting...
		Bounds: [521,687]
		Bounds: [605,687]
		Bounds: [647,687]
		p8688 [makespan: 666]
		Bounds: [647,666]
		p8688 [makespan: 654]
		Bounds: [647,654]
		Bounds: [651,654]
		p8688 [makespan: 652]
		Bounds: [651,652]
			nodes:      1716
			failures:   754
			restarts:   0
			no-goods:   0
			peak depth: 73
			runtime:    0.058 (58.000 ms)

	Found best solution and proved optimality.
