	Probing...
		Bounds: [638,3845]
		p8946 [makespan: 907]
		p8946 [makespan: 841]
		p8946 [makespan: 785]
			nodes:      12094
			failures:   9
			peak depth: 523
			runtime:    0.152 (152.000 ms)

	Adjusting...
		Bounds: [638,785]
		Bounds: [712,785]
		p8946 [makespan: 746]
		Bounds: [712,746]
		p8946 [makespan: 729]
		Bounds: [712,729]
		p8946 [makespan: 719]
		Bounds: [712,719]
		Bounds: [716,719]
		p8946 [makespan: 716]
			nodes:      981
			failures:   373
			restarts:   0
			no-goods:   0
			peak depth: 70
			runtime:    0.045 (45.000 ms)

	Found best solution and proved optimality.
