	Probing...
		Bounds: [522,2225]
		p8950 [makespan: 690]
		p8950 [makespan: 670]
		p8950 [makespan: 639]
		p8950 [makespan: 627]
			nodes:      5757
			failures:   1
			peak depth: 268
			runtime:    0.032 (32.000 ms)

	Adjusting...
		Bounds: [522,627]
		Bounds: [575,627]
		Bounds: [602,627]
		p8950 [makespan: 614]
		Bounds: [602,614]
		p8950 [makespan: 607]
		Bounds: [602,607]
		Bounds: [605,607]
			nodes:      57
			failures:   4
			restarts:   0
			no-goods:   0
			peak depth: 29
			runtime:    0.001 (1.000 ms)

	Found best solution and proved optimality.
