	Probing...
		Bounds: [552,2285]
		p8986 [makespan: 888]
		p8986 [makespan: 621]
		p8986 [makespan: 602]
		p8986 [makespan: 592]
			nodes:      6474
			failures:   6
			peak depth: 299
			runtime:    0.056 (56.000 ms)

	Adjusting...
		Bounds: [552,592]
		p8986 [makespan: 570]
		Bounds: [552,570]
		Bounds: [562,570]
		Bounds: [567,570]
		Bounds: [569,570]
			nodes:      34
			failures:   5
			restarts:   0
			no-goods:   0
			peak depth: 32
			runtime:    0.001 (1.000 ms)

	Found best solution and proved optimality.
