	Probing...
		Bounds: [669,4182]
		p9026 [makespan: 955]
		p9026 [makespan: 907]
		p9026 [makespan: 829]
		p9026 [makespan: 818]
			nodes:      12181
			failures:   3
			peak depth: 534
			runtime:    0.150 (150.000 ms)

	Adjusting...
		Bounds: [669,818]
		Bounds: [744,818]
		p9026 [makespan: 773]
		Bounds: [744,773]
		Bounds: [759,773]
		Bounds: [767,773]
		p9026 [makespan: 768]
		Bounds: [767,768]
			nodes:      1912
			failures:   890
			restarts:   0
			no-goods:   0
			peak depth: 73
			runtime:    0.078 (78.000 ms)

	Found best solution and proved optimality.
