	Probing...
		Bounds: [500,3309]
		p9099 [makespan: 936]
		p9099 [makespan: 755]
		p9099 [makespan: 708]
			nodes:      10641
			failures:   1
			peak depth: 496
			runtime:    0.112 (112.000 ms)

	Adjusting...
		Bounds: [500,708]
		Bounds: [605,708]
		p9099 [makespan: 651]
		Bounds: [605,651]
		Bounds: [629,651]
		Bounds: [641,651]
		Bounds: [647,651]
		p9099 [makespan: 649]
		Bounds: [647,649]
		p9099 [makespan: 648]
		Bounds: [647,648]
		p9099 [makespan: 647]
			nodes:      2182
			failures:   985
			restarts:   0
			no-goods:   0
			peak depth: 77
			runtime:    0.087 (87.000 ms)

	Found best solution and proved optimality.
