	Probing...
		Bounds: [539,3355]
		p9119 [makespan: 831]
		p9119 [makespan: 824]
		p9119 [makespan: 803]
		p9119 [makespan: 757]
		p9119 [makespan: 733]
			nodes:      10979
			failures:   1
			peak depth: 484
			runtime:    0.110 (110.000 ms)

	Adjusting...
		Bounds: [539,733]
		Bounds: [637,733]
		Bounds: [686,733]
		p9119 [makespan: 705]
		Bounds: [686,705]
		Bounds: [696,705]
		p9119 [makespan: 699]
		Bounds: [696,699]
		Bounds: [698,699]
			nodes:      1691
			failures:   780
			restarts:   0
			no-goods:   0
			peak depth: 73
			runtime:    0.050 (50.000 ms)

	Found best solution and proved optimality.
