	Probing...
		Bounds: [495,2871]
		p9306 [makespan: 734]
		p9306 [makespan: 729]
		p9306 [makespan: 695]
		p9306 [makespan: 625]
			nodes:      9624
			failures:   2
			peak depth: 411
			runtime:    0.111 (111.000 ms)

	Adjusting...
		Bounds: [495,625]
		Bounds: [561,625]
		Bounds: [594,625]
		Bounds: [610,625]
		p9306 [makespan: 616]
		Bounds: [610,616]
		p9306 [makespan: 613]
		Bounds: [610,613]
		p9306 [makespan: 611]
		Bounds: [610,611]
			nodes:      7728
			failures:   3787
			restarts:   0
			no-goods:   0
			peak depth: 77
			runtime:    0.268 (268.000 ms)

	Found best solution and proved optimality.
