	Probing...
		Bounds: [586,3994]
		p9333 [makespan: 1189]
		p9333 [makespan: 945]
		p9333 [makespan: 924]
			nodes:      10898
			failures:   4
			peak depth: 466
			runtime:    0.135 (135.000 ms)

	Adjusting...
		Bounds: [586,924]
		Bounds: [756,924]
		p9333 [makespan: 837]
		Bounds: [756,837]
		p9333 [makespan: 795]
		Bounds: [756,795]
		Bounds: [776,795]
		Bounds: [786,795]
		Bounds: [791,795]
		p9333 [makespan: 793]
		Bounds: [791,793]
			nodes:      35815
			failures:   17814
			restarts:   0
			no-goods:   0
			peak depth: 78
			runtime:    1.759 (1759.000 ms)

	Found best solution and proved optimality.
