	Probing...
		Bounds: [623,3326]
		p9406 [makespan: 836]
		p9406 [makespan: 794]
		p9406 [makespan: 792]
		p9406 [makespan: 786]
		p9406 [makespan: 772]
		p9406 [makespan: 668]
			nodes:      9835
			failures:   0
			peak depth: 423
			runtime:    0.107 (107.000 ms)

	Adjusting...
		Bounds: [623,668]
		Bounds: [646,668]
		p9406 [makespan: 657]
		Bounds: [646,657]
		Bounds: [652,657]
		p9406 [makespan: 654]
		Bounds: [652,654]
			nodes:      968
			failures:   443
			restarts:   0
			no-goods:   0
			peak depth: 53
			runtime:    0.038 (38.000 ms)

	Found best solution and proved optimality.
