	Probing...
		Bounds: [486,2282]
		p9498 [makespan: 649]
		p9498 [makespan: 614]
		p9498 [makespan: 603]
		p9498 [makespan: 528]
			nodes:      7511
			failures:   7
			peak depth: 335
			runtime:    0.068 (68.000 ms)

	Adjusting...
		Bounds: [486,528]
		Bounds: [508,528]
		Bounds: [519,528]
		Bounds: [524,528]
		p9498 [makespan: 526]
		Bounds: [524,526]
			nodes:      45
			failures:   5
			restarts:   0
			no-goods:   0
			peak depth: 43
			runtime:    0.001 (1.000 ms)

	Found best solution and proved optimality.
