	Probing...
		Bounds: [542,2495]
		p9517 [makespan: 685]
		p9517 [makespan: 674]
		p9517 [makespan: 623]
		p9517 [makespan: 576]
			nodes:      8162
			failures:   9
			peak depth: 353
			runtime:    0.091 (91.000 ms)

	Adjusting...
		Bounds: [542,576]
		p9517 [makespan: 557]
		Bounds: [542,557]
		p9517 [makespan: 547]
		Bounds: [542,547]
		Bounds: [545,547]
		p9517 [makespan: 546]
		Bounds: [545,546]
			nodes:      158
			failures:   8
			restarts:   0
			no-goods:   0
			peak depth: 55
			runtime:    0.003 (3.000 ms)

	Found best solution and proved optimality.
