	Probing...
		Bounds: [455,1912]
		p9566 [makespan: 653]
		p9566 [makespan: 580]
		p9566 [makespan: 574]
		p9566 [makespan: 571]
		p9566 [makespan: 547]
		p9566 [makespan: 542]
			nodes:      6314
			failures:   3
			peak depth: 288
			runtime:    0.044 (44.000 ms)

	Adjusting...
		Bounds: [455,542]
		Bounds: [499,542]
		p9566 [makespan: 520]
		Bounds: [499,520]
		Bounds: [510,520]
		p9566 [makespan: 514]
		Bounds: [510,514]
		p9566 [makespan: 511]
		Bounds: [510,511]
		p9566 [makespan: 510]
			nodes:      159
			failures:   13
			restarts:   0
			no-goods:   0
			peak depth: 45
			runtime:    0.002 (2.000 ms)

	Found best solution and proved optimality.
