	Probing...
		Bounds: [495,2040]
		p9598 [makespan: 634]
		p9598 [makespan: 630]
		p9598 [makespan: 616]
		p9598 [makespan: 581]
		p9598 [makespan: 578]
		p9598 [makespan: 562]
			nodes:      6337
			failures:   3
			peak depth: 282
			runtime:    0.039 (39.000 ms)

	Adjusting...
		Bounds: [495,562]
		Bounds: [529,562]
		p9598 [makespan: 544]
		Bounds: [529,544]
		p9598 [makespan: 536]
		Bounds: [529,536]
		Bounds: [533,536]
		p9598 [makespan: 533]
			nodes:      131
			failures:   3
			restarts:   0
			no-goods:   0
			peak depth: 47
			runtime:    0.001 (1.000 ms)

	Found best solution and proved optimality.
