	Probing...
		Bounds: [560,3084]
		p9708 [makespan: 889]
		p9708 [makespan: 813]
		p9708 [makespan: 719]
		p9708 [makespan: 701]
			nodes:      8565
			failures:   8
			peak depth: 382
			runtime:    0.084 (84.000 ms)

	Adjusting...
		Bounds: [560,701]
		Bounds: [631,701]
		p9708 [makespan: 662]
		Bounds: [631,662]
		Bounds: [647,662]
		p9708 [makespan: 648]
		Bounds: [647,648]
		p9708 [makespan: 647]
			nodes:      452
			failures:   157
			restarts:   0
			no-goods:   0
			peak depth: 52
			runtime:    0.015 (15.000 ms)

	Found best solution and proved optimality.
