	Probing...
		Bounds: [563,2370]
		p9793 [makespan: 823]
		p9793 [makespan: 651]
		p9793 [makespan: 591]
			nodes:      7409
			failures:   0
			peak depth: 344
			runtime:    0.063 (63.000 ms)

	Adjusting...
		Bounds: [563,591]
		Bounds: [578,591]
		p9793 [makespan: 579]
		Bounds: [578,579]
		p9793 [makespan: 578]
			nodes:      106
			failures:   5
			restarts:   0
			no-goods:   0
			peak depth: 52
			runtime:    0.002 (2.000 ms)

	Found best solution and proved optimality.
