	Probing...
		Bounds: [527,2595]
		p9882 [makespan: 783]
		p9882 [makespan: 627]
			nodes:      8408
			failures:   3
			peak depth: 365
			runtime:    0.091 (91.000 ms)

	Adjusting...
		Bounds: [527,627]
		p9882 [makespan: 577]
		Bounds: [527,577]
		Bounds: [553,577]
		p9882 [makespan: 556]
		Bounds: [553,556]
		Bounds: [555,556]
			nodes:      195
			failures:   54
			restarts:   0
			no-goods:   0
			peak depth: 53
			runtime:    0.007 (7.000 ms)

	Found best solution and proved optimality.
