	Probing...
		Bounds: [666,3567]
		p9891 [makespan: 1060]
		p9891 [makespan: 754]
			nodes:      10894
			failures:   3
			peak depth: 475
			runtime:    0.115 (115.000 ms)

	Adjusting...
		Bounds: [666,754]
		Bounds: [711,754]
		p9891 [makespan: 726]
		Bounds: [711,726]
		p9891 [makespan: 716]
		Bounds: [711,716]
		p9891 [makespan: 712]
		Bounds: [711,712]
			nodes:      198
			failures:   6
			restarts:   0
			no-goods:   0
			peak depth: 71
			runtime:    0.003 (3.000 ms)

	Found best solution and proved optimality.
