	Probing...
		Bounds: [501,3372]
		p9955 [makespan: 873]
		p9955 [makespan: 818]
		p9955 [makespan: 782]
		p9955 [makespan: 730]
		p9955 [makespan: 717]
		p9955 [makespan: 703]
		p9955 [makespan: 692]
			nodes:      10961
			failures:   4
			peak depth: 477
			runtime:    0.131 (131.000 ms)

	Adjusting...
		Bounds: [501,692]
		Bounds: [597,692]
		p9955 [makespan: 644]
		Bounds: [597,644]
		Bounds: [621,644]
		Bounds: [633,644]
		Bounds: [639,644]
		Bounds: [642,644]
			nodes:      739
			failures:   351
			restarts:   0
			no-goods:   0
			peak depth: 56
			runtime:    0.034 (34.000 ms)

	Found best solution and proved optimality.
