	Probing...
		Bounds: [443,1774]
		p9981 [makespan: 624]
		p9981 [makespan: 531]
		p9981 [makespan: 527]
		p9981 [makespan: 479]
		p9981 [makespan: 477]
		p9981 [makespan: 464]
		p9981 [makespan: 456]
			nodes:      5464
			failures:   1
			peak depth: 240
			runtime:    0.039 (39.000 ms)

	Adjusting...
		Bounds: [443,456]
		p9981 [makespan: 443]
			nodes:      28
			failures:   1
			restarts:   0
			no-goods:   0
			peak depth: 26
			runtime:    0.001 (1.000 ms)

	Found best solution and proved optimality.
