	Probing...
		Bounds: [598,4213]
		q0017 [makespan: 1029]
		q0017 [makespan: 969]
		q0017 [makespan: 934]
		q0017 [makespan: 900]
			nodes:      12137
			failures:   16
			peak depth: 533
			runtime:    0.151 (151.000 ms)

	Adjusting...
		Bounds: [598,900]
		Bounds: [750,900]
		q0017 [makespan: 823]
		Bounds: [750,823]
		Bounds: [787,823]
		Bounds: [806,823]
		q0017 [makespan: 806]
			nodes:      344
			failures:   97
			restarts:   0
			no-goods:   0
			peak depth: 94
			runtime:    0.010 (10.000 ms)

	Solving...
			nodes:      0
			failures:   1
			restarts:   0
			no-goods:   0
			peak depth: 0
			runtime:    0.000 (0.000 ms)

	Found best solution and proved optimality.
