	Probing...
		Bounds: [538,3885]
		q0051 [makespan: 1068]
		q0051 [makespan: 796]
		q0051 [makespan: 767]
			nodes:      12247
			failures:   7
			peak depth: 525
			runtime:    0.149 (149.000 ms)

	Adjusting...
		Bounds: [538,767]
		Bounds: [653,767]
		q0051 [makespan: 710]
		Bounds: [653,710]
		Bounds: [682,710]
		Bounds: [697,710]
		Bounds: [704,710]
		Bounds: [708,710]
			nodes:      9830
			failures:   4888
			restarts:   0
			no-goods:   0
			peak depth: 74
			runtime:    0.463 (463.000 ms)

	Solving...
			nodes:      0
			failures:   1
			restarts:   0
			no-goods:   0
			peak depth: 0
			runtime:    0.000 (0.000 ms)

	Found best solution and proved optimality.
