	Probing...
		Bounds: [616,4255]
		q0063 [makespan: 1032]
		q0063 [makespan: 968]
		q0063 [makespan: 896]
		q0063 [makespan: 864]
		q0063 [makespan: 841]
			nodes:      12469
			failures:   4
			peak depth: 571
			runtime:    0.149 (149.000 ms)

	Adjusting...
		Bounds: [616,841]
		Bounds: [729,841]
		q0063 [makespan: 781]
		Bounds: [729,781]
		Bounds: [756,781]
		Bounds: [769,781]
		Bounds: [776,781]
		Bounds: [779,781]
			nodes:      534
			failures:   238
			restarts:   0
			no-goods:   0
			peak depth: 70
			runtime:    0.025 (25.000 ms)

	Solving...
			nodes:      0
			failures:   1
			restarts:   0
			no-goods:   0
			peak depth: 0
			runtime:    0.000 (0.000 ms)

	Found best solution and proved optimality.
