	Probing...
		Bounds: [588,3822]
		q0082 [makespan: 934]
		q0082 [makespan: 746]
		q0082 [makespan: 727]
			nodes:      11937
			failures:   16
			peak depth: 525
			runtime:    0.157 (157.000 ms)

	Adjusting...
		Bounds: [588,727]
		q0082 [makespan: 657]
		Bounds: [588,657]
		Bounds: [623,657]
		Bounds: [641,657]
		Bounds: [650,657]
		Bounds: [654,657]
			nodes:      14634
			failures:   7286
			restarts:   0
			no-goods:   0
			peak depth: 72
			runtime:    0.754 (754.000 ms)

	Found best solution and proved optimality.
