	Probing...
		Bounds: [624,4184]
		q0170 [makespan: 1085]
		q0170 [makespan: 919]
		q0170 [makespan: 879]
		q0170 [makespan: 854]
			nodes:      32311
			failures:   10008
			peak depth: 535
			runtime:    0.524 (524.000 ms)

	Adjusting...
		Bounds: [624,854]
		Bounds: [740,854]
		q0170 [makespan: 792]
		Bounds: [740,792]
		Bounds: [767,792]
		q0170 [makespan: 779]
		Bounds: [767,779]
		q0170 [makespan: 771]
		Bounds: [767,771]
			nodes:      666
			failures:   240
			restarts:   0
			no-goods:   0
			peak depth: 69
			runtime:    0.028 (28.000 ms)

	Found best solution and proved optimality.
