	Probing...
		Bounds: [577,4000]
		q0219 [makespan: 1050]
		q0219 [makespan: 892]
		q0219 [makespan: 814]
			nodes:      12331
			failures:   8
			peak depth: 537
			runtime:    0.152 (152.000 ms)

	Adjusting...
		Bounds: [577,814]
		Bounds: [696,814]
		Bounds: [756,814]
		q0219 [makespan: 785]
		Bounds: [756,785]
		q0219 [makespan: 770]
		Bounds: [756,770]
		q0219 [makespan: 763]
		Bounds: [756,763]
		Bounds: [760,763]
		Bounds: [762,763]
		q0219 [makespan: 762]
			nodes:      18519
			failures:   9136
			restarts:   0
			no-goods:   0
			peak depth: 91
			runtime:    0.783 (783.000 ms)

	Found best solution and proved optimality.
