	Probing...
		Bounds: [584,4068]
		q0228 [makespan: 764]
		q0228 [makespan: 749]
			nodes:      12361
			failures:   1
			peak depth: 541
			runtime:    0.150 (150.000 ms)

	Adjusting...
		Bounds: [584,749]
		Bounds: [667,749]
		q0228 [makespan: 707]
		Bounds: [667,707]
		Bounds: [688,707]
		q0228 [makespan: 697]
		Bounds: [688,697]
		Bounds: [693,697]
		Bounds: [696,697]
			nodes:      2020
			failures:   952
			restarts:   0
			no-goods:   0
			peak depth: 66
			runtime:    0.079 (79.000 ms)

	Found best solution and proved optimality.
