	Probing...
		Bounds: [696,3912]
		q0258 [makespan: 1033]
		q0258 [makespan: 1002]
		q0258 [makespan: 941]
		q0258 [makespan: 918]
		q0258 [makespan: 867]
		q0258 [makespan: 847]
			nodes:      12517
			failures:   9
			peak depth: 549
			runtime:    0.152 (152.000 ms)

	Adjusting...
		Bounds: [696,847]
		Bounds: [772,847]
		q0258 [makespan: 808]
		Bounds: [772,808]
		q0258 [makespan: 790]
		Bounds: [772,790]
		Bounds: [782,790]
		Bounds: [787,790]
		q0258 [makespan: 787]
			nodes:      368
			failures:   90
			restarts:   0
			no-goods:   0
			peak depth: 76
			runtime:    0.013 (13.000 ms)

	Found best solution and proved optimality.
