	Probing...
		Bounds: [614,4333]
		q0278 [makespan: 1091]
		q0278 [makespan: 892]
		q0278 [makespan: 886]
		q0278 [makespan: 847]
		q0278 [makespan: 844]
			nodes:      12153
			failures:   1
			peak depth: 536
			runtime:    0.148 (148.000 ms)

	Adjusting...
		Bounds: [614,844]
		Bounds: [730,844]
		q0278 [makespan: 787]
		Bounds: [730,787]
		Bounds: [759,787]
		q0278 [makespan: 773]
		Bounds: [759,773]
		q0278 [makespan: 766]
		Bounds: [759,766]
		Bounds: [763,766]
			nodes:      7733
			failures:   3786
			restarts:   0
			no-goods:   0
			peak depth: 60
			runtime:    0.268 (268.000 ms)

	Found best solution and proved optimality.
