	Probing...
		Bounds: [512,3730]
		q0270 [makespan: 965]
		q0270 [makespan: 832]
		q0270 [makespan: 777]
		q0270 [makespan: 771]
		q0270 [makespan: 756]
		q0270 [makespan: 746]
			nodes:      12415
			failures:   6
			peak depth: 549
			runtime:    0.148 (148.000 ms)

	Adjusting...
		Bounds: [512,746]
		Bounds: [630,746]
		q0270 [makespan: 687]
		Bounds: [630,687]
		Bounds: [659,687]
		q0270 [makespan: 669]
		Bounds: [659,669]
		Bounds: [665,669]
			nodes:      7105
			failures:   3488
			restarts:   0
			no-goods:   0
			peak depth: 85
			runtime:    0.302 (302.000 ms)

	Found best solution and proved optimality.
