	Probing...
		Bounds: [571,3783]
		q0277 [makespan: 883]
		q0277 [makespan: 795]
		q0277 [makespan: 785]
			nodes:      31638
			failures:   10009
			peak depth: 538
			runtime:    0.793 (793.000 ms)

	Adjusting...
		Bounds: [571,785]
		Bounds: [679,785]
		q0277 [makespan: 732]
		Bounds: [679,732]
		q0277 [makespan: 703]
		Bounds: [679,703]
		Bounds: [692,703]
		Bounds: [698,703]
		Bounds: [701,703]
		q0277 [makespan: 702]
			nodes:      2261
			failures:   1028
			restarts:   0
			no-goods:   0
			peak depth: 95
			runtime:    0.111 (111.000 ms)

	Found best solution and proved optimality.
