	Probing...
		Bounds: [655,4173]
		q0297 [makespan: 896]
		q0297 [makespan: 844]
		q0297 [makespan: 834]
		q0297 [makespan: 827]
		q0297 [makespan: 826]
		q0297 [makespan: 797]
			nodes:      32058
			failures:   10008
			peak depth: 532
			runtime:    0.562 (562.000 ms)

	Adjusting...
		Bounds: [655,797]
		q0297 [makespan: 726]
		Bounds: [655,726]
		Bounds: [691,726]
		Bounds: [709,726]
		q0297 [makespan: 717]
		Bounds: [709,717]
		Bounds: [714,717]
			nodes:      798
			failures:   347
			restarts:   0
			no-goods:   0
			peak depth: 63
			runtime:    0.036 (36.000 ms)

	Found best solution and proved optimality.
