	Probing...
		Bounds: [567,4199]
		q0372 [makespan: 856]
		q0372 [makespan: 769]
			nodes:      12133
			failures:   11
			peak depth: 547
			runtime:    0.150 (150.000 ms)

	Adjusting...
		Bounds: [567,769]
		Bounds: [669,769]
		Bounds: [720,769]
		Bounds: [745,769]
		q0372 [makespan: 756]
		Bounds: [745,756]
		Bounds: [751,756]
		q0372 [makespan: 753]
		Bounds: [751,753]
			nodes:      3610
			failures:   1736
			restarts:   0
			no-goods:   0
			peak depth: 86
			runtime:    0.167 (167.000 ms)

	Solving...
			nodes:      0
			failures:   1
			restarts:   0
			no-goods:   0
			peak depth: 0
			runtime:    0.000 (0.000 ms)

	Found best solution and proved optimality.
