	Probing...
		Bounds: [583,4089]
		q0446 [makespan: 908]
		q0446 [makespan: 771]
			nodes:      32017
			failures:   10006
			peak depth: 551
			runtime:    0.563 (563.000 ms)

	Adjusting...
		Bounds: [583,771]
		Bounds: [678,771]
		q0446 [makespan: 724]
		Bounds: [678,724]
		Bounds: [702,724]
		Bounds: [714,724]
		Bounds: [720,724]
			nodes:      459
			failures:   206
			restarts:   0
			no-goods:   0
			peak depth: 56
			runtime:    0.018 (18.000 ms)

	Found best solution and proved optimality.
