	Probing...
		Bounds: [703,4132]
		q0456 [makespan: 850]
		q0456 [makespan: 847]
		q0456 [makespan: 826]
		q0456 [makespan: 812]
			nodes:      32186
			failures:   10002
			peak depth: 539
			runtime:    0.600 (600.000 ms)

	Adjusting...
		Bounds: [703,812]
		q0456 [makespan: 757]
		Bounds: [703,757]
		Bounds: [731,757]
		q0456 [makespan: 742]
		Bounds: [731,742]
		Bounds: [737,742]
		q0456 [makespan: 739]
		Bounds: [737,739]
		q0456 [makespan: 738]
			nodes:      16418
			failures:   8073
			restarts:   0
			no-goods:   0
			peak depth: 86
			runtime:    0.741 (741.000 ms)

	Found best solution and proved optimality.
