	Probing...
		Bounds: [706,3706]
		q0474 [makespan: 875]
		q0474 [makespan: 807]
		q0474 [makespan: 786]
			nodes:      12104
			failures:   2
			peak depth: 547
			runtime:    0.149 (149.000 ms)

	Adjusting...
		Bounds: [706,786]
		q0474 [makespan: 746]
		Bounds: [706,746]
		q0474 [makespan: 726]
		Bounds: [706,726]
		q0474 [makespan: 715]
		Bounds: [706,715]
		q0474 [makespan: 709]
		Bounds: [706,709]
		q0474 [makespan: 707]
			nodes:      327
			failures:   7
			restarts:   0
			no-goods:   0
			peak depth: 70
			runtime:    0.007 (7.000 ms)

	Found best solution and proved optimality.
