	Probing...
		Bounds: [624,4006]
		q0493 [makespan: 927]
		q0493 [makespan: 867]
		q0493 [makespan: 778]
		q0493 [makespan: 767]
			nodes:      12582
			failures:   10
			peak depth: 554
			runtime:    0.150 (150.000 ms)

	Adjusting...
		Bounds: [624,767]
		Bounds: [696,767]
		Bounds: [732,767]
		q0493 [makespan: 747]
		Bounds: [732,747]
		Bounds: [740,747]
		q0493 [makespan: 743]
		Bounds: [740,743]
			nodes:      5046
			failures:   2453
			restarts:   0
			no-goods:   0
			peak depth: 82
			runtime:    0.187 (187.000 ms)

	Found best solution and proved optimality.
