	Probing...
		Bounds: [513,3631]
		q0553 [makespan: 854]
		q0553 [makespan: 781]
		q0553 [makespan: 759]
		q0553 [makespan: 743]
		q0553 [makespan: 730]
		q0553 [makespan: 721]
			nodes:      12041
			failures:   2
			peak depth: 535
			runtime:    0.150 (150.000 ms)

	Adjusting...
		Bounds: [513,721]
		Bounds: [618,721]
		q0553 [makespan: 664]
		Bounds: [618,664]
		Bounds: [642,664]
		q0553 [makespan: 651]
		Bounds: [642,651]
		q0553 [makespan: 645]
		Bounds: [642,645]
			nodes:      16019
			failures:   7900
			restarts:   0
			no-goods:   0
			peak depth: 92
			runtime:    0.726 (726.000 ms)

	Found best solution and proved optimality.
