	Probing...
		Bounds: [685,4239]
		q0617 [makespan: 1048]
		q0617 [makespan: 921]
		q0617 [makespan: 918]
		q0617 [makespan: 909]
		q0617 [makespan: 889]
		q0617 [makespan: 873]
			nodes:      12208
			failures:   5
			peak depth: 546
			runtime:    0.149 (149.000 ms)

	Adjusting...
		Bounds: [685,873]
		Bounds: [780,873]
		q0617 [makespan: 826]
		Bounds: [780,826]
		Bounds: [804,826]
		q0617 [makespan: 815]
		Bounds: [804,815]
		q0617 [makespan: 808]
		Bounds: [804,808]
			nodes:      42125
			failures:   20954
			restarts:   2
			no-goods:   44
			peak depth: 75
			runtime:    1.756 (1756.000 ms)

	Found best solution and proved optimality.
