	Probing...
		Bounds: [606,3961]
		q0637 [makespan: 1087]
		q0637 [makespan: 890]
		q0637 [makespan: 841]
		q0637 [makespan: 804]
		q0637 [makespan: 797]
			nodes:      11900
			failures:   2
			peak depth: 545
			runtime:    0.150 (150.000 ms)

	Adjusting...
		Bounds: [606,797]
		Bounds: [702,797]
		Bounds: [750,797]
		q0637 [makespan: 773]
		Bounds: [750,773]
		Bounds: [762,773]
		q0637 [makespan: 767]
		Bounds: [762,767]
		Bounds: [765,767]
			nodes:      448066
			failures:   223761
			restarts:   18
			no-goods:   334
			peak depth: 87
			runtime:    15.001 (15001.000 ms)
				stopped due to time-out...

	Solving...
		q0637 [makespan: 766]
			nodes:      175679
			failures:   87727
			restarts:   7
			no-goods:   132
			peak depth: 81
			runtime:    5.813 (5813.000 ms)

	Found best solution and proved optimality.
