	Probing...
		Bounds: [635,4127]
		q0676 [makespan: 1147]
		q0676 [makespan: 1092]
		q0676 [makespan: 1017]
		q0676 [makespan: 878]
		q0676 [makespan: 867]
			nodes:      12401
			failures:   4
			peak depth: 544
			runtime:    0.149 (149.000 ms)

	Adjusting...
		Bounds: [635,867]
		Bounds: [752,867]
		Bounds: [810,867]
		q0676 [makespan: 835]
		Bounds: [810,835]
		q0676 [makespan: 822]
		Bounds: [810,822]
		Bounds: [817,822]
		q0676 [makespan: 819]
		Bounds: [817,819]
			nodes:      3447
			failures:   1629
			restarts:   0
			no-goods:   0
			peak depth: 93
			runtime:    0.144 (144.000 ms)

	Solving...
			nodes:      0
			failures:   1
			restarts:   0
			no-goods:   0
			peak depth: 0
			runtime:    0.000 (0.000 ms)

	Found best solution and proved optimality.
