	Probing...
		Bounds: [645,4556]
		q0683 [makespan: 1028]
		q0683 [makespan: 908]
		q0683 [makespan: 828]
			nodes:      32289
			failures:   10002
			peak depth: 570
			runtime:    0.388 (388.000 ms)

	Adjusting...
		Bounds: [645,828]
		Bounds: [737,828]
		Bounds: [783,828]
		q0683 [makespan: 803]
		Bounds: [783,803]
		q0683 [makespan: 793]
		Bounds: [783,793]
		Bounds: [789,793]
		q0683 [makespan: 790]
			nodes:      2460
			failures:   1136
			restarts:   0
			no-goods:   0
			peak depth: 76
			runtime:    0.124 (124.000 ms)

	Found best solution and proved optimality.
