	Probing...
		Bounds: [563,3847]
		q0692 [makespan: 1024]
		q0692 [makespan: 884]
		q0692 [makespan: 881]
		q0692 [makespan: 830]
		q0692 [makespan: 791]
		q0692 [makespan: 788]
			nodes:      12382
			failures:   2
			peak depth: 563
			runtime:    0.149 (149.000 ms)

	Adjusting...
		Bounds: [563,788]
		Bounds: [676,788]
		q0692 [makespan: 731]
		Bounds: [676,731]
		Bounds: [704,731]
		Bounds: [718,731]
		q0692 [makespan: 724]
		Bounds: [718,724]
		q0692 [makespan: 720]
		Bounds: [718,720]
			nodes:      914
			failures:   374
			restarts:   0
			no-goods:   0
			peak depth: 66
			runtime:    0.038 (38.000 ms)

	Solving...
			nodes:      0
			failures:   1
			restarts:   0
			no-goods:   0
			peak depth: 0
			runtime:    0.000 (0.000 ms)

	Found best solution and proved optimality.
