	Probing...
		Bounds: [564,3732]
		q0719 [makespan: 854]
		q0719 [makespan: 742]
		q0719 [makespan: 733]
			nodes:      12444
			failures:   7
			peak depth: 554
			runtime:    0.150 (150.000 ms)

	Adjusting...
		Bounds: [564,733]
		Bounds: [649,733]
		q0719 [makespan: 690]
		Bounds: [649,690]
		q0719 [makespan: 669]
		Bounds: [649,669]
		Bounds: [660,669]
		q0719 [makespan: 661]
		Bounds: [660,661]
			nodes:      226
			failures:   11
			restarts:   0
			no-goods:   0
			peak depth: 80
			runtime:    0.006 (6.000 ms)

	Found best solution and proved optimality.
