	Probing...
		Bounds: [599,4179]
		q0720 [makespan: 1185]
		q0720 [makespan: 921]
		q0720 [makespan: 906]
		q0720 [makespan: 864]
		q0720 [makespan: 853]
			nodes:      12031
			failures:   7
			peak depth: 521
			runtime:    0.151 (151.000 ms)

	Adjusting...
		Bounds: [599,853]
		Bounds: [727,853]
		q0720 [makespan: 786]
		Bounds: [727,786]
		q0720 [makespan: 754]
		Bounds: [727,754]
		Bounds: [741,754]
		q0720 [makespan: 745]
		Bounds: [741,745]
			nodes:      1322
			failures:   563
			restarts:   0
			no-goods:   0
			peak depth: 82
			runtime:    0.063 (63.000 ms)

	Found best solution and proved optimality.
