	Probing...
		Bounds: [615,4104]
		q0761 [makespan: 1041]
		q0761 [makespan: 841]
		q0761 [makespan: 828]
		q0761 [makespan: 820]
			nodes:      12419
			failures:   11
			peak depth: 529
			runtime:    0.152 (152.000 ms)

	Adjusting...
		Bounds: [615,820]
		Bounds: [718,820]
		q0761 [makespan: 768]
		Bounds: [718,768]
		q0761 [makespan: 743]
		Bounds: [718,743]
		q0761 [makespan: 730]
		Bounds: [718,730]
		Bounds: [725,730]
		Bounds: [728,730]
		q0761 [makespan: 729]
			nodes:      3863
			failures:   1809
			restarts:   0
			no-goods:   0
			peak depth: 80
			runtime:    0.183 (183.000 ms)

	Found best solution and proved optimality.
