	Probing...
		Bounds: [513,3744]
		q0792 [makespan: 867]
		q0792 [makespan: 792]
		q0792 [makespan: 781]
		q0792 [makespan: 716]
		q0792 [makespan: 710]
			nodes:      12207
			failures:   15
			peak depth: 545
			runtime:    0.150 (150.000 ms)

	Adjusting...
		Bounds: [513,710]
		Bounds: [612,710]
		q0792 [makespan: 658]
		Bounds: [612,658]
		Bounds: [636,658]
		Bounds: [648,658]
		q0792 [makespan: 653]
		Bounds: [648,653]
		Bounds: [651,653]
			nodes:      891
			failures:   383
			restarts:   0
			no-goods:   0
			peak depth: 73
			runtime:    0.037 (37.000 ms)

	Solving...
			nodes:      0
			failures:   1
			restarts:   0
			no-goods:   0
			peak depth: 0
			runtime:    0.000 (0.000 ms)

	Found best solution and proved optimality.
