	Probing...
		Bounds: [649,4598]
		q0800 [makespan: 1032]
		q0800 [makespan: 959]
		q0800 [makespan: 926]
		q0800 [makespan: 894]
			nodes:      12319
			failures:   8
			peak depth: 540
			runtime:    0.151 (151.000 ms)

	Adjusting...
		Bounds: [649,894]
		Bounds: [772,894]
		q0800 [makespan: 831]
		Bounds: [772,831]
		Bounds: [802,831]
			nodes:      47978
			failures:   23933
			restarts:   3
			no-goods:   38
			peak depth: 92
			runtime:    1.621 (1621.000 ms)
				stopped due to time-out...

	Solving...
		q0800 [makespan: 828]
			nodes:      131790
			failures:   65806
			restarts:   6
			no-goods:   122
			peak depth: 96
			runtime:    5.984 (5984.000 ms)

	Found best solution and proved optimality.
