	Probing...
		Bounds: [646,4350]
		q0835 [makespan: 1006]
		q0835 [makespan: 903]
		q0835 [makespan: 856]
		q0835 [makespan: 846]
			nodes:      12415
			failures:   4
			peak depth: 547
			runtime:    0.159 (159.000 ms)

	Adjusting...
		Bounds: [646,846]
		Bounds: [747,846]
		q0835 [makespan: 796]
		Bounds: [747,796]
		Bounds: [772,796]
		q0835 [makespan: 780]
		Bounds: [772,780]
		Bounds: [777,780]
		q0835 [makespan: 777]
			nodes:      33346
			failures:   16553
			restarts:   1
			no-goods:   16
			peak depth: 93
			runtime:    1.605 (1605.000 ms)

	Solving...
			nodes:      0
			failures:   1
			restarts:   0
			no-goods:   0
			peak depth: 0
			runtime:    0.000 (0.000 ms)

	Found best solution and proved optimality.
