	Probing...
		Bounds: [536,3928]
		q0850 [makespan: 888]
		q0850 [makespan: 753]
		q0850 [makespan: 734]
			nodes:      12245
			failures:   1
			peak depth: 524
			runtime:    0.150 (150.000 ms)

	Adjusting...
		Bounds: [536,734]
		Bounds: [636,734]
		q0850 [makespan: 685]
		Bounds: [636,685]
		q0850 [makespan: 660]
		Bounds: [636,660]
		q0850 [makespan: 646]
		Bounds: [636,646]
		Bounds: [642,646]
			nodes:      367
			failures:   103
			restarts:   0
			no-goods:   0
			peak depth: 61
			runtime:    0.014 (14.000 ms)

	Found best solution and proved optimality.
