	Probing...
		Bounds: [606,3821]
		q0865 [makespan: 894]
		q0865 [makespan: 847]
		q0865 [makespan: 806]
		q0865 [makespan: 784]
		q0865 [makespan: 764]
		q0865 [makespan: 757]
		q0865 [makespan: 726]
			nodes:      12207
			failures:   11
			peak depth: 542
			runtime:    0.156 (156.000 ms)

	Adjusting...
		Bounds: [606,726]
		Bounds: [667,726]
		q0865 [makespan: 696]
		Bounds: [667,696]
		q0865 [makespan: 679]
		Bounds: [667,679]
		q0865 [makespan: 673]
		Bounds: [667,673]
		Bounds: [671,673]
		q0865 [makespan: 671]
			nodes:      1075
			failures:   405
			restarts:   0
			no-goods:   0
			peak depth: 81
			runtime:    0.044 (44.000 ms)

	Solving...
			nodes:      0
			failures:   1
			restarts:   0
			no-goods:   0
			peak depth: 0
			runtime:    0.000 (0.000 ms)

	Found best solution and proved optimality.
