	Probing...
		Bounds: [611,4269]
		q0938 [makespan: 843]
		q0938 [makespan: 790]
		q0938 [makespan: 747]
		q0938 [makespan: 719]
			nodes:      12634
			failures:   6
			peak depth: 559
			runtime:    0.151 (151.000 ms)

	Adjusting...
		Bounds: [611,719]
		q0938 [makespan: 665]
		Bounds: [611,665]
		Bounds: [639,665]
		q0938 [makespan: 651]
		Bounds: [639,651]
		q0938 [makespan: 644]
		Bounds: [639,644]
		Bounds: [642,644]
		q0938 [makespan: 642]
			nodes:      233
			failures:   6
			restarts:   0
			no-goods:   0
			peak depth: 60
			runtime:    0.003 (3.000 ms)

	Found best solution and proved optimality.
