	Probing...
		Bounds: [525,3800]
		q0935 [makespan: 796]
		q0935 [makespan: 782]
		q0935 [makespan: 731]
			nodes:      11929
			failures:   5
			peak depth: 523
			runtime:    0.150 (150.000 ms)

	Adjusting...
		Bounds: [525,731]
		Bounds: [629,731]
		Bounds: [681,731]
		q0935 [makespan: 703]
		Bounds: [681,703]
		q0935 [makespan: 691]
		Bounds: [681,691]
		q0935 [makespan: 684]
		Bounds: [681,684]
			nodes:      5545
			failures:   2677
			restarts:   0
			no-goods:   0
			peak depth: 79
			runtime:    0.268 (268.000 ms)

	Found best solution and proved optimality.
