	Probing...
		Bounds: [566,4394]
		q0959 [makespan: 850]
		q0959 [makespan: 802]
		q0959 [makespan: 785]
			nodes:      12499
			failures:   2
			peak depth: 573
			runtime:    0.149 (149.000 ms)

	Adjusting...
		Bounds: [566,785]
		Bounds: [676,785]
		Bounds: [731,785]
		q0959 [makespan: 757]
		Bounds: [731,757]
		q0959 [makespan: 742]
		Bounds: [731,742]
		q0959 [makespan: 736]
		Bounds: [731,736]
		q0959 [makespan: 733]
		Bounds: [731,733]
		q0959 [makespan: 731]
			nodes:      1165
			failures:   431
			restarts:   0
			no-goods:   0
			peak depth: 70
			runtime:    0.051 (51.000 ms)

	Solving...
			nodes:      0
			failures:   1
			restarts:   0
			no-goods:   0
			peak depth: 0
			runtime:    0.000 (0.000 ms)

	Found best solution and proved optimality.
