	Probing...
		Bounds: [605,3923]
		q0955 [makespan: 792]
			nodes:      12575
			failures:   2
			peak depth: 537
			runtime:    0.150 (150.000 ms)

	Adjusting...
		Bounds: [605,792]
		Bounds: [699,792]
		Bounds: [746,792]
		Bounds: [770,792]
		q0955 [makespan: 780]
		Bounds: [770,780]
		q0955 [makespan: 775]
		Bounds: [770,775]
		q0955 [makespan: 771]
		Bounds: [770,771]
			nodes:      226
			failures:   17
			restarts:   0
			no-goods:   0
			peak depth: 69
			runtime:    0.005 (5.000 ms)

	Found best solution and proved optimality.
