	Probing...
		Bounds: [582,4133]
		q0963 [makespan: 930]
		q0963 [makespan: 831]
		q0963 [makespan: 827]
		q0963 [makespan: 798]
		q0963 [makespan: 759]
			nodes:      12370
			failures:   6
			peak depth: 554
			runtime:    0.149 (149.000 ms)

	Adjusting...
		Bounds: [582,759]
		Bounds: [671,759]
		q0963 [makespan: 712]
		Bounds: [671,712]
		Bounds: [692,712]
		Bounds: [703,712]
		q0963 [makespan: 707]
		Bounds: [703,707]
			nodes:      485
			failures:   189
			restarts:   0
			no-goods:   0
			peak depth: 64
			runtime:    0.019 (19.000 ms)

	Found best solution and proved optimality.
