	Probing...
		Bounds: [627,4024]
		q0971 [makespan: 1112]
		q0971 [makespan: 883]
		q0971 [makespan: 865]
		q0971 [makespan: 862]
		q0971 [makespan: 839]
			nodes:      12163
			failures:   6
			peak depth: 536
			runtime:    0.152 (152.000 ms)

	Adjusting...
		Bounds: [627,839]
		Bounds: [734,839]
		q0971 [makespan: 785]
		Bounds: [734,785]
		Bounds: [760,785]
		q0971 [makespan: 770]
		Bounds: [760,770]
		q0971 [makespan: 765]
		Bounds: [760,765]
		q0971 [makespan: 762]
		Bounds: [760,762]
			nodes:      4275
			failures:   2009
			restarts:   0
			no-goods:   0
			peak depth: 78
			runtime:    0.206 (206.000 ms)

	Solving...
			nodes:      0
			failures:   1
			restarts:   0
			no-goods:   0
			peak depth: 0
			runtime:    0.000 (0.000 ms)

	Found best solution and proved optimality.
