	Probing...
		Bounds: [637,4019]
		q0975 [makespan: 830]
		q0975 [makespan: 758]
			nodes:      32008
			failures:   10012
			peak depth: 530
			runtime:    0.454 (454.000 ms)

	Adjusting...
		Bounds: [637,758]
		Bounds: [698,758]
		q0975 [makespan: 727]
		Bounds: [698,727]
		q0975 [makespan: 711]
		Bounds: [698,711]
		Bounds: [705,711]
		q0975 [makespan: 708]
		Bounds: [705,708]
			nodes:      574
			failures:   199
			restarts:   0
			no-goods:   0
			peak depth: 68
			runtime:    0.024 (24.000 ms)

	Found best solution and proved optimality.
