	Probing...
		Bounds: [604,4106]
		q0994 [makespan: 893]
		q0994 [makespan: 878]
		q0994 [makespan: 823]
		q0994 [makespan: 769]
			nodes:      12062
			failures:   7
			peak depth: 539
			runtime:    0.152 (152.000 ms)

	Adjusting...
		Bounds: [604,769]
		Bounds: [687,769]
		q0994 [makespan: 727]
		Bounds: [687,727]
		Bounds: [708,727]
		q0994 [makespan: 717]
		Bounds: [708,717]
		Bounds: [713,717]
			nodes:      2932
			failures:   1407
			restarts:   0
			no-goods:   0
			peak depth: 75
			runtime:    0.150 (150.000 ms)

	Found best solution and proved optimality.
