	Probing...
		Bounds: [614,4074]
		q1001 [makespan: 1041]
		q1001 [makespan: 918]
		q1001 [makespan: 874]
		q1001 [makespan: 819]
		q1001 [makespan: 769]
			nodes:      12192
			failures:   6
			peak depth: 532
			runtime:    0.151 (151.000 ms)

	Adjusting...
		Bounds: [614,769]
		Bounds: [692,769]
		q1001 [makespan: 730]
		Bounds: [692,730]
		Bounds: [712,730]
		Bounds: [722,730]
		Bounds: [727,730]
			nodes:      2649
			failures:   1301
			restarts:   0
			no-goods:   0
			peak depth: 59
			runtime:    0.136 (136.000 ms)

	Found best solution and proved optimality.
