	Probing...
		Bounds: [479,3698]
		q1007 [makespan: 848]
		q1007 [makespan: 756]
		q1007 [makespan: 731]
		q1007 [makespan: 725]
		q1007 [makespan: 705]
		q1007 [makespan: 701]
			nodes:      31578
			failures:   10011
			peak depth: 516
			runtime:    0.620 (620.000 ms)

	Adjusting...
		Bounds: [479,701]
		Bounds: [591,701]
		q1007 [makespan: 645]
		Bounds: [591,645]
		Bounds: [619,645]
		Bounds: [633,645]
		q1007 [makespan: 639]
		Bounds: [633,639]
		q1007 [makespan: 635]
		Bounds: [633,635]
			nodes:      3821
			failures:   1811
			restarts:   0
			no-goods:   0
			peak depth: 90
			runtime:    0.199 (199.000 ms)

	Solving...
			nodes:      0
			failures:   1
			restarts:   0
			no-goods:   0
			peak depth: 0
			runtime:    0.000 (0.000 ms)

	Found best solution and proved optimality.
