	Probing...
		Bounds: [632,4115]
		q1036 [makespan: 1004]
		q1036 [makespan: 914]
		q1036 [makespan: 864]
		q1036 [makespan: 841]
			nodes:      12027
			failures:   6
			peak depth: 520
			runtime:    0.149 (149.000 ms)

	Adjusting...
		Bounds: [632,841]
		Bounds: [737,841]
		q1036 [makespan: 789]
		Bounds: [737,789]
		q1036 [makespan: 755]
		Bounds: [737,755]
		Bounds: [747,755]
		q1036 [makespan: 748]
			nodes:      54641
			failures:   27181
			restarts:   4
			no-goods:   72
			peak depth: 81
			runtime:    2.322 (2322.000 ms)

	Found best solution and proved optimality.
