	Probing...
		Bounds: [542,4117]
		q1129 [makespan: 827]
		q1129 [makespan: 821]
		q1129 [makespan: 812]
		q1129 [makespan: 797]
		q1129 [makespan: 794]
		q1129 [makespan: 782]
		q1129 [makespan: 771]
			nodes:      12044
			failures:   1
			peak depth: 523
			runtime:    0.150 (150.000 ms)

	Adjusting...
		Bounds: [542,771]
		Bounds: [657,771]
		q1129 [makespan: 713]
		Bounds: [657,713]
		Bounds: [686,713]
		q1129 [makespan: 699]
		Bounds: [686,699]
		q1129 [makespan: 691]
		Bounds: [686,691]
		Bounds: [689,691]
			nodes:      2866
			failures:   1331
			restarts:   0
			no-goods:   0
			peak depth: 79
			runtime:    0.130 (130.000 ms)

	Found best solution and proved optimality.
