	Probing...
		Bounds: [627,3850]
		q1157 [makespan: 976]
		q1157 [makespan: 918]
		q1157 [makespan: 887]
			nodes:      12296
			failures:   4
			peak depth: 531
			runtime:    0.153 (153.000 ms)

	Adjusting...
		Bounds: [627,887]
		Bounds: [758,887]
			nodes:      399702
			failures:   199736
			restarts:   9
			no-goods:   195
			peak depth: 77
			runtime:    15.001 (15001.000 ms)
				stopped due to time-out...

	Solving...
		q1157 [makespan: 886]
		q1157 [makespan: 885]
		q1157 [makespan: 879]
		q1157 [makespan: 875]
		q1157 [makespan: 872]
		q1157 [makespan: 871]
		q1157 [makespan: 867]
		q1157 [makespan: 866]
		q1157 [makespan: 864]
		q1157 [makespan: 861]
		q1157 [makespan: 860]
		q1157 [makespan: 855]
		q1157 [makespan: 853]
		q1157 [makespan: 850]
		q1157 [makespan: 848]
		q1157 [makespan: 843]
		q1157 [makespan: 839]
		q1157 [makespan: 838]
		q1157 [makespan: 837]
		q1157 [makespan: 836]
		q1157 [makespan: 835]
		q1157 [makespan: 831]
		q1157 [makespan: 829]
		q1157 [makespan: 827]
		q1157 [makespan: 826]
		q1157 [makespan: 825]
		q1157 [makespan: 823]
		q1157 [makespan: 821]
			nodes:      20863873
			failures:   10430660
			restarts:   52
			no-goods:   715
			peak depth: 97
			runtime:    12:28.991 (748991.000 ms)

	Found best solution and proved optimality.
