	Probing...
		Bounds: [622,3936]
		q1250 [makespan: 1100]
		q1250 [makespan: 883]
		q1250 [makespan: 878]
		q1250 [makespan: 826]
			nodes:      12219
			failures:   7
			peak depth: 535
			runtime:    0.153 (153.000 ms)

	Adjusting...
		Bounds: [622,826]
		Bounds: [725,826]
		q1250 [makespan: 775]
		Bounds: [725,775]
		Bounds: [751,775]
		Bounds: [764,775]
		q1250 [makespan: 768]
		Bounds: [764,768]
			nodes:      17196
			failures:   8536
			restarts:   0
			no-goods:   0
			peak depth: 88
			runtime:    0.818 (818.000 ms)

	Found best solution and proved optimality.
