	Probing...
		Bounds: [602,3601]
		q1261 [makespan: 971]
		q1261 [makespan: 758]
			nodes:      12418
			failures:   6
			peak depth: 536
			runtime:    0.151 (151.000 ms)

	Adjusting...
		Bounds: [602,758]
		Bounds: [681,758]
		q1261 [makespan: 715]
		Bounds: [681,715]
		q1261 [makespan: 698]
		Bounds: [681,698]
		Bounds: [690,698]
		Bounds: [695,698]
			nodes:      8629
			failures:   4244
			restarts:   0
			no-goods:   0
			peak depth: 82
			runtime:    0.298 (298.000 ms)

	Found best solution and proved optimality.
