	Probing...
		Bounds: [563,3899]
		q1262 [makespan: 898]
		q1262 [makespan: 890]
		q1262 [makespan: 849]
		q1262 [makespan: 835]
		q1262 [makespan: 787]
			nodes:      12435
			failures:   2
			peak depth: 544
			runtime:    0.148 (148.000 ms)

	Adjusting...
		Bounds: [563,787]
		Bounds: [676,787]
		Bounds: [732,787]
		q1262 [makespan: 759]
		Bounds: [732,759]
		q1262 [makespan: 743]
		Bounds: [732,743]
		Bounds: [738,743]
		Bounds: [741,743]
			nodes:      3873
			failures:   1875
			restarts:   0
			no-goods:   0
			peak depth: 82
			runtime:    0.152 (152.000 ms)

	Solving...
			nodes:      0
			failures:   1
			restarts:   0
			no-goods:   0
			peak depth: 0
			runtime:    0.000 (0.000 ms)

	Found best solution and proved optimality.
