	Probing...
		Bounds: [584,3885]
		q1289 [makespan: 975]
		q1289 [makespan: 757]
		q1289 [makespan: 729]
			nodes:      11969
			failures:   6
			peak depth: 524
			runtime:    0.152 (152.000 ms)

	Adjusting...
		Bounds: [584,729]
		Bounds: [657,729]
		q1289 [makespan: 692]
		Bounds: [657,692]
		Bounds: [675,692]
		q1289 [makespan: 680]
		Bounds: [675,680]
		Bounds: [678,680]
			nodes:      3062
			failures:   1468
			restarts:   0
			no-goods:   0
			peak depth: 77
			runtime:    0.150 (150.000 ms)

	Solving...
			nodes:      0
			failures:   1
			restarts:   0
			no-goods:   0
			peak depth: 0
			runtime:    0.000 (0.000 ms)

	Found best solution and proved optimality.
