	Probing...
		Bounds: [645,4250]
		q1299 [makespan: 874]
			nodes:      12481
			failures:   5
			peak depth: 548
			runtime:    0.150 (150.000 ms)

	Adjusting...
		Bounds: [645,874]
		Bounds: [760,874]
		q1299 [makespan: 816]
		Bounds: [760,816]
		Bounds: [789,816]
		q1299 [makespan: 801]
		Bounds: [789,801]
		Bounds: [796,801]
		q1299 [makespan: 798]
		Bounds: [796,798]
			nodes:      966
			failures:   377
			restarts:   0
			no-goods:   0
			peak depth: 90
			runtime:    0.034 (34.000 ms)

	Solving...
			nodes:      0
			failures:   1
			restarts:   0
			no-goods:   0
			peak depth: 0
			runtime:    0.000 (0.000 ms)

	Found best solution and proved optimality.
