	Probing...
		Bounds: [635,4076]
		q1320 [makespan: 954]
		q1320 [makespan: 839]
		q1320 [makespan: 838]
			nodes:      12127
			failures:   8
			peak depth: 522
			runtime:    0.149 (149.000 ms)

	Adjusting...
		Bounds: [635,838]
		Bounds: [737,838]
		q1320 [makespan: 787]
		Bounds: [737,787]
		Bounds: [763,787]
		Bounds: [776,787]
		Bounds: [782,787]
		Bounds: [785,787]
			nodes:      72
			failures:   10
			restarts:   0
			no-goods:   0
			peak depth: 65
			runtime:    0.003 (3.000 ms)

	Found best solution and proved optimality.
