	Probing...
		Bounds: [661,4386]
		q1334 [makespan: 952]
		q1334 [makespan: 917]
		q1334 [makespan: 909]
		q1334 [makespan: 897]
		q1334 [makespan: 877]
			nodes:      12494
			failures:   9
			peak depth: 538
			runtime:    0.154 (154.000 ms)

	Adjusting...
		Bounds: [661,877]
		Bounds: [770,877]
		q1334 [makespan: 822]
		Bounds: [770,822]
		q1334 [makespan: 794]
		Bounds: [770,794]
		Bounds: [783,794]
		q1334 [makespan: 786]
		Bounds: [783,786]
			nodes:      274
			failures:   39
			restarts:   0
			no-goods:   0
			peak depth: 73
			runtime:    0.008 (8.000 ms)

	Found best solution and proved optimality.
