	Probing...
		Bounds: [661,3818]
		q1346 [makespan: 921]
		q1346 [makespan: 898]
		q1346 [makespan: 857]
		q1346 [makespan: 856]
		q1346 [makespan: 835]
		q1346 [makespan: 823]
		q1346 [makespan: 813]
			nodes:      12003
			failures:   6
			peak depth: 519
			runtime:    0.152 (152.000 ms)

	Adjusting...
		Bounds: [661,813]
		Bounds: [738,813]
		q1346 [makespan: 773]
		Bounds: [738,773]
		Bounds: [756,773]
		q1346 [makespan: 764]
		Bounds: [756,764]
		q1346 [makespan: 760]
		Bounds: [756,760]
			nodes:      24551
			failures:   12167
			restarts:   1
			no-goods:   17
			peak depth: 83
			runtime:    0.875 (875.000 ms)

	Found best solution and proved optimality.
