	Probing...
		Bounds: [691,4769]
		q1359 [makespan: 965]
		q1359 [makespan: 952]
		q1359 [makespan: 942]
		q1359 [makespan: 901]
		q1359 [makespan: 874]
			nodes:      12648
			failures:   4
			peak depth: 579
			runtime:    0.148 (148.000 ms)

	Adjusting...
		Bounds: [691,874]
		Bounds: [783,874]
		q1359 [makespan: 828]
		Bounds: [783,828]
		Bounds: [806,828]
		Bounds: [818,828]
		q1359 [makespan: 822]
		Bounds: [818,822]
		q1359 [makespan: 820]
		Bounds: [818,820]
			nodes:      260
			failures:   37
			restarts:   0
			no-goods:   0
			peak depth: 77
			runtime:    0.009 (9.000 ms)

	Solving...
			nodes:      0
			failures:   1
			restarts:   0
			no-goods:   0
			peak depth: 0
			runtime:    0.000 (0.000 ms)

	Found best solution and proved optimality.
