	Probing...
		Bounds: [529,3542]
		q1362 [makespan: 821]
		q1362 [makespan: 803]
		q1362 [makespan: 765]
		q1362 [makespan: 705]
			nodes:      12374
			failures:   4
			peak depth: 544
			runtime:    0.149 (149.000 ms)

	Adjusting...
		Bounds: [529,705]
		Bounds: [618,705]
		Bounds: [662,705]
		q1362 [makespan: 679]
		Bounds: [662,679]
		q1362 [makespan: 667]
		Bounds: [662,667]
		q1362 [makespan: 664]
		Bounds: [662,664]
			nodes:      639
			failures:   215
			restarts:   0
			no-goods:   0
			peak depth: 84
			runtime:    0.020 (20.000 ms)

	Solving...
			nodes:      0
			failures:   1
			restarts:   0
			no-goods:   0
			peak depth: 0
			runtime:    0.000 (0.000 ms)

	Found best solution and proved optimality.
