	Probing...
		Bounds: [578,3474]
		q1470 [makespan: 976]
		q1470 [makespan: 829]
		q1470 [makespan: 820]
		q1470 [makespan: 808]
		q1470 [makespan: 782]
		q1470 [makespan: 755]
			nodes:      12320
			failures:   3
			peak depth: 546
			runtime:    0.150 (150.000 ms)

	Adjusting...
		Bounds: [578,755]
		Bounds: [667,755]
		Bounds: [712,755]
		q1470 [makespan: 733]
		Bounds: [712,733]
		q1470 [makespan: 715]
		Bounds: [712,715]
			nodes:      16665
			failures:   8268
			restarts:   0
			no-goods:   0
			peak depth: 84
			runtime:    0.735 (735.000 ms)

	Found best solution and proved optimality.
