	Probing...
		Bounds: [592,4009]
		q1502 [makespan: 1004]
		q1502 [makespan: 857]
		q1502 [makespan: 800]
			nodes:      12176
			failures:   4
			peak depth: 533
			runtime:    0.149 (149.000 ms)

	Adjusting...
		Bounds: [592,800]
		Bounds: [697,800]
		Bounds: [749,800]
		q1502 [makespan: 771]
		Bounds: [749,771]
		q1502 [makespan: 757]
		Bounds: [749,757]
		q1502 [makespan: 749]
			nodes:      47912
			failures:   23830
			restarts:   3
			no-goods:   32
			peak depth: 82
			runtime:    2.089 (2089.000 ms)

	Solving...
			nodes:      0
			failures:   1
			restarts:   0
			no-goods:   0
			peak depth: 0
			runtime:    0.000 (0.000 ms)

	Found best solution and proved optimality.
