	Probing...
		Bounds: [603,3628]
		q1530 [makespan: 887]
		q1530 [makespan: 785]
		q1530 [makespan: 781]
		q1530 [makespan: 750]
			nodes:      11876
			failures:   3
			peak depth: 522
			runtime:    0.149 (149.000 ms)

	Adjusting...
		Bounds: [603,750]
		Bounds: [677,750]
		q1530 [makespan: 712]
		Bounds: [677,712]
		q1530 [makespan: 694]
		Bounds: [677,694]
		q1530 [makespan: 685]
		Bounds: [677,685]
		q1530 [makespan: 681]
		Bounds: [677,681]
			nodes:      637
			failures:   198
			restarts:   0
			no-goods:   0
			peak depth: 96
			runtime:    0.024 (24.000 ms)

	Found best solution and proved optimality.
