	Probing...
		Bounds: [573,3764]
		q1548 [makespan: 933]
		q1548 [makespan: 770]
		q1548 [makespan: 726]
			nodes:      12377
			failures:   13
			peak depth: 557
			runtime:    0.148 (148.000 ms)

	Adjusting...
		Bounds: [573,726]
		Bounds: [650,726]
		q1548 [makespan: 688]
		Bounds: [650,688]
		Bounds: [670,688]
		q1548 [makespan: 679]
		Bounds: [670,679]
		q1548 [makespan: 673]
		Bounds: [670,673]
		Bounds: [672,673]
		q1548 [makespan: 672]
			nodes:      12635
			failures:   6184
			restarts:   0
			no-goods:   0
			peak depth: 93
			runtime:    0.540 (540.000 ms)

	Found best solution and proved optimality.
