	Probing...
		Bounds: [558,3860]
		q1599 [makespan: 861]
		q1599 [makespan: 811]
		q1599 [makespan: 809]
		q1599 [makespan: 802]
		q1599 [makespan: 750]
			nodes:      12089
			failures:   7
			peak depth: 534
			runtime:    0.150 (150.000 ms)

	Adjusting...
		Bounds: [558,750]
		Bounds: [655,750]
		Bounds: [703,750]
		q1599 [makespan: 726]
		Bounds: [703,726]
		q1599 [makespan: 713]
		Bounds: [703,713]
		q1599 [makespan: 707]
		Bounds: [703,707]
		q1599 [makespan: 705]
		Bounds: [703,705]
		q1599 [makespan: 704]
			nodes:      8577
			failures:   4126
			restarts:   0
			no-goods:   0
			peak depth: 91
			runtime:    0.383 (383.000 ms)

	Found best solution and proved optimality.
