	Probing...
		Bounds: [564,3950]
		q1613 [makespan: 763]
			nodes:      12226
			failures:   3
			peak depth: 541
			runtime:    0.150 (150.000 ms)

	Adjusting...
		Bounds: [564,763]
		Bounds: [664,763]
		q1613 [makespan: 711]
		Bounds: [664,711]
		q1613 [makespan: 684]
		Bounds: [664,684]
		Bounds: [675,684]
		Bounds: [680,684]
		q1613 [makespan: 681]
			nodes:      354
			failures:   81
			restarts:   0
			no-goods:   0
			peak depth: 84
			runtime:    0.010 (10.000 ms)

	Found best solution and proved optimality.
