	Probing...
		Bounds: [612,4149]
		q1637 [makespan: 920]
		q1637 [makespan: 858]
		q1637 [makespan: 847]
			nodes:      11906
			failures:   15
			peak depth: 528
			runtime:    0.153 (153.000 ms)

	Adjusting...
		Bounds: [612,847]
		Bounds: [730,847]
		q1637 [makespan: 786]
		Bounds: [730,786]
		Bounds: [759,786]
		q1637 [makespan: 771]
		Bounds: [759,771]
		Bounds: [766,771]
		Bounds: [769,771]
		q1637 [makespan: 770]
			nodes:      46744
			failures:   23280
			restarts:   1
			no-goods:   14
			peak depth: 77
			runtime:    2.191 (2191.000 ms)

	Found best solution and proved optimality.
