	Probing...
		Bounds: [663,4253]
		q1643 [makespan: 1153]
		q1643 [makespan: 806]
			nodes:      12013
			failures:   12
			peak depth: 543
			runtime:    0.150 (150.000 ms)

	Adjusting...
		Bounds: [663,806]
		Bounds: [735,806]
		Bounds: [771,806]
		q1643 [makespan: 788]
		Bounds: [771,788]
		q1643 [makespan: 778]
		Bounds: [771,778]
		Bounds: [775,778]
		Bounds: [777,778]
			nodes:      198461
			failures:   99044
			restarts:   11
			no-goods:   232
			peak depth: 80
			runtime:    7.352 (7352.000 ms)

	Found best solution and proved optimality.
