	Probing...
		Bounds: [650,4201]
		q1647 [makespan: 895]
			nodes:      12347
			failures:   10
			peak depth: 570
			runtime:    0.154 (154.000 ms)

	Adjusting...
		Bounds: [650,895]
		Bounds: [773,895]
		q1647 [makespan: 827]
		Bounds: [773,827]
		q1647 [makespan: 798]
		Bounds: [773,798]
		Bounds: [786,798]
		q1647 [makespan: 791]
		Bounds: [786,791]
		Bounds: [789,791]
			nodes:      61731
			failures:   30751
			restarts:   3
			no-goods:   26
			peak depth: 83
			runtime:    3.096 (3096.000 ms)

	Solving...
			nodes:      0
			failures:   1
			restarts:   0
			no-goods:   0
			peak depth: 0
			runtime:    0.000 (0.000 ms)

	Found best solution and proved optimality.
