	Probing...
		Bounds: [584,3987]
		q1642 [makespan: 937]
		q1642 [makespan: 860]
		q1642 [makespan: 841]
		q1642 [makespan: 787]
		q1642 [makespan: 781]
		q1642 [makespan: 722]
			nodes:      12644
			failures:   5
			peak depth: 562
			runtime:    0.152 (152.000 ms)

	Adjusting...
		Bounds: [584,722]
		Bounds: [654,722]
		Bounds: [689,722]
		Bounds: [706,722]
		q1642 [makespan: 714]
		Bounds: [706,714]
		Bounds: [711,714]
		Bounds: [713,714]
		q1642 [makespan: 713]
			nodes:      2180
			failures:   1031
			restarts:   0
			no-goods:   0
			peak depth: 67
			runtime:    0.101 (101.000 ms)

	Found best solution and proved optimality.
