	Probing...
		Bounds: [667,3910]
		q1651 [makespan: 949]
		q1651 [makespan: 865]
		q1651 [makespan: 831]
		q1651 [makespan: 814]
		q1651 [makespan: 774]
			nodes:      31829
			failures:   10006
			peak depth: 522
			runtime:    0.573 (573.000 ms)

	Adjusting...
		Bounds: [667,774]
		Bounds: [721,774]
		q1651 [makespan: 745]
		Bounds: [721,745]
		q1651 [makespan: 733]
		Bounds: [721,733]
		Bounds: [728,733]
		Bounds: [731,733]
			nodes:      277585
			failures:   138609
			restarts:   14
			no-goods:   216
			peak depth: 80
			runtime:    10.824 (10824.000 ms)

	Found best solution and proved optimality.
