	Probing...
		Bounds: [568,4162]
		q1721 [makespan: 1103]
		q1721 [makespan: 864]
		q1721 [makespan: 831]
			nodes:      12047
			failures:   7
			peak depth: 562
			runtime:    0.151 (151.000 ms)

	Adjusting...
		Bounds: [568,831]
		Bounds: [700,831]
		q1721 [makespan: 763]
		Bounds: [700,763]
		Bounds: [732,763]
		q1721 [makespan: 747]
		Bounds: [732,747]
		Bounds: [740,747]
		Bounds: [744,747]
		q1721 [makespan: 744]
			nodes:      169664
			failures:   84651
			restarts:   10
			no-goods:   178
			peak depth: 88
			runtime:    7.573 (7573.000 ms)

	Solving...
			nodes:      0
			failures:   1
			restarts:   0
			no-goods:   0
			peak depth: 0
			runtime:    0.000 (0.000 ms)

	Found best solution and proved optimality.
