	Probing...
		Bounds: [593,4072]
		q1720 [makespan: 917]
		q1720 [makespan: 801]
		q1720 [makespan: 800]
		q1720 [makespan: 759]
			nodes:      32272
			failures:   10002
			peak depth: 527
			runtime:    0.542 (542.000 ms)

	Adjusting...
		Bounds: [593,759]
		Bounds: [677,759]
		q1720 [makespan: 717]
		Bounds: [677,717]
		Bounds: [698,717]
		q1720 [makespan: 707]
		Bounds: [698,707]
		Bounds: [703,707]
		Bounds: [706,707]
			nodes:      1124
			failures:   506
			restarts:   0
			no-goods:   0
			peak depth: 76
			runtime:    0.058 (58.000 ms)

	Found best solution and proved optimality.
