	Probing...
		Bounds: [654,4432]
		q1730 [makespan: 1021]
		q1730 [makespan: 1002]
		q1730 [makespan: 964]
		q1730 [makespan: 857]
			nodes:      12380
			failures:   5
			peak depth: 556
			runtime:    0.152 (152.000 ms)

	Adjusting...
		Bounds: [654,857]
		Bounds: [756,857]
		q1730 [makespan: 806]
		Bounds: [756,806]
		q1730 [makespan: 778]
		Bounds: [756,778]
		q1730 [makespan: 767]
		Bounds: [756,767]
		q1730 [makespan: 761]
		Bounds: [756,761]
		q1730 [makespan: 758]
		Bounds: [756,758]
			nodes:      464
			failures:   80
			restarts:   0
			no-goods:   0
			peak depth: 72
			runtime:    0.013 (13.000 ms)

	Solving...
			nodes:      0
			failures:   1
			restarts:   0
			no-goods:   0
			peak depth: 0
			runtime:    0.000 (0.000 ms)

	Found best solution and proved optimality.
