	Probing...
		Bounds: [586,3981]
		q1749 [makespan: 846]
		q1749 [makespan: 799]
		q1749 [makespan: 793]
		q1749 [makespan: 733]
			nodes:      12359
			failures:   0
			peak depth: 567
			runtime:    0.150 (150.000 ms)

	Adjusting...
		Bounds: [586,733]
		Bounds: [660,733]
		Bounds: [697,733]
		q1749 [makespan: 704]
		Bounds: [697,704]
		Bounds: [701,704]
			nodes:      2912
			failures:   1420
			restarts:   0
			no-goods:   0
			peak depth: 86
			runtime:    0.123 (123.000 ms)

	Found best solution and proved optimality.
