	Probing...
		Bounds: [635,4042]
		q1789 [makespan: 796]
		q1789 [makespan: 794]
			nodes:      31761
			failures:   10009
			peak depth: 524
			runtime:    0.550 (550.000 ms)

	Adjusting...
		Bounds: [635,794]
		q1789 [makespan: 714]
		Bounds: [635,714]
		Bounds: [675,714]
		q1789 [makespan: 694]
		Bounds: [675,694]
		Bounds: [685,694]
		q1789 [makespan: 688]
		Bounds: [685,688]
		q1789 [makespan: 686]
		Bounds: [685,686]
			nodes:      347
			failures:   60
			restarts:   0
			no-goods:   0
			peak depth: 70
			runtime:    0.012 (12.000 ms)

	Found best solution and proved optimality.
