	Probing...
		Bounds: [552,3963]
		q1794 [makespan: 950]
		q1794 [makespan: 809]
			nodes:      12046
			failures:   5
			peak depth: 521
			runtime:    0.152 (152.000 ms)

	Adjusting...
		Bounds: [552,809]
		Bounds: [681,809]
		q1794 [makespan: 744]
		Bounds: [681,744]
		Bounds: [713,744]
		Bounds: [729,744]
		q1794 [makespan: 736]
		Bounds: [729,736]
		Bounds: [733,736]
			nodes:      38059
			failures:   18957
			restarts:   2
			no-goods:   36
			peak depth: 74
			runtime:    1.809 (1809.000 ms)

	Found best solution and proved optimality.
