	Probing...
		Bounds: [538,3851]
		q1810 [makespan: 901]
		q1810 [makespan: 818]
		q1810 [makespan: 804]
		q1810 [makespan: 799]
		q1810 [makespan: 798]
		q1810 [makespan: 781]
		q1810 [makespan: 749]
			nodes:      11904
			failures:   2
			peak depth: 536
			runtime:    0.152 (152.000 ms)

	Adjusting...
		Bounds: [538,749]
		Bounds: [644,749]
		q1810 [makespan: 692]
		Bounds: [644,692]
		Bounds: [669,692]
		q1810 [makespan: 680]
		Bounds: [669,680]
		q1810 [makespan: 674]
		Bounds: [669,674]
		Bounds: [672,674]
		q1810 [makespan: 673]
			nodes:      11285
			failures:   5520
			restarts:   0
			no-goods:   0
			peak depth: 91
			runtime:    0.488 (488.000 ms)

	Found best solution and proved optimality.
