	Probing...
		Bounds: [727,4395]
		q1832 [makespan: 1264]
		q1832 [makespan: 952]
		q1832 [makespan: 927]
		q1832 [makespan: 895]
			nodes:      12144
			failures:   4
			peak depth: 535
			runtime:    0.161 (161.000 ms)

	Adjusting...
		Bounds: [727,895]
		Bounds: [812,895]
		q1832 [makespan: 853]
		Bounds: [812,853]
		q1832 [makespan: 830]
		Bounds: [812,830]
		Bounds: [822,830]
		q1832 [makespan: 825]
		Bounds: [822,825]
		Bounds: [824,825]
			nodes:      10971
			failures:   5391
			restarts:   0
			no-goods:   0
			peak depth: 87
			runtime:    0.656 (656.000 ms)

	Found best solution and proved optimality.
