	Probing...
		Bounds: [575,3918]
		q1843 [makespan: 855]
		q1843 [makespan: 809]
		q1843 [makespan: 807]
		q1843 [makespan: 776]
		q1843 [makespan: 773]
			nodes:      11879
			failures:   4
			peak depth: 525
			runtime:    0.145 (145.000 ms)

	Adjusting...
		Bounds: [575,773]
		Bounds: [675,773]
		q1843 [makespan: 723]
		Bounds: [675,723]
		q1843 [makespan: 698]
		Bounds: [675,698]
		q1843 [makespan: 686]
		Bounds: [675,686]
		q1843 [makespan: 675]
			nodes:      4143
			failures:   1940
			restarts:   0
			no-goods:   0
			peak depth: 87
			runtime:    0.190 (190.000 ms)

	Solving...
			nodes:      0
			failures:   1
			restarts:   0
			no-goods:   0
			peak depth: 0
			runtime:    0.000 (0.000 ms)

	Found best solution and proved optimality.
