	Probing...
		Bounds: [590,3910]
		q1850 [makespan: 880]
		q1850 [makespan: 826]
		q1850 [makespan: 818]
		q1850 [makespan: 779]
			nodes:      12264
			failures:   1
			peak depth: 532
			runtime:    0.148 (148.000 ms)

	Adjusting...
		Bounds: [590,779]
		Bounds: [685,779]
		q1850 [makespan: 731]
		Bounds: [685,731]
		Bounds: [709,731]
		Bounds: [721,731]
		q1850 [makespan: 721]
			nodes:      994
			failures:   424
			restarts:   0
			no-goods:   0
			peak depth: 93
			runtime:    0.034 (34.000 ms)

	Solving...
			nodes:      0
			failures:   1
			restarts:   0
			no-goods:   0
			peak depth: 0
			runtime:    0.000 (0.000 ms)

	Found best solution and proved optimality.
