	Probing...
		Bounds: [568,3994]
		q1885 [makespan: 1108]
		q1885 [makespan: 846]
		q1885 [makespan: 837]
		q1885 [makespan: 826]
		q1885 [makespan: 800]
			nodes:      12347
			failures:   2
			peak depth: 538
			runtime:    0.147 (147.000 ms)

	Adjusting...
		Bounds: [568,800]
		Bounds: [685,800]
		q1885 [makespan: 736]
		Bounds: [685,736]
		Bounds: [711,736]
		Bounds: [724,736]
		q1885 [makespan: 729]
		Bounds: [724,729]
		Bounds: [727,729]
			nodes:      5129
			failures:   2498
			restarts:   0
			no-goods:   0
			peak depth: 74
			runtime:    0.246 (246.000 ms)

	Solving...
			nodes:      0
			failures:   1
			restarts:   0
			no-goods:   0
			peak depth: 0
			runtime:    0.000 (0.000 ms)

	Found best solution and proved optimality.
