	Probing...
		Bounds: [571,3981]
		q1916 [makespan: 1053]
		q1916 [makespan: 848]
		q1916 [makespan: 823]
		q1916 [makespan: 783]
		q1916 [makespan: 780]
			nodes:      12101
			failures:   4
			peak depth: 519
			runtime:    0.153 (153.000 ms)

	Adjusting...
		Bounds: [571,780]
		Bounds: [676,780]
		q1916 [makespan: 728]
		Bounds: [676,728]
		Bounds: [703,728]
		q1916 [makespan: 715]
		Bounds: [703,715]
		q1916 [makespan: 709]
		Bounds: [703,709]
		q1916 [makespan: 706]
		Bounds: [703,706]
			nodes:      6574
			failures:   3164
			restarts:   0
			no-goods:   0
			peak depth: 79
			runtime:    0.369 (369.000 ms)

	Found best solution and proved optimality.
