	Probing...
		Bounds: [633,4027]
		q1939 [makespan: 979]
		q1939 [makespan: 908]
		q1939 [makespan: 865]
		q1939 [makespan: 838]
			nodes:      12466
			failures:   2
			peak depth: 548
			runtime:    0.148 (148.000 ms)

	Adjusting...
		Bounds: [633,838]
		q1939 [makespan: 735]
		Bounds: [633,735]
		Bounds: [685,735]
		Bounds: [711,735]
		Bounds: [724,735]
		Bounds: [730,735]
		Bounds: [733,735]
		q1939 [makespan: 734]
		Bounds: [733,734]
			nodes:      2027
			failures:   955
			restarts:   0
			no-goods:   0
			peak depth: 74
			runtime:    0.098 (98.000 ms)

	Found best solution and proved optimality.
