	Probing...
		Bounds: [530,3794]
		q1948 [makespan: 990]
		q1948 [makespan: 879]
		q1948 [makespan: 780]
			nodes:      11909
			failures:   7
			peak depth: 527
			runtime:    0.149 (149.000 ms)

	Adjusting...
		Bounds: [530,780]
		Bounds: [656,780]
		q1948 [makespan: 715]
		Bounds: [656,715]
		q1948 [makespan: 679]
		Bounds: [656,679]
		Bounds: [668,679]
		Bounds: [674,679]
		Bounds: [677,679]
		q1948 [makespan: 678]
			nodes:      8443
			failures:   4124
			restarts:   0
			no-goods:   0
			peak depth: 82
			runtime:    0.401 (401.000 ms)

	Found best solution and proved optimality.
