	Probing...
		Bounds: [623,4417]
		q1958 [makespan: 940]
		q1958 [makespan: 869]
		q1958 [makespan: 845]
			nodes:      12388
			failures:   5
			peak depth: 546
			runtime:    0.151 (151.000 ms)

	Adjusting...
		Bounds: [623,845]
		Bounds: [735,845]
		q1958 [makespan: 788]
		Bounds: [735,788]
		Bounds: [762,788]
		Bounds: [776,788]
		Bounds: [783,788]
		Bounds: [786,788]
		q1958 [makespan: 786]
			nodes:      61857
			failures:   30824
			restarts:   4
			no-goods:   54
			peak depth: 91
			runtime:    2.500 (2500.000 ms)

	Found best solution and proved optimality.
