	Probing...
		Bounds: [532,3788]
		q2015 [makespan: 902]
		q2015 [makespan: 773]
		q2015 [makespan: 710]
			nodes:      11956
			failures:   7
			peak depth: 546
			runtime:    0.149 (149.000 ms)

	Adjusting...
		Bounds: [532,710]
		Bounds: [622,710]
		q2015 [makespan: 665]
		Bounds: [622,665]
		Bounds: [644,665]
		Bounds: [655,665]
		Bounds: [661,665]
		q2015 [makespan: 663]
		Bounds: [661,663]
			nodes:      8108
			failures:   4000
			restarts:   0
			no-goods:   0
			peak depth: 61
			runtime:    0.464 (464.000 ms)

	Solving...
			nodes:      0
			failures:   1
			restarts:   0
			no-goods:   0
			peak depth: 0
			runtime:    0.000 (0.000 ms)

	Found best solution and proved optimality.
