	Probing...
		Bounds: [630,4468]
		q2111 [makespan: 808]
		q2111 [makespan: 759]
			nodes:      12622
			failures:   3
			peak depth: 554
			runtime:    0.150 (150.000 ms)

	Adjusting...
		Bounds: [630,759]
		Bounds: [695,759]
		q2111 [makespan: 726]
		Bounds: [695,726]
		q2111 [makespan: 709]
		Bounds: [695,709]
		Bounds: [703,709]
		Bounds: [707,709]
			nodes:      366
			failures:   117
			restarts:   0
			no-goods:   0
			peak depth: 73
			runtime:    0.015 (15.000 ms)

	Solving...
			nodes:      0
			failures:   1
			restarts:   0
			no-goods:   0
			peak depth: 0
			runtime:    0.000 (0.000 ms)

	Found best solution and proved optimality.
