	Probing...
		Bounds: [634,3961]
		q2145 [makespan: 1027]
		q2145 [makespan: 913]
		q2145 [makespan: 911]
		q2145 [makespan: 839]
		q2145 [makespan: 830]
			nodes:      12326
			failures:   4
			peak depth: 530
			runtime:    0.150 (150.000 ms)

	Adjusting...
		Bounds: [634,830]
		Bounds: [733,830]
		q2145 [makespan: 779]
		Bounds: [733,779]
		Bounds: [757,779]
		Bounds: [769,779]
		q2145 [makespan: 773]
		Bounds: [769,773]
		q2145 [makespan: 771]
		Bounds: [769,771]
		q2145 [makespan: 769]
			nodes:      2306
			failures:   1046
			restarts:   0
			no-goods:   0
			peak depth: 58
			runtime:    0.097 (97.000 ms)

	Found best solution and proved optimality.
