	Probing...
		Bounds: [611,4069]
		q2147 [makespan: 1093]
		q2147 [makespan: 876]
		q2147 [makespan: 855]
			nodes:      12361
			failures:   6
			peak depth: 569
			runtime:    0.150 (150.000 ms)

	Adjusting...
		Bounds: [611,855]
		Bounds: [734,855]
		q2147 [makespan: 784]
		Bounds: [734,784]
		q2147 [makespan: 758]
		Bounds: [734,758]
		Bounds: [747,758]
		Bounds: [753,758]
		Bounds: [756,758]
			nodes:      2429
			failures:   1150
			restarts:   0
			no-goods:   0
			peak depth: 84
			runtime:    0.103 (103.000 ms)

	Solving...
			nodes:      0
			failures:   1
			restarts:   0
			no-goods:   0
			peak depth: 0
			runtime:    0.000 (0.000 ms)

	Found best solution and proved optimality.
