	Probing...
		Bounds: [612,4245]
		q2178 [makespan: 1129]
		q2178 [makespan: 852]
			nodes:      12013
			failures:   2
			peak depth: 525
			runtime:    0.151 (151.000 ms)

	Adjusting...
		Bounds: [612,852]
		Bounds: [733,852]
		q2178 [makespan: 790]
		Bounds: [733,790]
		Bounds: [762,790]
		q2178 [makespan: 776]
		Bounds: [762,776]
		q2178 [makespan: 769]
		Bounds: [762,769]
		q2178 [makespan: 765]
		Bounds: [762,765]
			nodes:      30149
			failures:   14947
			restarts:   0
			no-goods:   0
			peak depth: 77
			runtime:    1.395 (1395.000 ms)

	Found best solution and proved optimality.
