	Probing...
		Bounds: [674,4236]
		q2232 [makespan: 1023]
		q2232 [makespan: 853]
			nodes:      31969
			failures:   10006
			peak depth: 525
			runtime:    0.537 (537.000 ms)

	Adjusting...
		Bounds: [674,853]
		q2232 [makespan: 753]
		Bounds: [674,753]
		Bounds: [714,753]
		Bounds: [734,753]
		q2232 [makespan: 743]
		Bounds: [734,743]
		q2232 [makespan: 737]
		Bounds: [734,737]
			nodes:      314
			failures:   63
			restarts:   0
			no-goods:   0
			peak depth: 74
			runtime:    0.012 (12.000 ms)

	Found best solution and proved optimality.
