	Probing...
		Bounds: [620,4101]
		q2252 [makespan: 940]
		q2252 [makespan: 878]
		q2252 [makespan: 828]
		q2252 [makespan: 807]
		q2252 [makespan: 794]
			nodes:      12393
			failures:   7
			peak depth: 558
			runtime:    0.151 (151.000 ms)

	Adjusting...
		Bounds: [620,794]
		Bounds: [708,794]
		q2252 [makespan: 749]
		Bounds: [708,749]
		Bounds: [729,749]
		Bounds: [740,749]
		q2252 [makespan: 744]
		Bounds: [740,744]
		q2252 [makespan: 741]
			nodes:      10965
			failures:   5381
			restarts:   0
			no-goods:   0
			peak depth: 88
			runtime:    0.484 (484.000 ms)

	Found best solution and proved optimality.
