	Probing...
		Bounds: [561,4201]
		q2273 [makespan: 956]
		q2273 [makespan: 944]
		q2273 [makespan: 885]
		q2273 [makespan: 867]
		q2273 [makespan: 858]
			nodes:      31959
			failures:   10013
			peak depth: 523
			runtime:    0.384 (384.000 ms)

	Adjusting...
		Bounds: [561,858]
		Bounds: [710,858]
		q2273 [makespan: 783]
		Bounds: [710,783]
		q2273 [makespan: 744]
		Bounds: [710,744]
		Bounds: [728,744]
		q2273 [makespan: 735]
		Bounds: [728,735]
		Bounds: [732,735]
			nodes:      39829
			failures:   19809
			restarts:   1
			no-goods:   14
			peak depth: 88
			runtime:    1.935 (1935.000 ms)

	Found best solution and proved optimality.
