	Probing...
		Bounds: [604,4249]
		q2281 [makespan: 1001]
		q2281 [makespan: 947]
		q2281 [makespan: 940]
		q2281 [makespan: 932]
		q2281 [makespan: 896]
		q2281 [makespan: 847]
		q2281 [makespan: 843]
			nodes:      12137
			failures:   5
			peak depth: 518
			runtime:    0.152 (152.000 ms)

	Adjusting...
		Bounds: [604,843]
		Bounds: [724,843]
		q2281 [makespan: 776]
		Bounds: [724,776]
		Bounds: [751,776]
		Bounds: [764,776]
		Bounds: [771,776]
		Bounds: [774,776]
			nodes:      11913
			failures:   5912
			restarts:   0
			no-goods:   0
			peak depth: 108
			runtime:    0.605 (605.000 ms)

	Solving...
			nodes:      0
			failures:   1
			restarts:   0
			no-goods:   0
			peak depth: 0
			runtime:    0.000 (0.000 ms)

	Found best solution and proved optimality.
