	Probing...
		Bounds: [649,4268]
		q2335 [makespan: 1020]
		q2335 [makespan: 972]
		q2335 [makespan: 923]
		q2335 [makespan: 908]
		q2335 [makespan: 904]
			nodes:      12060
			failures:   6
			peak depth: 551
			runtime:    0.150 (150.000 ms)

	Adjusting...
		Bounds: [649,904]
		Bounds: [777,904]
		q2335 [makespan: 840]
		Bounds: [777,840]
		q2335 [makespan: 807]
		Bounds: [777,807]
		q2335 [makespan: 790]
		Bounds: [777,790]
		Bounds: [784,790]
		Bounds: [788,790]
			nodes:      22745
			failures:   11281
			restarts:   0
			no-goods:   0
			peak depth: 79
			runtime:    1.272 (1272.000 ms)

	Solving...
			nodes:      0
			failures:   1
			restarts:   0
			no-goods:   0
			peak depth: 0
			runtime:    0.000 (0.000 ms)

	Found best solution and proved optimality.
