	Probing...
		Bounds: [711,4067]
		q2340 [makespan: 1001]
		q2340 [makespan: 938]
		q2340 [makespan: 925]
			nodes:      12479
			failures:   9
			peak depth: 554
			runtime:    0.150 (150.000 ms)

	Adjusting...
		Bounds: [711,925]
		q2340 [makespan: 815]
		Bounds: [711,815]
		Bounds: [764,815]
		Bounds: [790,815]
		Bounds: [803,815]
		q2340 [makespan: 809]
		Bounds: [803,809]
		q2340 [makespan: 805]
		Bounds: [803,805]
		q2340 [makespan: 804]
		Bounds: [803,804]
			nodes:      11955
			failures:   5838
			restarts:   0
			no-goods:   0
			peak depth: 78
			runtime:    0.530 (530.000 ms)

	Found best solution and proved optimality.
