	Probing...
		Bounds: [651,4425]
		q2344 [makespan: 890]
		q2344 [makespan: 876]
		q2344 [makespan: 838]
			nodes:      12546
			failures:   4
			peak depth: 572
			runtime:    0.149 (149.000 ms)

	Adjusting...
		Bounds: [651,838]
		Bounds: [745,838]
		q2344 [makespan: 791]
		Bounds: [745,791]
		Bounds: [769,791]
		q2344 [makespan: 775]
		Bounds: [769,775]
		Bounds: [773,775]
		q2344 [makespan: 774]
			nodes:      972
			failures:   383
			restarts:   0
			no-goods:   0
			peak depth: 84
			runtime:    0.039 (39.000 ms)

	Found best solution and proved optimality.
