	Probing...
		Bounds: [628,4039]
		q2362 [makespan: 911]
		q2362 [makespan: 885]
		q2362 [makespan: 851]
		q2362 [makespan: 821]
			nodes:      12166
			failures:   4
			peak depth: 514
			runtime:    0.150 (150.000 ms)

	Adjusting...
		Bounds: [628,821]
		Bounds: [725,821]
		q2362 [makespan: 772]
		Bounds: [725,772]
		q2362 [makespan: 748]
		Bounds: [725,748]
		q2362 [makespan: 735]
		Bounds: [725,735]
		q2362 [makespan: 730]
		Bounds: [725,730]
		q2362 [makespan: 727]
		Bounds: [725,727]
			nodes:      1158
			failures:   426
			restarts:   0
			no-goods:   0
			peak depth: 70
			runtime:    0.050 (50.000 ms)

	Found best solution and proved optimality.
