	Probing...
		Bounds: [630,3803]
		q2366 [makespan: 834]
		q2366 [makespan: 730]
		q2366 [makespan: 703]
		q2366 [makespan: 701]
			nodes:      11921
			failures:   3
			peak depth: 515
			runtime:    0.146 (146.000 ms)

	Adjusting...
		Bounds: [630,701]
		q2366 [makespan: 662]
		Bounds: [630,662]
		q2366 [makespan: 646]
		Bounds: [630,646]
		q2366 [makespan: 636]
		Bounds: [630,636]
		q2366 [makespan: 632]
		Bounds: [630,632]
		q2366 [makespan: 631]
		Bounds: [630,631]
		q2366 [makespan: 630]
			nodes:      4270
			failures:   1941
			restarts:   0
			no-goods:   0
			peak depth: 85
			runtime:    0.171 (171.000 ms)

	Found best solution and proved optimality.
