	Probing...
		Bounds: [626,3887]
		q2393 [makespan: 930]
		q2393 [makespan: 820]
		q2393 [makespan: 791]
		q2393 [makespan: 781]
		q2393 [makespan: 746]
			nodes:      12204
			failures:   3
			peak depth: 535
			runtime:    0.151 (151.000 ms)

	Adjusting...
		Bounds: [626,746]
		Bounds: [687,746]
		q2393 [makespan: 715]
		Bounds: [687,715]
		Bounds: [702,715]
		q2393 [makespan: 707]
		Bounds: [702,707]
		Bounds: [705,707]
		q2393 [makespan: 706]
			nodes:      6899
			failures:   3351
			restarts:   0
			no-goods:   0
			peak depth: 84
			runtime:    0.303 (303.000 ms)

	Found best solution and proved optimality.
