	Probing...
		Bounds: [568,4118]
		q2415 [makespan: 975]
		q2415 [makespan: 838]
		q2415 [makespan: 823]
		q2415 [makespan: 813]
		q2415 [makespan: 787]
			nodes:      12063
			failures:   4
			peak depth: 550
			runtime:    0.152 (152.000 ms)

	Adjusting...
		Bounds: [568,787]
		Bounds: [678,787]
		Bounds: [733,787]
		q2415 [makespan: 760]
		Bounds: [733,760]
		q2415 [makespan: 746]
		Bounds: [733,746]
		Bounds: [740,746]
		Bounds: [744,746]
			nodes:      12139
			failures:   6019
			restarts:   0
			no-goods:   0
			peak depth: 74
			runtime:    0.550 (550.000 ms)

	Solving...
			nodes:      0
			failures:   1
			restarts:   0
			no-goods:   0
			peak depth: 0
			runtime:    0.000 (0.000 ms)

	Found best solution and proved optimality.
