	Probing...
		Bounds: [640,4206]
		q2410 [makespan: 1026]
		q2410 [makespan: 1010]
		q2410 [makespan: 1000]
		q2410 [makespan: 994]
		q2410 [makespan: 949]
		q2410 [makespan: 892]
			nodes:      12240
			failures:   7
			peak depth: 541
			runtime:    0.151 (151.000 ms)

	Adjusting...
		Bounds: [640,892]
		Bounds: [767,892]
		q2410 [makespan: 829]
		Bounds: [767,829]
		Bounds: [799,829]
		Bounds: [815,829]
		q2410 [makespan: 821]
		Bounds: [815,821]
		Bounds: [819,821]
			nodes:      73132
			failures:   36493
			restarts:   4
			no-goods:   62
			peak depth: 70
			runtime:    3.632 (3632.000 ms)

	Solving...
			nodes:      0
			failures:   1
			restarts:   0
			no-goods:   0
			peak depth: 0
			runtime:    0.000 (0.000 ms)

	Found best solution and proved optimality.
