	Probing...
		Bounds: [565,4225]
		q2451 [makespan: 1036]
		q2451 [makespan: 833]
		q2451 [makespan: 801]
			nodes:      12236
			failures:   9
			peak depth: 529
			runtime:    0.150 (150.000 ms)

	Adjusting...
		Bounds: [565,801]
		Bounds: [684,801]
		q2451 [makespan: 737]
		Bounds: [684,737]
		Bounds: [711,737]
		q2451 [makespan: 723]
		Bounds: [711,723]
		Bounds: [718,723]
		Bounds: [721,723]
			nodes:      6724
			failures:   3308
			restarts:   0
			no-goods:   0
			peak depth: 74
			runtime:    0.287 (287.000 ms)

	Solving...
			nodes:      0
			failures:   1
			restarts:   0
			no-goods:   0
			peak depth: 0
			runtime:    0.000 (0.000 ms)

	Found best solution and proved optimality.
