	Probing...
		Bounds: [565,4225]
		q2451 [makespan: 1036]
		q2451 [makespan: 833]
		q2451 [makespan: 801]
			nodes:      12236
			failures:   9
			peak depth: 529
			runtime:    0.150 (150.000 ms)

	Adjusting...
		Bounds: [565,801]
		Bounds: [684,801]
		q2451 [makespan: 740]
		Bounds: [684,740]
		Bounds: [713,740]
		q2451 [makespan: 724]
		Bounds: [713,724]
		Bounds: [719,724]
		Bounds: [722,724]
		q2451 [makespan: 723]
			nodes:      3530
			failures:   1661
			restarts:   0
			no-goods:   0
			peak depth: 100
			runtime:    0.144 (144.000 ms)

	Found best solution and proved optimality.
