	Probing...
		Bounds: [612,4155]
		q2508 [makespan: 1085]
		q2508 [makespan: 882]
		q2508 [makespan: 836]
			nodes:      12332
			failures:   6
			peak depth: 530
			runtime:    0.151 (151.000 ms)

	Adjusting...
		Bounds: [612,836]
		Bounds: [725,836]
		Bounds: [781,836]
		q2508 [makespan: 808]
		Bounds: [781,808]
		q2508 [makespan: 788]
		Bounds: [781,788]
		q2508 [makespan: 784]
		Bounds: [781,784]
			nodes:      6507
			failures:   3155
			restarts:   0
			no-goods:   0
			peak depth: 92
			runtime:    0.318 (318.000 ms)

	Found best solution and proved optimality.
