	Probing...
		Bounds: [662,3986]
		q2521 [makespan: 816]
		q2521 [makespan: 755]
		q2521 [makespan: 748]
			nodes:      12088
			failures:   4
			peak depth: 539
			runtime:    0.149 (149.000 ms)

	Adjusting...
		Bounds: [662,748]
		q2521 [makespan: 699]
		Bounds: [662,699]
		q2521 [makespan: 676]
		Bounds: [662,676]
		Bounds: [670,676]
		Bounds: [674,676]
		q2521 [makespan: 675]
		Bounds: [674,675]
			nodes:      298
			failures:   59
			restarts:   0
			no-goods:   0
			peak depth: 72
			runtime:    0.010 (10.000 ms)

	Found best solution and proved optimality.
