	Probing...
		Bounds: [551,3656]
		q2547 [makespan: 851]
		q2547 [makespan: 849]
		q2547 [makespan: 839]
		q2547 [makespan: 809]
		q2547 [makespan: 798]
		q2547 [makespan: 778]
			nodes:      11845
			failures:   15
			peak depth: 519
			runtime:    0.158 (158.000 ms)

	Adjusting...
		Bounds: [551,778]
		Bounds: [665,778]
		q2547 [makespan: 718]
		Bounds: [665,718]
		Bounds: [692,718]
		q2547 [makespan: 705]
		Bounds: [692,705]
		Bounds: [699,705]
		q2547 [makespan: 702]
		Bounds: [699,702]
			nodes:      3640
			failures:   1713
			restarts:   0
			no-goods:   0
			peak depth: 88
			runtime:    0.142 (142.000 ms)

	Found best solution and proved optimality.
