	Probing...
		Bounds: [582,3860]
		q2619 [makespan: 916]
		q2619 [makespan: 895]
		q2619 [makespan: 823]
		q2619 [makespan: 801]
			nodes:      12086
			failures:   8
			peak depth: 540
			runtime:    0.149 (149.000 ms)

	Adjusting...
		Bounds: [582,801]
		Bounds: [692,801]
		Bounds: [747,801]
		q2619 [makespan: 772]
		Bounds: [747,772]
		Bounds: [760,772]
		q2619 [makespan: 761]
		Bounds: [760,761]
		q2619 [makespan: 760]
			nodes:      215
			failures:   7
			restarts:   0
			no-goods:   0
			peak depth: 82
			runtime:    0.005 (5.000 ms)

	Found best solution and proved optimality.
