	Probing...
		Bounds: [633,3880]
		q2668 [makespan: 845]
		q2668 [makespan: 828]
			nodes:      12601
			failures:   7
			peak depth: 555
			runtime:    0.152 (152.000 ms)

	Adjusting...
		Bounds: [633,828]
		Bounds: [731,828]
		q2668 [makespan: 779]
		Bounds: [731,779]
		Bounds: [756,779]
		q2668 [makespan: 765]
		Bounds: [756,765]
		Bounds: [761,765]
			nodes:      3244
			failures:   1559
			restarts:   0
			no-goods:   0
			peak depth: 83
			runtime:    0.100 (100.000 ms)

	Found best solution and proved optimality.
