	Probing...
		Bounds: [626,4060]
		q2660 [makespan: 1075]
		q2660 [makespan: 811]
		q2660 [makespan: 801]
			nodes:      12602
			failures:   2
			peak depth: 535
			runtime:    0.149 (149.000 ms)

	Adjusting...
		Bounds: [626,801]
		Bounds: [714,801]
		q2660 [makespan: 755]
		Bounds: [714,755]
		q2660 [makespan: 734]
		Bounds: [714,734]
		q2660 [makespan: 719]
		Bounds: [714,719]
		Bounds: [717,719]
			nodes:      282
			failures:   31
			restarts:   0
			no-goods:   0
			peak depth: 84
			runtime:    0.007 (7.000 ms)

	Solving...
			nodes:      0
			failures:   1
			restarts:   0
			no-goods:   0
			peak depth: 0
			runtime:    0.000 (0.000 ms)

	Found best solution and proved optimality.
