	Probing...
		Bounds: [580,4228]
		q2681 [makespan: 1031]
		q2681 [makespan: 883]
		q2681 [makespan: 853]
		q2681 [makespan: 850]
		q2681 [makespan: 825]
			nodes:      12243
			failures:   4
			peak depth: 539
			runtime:    0.148 (148.000 ms)

	Adjusting...
		Bounds: [580,825]
		Bounds: [703,825]
		q2681 [makespan: 759]
		Bounds: [703,759]
		Bounds: [732,759]
		Bounds: [746,759]
		q2681 [makespan: 752]
		Bounds: [746,752]
		Bounds: [750,752]
			nodes:      17037
			failures:   8465
			restarts:   0
			no-goods:   0
			peak depth: 81
			runtime:    0.844 (844.000 ms)

	Solving...
			nodes:      0
			failures:   1
			restarts:   0
			no-goods:   0
			peak depth: 0
			runtime:    0.000 (0.000 ms)

	Found best solution and proved optimality.
