	Probing...
		Bounds: [585,3909]
		q2697 [makespan: 866]
		q2697 [makespan: 845]
		q2697 [makespan: 822]
		q2697 [makespan: 740]
		q2697 [makespan: 728]
			nodes:      12215
			failures:   7
			peak depth: 577
			runtime:    0.148 (148.000 ms)

	Adjusting...
		Bounds: [585,728]
		Bounds: [657,728]
		q2697 [makespan: 691]
		Bounds: [657,691]
		Bounds: [675,691]
		Bounds: [684,691]
		q2697 [makespan: 685]
			nodes:      3400
			failures:   1626
			restarts:   0
			no-goods:   0
			peak depth: 82
			runtime:    0.176 (176.000 ms)

	Found best solution and proved optimality.
