	Probing...
		Bounds: [594,4078]
		q2703 [makespan: 814]
		q2703 [makespan: 792]
		q2703 [makespan: 769]
			nodes:      12354
			failures:   1
			peak depth: 538
			runtime:    0.149 (149.000 ms)

	Adjusting...
		Bounds: [594,769]
		Bounds: [682,769]
		Bounds: [726,769]
		q2703 [makespan: 742]
		Bounds: [726,742]
		Bounds: [735,742]
		q2703 [makespan: 735]
			nodes:      6838
			failures:   3351
			restarts:   0
			no-goods:   0
			peak depth: 81
			runtime:    0.321 (321.000 ms)

	Solving...
			nodes:      0
			failures:   1
			restarts:   0
			no-goods:   0
			peak depth: 0
			runtime:    0.000 (0.000 ms)

	Found best solution and proved optimality.
