	Probing...
		Bounds: [590,4337]
		q2704 [makespan: 1065]
		q2704 [makespan: 869]
		q2704 [makespan: 852]
		q2704 [makespan: 844]
		q2704 [makespan: 796]
			nodes:      12164
			failures:   3
			peak depth: 543
			runtime:    0.150 (150.000 ms)

	Adjusting...
		Bounds: [590,796]
		Bounds: [694,796]
		Bounds: [746,796]
		q2704 [makespan: 771]
		Bounds: [746,771]
		Bounds: [759,771]
		q2704 [makespan: 765]
		Bounds: [759,765]
		Bounds: [763,765]
		q2704 [makespan: 763]
			nodes:      2395
			failures:   1101
			restarts:   0
			no-goods:   0
			peak depth: 92
			runtime:    0.117 (117.000 ms)

	Found best solution and proved optimality.
