	Probing...
		Bounds: [569,3784]
		q2715 [makespan: 847]
		q2715 [makespan: 834]
		q2715 [makespan: 833]
		q2715 [makespan: 781]
			nodes:      12053
			failures:   10
			peak depth: 553
			runtime:    0.152 (152.000 ms)

	Adjusting...
		Bounds: [569,781]
		Bounds: [676,781]
		q2715 [makespan: 723]
		Bounds: [676,723]
		Bounds: [700,723]
		Bounds: [712,723]
		q2715 [makespan: 716]
		Bounds: [712,716]
			nodes:      4075
			failures:   1971
			restarts:   0
			no-goods:   0
			peak depth: 79
			runtime:    0.185 (185.000 ms)

	Found best solution and proved optimality.
