	Probing...
		Bounds: [682,4176]
		q2742 [makespan: 909]
		q2742 [makespan: 867]
		q2742 [makespan: 839]
			nodes:      12219
			failures:   9
			peak depth: 537
			runtime:    0.155 (155.000 ms)

	Adjusting...
		Bounds: [682,839]
		q2742 [makespan: 759]
		Bounds: [682,759]
		Bounds: [721,759]
		q2742 [makespan: 737]
		Bounds: [721,737]
		q2742 [makespan: 729]
		Bounds: [721,729]
		q2742 [makespan: 723]
		Bounds: [721,723]
			nodes:      2801
			failures:   1258
			restarts:   0
			no-goods:   0
			peak depth: 92
			runtime:    0.117 (117.000 ms)

	Found best solution and proved optimality.
