	Probing...
		Bounds: [561,3769]
		q2770 [makespan: 972]
		q2770 [makespan: 864]
		q2770 [makespan: 862]
		q2770 [makespan: 797]
			nodes:      11967
			failures:   2
			peak depth: 517
			runtime:    0.153 (153.000 ms)

	Adjusting...
		Bounds: [561,797]
		Bounds: [680,797]
		q2770 [makespan: 730]
		Bounds: [680,730]
		Bounds: [706,730]
		q2770 [makespan: 712]
		Bounds: [706,712]
		Bounds: [710,712]
			nodes:      1238
			failures:   548
			restarts:   0
			no-goods:   0
			peak depth: 83
			runtime:    0.066 (66.000 ms)

	Found best solution and proved optimality.
