	Probing...
		Bounds: [627,4224]
		q2809 [makespan: 1112]
		q2809 [makespan: 959]
		q2809 [makespan: 923]
		q2809 [makespan: 886]
		q2809 [makespan: 873]
		q2809 [makespan: 838]
			nodes:      12288
			failures:   18
			peak depth: 550
			runtime:    0.153 (153.000 ms)

	Adjusting...
		Bounds: [627,838]
		Bounds: [733,838]
		Bounds: [786,838]
		q2809 [makespan: 812]
		Bounds: [786,812]
		Bounds: [800,812]
		q2809 [makespan: 803]
		Bounds: [800,803]
			nodes:      156087
			failures:   77887
			restarts:   9
			no-goods:   143
			peak depth: 95
			runtime:    6.938 (6938.000 ms)

	Found best solution and proved optimality.
