	Probing...
		Bounds: [661,4364]
		q2819 [makespan: 1051]
		q2819 [makespan: 971]
		q2819 [makespan: 895]
		q2819 [makespan: 862]
			nodes:      12528
			failures:   3
			peak depth: 542
			runtime:    0.157 (157.000 ms)

	Adjusting...
		Bounds: [661,862]
		Bounds: [762,862]
		q2819 [makespan: 808]
		Bounds: [762,808]
		Bounds: [786,808]
		Bounds: [798,808]
		q2819 [makespan: 799]
			nodes:      51002
			failures:   25386
			restarts:   4
			no-goods:   99
			peak depth: 87
			runtime:    2.103 (2103.000 ms)

	Found best solution and proved optimality.
