	Probing...
		Bounds: [576,4031]
		q2835 [makespan: 991]
		q2835 [makespan: 918]
		q2835 [makespan: 861]
		q2835 [makespan: 846]
		q2835 [makespan: 832]
			nodes:      12131
			failures:   9
			peak depth: 533
			runtime:    0.147 (147.000 ms)

	Adjusting...
		Bounds: [576,832]
		Bounds: [705,832]
		q2835 [makespan: 768]
		Bounds: [705,768]
		Bounds: [737,768]
		Bounds: [753,768]
		Bounds: [761,768]
		Bounds: [765,768]
		q2835 [makespan: 766]
			nodes:      117896
			failures:   58848
			restarts:   6
			no-goods:   113
			peak depth: 79
			runtime:    5.250 (5250.000 ms)

	Found best solution and proved optimality.
