	Probing...
		Bounds: [583,3939]
		q2855 [makespan: 786]
		q2855 [makespan: 721]
			nodes:      12136
			failures:   1
			peak depth: 548
			runtime:    0.149 (149.000 ms)

	Adjusting...
		Bounds: [583,721]
		Bounds: [653,721]
		q2855 [makespan: 685]
		Bounds: [653,685]
		q2855 [makespan: 668]
		Bounds: [653,668]
		Bounds: [661,668]
		Bounds: [665,668]
			nodes:      3975
			failures:   1915
			restarts:   0
			no-goods:   0
			peak depth: 92
			runtime:    0.178 (178.000 ms)

	Found best solution and proved optimality.
