	Probing...
		Bounds: [590,3908]
		q2862 [makespan: 777]
			nodes:      12314
			failures:   5
			peak depth: 528
			runtime:    0.148 (148.000 ms)

	Adjusting...
		Bounds: [590,777]
		Bounds: [684,777]
		q2862 [makespan: 729]
		Bounds: [684,729]
		q2862 [makespan: 706]
		Bounds: [684,706]
		q2862 [makespan: 695]
		Bounds: [684,695]
		Bounds: [690,695]
		Bounds: [693,695]
			nodes:      5219
			failures:   2513
			restarts:   0
			no-goods:   0
			peak depth: 84
			runtime:    0.221 (221.000 ms)

	Solving...
			nodes:      0
			failures:   1
			restarts:   0
			no-goods:   0
			peak depth: 0
			runtime:    0.000 (0.000 ms)

	Found best solution and proved optimality.
