	Probing...
		Bounds: [588,4013]
		q2861 [makespan: 1117]
		q2861 [makespan: 919]
		q2861 [makespan: 855]
			nodes:      12213
			failures:   14
			peak depth: 529
			runtime:    0.152 (152.000 ms)

	Adjusting...
		Bounds: [588,855]
		Bounds: [722,855]
		q2861 [makespan: 784]
		Bounds: [722,784]
		Bounds: [754,784]
		q2861 [makespan: 769]
		Bounds: [754,769]
		Bounds: [762,769]
		Bounds: [766,769]
			nodes:      114114
			failures:   56943
			restarts:   6
			no-goods:   127
			peak depth: 86
			runtime:    5.629 (5629.000 ms)

	Found best solution and proved optimality.
