	Probing...
		Bounds: [668,4118]
		q2876 [makespan: 776]
			nodes:      12430
			failures:   1
			peak depth: 525
			runtime:    0.149 (149.000 ms)

	Adjusting...
		Bounds: [668,776]
		Bounds: [723,776]
		q2876 [makespan: 749]
		Bounds: [723,749]
		Bounds: [737,749]
		Bounds: [744,749]
		Bounds: [747,749]
			nodes:      5229
			failures:   2588
			restarts:   0
			no-goods:   0
			peak depth: 64
			runtime:    0.229 (229.000 ms)

	Found best solution and proved optimality.
