	Probing...
		Bounds: [667,4118]
		q2876 [makespan: 776]
			nodes:      12430
			failures:   1
			peak depth: 525
			runtime:    0.150 (150.000 ms)

	Adjusting...
		Bounds: [667,776]
		Bounds: [722,776]
		q2876 [makespan: 749]
		Bounds: [722,749]
		Bounds: [736,749]
		Bounds: [743,749]
		Bounds: [747,749]
			nodes:      3462
			failures:   1705
			restarts:   0
			no-goods:   0
			peak depth: 62
			runtime:    0.153 (153.000 ms)

	Solving...
			nodes:      0
			failures:   1
			restarts:   0
			no-goods:   0
			peak depth: 0
			runtime:    0.000 (0.000 ms)

	Found best solution and proved optimality.
