	Probing...
		Bounds: [620,4276]
		q2912 [makespan: 1003]
		q2912 [makespan: 849]
		q2912 [makespan: 823]
		q2912 [makespan: 814]
		q2912 [makespan: 800]
		q2912 [makespan: 767]
			nodes:      12255
			failures:   2
			peak depth: 545
			runtime:    0.157 (157.000 ms)

	Adjusting...
		Bounds: [620,767]
		Bounds: [694,767]
		q2912 [makespan: 729]
		Bounds: [694,729]
		Bounds: [712,729]
		Bounds: [721,729]
		Bounds: [726,729]
		q2912 [makespan: 727]
		Bounds: [726,727]
			nodes:      332
			failures:   106
			restarts:   0
			no-goods:   0
			peak depth: 79
			runtime:    0.017 (17.000 ms)

	Found best solution and proved optimality.
