	Probing...
		Bounds: [586,4187]
		q2917 [makespan: 897]
		q2917 [makespan: 771]
		q2917 [makespan: 770]
		q2917 [makespan: 756]
			nodes:      12205
			failures:   3
			peak depth: 550
			runtime:    0.149 (149.000 ms)

	Adjusting...
		Bounds: [586,756]
		Bounds: [672,756]
		q2917 [makespan: 713]
		Bounds: [672,713]
		Bounds: [693,713]
		q2917 [makespan: 700]
		Bounds: [693,700]
		Bounds: [697,700]
		Bounds: [699,700]
			nodes:      293
			failures:   86
			restarts:   0
			no-goods:   0
			peak depth: 70
			runtime:    0.010 (10.000 ms)

	Found best solution and proved optimality.
