	Probing...
		Bounds: [574,3943]
		q2939 [makespan: 964]
		q2939 [makespan: 851]
		q2939 [makespan: 836]
		q2939 [makespan: 826]
		q2939 [makespan: 800]
			nodes:      12029
			failures:   9
			peak depth: 522
			runtime:    0.150 (150.000 ms)

	Adjusting...
		Bounds: [574,800]
		Bounds: [688,800]
		q2939 [makespan: 743]
		Bounds: [688,743]
		Bounds: [716,743]
		q2939 [makespan: 725]
		Bounds: [716,725]
		q2939 [makespan: 719]
		Bounds: [716,719]
			nodes:      1602
			failures:   699
			restarts:   0
			no-goods:   0
			peak depth: 79
			runtime:    0.074 (74.000 ms)

	Found best solution and proved optimality.
