	Probing...
		Bounds: [603,4010]
		q2936 [makespan: 985]
		q2936 [makespan: 807]
		q2936 [makespan: 760]
			nodes:      12489
			failures:   1
			peak depth: 543
			runtime:    0.149 (149.000 ms)

	Adjusting...
		Bounds: [603,760]
		Bounds: [682,760]
		q2936 [makespan: 719]
		Bounds: [682,719]
		Bounds: [701,719]
		Bounds: [711,719]
		Bounds: [716,719]
			nodes:      1411
			failures:   681
			restarts:   0
			no-goods:   0
			peak depth: 64
			runtime:    0.067 (67.000 ms)

	Found best solution and proved optimality.
