	Probing...
		Bounds: [590,3775]
		q2943 [makespan: 944]
		q2943 [makespan: 896]
		q2943 [makespan: 854]
		q2943 [makespan: 787]
			nodes:      12278
			failures:   7
			peak depth: 531
			runtime:    0.160 (160.000 ms)

	Adjusting...
		Bounds: [590,787]
		Bounds: [689,787]
		q2943 [makespan: 737]
		Bounds: [689,737]
		q2943 [makespan: 712]
		Bounds: [689,712]
		Bounds: [701,712]
		q2943 [makespan: 706]
		Bounds: [701,706]
		Bounds: [704,706]
			nodes:      189
			failures:   16
			restarts:   0
			no-goods:   0
			peak depth: 78
			runtime:    0.005 (5.000 ms)

	Found best solution and proved optimality.
