	Probing...
		Bounds: [538,3775]
		q2994 [makespan: 887]
		q2994 [makespan: 695]
		q2994 [makespan: 671]
			nodes:      12139
			failures:   4
			peak depth: 529
			runtime:    0.147 (147.000 ms)

	Adjusting...
		Bounds: [538,671]
		Bounds: [605,671]
		q2994 [makespan: 637]
		Bounds: [605,637]
		q2994 [makespan: 617]
		Bounds: [605,617]
		Bounds: [612,617]
		Bounds: [615,617]
		q2994 [makespan: 616]
		Bounds: [615,616]
			nodes:      193
			failures:   18
			restarts:   0
			no-goods:   0
			peak depth: 72
			runtime:    0.004 (4.000 ms)

	Found best solution and proved optimality.
