	Probing...
		Bounds: [646,4373]
		q3083 [makespan: 1029]
		q3083 [makespan: 1012]
		q3083 [makespan: 927]
		q3083 [makespan: 925]
		q3083 [makespan: 898]
		q3083 [makespan: 892]
			nodes:      12344
			failures:   8
			peak depth: 527
			runtime:    0.149 (149.000 ms)

	Adjusting...
		Bounds: [646,892]
		Bounds: [770,892]
		q3083 [makespan: 831]
		Bounds: [770,831]
		q3083 [makespan: 786]
		Bounds: [770,786]
		Bounds: [779,786]
		Bounds: [783,786]
			nodes:      23646
			failures:   11733
			restarts:   0
			no-goods:   0
			peak depth: 112
			runtime:    1.080 (1080.000 ms)

	Found best solution and proved optimality.
