	Probing...
		Bounds: [589,3920]
		q3100 [makespan: 939]
		q3100 [makespan: 838]
		q3100 [makespan: 825]
		q3100 [makespan: 786]
			nodes:      11912
			failures:   1
			peak depth: 530
			runtime:    0.148 (148.000 ms)

	Adjusting...
		Bounds: [589,786]
		Bounds: [688,786]
		q3100 [makespan: 736]
		Bounds: [688,736]
		q3100 [makespan: 709]
		Bounds: [688,709]
		q3100 [makespan: 697]
		Bounds: [688,697]
		Bounds: [693,697]
		q3100 [makespan: 693]
			nodes:      6277
			failures:   3009
			restarts:   0
			no-goods:   0
			peak depth: 79
			runtime:    0.233 (233.000 ms)

	Solving...
			nodes:      0
			failures:   1
			restarts:   0
			no-goods:   0
			peak depth: 0
			runtime:    0.000 (0.000 ms)

	Found best solution and proved optimality.
