	Probing...
		Bounds: [715,4342]
		q3150 [makespan: 867]
		q3150 [makespan: 851]
			nodes:      12380
			failures:   1
			peak depth: 536
			runtime:    0.151 (151.000 ms)

	Adjusting...
		Bounds: [715,851]
		Bounds: [784,851]
		q3150 [makespan: 812]
		Bounds: [784,812]
		q3150 [makespan: 794]
		Bounds: [784,794]
		q3150 [makespan: 788]
		Bounds: [784,788]
			nodes:      859
			failures:   317
			restarts:   0
			no-goods:   0
			peak depth: 91
			runtime:    0.037 (37.000 ms)

	Found best solution and proved optimality.
