	Probing...
		Bounds: [626,4243]
		q3192 [makespan: 1019]
		q3192 [makespan: 866]
		q3192 [makespan: 860]
			nodes:      12065
			failures:   6
			peak depth: 525
			runtime:    0.151 (151.000 ms)

	Adjusting...
		Bounds: [626,860]
		Bounds: [744,860]
		q3192 [makespan: 802]
		Bounds: [744,802]
		Bounds: [774,802]
		q3192 [makespan: 786]
		Bounds: [774,786]
		q3192 [makespan: 778]
		Bounds: [774,778]
			nodes:      2999
			failures:   1418
			restarts:   0
			no-goods:   0
			peak depth: 67
			runtime:    0.136 (136.000 ms)

	Found best solution and proved optimality.
