	Probing...
		Bounds: [593,3803]
		q3210 [makespan: 1121]
		q3210 [makespan: 844]
		q3210 [makespan: 828]
		q3210 [makespan: 784]
		q3210 [makespan: 783]
			nodes:      12076
			failures:   4
			peak depth: 520
			runtime:    0.146 (146.000 ms)

	Adjusting...
		Bounds: [593,783]
		Bounds: [689,783]
		q3210 [makespan: 732]
		Bounds: [689,732]
		q3210 [makespan: 710]
		Bounds: [689,710]
		Bounds: [700,710]
		Bounds: [706,710]
			nodes:      1294
			failures:   586
			restarts:   0
			no-goods:   0
			peak depth: 71
			runtime:    0.077 (77.000 ms)

	Found best solution and proved optimality.
