	Probing...
		Bounds: [563,4241]
		q3244 [makespan: 899]
		q3244 [makespan: 806]
		q3244 [makespan: 783]
			nodes:      12329
			failures:   3
			peak depth: 540
			runtime:    0.151 (151.000 ms)

	Adjusting...
		Bounds: [563,783]
		Bounds: [674,783]
		q3244 [makespan: 727]
		Bounds: [674,727]
		Bounds: [701,727]
		q3244 [makespan: 711]
		Bounds: [701,711]
		Bounds: [707,711]
			nodes:      2084
			failures:   985
			restarts:   0
			no-goods:   0
			peak depth: 80
			runtime:    0.093 (93.000 ms)

	Found best solution and proved optimality.
