	Probing...
		Bounds: [678,4112]
		q3254 [makespan: 1015]
		q3254 [makespan: 874]
		q3254 [makespan: 858]
		q3254 [makespan: 850]
			nodes:      12598
			failures:   3
			peak depth: 556
			runtime:    0.154 (154.000 ms)

	Adjusting...
		Bounds: [678,850]
		Bounds: [765,850]
		q3254 [makespan: 804]
		Bounds: [765,804]
		q3254 [makespan: 784]
		Bounds: [765,784]
		q3254 [makespan: 774]
		Bounds: [765,774]
		Bounds: [770,774]
		q3254 [makespan: 772]
		Bounds: [770,772]
			nodes:      8432
			failures:   4063
			restarts:   0
			no-goods:   0
			peak depth: 94
			runtime:    0.398 (398.000 ms)

	Solving...
			nodes:      0
			failures:   1
			restarts:   0
			no-goods:   0
			peak depth: 0
			runtime:    0.000 (0.000 ms)

	Found best solution and proved optimality.
