	Probing...
		Bounds: [648,4336]
		q3320 [makespan: 851]
			nodes:      12209
			failures:   7
			peak depth: 523
			runtime:    0.152 (152.000 ms)

	Adjusting...
		Bounds: [648,851]
		Bounds: [750,851]
		q3320 [makespan: 800]
		Bounds: [750,800]
		q3320 [makespan: 774]
		Bounds: [750,774]
		Bounds: [763,774]
		q3320 [makespan: 768]
		Bounds: [763,768]
		Bounds: [766,768]
		q3320 [makespan: 767]
			nodes:      1978
			failures:   872
			restarts:   0
			no-goods:   0
			peak depth: 76
			runtime:    0.095 (95.000 ms)

	Found best solution and proved optimality.
