	Probing...
		Bounds: [646,4254]
		q3386 [makespan: 924]
		q3386 [makespan: 840]
		q3386 [makespan: 832]
			nodes:      12422
			failures:   5
			peak depth: 527
			runtime:    0.153 (153.000 ms)

	Adjusting...
		Bounds: [646,832]
		Bounds: [740,832]
		q3386 [makespan: 786]
		Bounds: [740,786]
		q3386 [makespan: 763]
		Bounds: [740,763]
		Bounds: [752,763]
		Bounds: [758,763]
		q3386 [makespan: 759]
			nodes:      3476
			failures:   1647
			restarts:   0
			no-goods:   0
			peak depth: 77
			runtime:    0.162 (162.000 ms)

	Found best solution and proved optimality.
