	Probing...
		Bounds: [615,4167]
		q3394 [makespan: 999]
		q3394 [makespan: 964]
		q3394 [makespan: 886]
		q3394 [makespan: 881]
		q3394 [makespan: 858]
			nodes:      12524
			failures:   7
			peak depth: 548
			runtime:    0.157 (157.000 ms)

	Adjusting...
		Bounds: [615,858]
		Bounds: [737,858]
		q3394 [makespan: 796]
		Bounds: [737,796]
		Bounds: [767,796]
		Bounds: [782,796]
		q3394 [makespan: 789]
		Bounds: [782,789]
		Bounds: [786,789]
			nodes:      10983
			failures:   5426
			restarts:   0
			no-goods:   0
			peak depth: 90
			runtime:    0.506 (506.000 ms)

	Found best solution and proved optimality.
