	Probing...
		Bounds: [646,4591]
		q3409 [makespan: 857]
		q3409 [makespan: 845]
			nodes:      12254
			failures:   6
			peak depth: 537
			runtime:    0.152 (152.000 ms)

	Adjusting...
		Bounds: [646,845]
		Bounds: [746,845]
		q3409 [makespan: 794]
		Bounds: [746,794]
		Bounds: [771,794]
		Bounds: [783,794]
		q3409 [makespan: 788]
		Bounds: [783,788]
		q3409 [makespan: 785]
		Bounds: [783,785]
			nodes:      1534
			failures:   679
			restarts:   0
			no-goods:   0
			peak depth: 70
			runtime:    0.078 (78.000 ms)

	Solving...
			nodes:      0
			failures:   1
			restarts:   0
			no-goods:   0
			peak depth: 0
			runtime:    0.000 (0.000 ms)

	Found best solution and proved optimality.
