	Probing...
		Bounds: [636,3976]
		q3415 [makespan: 811]
			nodes:      12241
			failures:   2
			peak depth: 536
			runtime:    0.152 (152.000 ms)

	Adjusting...
		Bounds: [636,811]
		Bounds: [724,811]
		q3415 [makespan: 764]
		Bounds: [724,764]
		Bounds: [745,764]
		Bounds: [755,764]
		Bounds: [760,764]
			nodes:      1703
			failures:   821
			restarts:   0
			no-goods:   0
			peak depth: 74
			runtime:    0.094 (94.000 ms)

	Found best solution and proved optimality.
