	Probing...
		Bounds: [595,3543]
		q3435 [makespan: 906]
		q3435 [makespan: 808]
		q3435 [makespan: 793]
		q3435 [makespan: 714]
		q3435 [makespan: 695]
			nodes:      12026
			failures:   11
			peak depth: 523
			runtime:    0.150 (150.000 ms)

	Adjusting...
		Bounds: [595,695]
		q3435 [makespan: 641]
		Bounds: [595,641]
		q3435 [makespan: 618]
		Bounds: [595,618]
		Bounds: [607,618]
		Bounds: [613,618]
		Bounds: [616,618]
		q3435 [makespan: 616]
			nodes:      199
			failures:   5
			restarts:   0
			no-goods:   0
			peak depth: 76
			runtime:    0.004 (4.000 ms)

	Found best solution and proved optimality.
