	Probing...
		Bounds: [618,3846]
		q3458 [makespan: 993]
		q3458 [makespan: 878]
		q3458 [makespan: 869]
		q3458 [makespan: 853]
		q3458 [makespan: 840]
		q3458 [makespan: 829]
		q3458 [makespan: 827]
		q3458 [makespan: 808]
		q3458 [makespan: 801]
			nodes:      11998
			failures:   3
			peak depth: 549
			runtime:    0.147 (147.000 ms)

	Adjusting...
		Bounds: [618,801]
		Bounds: [710,801]
		q3458 [makespan: 755]
		Bounds: [710,755]
		Bounds: [733,755]
		Bounds: [745,755]
		q3458 [makespan: 750]
		Bounds: [745,750]
		Bounds: [748,750]
			nodes:      5325
			failures:   2610
			restarts:   0
			no-goods:   0
			peak depth: 72
			runtime:    0.200 (200.000 ms)

	Solving...
			nodes:      0
			failures:   1
			restarts:   0
			no-goods:   0
			peak depth: 0
			runtime:    0.000 (0.000 ms)

	Found best solution and proved optimality.
