	Probing...
		Bounds: [580,4198]
		q3459 [makespan: 891]
		q3459 [makespan: 852]
		q3459 [makespan: 831]
		q3459 [makespan: 820]
			nodes:      12234
			failures:   9
			peak depth: 552
			runtime:    0.152 (152.000 ms)

	Adjusting...
		Bounds: [580,820]
		Bounds: [701,820]
		q3459 [makespan: 759]
		Bounds: [701,759]
		q3459 [makespan: 729]
		Bounds: [701,729]
		q3459 [makespan: 713]
		Bounds: [701,713]
		Bounds: [708,713]
		Bounds: [711,713]
			nodes:      421
			failures:   109
			restarts:   0
			no-goods:   0
			peak depth: 77
			runtime:    0.016 (16.000 ms)

	Found best solution and proved optimality.
