	Probing...
		Bounds: [619,4196]
		q3506 [makespan: 923]
		q3506 [makespan: 886]
		q3506 [makespan: 848]
		q3506 [makespan: 843]
		q3506 [makespan: 814]
			nodes:      12168
			failures:   7
			peak depth: 555
			runtime:    0.152 (152.000 ms)

	Adjusting...
		Bounds: [619,814]
		Bounds: [717,814]
		q3506 [makespan: 765]
		Bounds: [717,765]
		q3506 [makespan: 739]
		Bounds: [717,739]
		Bounds: [729,739]
		Bounds: [735,739]
		Bounds: [738,739]
		q3506 [makespan: 738]
			nodes:      4169
			failures:   1991
			restarts:   0
			no-goods:   0
			peak depth: 73
			runtime:    0.189 (189.000 ms)

	Found best solution and proved optimality.
