	Probing...
		Bounds: [601,4052]
		q3522 [makespan: 921]
		q3522 [makespan: 806]
			nodes:      12204
			failures:   9
			peak depth: 524
			runtime:    0.151 (151.000 ms)

	Adjusting...
		Bounds: [601,806]
		Bounds: [704,806]
		q3522 [makespan: 753]
		Bounds: [704,753]
		Bounds: [729,753]
		Bounds: [742,753]
		Bounds: [748,753]
		q3522 [makespan: 750]
		Bounds: [748,750]
			nodes:      3630
			failures:   1748
			restarts:   0
			no-goods:   0
			peak depth: 83
			runtime:    0.187 (187.000 ms)

	Solving...
			nodes:      0
			failures:   1
			restarts:   0
			no-goods:   0
			peak depth: 0
			runtime:    0.000 (0.000 ms)

	Found best solution and proved optimality.
