	Probing...
		Bounds: [673,4162]
		q3521 [makespan: 1052]
		q3521 [makespan: 871]
		q3521 [makespan: 865]
			nodes:      12462
			failures:   2
			peak depth: 549
			runtime:    0.153 (153.000 ms)

	Adjusting...
		Bounds: [673,865]
		q3521 [makespan: 767]
		Bounds: [673,767]
		Bounds: [721,767]
		Bounds: [745,767]
		Bounds: [757,767]
		Bounds: [763,767]
		q3521 [makespan: 765]
		Bounds: [763,765]
		q3521 [makespan: 763]
			nodes:      1105
			failures:   470
			restarts:   0
			no-goods:   0
			peak depth: 65
			runtime:    0.033 (33.000 ms)

	Found best solution and proved optimality.
