	Probing...
		Bounds: [561,3969]
		q3532 [makespan: 985]
		q3532 [makespan: 870]
		q3532 [makespan: 823]
			nodes:      51869
			failures:   20010
			peak depth: 539
			runtime:    0.856 (856.000 ms)

	Adjusting...
		Bounds: [561,823]
		Bounds: [693,823]
		q3532 [makespan: 757]
		Bounds: [693,757]
		q3532 [makespan: 724]
		Bounds: [693,724]
		Bounds: [709,724]
		Bounds: [717,724]
		Bounds: [721,724]
			nodes:      1484
			failures:   688
			restarts:   0
			no-goods:   0
			peak depth: 66
			runtime:    0.067 (67.000 ms)

	Found best solution and proved optimality.
