	Probing...
		Bounds: [597,4370]
		q3576 [makespan: 1016]
		q3576 [makespan: 938]
		q3576 [makespan: 932]
		q3576 [makespan: 912]
		q3576 [makespan: 874]
		q3576 [makespan: 873]
			nodes:      32105
			failures:   10011
			peak depth: 555
			runtime:    0.462 (462.000 ms)

	Adjusting...
		Bounds: [597,873]
		Bounds: [736,873]
		q3576 [makespan: 801]
		Bounds: [736,801]
		q3576 [makespan: 767]
		Bounds: [736,767]
		q3576 [makespan: 751]
		Bounds: [736,751]
		Bounds: [744,751]
		Bounds: [748,751]
			nodes:      1131
			failures:   465
			restarts:   0
			no-goods:   0
			peak depth: 95
			runtime:    0.054 (54.000 ms)

	Found best solution and proved optimality.
