	Probing...
		Bounds: [634,3690]
		q3586 [makespan: 814]
		q3586 [makespan: 811]
			nodes:      12173
			failures:   3
			peak depth: 519
			runtime:    0.150 (150.000 ms)

	Adjusting...
		Bounds: [634,811]
		q3586 [makespan: 721]
		Bounds: [634,721]
		Bounds: [678,721]
		Bounds: [700,721]
		q3586 [makespan: 710]
		Bounds: [700,710]
		Bounds: [706,710]
		q3586 [makespan: 707]
			nodes:      181
			failures:   9
			restarts:   0
			no-goods:   0
			peak depth: 64
			runtime:    0.004 (4.000 ms)

	Found best solution and proved optimality.
