	Probing...
		Bounds: [643,4344]
		q3602 [makespan: 1205]
		q3602 [makespan: 1044]
		q3602 [makespan: 1012]
		q3602 [makespan: 988]
		q3602 [makespan: 976]
		q3602 [makespan: 958]
		q3602 [makespan: 928]
			nodes:      11964
			failures:   9
			peak depth: 520
			runtime:    0.158 (158.000 ms)

	Adjusting...
		Bounds: [643,928]
		Bounds: [786,928]
		q3602 [makespan: 855]
		Bounds: [786,855]
		Bounds: [821,855]
		q3602 [makespan: 838]
		Bounds: [821,838]
		Bounds: [830,838]
		Bounds: [835,838]
			nodes:      300728
			failures:   150164
			restarts:   15
			no-goods:   281
			peak depth: 94
			runtime:    15.001 (15001.000 ms)
				stopped due to time-out...

	Solving...
		q3602 [makespan: 837]
			nodes:      153049
			failures:   76436
			restarts:   7
			no-goods:   141
			peak depth: 77
			runtime:    7.756 (7756.000 ms)

	Found best solution and proved optimality.
