	Probing...
		Bounds: [587,3853]
		q3641 [makespan: 1031]
		q3641 [makespan: 904]
		q3641 [makespan: 892]
		q3641 [makespan: 889]
			nodes:      12149
			failures:   4
			peak depth: 534
			runtime:    0.153 (153.000 ms)

	Adjusting...
		Bounds: [587,889]
		Bounds: [739,889]
		q3641 [makespan: 814]
		Bounds: [739,814]
			nodes:      426999
			failures:   213338
			restarts:   10
			no-goods:   162
			peak depth: 91
			runtime:    15.001 (15001.000 ms)
				stopped due to time-out...

	Solving...
		q3641 [makespan: 813]
		q3641 [makespan: 812]
		q3641 [makespan: 810]
		q3641 [makespan: 808]
		q3641 [makespan: 807]
		q3641 [makespan: 806]
		q3641 [makespan: 803]
		q3641 [makespan: 801]
		q3641 [makespan: 800]
		q3641 [makespan: 797]
		q3641 [makespan: 794]
		q3641 [makespan: 793]
		q3641 [makespan: 792]
		q3641 [makespan: 790]
		q3641 [makespan: 788]
		q3641 [makespan: 786]
		q3641 [makespan: 784]
		q3641 [makespan: 783]
		q3641 [makespan: 781]
		q3641 [makespan: 777]
			nodes:      1194793
			failures:   596387
			restarts:   33
			no-goods:   343
			peak depth: 113
			runtime:    44.084 (44084.000 ms)

	Found best solution and proved optimality.
