	Probing...
		Bounds: [674,4476]
		q3677 [makespan: 993]
		q3677 [makespan: 969]
		q3677 [makespan: 940]
		q3677 [makespan: 935]
		q3677 [makespan: 920]
		q3677 [makespan: 901]
		q3677 [makespan: 884]
			nodes:      12375
			failures:   4
			peak depth: 536
			runtime:    0.153 (153.000 ms)

	Adjusting...
		Bounds: [674,884]
		Bounds: [780,884]
		q3677 [makespan: 831]
		Bounds: [780,831]
		q3677 [makespan: 804]
		Bounds: [780,804]
		q3677 [makespan: 789]
		Bounds: [780,789]
		q3677 [makespan: 784]
		Bounds: [780,784]
		q3677 [makespan: 782]
		Bounds: [780,782]
		q3677 [makespan: 781]
			nodes:      1127
			failures:   370
			restarts:   0
			no-goods:   0
			peak depth: 80
			runtime:    0.047 (47.000 ms)

	Found best solution and proved optimality.
