	Probing...
		Bounds: [597,4505]
		q3697 [makespan: 913]
		q3697 [makespan: 879]
		q3697 [makespan: 865]
			nodes:      12695
			failures:   7
			peak depth: 543
			runtime:    0.150 (150.000 ms)

	Adjusting...
		Bounds: [597,865]
		Bounds: [732,865]
		q3697 [makespan: 797]
		Bounds: [732,797]
		q3697 [makespan: 764]
		Bounds: [732,764]
		Bounds: [749,764]
		Bounds: [757,764]
		Bounds: [761,764]
		q3697 [makespan: 761]
			nodes:      2051
			failures:   927
			restarts:   0
			no-goods:   0
			peak depth: 85
			runtime:    0.107 (107.000 ms)

	Found best solution and proved optimality.
