	Probing...
		Bounds: [692,4190]
		q3734 [makespan: 1119]
		q3734 [makespan: 874]
		q3734 [makespan: 863]
			nodes:      31989
			failures:   10005
			peak depth: 544
			runtime:    0.476 (476.000 ms)

	Adjusting...
		Bounds: [692,863]
		q3734 [makespan: 769]
		Bounds: [692,769]
		q3734 [makespan: 729]
		Bounds: [692,729]
		Bounds: [711,729]
		q3734 [makespan: 719]
		Bounds: [711,719]
		Bounds: [716,719]
			nodes:      270
			failures:   29
			restarts:   0
			no-goods:   0
			peak depth: 81
			runtime:    0.008 (8.000 ms)

	Found best solution and proved optimality.
