	Probing...
		Bounds: [546,4049]
		q3748 [makespan: 907]
		q3748 [makespan: 883]
		q3748 [makespan: 862]
		q3748 [makespan: 856]
		q3748 [makespan: 827]
			nodes:      12270
			failures:   8
			peak depth: 548
			runtime:    0.152 (152.000 ms)

	Adjusting...
		Bounds: [546,827]
		Bounds: [687,827]
		Bounds: [758,827]
		q3748 [makespan: 789]
		Bounds: [758,789]
		q3748 [makespan: 771]
		Bounds: [758,771]
		Bounds: [765,771]
		q3748 [makespan: 768]
		Bounds: [765,768]
		q3748 [makespan: 766]
		Bounds: [765,766]
		q3748 [makespan: 765]
			nodes:      15923
			failures:   7790
			restarts:   1
			no-goods:   17
			peak depth: 84
			runtime:    0.631 (631.000 ms)

	Found best solution and proved optimality.
