	Probing...
		Bounds: [595,4127]
		q3742 [makespan: 1171]
		q3742 [makespan: 862]
			nodes:      11939
			failures:   16
			peak depth: 539
			runtime:    0.152 (152.000 ms)

	Adjusting...
		Bounds: [595,862]
		Bounds: [729,862]
		q3742 [makespan: 792]
		Bounds: [729,792]
		Bounds: [761,792]
		q3742 [makespan: 776]
		Bounds: [761,776]
		q3742 [makespan: 767]
		Bounds: [761,767]
		Bounds: [765,767]
			nodes:      22410
			failures:   11109
			restarts:   0
			no-goods:   0
			peak depth: 79
			runtime:    1.226 (1226.000 ms)

	Solving...
			nodes:      0
			failures:   1
			restarts:   0
			no-goods:   0
			peak depth: 0
			runtime:    0.000 (0.000 ms)

	Found best solution and proved optimality.
