	Probing...
		Bounds: [641,3928]
		q3757 [makespan: 914]
		q3757 [makespan: 836]
		q3757 [makespan: 806]
		q3757 [makespan: 794]
		q3757 [makespan: 790]
		q3757 [makespan: 767]
		q3757 [makespan: 746]
			nodes:      12207
			failures:   5
			peak depth: 564
			runtime:    0.151 (151.000 ms)

	Adjusting...
		Bounds: [641,746]
		Bounds: [694,746]
		Bounds: [721,746]
		q3757 [makespan: 732]
		Bounds: [721,732]
		Bounds: [727,732]
		q3757 [makespan: 729]
		Bounds: [727,729]
			nodes:      58874
			failures:   29335
			restarts:   3
			no-goods:   43
			peak depth: 84
			runtime:    2.264 (2264.000 ms)

	Found best solution and proved optimality.
