	Probing...
		Bounds: [586,3922]
		q3800 [makespan: 901]
		q3800 [makespan: 883]
		q3800 [makespan: 825]
		q3800 [makespan: 823]
		q3800 [makespan: 808]
		q3800 [makespan: 801]
			nodes:      12225
			failures:   7
			peak depth: 556
			runtime:    0.150 (150.000 ms)

	Adjusting...
		Bounds: [586,801]
		Bounds: [694,801]
		q3800 [makespan: 746]
		Bounds: [694,746]
		Bounds: [721,746]
		Bounds: [734,746]
		q3800 [makespan: 740]
		Bounds: [734,740]
		q3800 [makespan: 737]
		Bounds: [734,737]
			nodes:      8613
			failures:   4205
			restarts:   0
			no-goods:   0
			peak depth: 83
			runtime:    0.351 (351.000 ms)

	Found best solution and proved optimality.
