	Probing...
		Bounds: [670,4286]
		q3830 [makespan: 1006]
		q3830 [makespan: 865]
		q3830 [makespan: 851]
		q3830 [makespan: 811]
			nodes:      12690
			failures:   2
			peak depth: 554
			runtime:    0.154 (154.000 ms)

	Adjusting...
		Bounds: [670,811]
		Bounds: [741,811]
		q3830 [makespan: 776]
		Bounds: [741,776]
		q3830 [makespan: 756]
		Bounds: [741,756]
		q3830 [makespan: 745]
		Bounds: [741,745]
		Bounds: [744,745]
		q3830 [makespan: 744]
			nodes:      707
			failures:   234
			restarts:   0
			no-goods:   0
			peak depth: 73
			runtime:    0.025 (25.000 ms)

	Found best solution and proved optimality.
