	Probing...
		Bounds: [655,4122]
		q3842 [makespan: 859]
		q3842 [makespan: 765]
			nodes:      12355
			failures:   2
			peak depth: 552
			runtime:    0.151 (151.000 ms)

	Adjusting...
		Bounds: [655,765]
		Bounds: [711,765]
		q3842 [makespan: 735]
		Bounds: [711,735]
		q3842 [makespan: 720]
		Bounds: [711,720]
		q3842 [makespan: 714]
		Bounds: [711,714]
		q3842 [makespan: 712]
			nodes:      454
			failures:   98
			restarts:   0
			no-goods:   0
			peak depth: 79
			runtime:    0.014 (14.000 ms)

	Found best solution and proved optimality.
