	Probing...
		Bounds: [596,3840]
		q3856 [makespan: 1053]
		q3856 [makespan: 764]
			nodes:      12186
			failures:   8
			peak depth: 532
			runtime:    0.151 (151.000 ms)

	Adjusting...
		Bounds: [596,764]
		Bounds: [681,764]
		q3856 [makespan: 719]
		Bounds: [681,719]
		q3856 [makespan: 700]
		Bounds: [681,700]
		Bounds: [691,700]
		Bounds: [696,700]
		q3856 [makespan: 697]
			nodes:      701
			failures:   246
			restarts:   0
			no-goods:   0
			peak depth: 95
			runtime:    0.030 (30.000 ms)

	Found best solution and proved optimality.
