	Probing...
		Bounds: [647,3991]
		q3873 [makespan: 785]
			nodes:      12121
			failures:   1
			peak depth: 533
			runtime:    0.147 (147.000 ms)

	Adjusting...
		Bounds: [647,785]
		Bounds: [717,785]
		q3873 [makespan: 751]
		Bounds: [717,751]
		q3873 [makespan: 734]
		Bounds: [717,734]
		Bounds: [726,734]
		Bounds: [731,734]
		Bounds: [733,734]
			nodes:      5302
			failures:   2588
			restarts:   0
			no-goods:   0
			peak depth: 68
			runtime:    0.231 (231.000 ms)

	Found best solution and proved optimality.
