	Probing...
		Bounds: [599,3804]
		q3884 [makespan: 947]
		q3884 [makespan: 892]
		q3884 [makespan: 862]
		q3884 [makespan: 821]
			nodes:      31872
			failures:   10002
			peak depth: 533
			runtime:    0.409 (409.000 ms)

	Adjusting...
		Bounds: [599,821]
		Bounds: [711,821]
		Bounds: [767,821]
		q3884 [makespan: 794]
		Bounds: [767,794]
		q3884 [makespan: 780]
		Bounds: [767,780]
		Bounds: [774,780]
		Bounds: [778,780]
			nodes:      26565
			failures:   13228
			restarts:   1
			no-goods:   7
			peak depth: 62
			runtime:    1.202 (1202.000 ms)

	Solving...
			nodes:      0
			failures:   1
			restarts:   0
			no-goods:   0
			peak depth: 0
			runtime:    0.000 (0.000 ms)

	Found best solution and proved optimality.
