	Probing...
		Bounds: [580,4242]
		q3895 [makespan: 1064]
		q3895 [makespan: 909]
		q3895 [makespan: 896]
		q3895 [makespan: 884]
		q3895 [makespan: 869]
			nodes:      12002
			failures:   8
			peak depth: 545
			runtime:    0.152 (152.000 ms)

	Adjusting...
		Bounds: [580,869]
		Bounds: [725,869]
		q3895 [makespan: 788]
		Bounds: [725,788]
		Bounds: [757,788]
		Bounds: [773,788]
		Bounds: [781,788]
		Bounds: [785,788]
			nodes:      26429
			failures:   13171
			restarts:   1
			no-goods:   9
			peak depth: 105
			runtime:    1.424 (1424.000 ms)

	Found best solution and proved optimality.
