	Probing...
		Bounds: [538,3633]
		q3909 [makespan: 680]
		q3909 [makespan: 657]
			nodes:      11997
			failures:   10
			peak depth: 527
			runtime:    0.147 (147.000 ms)

	Adjusting...
		Bounds: [538,657]
		Bounds: [598,657]
		q3909 [makespan: 626]
		Bounds: [598,626]
		q3909 [makespan: 612]
		Bounds: [598,612]
		Bounds: [606,612]
		Bounds: [610,612]
			nodes:      3237
			failures:   1564
			restarts:   0
			no-goods:   0
			peak depth: 65
			runtime:    0.135 (135.000 ms)

	Solving...
			nodes:      0
			failures:   1
			restarts:   0
			no-goods:   0
			peak depth: 0
			runtime:    0.000 (0.000 ms)

	Found best solution and proved optimality.
