	Probing...
		Bounds: [636,4216]
		q3904 [makespan: 1071]
		q3904 [makespan: 851]
		q3904 [makespan: 840]
			nodes:      12488
			failures:   3
			peak depth: 543
			runtime:    0.146 (146.000 ms)

	Adjusting...
		Bounds: [636,840]
		Bounds: [739,840]
		Bounds: [790,840]
		q3904 [makespan: 815]
		Bounds: [790,815]
		q3904 [makespan: 801]
		Bounds: [790,801]
		q3904 [makespan: 795]
		Bounds: [790,795]
		q3904 [makespan: 792]
		Bounds: [790,792]
			nodes:      14863
			failures:   7305
			restarts:   0
			no-goods:   0
			peak depth: 73
			runtime:    0.734 (734.000 ms)

	Solving...
			nodes:      0
			failures:   1
			restarts:   0
			no-goods:   0
			peak depth: 0
			runtime:    0.000 (0.000 ms)

	Found best solution and proved optimality.
