	Probing...
		Bounds: [562,4029]
		q3918 [makespan: 927]
		q3918 [makespan: 873]
		q3918 [makespan: 805]
		q3918 [makespan: 782]
		q3918 [makespan: 764]
			nodes:      32058
			failures:   10005
			peak depth: 529
			runtime:    0.535 (535.000 ms)

	Adjusting...
		Bounds: [562,764]
		Bounds: [664,764]
		q3918 [makespan: 707]
		Bounds: [664,707]
		q3918 [makespan: 682]
		Bounds: [664,682]
		Bounds: [674,682]
		Bounds: [679,682]
		q3918 [makespan: 679]
			nodes:      296
			failures:   51
			restarts:   0
			no-goods:   0
			peak depth: 76
			runtime:    0.010 (10.000 ms)

	Solving...
			nodes:      0
			failures:   1
			restarts:   0
			no-goods:   0
			peak depth: 0
			runtime:    0.000 (0.000 ms)

	Found best solution and proved optimality.
