	Probing...
		Bounds: [582,4066]
		q3945 [makespan: 789]
		q3945 [makespan: 750]
			nodes:      12487
			failures:   3
			peak depth: 547
			runtime:    0.150 (150.000 ms)

	Adjusting...
		Bounds: [582,750]
		Bounds: [667,750]
		q3945 [makespan: 707]
		Bounds: [667,707]
		Bounds: [688,707]
		Bounds: [698,707]
		Bounds: [703,707]
		q3945 [makespan: 704]
			nodes:      466
			failures:   173
			restarts:   0
			no-goods:   0
			peak depth: 66
			runtime:    0.021 (21.000 ms)

	Found best solution and proved optimality.
