	Probing...
		Bounds: [589,3860]
		q3946 [makespan: 827]
		q3946 [makespan: 753]
			nodes:      12238
			failures:   7
			peak depth: 534
			runtime:    0.149 (149.000 ms)

	Adjusting...
		Bounds: [589,753]
		Bounds: [672,753]
		q3946 [makespan: 708]
		Bounds: [672,708]
		q3946 [makespan: 688]
		Bounds: [672,688]
		q3946 [makespan: 680]
		Bounds: [672,680]
		Bounds: [677,680]
		q3946 [makespan: 678]
			nodes:      1384
			failures:   577
			restarts:   0
			no-goods:   0
			peak depth: 68
			runtime:    0.058 (58.000 ms)

	Found best solution and proved optimality.
