	Probing...
		Bounds: [583,4096]
		q3996 [makespan: 875]
		q3996 [makespan: 783]
		q3996 [makespan: 781]
		q3996 [makespan: 687]
			nodes:      12271
			failures:   3
			peak depth: 539
			runtime:    0.154 (154.000 ms)

	Adjusting...
		Bounds: [583,687]
		Bounds: [636,687]
		q3996 [makespan: 661]
		Bounds: [636,661]
		Bounds: [649,661]
		Bounds: [656,661]
		Bounds: [659,661]
			nodes:      164
			failures:   59
			restarts:   0
			no-goods:   0
			peak depth: 59
			runtime:    0.007 (7.000 ms)

	Solving...
			nodes:      0
			failures:   1
			restarts:   0
			no-goods:   0
			peak depth: 0
			runtime:    0.000 (0.000 ms)

	Found best solution and proved optimality.
