	Probing...
		Bounds: [691,4601]
		q4006 [makespan: 1244]
		q4006 [makespan: 1019]
		q4006 [makespan: 982]
		q4006 [makespan: 975]
		q4006 [makespan: 943]
			nodes:      32309
			failures:   10005
			peak depth: 541
			runtime:    0.573 (573.000 ms)

	Adjusting...
		Bounds: [691,943]
		Bounds: [818,943]
		q4006 [makespan: 879]
		Bounds: [818,879]
		q4006 [makespan: 847]
		Bounds: [818,847]
		Bounds: [833,847]
		Bounds: [841,847]
		Bounds: [845,847]
		q4006 [makespan: 846]
			nodes:      32664
			failures:   16225
			restarts:   2
			no-goods:   17
			peak depth: 74
			runtime:    1.615 (1615.000 ms)

	Found best solution and proved optimality.
