	Probing...
		Bounds: [623,4076]
		q4019 [makespan: 798]
			nodes:      12108
			failures:   8
			peak depth: 530
			runtime:    0.150 (150.000 ms)

	Adjusting...
		Bounds: [623,798]
		Bounds: [711,798]
		q4019 [makespan: 749]
		Bounds: [711,749]
		Bounds: [731,749]
		q4019 [makespan: 740]
		Bounds: [731,740]
		q4019 [makespan: 735]
		Bounds: [731,735]
		q4019 [makespan: 733]
		Bounds: [731,733]
			nodes:      1878
			failures:   802
			restarts:   0
			no-goods:   0
			peak depth: 82
			runtime:    0.088 (88.000 ms)

	Found best solution and proved optimality.
