	Probing...
		Bounds: [610,3951]
		q4047 [makespan: 1017]
		q4047 [makespan: 865]
		q4047 [makespan: 843]
		q4047 [makespan: 835]
		q4047 [makespan: 827]
			nodes:      12317
			failures:   5
			peak depth: 531
			runtime:    0.148 (148.000 ms)

	Adjusting...
		Bounds: [610,827]
		Bounds: [719,827]
		q4047 [makespan: 773]
		Bounds: [719,773]
		Bounds: [747,773]
		Bounds: [761,773]
		Bounds: [768,773]
		q4047 [makespan: 769]
			nodes:      136
			failures:   9
			restarts:   0
			no-goods:   0
			peak depth: 64
			runtime:    0.004 (4.000 ms)

	Found best solution and proved optimality.
