	Probing...
		Bounds: [590,3787]
		q4131 [makespan: 835]
		q4131 [makespan: 729]
		q4131 [makespan: 688]
			nodes:      12155
			failures:   0
			peak depth: 535
			runtime:    0.152 (152.000 ms)

	Adjusting...
		Bounds: [590,688]
		Bounds: [640,688]
		q4131 [makespan: 662]
		Bounds: [640,662]
		q4131 [makespan: 647]
		Bounds: [640,647]
		q4131 [makespan: 642]
		Bounds: [640,642]
			nodes:      200
			failures:   4
			restarts:   0
			no-goods:   0
			peak depth: 73
			runtime:    0.003 (3.000 ms)

	Solving...
			nodes:      0
			failures:   1
			restarts:   0
			no-goods:   0
			peak depth: 0
			runtime:    0.000 (0.000 ms)

	Found best solution and proved optimality.
