	Probing...
		Bounds: [593,3777]
		q4159 [makespan: 958]
		q4159 [makespan: 822]
		q4159 [makespan: 795]
		q4159 [makespan: 784]
			nodes:      31839
			failures:   10002
			peak depth: 537
			runtime:    0.303 (303.000 ms)

	Adjusting...
		Bounds: [593,784]
		Bounds: [689,784]
		q4159 [makespan: 731]
		Bounds: [689,731]
		Bounds: [711,731]
		Bounds: [722,731]
		q4159 [makespan: 725]
		Bounds: [722,725]
			nodes:      4652
			failures:   2262
			restarts:   0
			no-goods:   0
			peak depth: 74
			runtime:    0.187 (187.000 ms)

	Found best solution and proved optimality.
