	Probing...
		Bounds: [629,3946]
		q4156 [makespan: 817]
		q4156 [makespan: 734]
		q4156 [makespan: 699]
			nodes:      12351
			failures:   3
			peak depth: 559
			runtime:    0.149 (149.000 ms)

	Adjusting...
		Bounds: [629,699]
		Bounds: [665,699]
		Bounds: [683,699]
		q4156 [makespan: 688]
		Bounds: [683,688]
		Bounds: [686,688]
		q4156 [makespan: 687]
			nodes:      197
			failures:   27
			restarts:   0
			no-goods:   0
			peak depth: 81
			runtime:    0.005 (5.000 ms)

	Found best solution and proved optimality.
