	Probing...
		Bounds: [629,4196]
		q4167 [makespan: 1081]
		q4167 [makespan: 831]
			nodes:      12452
			failures:   7
			peak depth: 545
			runtime:    0.147 (147.000 ms)

	Adjusting...
		Bounds: [629,831]
		Bounds: [731,831]
		q4167 [makespan: 776]
		Bounds: [731,776]
		Bounds: [754,776]
		Bounds: [766,776]
		q4167 [makespan: 770]
		Bounds: [766,770]
			nodes:      241
			failures:   58
			restarts:   0
			no-goods:   0
			peak depth: 69
			runtime:    0.008 (8.000 ms)

	Found best solution and proved optimality.
