	Probing...
		Bounds: [641,3843]
		q4184 [makespan: 904]
		q4184 [makespan: 786]
			nodes:      12089
			failures:   5
			peak depth: 555
			runtime:    0.150 (150.000 ms)

	Adjusting...
		Bounds: [641,786]
		Bounds: [714,786]
		q4184 [makespan: 747]
		Bounds: [714,747]
		Bounds: [731,747]
		Bounds: [740,747]
		Bounds: [744,747]
			nodes:      206
			failures:   71
			restarts:   0
			no-goods:   0
			peak depth: 74
			runtime:    0.010 (10.000 ms)

	Found best solution and proved optimality.
