	Probing...
		Bounds: [592,4004]
		q4192 [makespan: 1051]
		q4192 [makespan: 899]
		q4192 [makespan: 854]
		q4192 [makespan: 834]
			nodes:      12310
			failures:   5
			peak depth: 551
			runtime:    0.149 (149.000 ms)

	Adjusting...
		Bounds: [592,834]
		Bounds: [714,834]
		q4192 [makespan: 773]
		Bounds: [714,773]
		Bounds: [744,773]
		Bounds: [759,773]
		q4192 [makespan: 764]
		Bounds: [759,764]
		Bounds: [762,764]
		q4192 [makespan: 763]
			nodes:      5177
			failures:   2487
			restarts:   0
			no-goods:   0
			peak depth: 83
			runtime:    0.235 (235.000 ms)

	Found best solution and proved optimality.
