	Probing...
		Bounds: [649,4096]
		q4221 [makespan: 869]
		q4221 [makespan: 844]
		q4221 [makespan: 822]
		q4221 [makespan: 820]
			nodes:      12122
			failures:   2
			peak depth: 553
			runtime:    0.149 (149.000 ms)

	Adjusting...
		Bounds: [649,820]
		Bounds: [735,820]
		q4221 [makespan: 772]
		Bounds: [735,772]
		q4221 [makespan: 752]
		Bounds: [735,752]
		q4221 [makespan: 743]
		Bounds: [735,743]
		Bounds: [740,743]
			nodes:      839
			failures:   314
			restarts:   0
			no-goods:   0
			peak depth: 84
			runtime:    0.031 (31.000 ms)

	Found best solution and proved optimality.
