	Probing...
		Bounds: [607,4060]
		q4312 [makespan: 988]
		q4312 [makespan: 853]
		q4312 [makespan: 848]
		q4312 [makespan: 827]
		q4312 [makespan: 785]
		q4312 [makespan: 781]
		q4312 [makespan: 770]
			nodes:      12152
			failures:   7
			peak depth: 532
			runtime:    0.151 (151.000 ms)

	Adjusting...
		Bounds: [607,770]
		Bounds: [689,770]
		q4312 [makespan: 726]
		Bounds: [689,726]
		q4312 [makespan: 703]
		Bounds: [689,703]
		Bounds: [697,703]
		Bounds: [701,703]
			nodes:      10917
			failures:   5391
			restarts:   0
			no-goods:   0
			peak depth: 87
			runtime:    0.505 (505.000 ms)

	Found best solution and proved optimality.
