	Probing...
		Bounds: [484,3645]
		q4315 [makespan: 797]
		q4315 [makespan: 736]
			nodes:      12197
			failures:   5
			peak depth: 530
			runtime:    0.145 (145.000 ms)

	Adjusting...
		Bounds: [484,736]
		Bounds: [611,736]
		q4315 [makespan: 673]
		Bounds: [611,673]
		Bounds: [643,673]
		Bounds: [659,673]
		q4315 [makespan: 664]
		Bounds: [659,664]
		q4315 [makespan: 660]
			nodes:      2273
			failures:   1035
			restarts:   0
			no-goods:   0
			peak depth: 79
			runtime:    0.129 (129.000 ms)

	Found best solution and proved optimality.
