	Probing...
		Bounds: [677,3966]
		q4355 [makespan: 866]
		q4355 [makespan: 860]
		q4355 [makespan: 813]
			nodes:      12057
			failures:   3
			peak depth: 535
			runtime:    0.150 (150.000 ms)

	Adjusting...
		Bounds: [677,813]
		Bounds: [746,813]
		q4355 [makespan: 779]
		Bounds: [746,779]
		q4355 [makespan: 762]
		Bounds: [746,762]
		Bounds: [755,762]
		Bounds: [759,762]
		q4355 [makespan: 760]
			nodes:      44046
			failures:   21911
			restarts:   2
			no-goods:   31
			peak depth: 87
			runtime:    2.086 (2086.000 ms)

	Found best solution and proved optimality.
