	Probing...
		Bounds: [633,4202]
		q4360 [makespan: 974]
		q4360 [makespan: 888]
		q4360 [makespan: 811]
			nodes:      12404
			failures:   5
			peak depth: 550
			runtime:    0.150 (150.000 ms)

	Adjusting...
		Bounds: [633,811]
		Bounds: [723,811]
		Bounds: [768,811]
		q4360 [makespan: 788]
		Bounds: [768,788]
		q4360 [makespan: 777]
		Bounds: [768,777]
		Bounds: [773,777]
		q4360 [makespan: 774]
		Bounds: [773,774]
			nodes:      4034
			failures:   1917
			restarts:   0
			no-goods:   0
			peak depth: 84
			runtime:    0.201 (201.000 ms)

	Found best solution and proved optimality.
