	Probing...
		Bounds: [587,4107]
		q4437 [makespan: 962]
		q4437 [makespan: 916]
		q4437 [makespan: 818]
			nodes:      12302
			failures:   4
			peak depth: 561
			runtime:    0.148 (148.000 ms)

	Adjusting...
		Bounds: [587,818]
		Bounds: [703,818]
		q4437 [makespan: 760]
		Bounds: [703,760]
		Bounds: [732,760]
		Bounds: [747,760]
		q4437 [makespan: 752]
		Bounds: [747,752]
		Bounds: [750,752]
		q4437 [makespan: 751]
		Bounds: [750,751]
			nodes:      11160
			failures:   5487
			restarts:   0
			no-goods:   0
			peak depth: 91
			runtime:    0.448 (448.000 ms)

	Found best solution and proved optimality.
