	Probing...
		Bounds: [587,4005]
		q4525 [makespan: 1179]
		q4525 [makespan: 901]
		q4525 [makespan: 885]
			nodes:      12170
			failures:   13
			peak depth: 541
			runtime:    0.152 (152.000 ms)

	Adjusting...
		Bounds: [587,885]
		Bounds: [737,885]
		q4525 [makespan: 811]
		Bounds: [737,811]
		Bounds: [775,811]
		q4525 [makespan: 789]
		Bounds: [775,789]
		q4525 [makespan: 780]
		Bounds: [775,780]
		Bounds: [778,780]
			nodes:      15623
			failures:   7701
			restarts:   1
			no-goods:   11
			peak depth: 93
			runtime:    0.606 (606.000 ms)

	Found best solution and proved optimality.
