	Probing...
		Bounds: [654,4521]
		q4543 [makespan: 1089]
		q4543 [makespan: 910]
		q4543 [makespan: 877]
		q4543 [makespan: 870]
			nodes:      12274
			failures:   14
			peak depth: 554
			runtime:    0.153 (153.000 ms)

	Adjusting...
		Bounds: [654,870]
		Bounds: [763,870]
		q4543 [makespan: 816]
		Bounds: [763,816]
		q4543 [makespan: 788]
		Bounds: [763,788]
		Bounds: [776,788]
		Bounds: [783,788]
		q4543 [makespan: 785]
		Bounds: [783,785]
			nodes:      17363
			failures:   8587
			restarts:   0
			no-goods:   0
			peak depth: 80
			runtime:    0.843 (843.000 ms)

	Solving...
			nodes:      0
			failures:   1
			restarts:   0
			no-goods:   0
			peak depth: 0
			runtime:    0.000 (0.000 ms)

	Found best solution and proved optimality.
