	Probing...
		Bounds: [625,4224]
		q4578 [makespan: 931]
		q4578 [makespan: 854]
		q4578 [makespan: 851]
		q4578 [makespan: 841]
		q4578 [makespan: 836]
			nodes:      12521
			failures:   1
			peak depth: 543
			runtime:    0.158 (158.000 ms)

	Adjusting...
		Bounds: [625,836]
		Bounds: [731,836]
		q4578 [makespan: 777]
		Bounds: [731,777]
		Bounds: [755,777]
		q4578 [makespan: 766]
		Bounds: [755,766]
		q4578 [makespan: 760]
		Bounds: [755,760]
		q4578 [makespan: 757]
		Bounds: [755,757]
			nodes:      4861
			failures:   2288
			restarts:   0
			no-goods:   0
			peak depth: 82
			runtime:    0.213 (213.000 ms)

	Found best solution and proved optimality.
