	Probing...
		Bounds: [552,3639]
		q4593 [makespan: 901]
		q4593 [makespan: 791]
		q4593 [makespan: 763]
		q4593 [makespan: 748]
			nodes:      12033
			failures:   8
			peak depth: 523
			runtime:    0.150 (150.000 ms)

	Adjusting...
		Bounds: [552,748]
		Bounds: [651,748]
		q4593 [makespan: 695]
		Bounds: [651,695]
		Bounds: [674,695]
		q4593 [makespan: 684]
		Bounds: [674,684]
		q4593 [makespan: 679]
		Bounds: [674,679]
		q4593 [makespan: 675]
			nodes:      26856
			failures:   13279
			restarts:   1
			no-goods:   12
			peak depth: 96
			runtime:    1.250 (1250.000 ms)

	Found best solution and proved optimality.
