	Probing...
		Bounds: [567,3996]
		q4607 [makespan: 941]
		q4607 [makespan: 760]
		q4607 [makespan: 749]
			nodes:      12047
			failures:   7
			peak depth: 532
			runtime:    0.148 (148.000 ms)

	Adjusting...
		Bounds: [567,749]
		Bounds: [659,749]
		q4607 [makespan: 696]
		Bounds: [659,696]
		q4607 [makespan: 677]
		Bounds: [659,677]
		q4607 [makespan: 665]
		Bounds: [659,665]
		q4607 [makespan: 662]
		Bounds: [659,662]
			nodes:      377
			failures:   79
			restarts:   0
			no-goods:   0
			peak depth: 76
			runtime:    0.013 (13.000 ms)

	Found best solution and proved optimality.
