	Probing...
		Bounds: [721,4502]
		q4636 [makespan: 1114]
		q4636 [makespan: 1057]
		q4636 [makespan: 1040]
		q4636 [makespan: 1034]
		q4636 [makespan: 1027]
		q4636 [makespan: 1022]
		q4636 [makespan: 970]
			nodes:      32146
			failures:   10018
			peak depth: 544
			runtime:    0.466 (466.000 ms)

	Adjusting...
		Bounds: [721,970]
		Bounds: [846,970]
		q4636 [makespan: 906]
		Bounds: [846,906]
		q4636 [makespan: 875]
		Bounds: [846,875]
		Bounds: [861,875]
		q4636 [makespan: 868]
		Bounds: [861,868]
		q4636 [makespan: 864]
		Bounds: [861,864]
		q4636 [makespan: 862]
			nodes:      7690
			failures:   3666
			restarts:   0
			no-goods:   0
			peak depth: 86
			runtime:    0.344 (344.000 ms)

	Found best solution and proved optimality.
