	Probing...
		Bounds: [634,4135]
		q4650 [makespan: 971]
		q4650 [makespan: 941]
		q4650 [makespan: 881]
		q4650 [makespan: 861]
		q4650 [makespan: 833]
			nodes:      12252
			failures:   9
			peak depth: 533
			runtime:    0.152 (152.000 ms)

	Adjusting...
		Bounds: [634,833]
		Bounds: [734,833]
		q4650 [makespan: 781]
		Bounds: [734,781]
		Bounds: [758,781]
		q4650 [makespan: 769]
		Bounds: [758,769]
		Bounds: [764,769]
		q4650 [makespan: 766]
		Bounds: [764,766]
			nodes:      3462
			failures:   1642
			restarts:   0
			no-goods:   0
			peak depth: 69
			runtime:    0.145 (145.000 ms)

	Solving...
			nodes:      0
			failures:   1
			restarts:   0
			no-goods:   0
			peak depth: 0
			runtime:    0.000 (0.000 ms)

	Found best solution and proved optimality.
