	Probing...
		Bounds: [625,4151]
		q4668 [makespan: 1075]
		q4668 [makespan: 945]
		q4668 [makespan: 906]
		q4668 [makespan: 899]
			nodes:      12388
			failures:   4
			peak depth: 548
			runtime:    0.150 (150.000 ms)

	Adjusting...
		Bounds: [625,899]
		Bounds: [763,899]
		q4668 [makespan: 831]
		Bounds: [763,831]
		q4668 [makespan: 795]
		Bounds: [763,795]
		Bounds: [780,795]
		Bounds: [788,795]
		Bounds: [792,795]
		q4668 [makespan: 793]
			nodes:      243
			failures:   27
			restarts:   0
			no-goods:   0
			peak depth: 68
			runtime:    0.007 (7.000 ms)

	Found best solution and proved optimality.
