	Probing...
		Bounds: [650,4005]
		q4702 [makespan: 1016]
		q4702 [makespan: 897]
		q4702 [makespan: 885]
		q4702 [makespan: 825]
		q4702 [makespan: 817]
		q4702 [makespan: 807]
		q4702 [makespan: 785]
			nodes:      12402
			failures:   6
			peak depth: 553
			runtime:    0.154 (154.000 ms)

	Adjusting...
		Bounds: [650,785]
		Bounds: [718,785]
		q4702 [makespan: 751]
		Bounds: [718,751]
		Bounds: [735,751]
		q4702 [makespan: 742]
		Bounds: [735,742]
		q4702 [makespan: 737]
		Bounds: [735,737]
		q4702 [makespan: 735]
			nodes:      947
			failures:   349
			restarts:   0
			no-goods:   0
			peak depth: 70
			runtime:    0.041 (41.000 ms)

	Solving...
			nodes:      0
			failures:   1
			restarts:   0
			no-goods:   0
			peak depth: 0
			runtime:    0.001 (1.000 ms)

	Found best solution and proved optimality.
