	Probing...
		Bounds: [595,4493]
		q4723 [makespan: 945]
		q4723 [makespan: 915]
		q4723 [makespan: 832]
		q4723 [makespan: 825]
			nodes:      32017
			failures:   10011
			peak depth: 529
			runtime:    0.529 (529.000 ms)

	Adjusting...
		Bounds: [595,825]
		Bounds: [711,825]
		q4723 [makespan: 757]
		Bounds: [711,757]
		Bounds: [735,757]
		Bounds: [747,757]
		q4723 [makespan: 749]
		Bounds: [747,749]
			nodes:      9467
			failures:   4658
			restarts:   0
			no-goods:   0
			peak depth: 97
			runtime:    0.491 (491.000 ms)

	Solving...
			nodes:      0
			failures:   1
			restarts:   0
			no-goods:   0
			peak depth: 0
			runtime:    0.000 (0.000 ms)

	Found best solution and proved optimality.
