	Probing...
		Bounds: [594,4022]
		q4729 [makespan: 900]
		q4729 [makespan: 840]
		q4729 [makespan: 777]
		q4729 [makespan: 757]
			nodes:      12350
			failures:   6
			peak depth: 549
			runtime:    0.150 (150.000 ms)

	Adjusting...
		Bounds: [594,757]
		Bounds: [676,757]
		q4729 [makespan: 714]
		Bounds: [676,714]
		q4729 [makespan: 695]
		Bounds: [676,695]
		Bounds: [686,695]
		q4729 [makespan: 690]
		Bounds: [686,690]
		Bounds: [689,690]
			nodes:      3696
			failures:   1751
			restarts:   0
			no-goods:   0
			peak depth: 79
			runtime:    0.157 (157.000 ms)

	Found best solution and proved optimality.
