	Probing...
		Bounds: [652,4164]
		q4746 [makespan: 1034]
		q4746 [makespan: 868]
		q4746 [makespan: 830]
			nodes:      32193
			failures:   10003
			peak depth: 553
			runtime:    0.591 (591.000 ms)

	Adjusting...
		Bounds: [652,830]
		Bounds: [742,830]
		q4746 [makespan: 786]
		Bounds: [742,786]
		q4746 [makespan: 764]
		Bounds: [742,764]
		q4746 [makespan: 751]
		Bounds: [742,751]
		Bounds: [747,751]
		Bounds: [750,751]
			nodes:      1303
			failures:   562
			restarts:   0
			no-goods:   0
			peak depth: 71
			runtime:    0.061 (61.000 ms)

	Found best solution and proved optimality.
