	Probing...
		Bounds: [678,4154]
		q4764 [makespan: 984]
		q4764 [makespan: 834]
			nodes:      32234
			failures:   10004
			peak depth: 561
			runtime:    0.424 (424.000 ms)

	Adjusting...
		Bounds: [678,834]
		q4764 [makespan: 752]
		Bounds: [678,752]
		Bounds: [716,752]
		Bounds: [735,752]
		q4764 [makespan: 741]
		Bounds: [735,741]
		Bounds: [739,741]
		q4764 [makespan: 740]
			nodes:      8958
			failures:   4369
			restarts:   0
			no-goods:   0
			peak depth: 81
			runtime:    0.399 (399.000 ms)

	Found best solution and proved optimality.
