	Probing...
		Bounds: [600,4283]
		q4769 [makespan: 887]
		q4769 [makespan: 883]
		q4769 [makespan: 876]
		q4769 [makespan: 865]
		q4769 [makespan: 859]
			nodes:      12470
			failures:   6
			peak depth: 539
			runtime:    0.154 (154.000 ms)

	Adjusting...
		Bounds: [600,859]
		Bounds: [730,859]
		q4769 [makespan: 793]
		Bounds: [730,793]
		q4769 [makespan: 754]
		Bounds: [730,754]
		Bounds: [743,754]
		q4769 [makespan: 748]
		Bounds: [743,748]
		q4769 [makespan: 745]
		Bounds: [743,745]
			nodes:      8738
			failures:   4245
			restarts:   0
			no-goods:   0
			peak depth: 90
			runtime:    0.436 (436.000 ms)

	Solving...
			nodes:      0
			failures:   1
			restarts:   0
			no-goods:   0
			peak depth: 0
			runtime:    0.000 (0.000 ms)

	Found best solution and proved optimality.
