	Probing...
		Bounds: [683,4094]
		q4778 [makespan: 942]
		q4778 [makespan: 915]
		q4778 [makespan: 837]
		q4778 [makespan: 802]
		q4778 [makespan: 795]
			nodes:      12425
			failures:   8
			peak depth: 537
			runtime:    0.151 (151.000 ms)

	Adjusting...
		Bounds: [683,795]
		Bounds: [740,795]
		q4778 [makespan: 762]
		Bounds: [740,762]
		Bounds: [752,762]
		q4778 [makespan: 755]
		Bounds: [752,755]
			nodes:      401
			failures:   130
			restarts:   0
			no-goods:   0
			peak depth: 85
			runtime:    0.011 (11.000 ms)

	Found best solution and proved optimality.
