	Probing...
		Bounds: [585,3784]
		q4795 [makespan: 864]
		q4795 [makespan: 853]
		q4795 [makespan: 827]
		q4795 [makespan: 796]
		q4795 [makespan: 759]
			nodes:      12443
			failures:   5
			peak depth: 544
			runtime:    0.152 (152.000 ms)

	Adjusting...
		Bounds: [585,759]
		Bounds: [673,759]
		q4795 [makespan: 716]
		Bounds: [673,716]
		q4795 [makespan: 693]
		Bounds: [673,693]
		q4795 [makespan: 682]
		Bounds: [673,682]
		Bounds: [678,682]
		Bounds: [681,682]
			nodes:      756
			failures:   258
			restarts:   0
			no-goods:   0
			peak depth: 107
			runtime:    0.025 (25.000 ms)

	Found best solution and proved optimality.
