	Probing...
		Bounds: [588,3983]
		q4863 [makespan: 837]
		q4863 [makespan: 787]
		q4863 [makespan: 722]
			nodes:      12405
			failures:   4
			peak depth: 550
			runtime:    0.149 (149.000 ms)

	Adjusting...
		Bounds: [588,722]
		Bounds: [656,722]
		Bounds: [690,722]
		q4863 [makespan: 706]
		Bounds: [690,706]
		q4863 [makespan: 698]
		Bounds: [690,698]
		q4863 [makespan: 693]
		Bounds: [690,693]
		Bounds: [692,693]
		q4863 [makespan: 692]
			nodes:      569
			failures:   174
			restarts:   0
			no-goods:   0
			peak depth: 79
			runtime:    0.019 (19.000 ms)

	Found best solution and proved optimality.
