	Probing...
		Bounds: [681,4132]
		q4870 [makespan: 1028]
		q4870 [makespan: 965]
		q4870 [makespan: 855]
			nodes:      12225
			failures:   9
			peak depth: 541
			runtime:    0.151 (151.000 ms)

	Adjusting...
		Bounds: [681,855]
		Bounds: [769,855]
		q4870 [makespan: 811]
		Bounds: [769,811]
		q4870 [makespan: 790]
		Bounds: [769,790]
		Bounds: [780,790]
		Bounds: [786,790]
		q4870 [makespan: 788]
		Bounds: [786,788]
			nodes:      1443
			failures:   635
			restarts:   0
			no-goods:   0
			peak depth: 77
			runtime:    0.075 (75.000 ms)

	Found best solution and proved optimality.
