	Probing...
		Bounds: [586,3973]
		q4875 [makespan: 928]
		q4875 [makespan: 849]
		q4875 [makespan: 826]
		q4875 [makespan: 825]
		q4875 [makespan: 782]
		q4875 [makespan: 772]
		q4875 [makespan: 759]
			nodes:      32040
			failures:   10007
			peak depth: 543
			runtime:    0.498 (498.000 ms)

	Adjusting...
		Bounds: [586,759]
		Bounds: [673,759]
		q4875 [makespan: 712]
		Bounds: [673,712]
		Bounds: [693,712]
		Bounds: [703,712]
		Bounds: [708,712]
		q4875 [makespan: 708]
			nodes:      2236
			failures:   1060
			restarts:   0
			no-goods:   0
			peak depth: 71
			runtime:    0.104 (104.000 ms)

	Found best solution and proved optimality.
