	Probing...
		Bounds: [594,3993]
		q4899 [makespan: 1071]
		q4899 [makespan: 895]
		q4899 [makespan: 894]
		q4899 [makespan: 822]
			nodes:      12198
			failures:   4
			peak depth: 546
			runtime:    0.150 (150.000 ms)

	Adjusting...
		Bounds: [594,822]
		Bounds: [709,822]
		q4899 [makespan: 761]
		Bounds: [709,761]
		Bounds: [736,761]
		q4899 [makespan: 744]
		Bounds: [736,744]
		Bounds: [741,744]
			nodes:      906
			failures:   389
			restarts:   0
			no-goods:   0
			peak depth: 75
			runtime:    0.046 (46.000 ms)

	Found best solution and proved optimality.
