	Probing...
		Bounds: [526,3901]
		q4906 [makespan: 986]
		q4906 [makespan: 874]
		q4906 [makespan: 869]
		q4906 [makespan: 744]
			nodes:      12024
			failures:   4
			peak depth: 530
			runtime:    0.153 (153.000 ms)

	Adjusting...
		Bounds: [526,744]
		Bounds: [636,744]
		q4906 [makespan: 688]
		Bounds: [636,688]
		Bounds: [663,688]
		Bounds: [676,688]
		Bounds: [683,688]
		Bounds: [686,688]
			nodes:      13949
			failures:   6945
			restarts:   0
			no-goods:   0
			peak depth: 76
			runtime:    0.698 (698.000 ms)

	Found best solution and proved optimality.
