	Probing...
		Bounds: [616,4148]
		q4940 [makespan: 854]
		q4940 [makespan: 794]
			nodes:      12299
			failures:   5
			peak depth: 543
			runtime:    0.147 (147.000 ms)

	Adjusting...
		Bounds: [616,794]
		Bounds: [706,794]
		Bounds: [751,794]
		q4940 [makespan: 764]
		Bounds: [751,764]
		q4940 [makespan: 754]
		Bounds: [751,754]
			nodes:      1376
			failures:   625
			restarts:   0
			no-goods:   0
			peak depth: 83
			runtime:    0.058 (58.000 ms)

	Found best solution and proved optimality.
