	Probing...
		Bounds: [584,4054]
		q4957 [makespan: 837]
		q4957 [makespan: 817]
		q4957 [makespan: 805]
			nodes:      12193
			failures:   4
			peak depth: 529
			runtime:    0.149 (149.000 ms)

	Adjusting...
		Bounds: [584,805]
		Bounds: [695,805]
		q4957 [makespan: 749]
		Bounds: [695,749]
		Bounds: [723,749]
		Bounds: [737,749]
		q4957 [makespan: 742]
		Bounds: [737,742]
		q4957 [makespan: 739]
		Bounds: [737,739]
		q4957 [makespan: 737]
			nodes:      13932
			failures:   6806
			restarts:   1
			no-goods:   12
			peak depth: 93
			runtime:    0.594 (594.000 ms)

	Solving...
			nodes:      0
			failures:   1
			restarts:   0
			no-goods:   0
			peak depth: 0
			runtime:    0.000 (0.000 ms)

	Found best solution and proved optimality.
