	Probing...
		Bounds: [657,4686]
		q4971 [makespan: 1047]
		q4971 [makespan: 1031]
		q4971 [makespan: 871]
			nodes:      12521
			failures:   8
			peak depth: 541
			runtime:    0.153 (153.000 ms)

	Adjusting...
		Bounds: [657,871]
		Bounds: [765,871]
		Bounds: [819,871]
		Bounds: [846,871]
		q4971 [makespan: 858]
		Bounds: [846,858]
		Bounds: [853,858]
		q4971 [makespan: 854]
			nodes:      4814
			failures:   2353
			restarts:   0
			no-goods:   0
			peak depth: 70
			runtime:    0.207 (207.000 ms)

	Found best solution and proved optimality.
