	Probing...
		Bounds: [589,4129]
		q5023 [makespan: 940]
		q5023 [makespan: 839]
		q5023 [makespan: 829]
		q5023 [makespan: 827]
		q5023 [makespan: 826]
		q5023 [makespan: 777]
			nodes:      12739
			failures:   11
			peak depth: 551
			runtime:    0.156 (156.000 ms)

	Adjusting...
		Bounds: [589,777]
		Bounds: [684,777]
		q5023 [makespan: 729]
		Bounds: [684,729]
		Bounds: [707,729]
		q5023 [makespan: 715]
		Bounds: [707,715]
		q5023 [makespan: 710]
		Bounds: [707,710]
			nodes:      1042
			failures:   415
			restarts:   0
			no-goods:   0
			peak depth: 93
			runtime:    0.049 (49.000 ms)

	Found best solution and proved optimality.
