	Probing...
		Bounds: [621,4281]
		q5051 [makespan: 1288]
		q5051 [makespan: 895]
		q5051 [makespan: 837]
		q5051 [makespan: 835]
			nodes:      12138
			failures:   1
			peak depth: 526
			runtime:    0.157 (157.000 ms)

	Adjusting...
		Bounds: [621,835]
		Bounds: [729,835]
		q5051 [makespan: 781]
		Bounds: [729,781]
		Bounds: [756,781]
		q5051 [makespan: 765]
		Bounds: [756,765]
		q5051 [makespan: 759]
		Bounds: [756,759]
			nodes:      1189
			failures:   487
			restarts:   0
			no-goods:   0
			peak depth: 86
			runtime:    0.049 (49.000 ms)

	Found best solution and proved optimality.
