	Probing...
		Bounds: [609,4158]
		q5067 [makespan: 943]
		q5067 [makespan: 942]
		q5067 [makespan: 898]
		q5067 [makespan: 818]
		q5067 [makespan: 814]
			nodes:      12240
			failures:   4
			peak depth: 533
			runtime:    0.149 (149.000 ms)

	Adjusting...
		Bounds: [609,814]
		Bounds: [712,814]
		Bounds: [764,814]
		q5067 [makespan: 789]
		Bounds: [764,789]
		Bounds: [777,789]
		q5067 [makespan: 782]
		Bounds: [777,782]
		q5067 [makespan: 778]
		Bounds: [777,778]
			nodes:      76941
			failures:   38333
			restarts:   5
			no-goods:   81
			peak depth: 91
			runtime:    3.422 (3422.000 ms)

	Found best solution and proved optimality.
