	Probing...
		Bounds: [674,3752]
		q5065 [makespan: 996]
		q5065 [makespan: 877]
		q5065 [makespan: 860]
		q5065 [makespan: 841]
		q5065 [makespan: 827]
			nodes:      12188
			failures:   3
			peak depth: 521
			runtime:    0.150 (150.000 ms)

	Adjusting...
		Bounds: [674,827]
		q5065 [makespan: 746]
		Bounds: [674,746]
		q5065 [makespan: 710]
		Bounds: [674,710]
		Bounds: [693,710]
		Bounds: [702,710]
		Bounds: [707,710]
			nodes:      466
			failures:   170
			restarts:   0
			no-goods:   0
			peak depth: 74
			runtime:    0.016 (16.000 ms)

	Found best solution and proved optimality.
