	Probing...
		Bounds: [541,3232]
		q5072 [makespan: 790]
		q5072 [makespan: 761]
		q5072 [makespan: 750]
		q5072 [makespan: 715]
			nodes:      11809
			failures:   8
			peak depth: 521
			runtime:    0.149 (149.000 ms)

	Adjusting...
		Bounds: [541,715]
		Bounds: [629,715]
		q5072 [makespan: 672]
		Bounds: [629,672]
		q5072 [makespan: 650]
		Bounds: [629,650]
		q5072 [makespan: 639]
		Bounds: [629,639]
		q5072 [makespan: 629]
			nodes:      38147
			failures:   18919
			restarts:   2
			no-goods:   34
			peak depth: 102
			runtime:    1.760 (1760.000 ms)

	Found best solution and proved optimality.
