	Probing...
		Bounds: [651,3666]
		q5087 [makespan: 1005]
		q5087 [makespan: 862]
		q5087 [makespan: 859]
		q5087 [makespan: 808]
		q5087 [makespan: 804]
		q5087 [makespan: 765]
			nodes:      12192
			failures:   8
			peak depth: 534
			runtime:    0.149 (149.000 ms)

	Adjusting...
		Bounds: [651,765]
		Bounds: [709,765]
		q5087 [makespan: 732]
		Bounds: [709,732]
		q5087 [makespan: 719]
		Bounds: [709,719]
		Bounds: [715,719]
		q5087 [makespan: 717]
		Bounds: [715,717]
			nodes:      247
			failures:   9
			restarts:   0
			no-goods:   0
			peak depth: 85
			runtime:    0.005 (5.000 ms)

	Found best solution and proved optimality.
