	Probing...
		Bounds: [532,3993]
		q5111 [makespan: 838]
		q5111 [makespan: 800]
		q5111 [makespan: 797]
		q5111 [makespan: 785]
		q5111 [makespan: 782]
			nodes:      12043
			failures:   12
			peak depth: 508
			runtime:    0.148 (148.000 ms)

	Adjusting...
		Bounds: [532,782]
		Bounds: [658,782]
		q5111 [makespan: 717]
		Bounds: [658,717]
		Bounds: [688,717]
		q5111 [makespan: 701]
		Bounds: [688,701]
		q5111 [makespan: 693]
		Bounds: [688,693]
		Bounds: [691,693]
			nodes:      3100
			failures:   1456
			restarts:   0
			no-goods:   0
			peak depth: 72
			runtime:    0.141 (141.000 ms)

	Found best solution and proved optimality.
