	Probing...
		Bounds: [666,4411]
		q5117 [makespan: 1243]
		q5117 [makespan: 969]
		q5117 [makespan: 942]
		q5117 [makespan: 934]
		q5117 [makespan: 932]
		q5117 [makespan: 907]
		q5117 [makespan: 906]
		q5117 [makespan: 883]
			nodes:      12223
			failures:   4
			peak depth: 525
			runtime:    0.151 (151.000 ms)

	Adjusting...
		Bounds: [666,883]
		Bounds: [775,883]
		q5117 [makespan: 828]
		Bounds: [775,828]
		Bounds: [802,828]
		Bounds: [816,828]
		q5117 [makespan: 822]
		Bounds: [816,822]
		Bounds: [820,822]
			nodes:      3526
			failures:   1708
			restarts:   0
			no-goods:   0
			peak depth: 72
			runtime:    0.151 (151.000 ms)

	Solving...
			nodes:      0
			failures:   1
			restarts:   0
			no-goods:   0
			peak depth: 0
			runtime:    0.000 (0.000 ms)

	Found best solution and proved optimality.
