	Probing...
		Bounds: [641,4071]
		q5136 [makespan: 1109]
		q5136 [makespan: 1069]
		q5136 [makespan: 945]
		q5136 [makespan: 874]
			nodes:      11947
			failures:   2
			peak depth: 519
			runtime:    0.150 (150.000 ms)

	Adjusting...
		Bounds: [641,874]
		Bounds: [758,874]
		Bounds: [817,874]
		q5136 [makespan: 841]
		Bounds: [817,841]
		Bounds: [830,841]
		Bounds: [836,841]
		q5136 [makespan: 838]
		Bounds: [836,838]
		q5136 [makespan: 836]
			nodes:      332
			failures:   74
			restarts:   0
			no-goods:   0
			peak depth: 72
			runtime:    0.010 (10.000 ms)

	Solving...
			nodes:      0
			failures:   1
			restarts:   0
			no-goods:   0
			peak depth: 0
			runtime:    0.000 (0.000 ms)

	Found best solution and proved optimality.
