	Probing...
		Bounds: [619,4053]
		q5158 [makespan: 937]
		q5158 [makespan: 885]
		q5158 [makespan: 855]
		q5158 [makespan: 846]
			nodes:      12296
			failures:   4
			peak depth: 572
			runtime:    0.148 (148.000 ms)

	Adjusting...
		Bounds: [619,846]
		Bounds: [733,846]
		q5158 [makespan: 789]
		Bounds: [733,789]
		q5158 [makespan: 759]
		Bounds: [733,759]
		Bounds: [747,759]
		Bounds: [754,759]
		Bounds: [757,759]
		q5158 [makespan: 757]
			nodes:      20508
			failures:   10161
			restarts:   0
			no-goods:   0
			peak depth: 79
			runtime:    0.905 (905.000 ms)

	Found best solution and proved optimality.
