	Probing...
		Bounds: [619,4017]
		q5165 [makespan: 913]
		q5165 [makespan: 834]
		q5165 [makespan: 828]
		q5165 [makespan: 810]
			nodes:      11607
			failures:   20
			peak depth: 519
			runtime:    0.149 (149.000 ms)

	Adjusting...
		Bounds: [619,810]
		Bounds: [715,810]
		q5165 [makespan: 762]
		Bounds: [715,762]
		Bounds: [739,762]
		Bounds: [751,762]
		Bounds: [757,762]
		Bounds: [760,762]
			nodes:      5130
			failures:   2541
			restarts:   0
			no-goods:   0
			peak depth: 67
			runtime:    0.243 (243.000 ms)

	Solving...
			nodes:      0
			failures:   1
			restarts:   0
			no-goods:   0
			peak depth: 0
			runtime:    0.000 (0.000 ms)

	Found best solution and proved optimality.
