	Probing...
		Bounds: [661,4023]
		q5214 [makespan: 930]
		q5214 [makespan: 887]
		q5214 [makespan: 849]
		q5214 [makespan: 810]
		q5214 [makespan: 797]
			nodes:      12041
			failures:   1
			peak depth: 519
			runtime:    0.153 (153.000 ms)

	Adjusting...
		Bounds: [661,797]
		Bounds: [730,797]
		q5214 [makespan: 761]
		Bounds: [730,761]
		q5214 [makespan: 744]
		Bounds: [730,744]
		q5214 [makespan: 737]
		Bounds: [730,737]
		q5214 [makespan: 732]
		Bounds: [730,732]
			nodes:      17746
			failures:   8703
			restarts:   1
			no-goods:   18
			peak depth: 95
			runtime:    0.572 (572.000 ms)

	Solving...
			nodes:      0
			failures:   1
			restarts:   0
			no-goods:   0
			peak depth: 0
			runtime:    0.000 (0.000 ms)

	Found best solution and proved optimality.
