	Probing...
		Bounds: [639,4059]
		q5213 [makespan: 830]
		q5213 [makespan: 829]
		q5213 [makespan: 814]
			nodes:      12359
			failures:   2
			peak depth: 531
			runtime:    0.152 (152.000 ms)

	Adjusting...
		Bounds: [639,814]
		q5213 [makespan: 721]
		Bounds: [639,721]
		Bounds: [681,721]
		Bounds: [702,721]
		Bounds: [712,721]
		Bounds: [717,721]
			nodes:      129
			failures:   34
			restarts:   0
			no-goods:   0
			peak depth: 68
			runtime:    0.005 (5.000 ms)

	Found best solution and proved optimality.
