	Probing...
		Bounds: [632,4305]
		q5234 [makespan: 1087]
		q5234 [makespan: 838]
			nodes:      12369
			failures:   5
			peak depth: 532
			runtime:    0.153 (153.000 ms)

	Adjusting...
		Bounds: [632,838]
		Bounds: [736,838]
		q5234 [makespan: 781]
		Bounds: [736,781]
		Bounds: [759,781]
		q5234 [makespan: 769]
		Bounds: [759,769]
		Bounds: [765,769]
			nodes:      2625
			failures:   1253
			restarts:   0
			no-goods:   0
			peak depth: 70
			runtime:    0.122 (122.000 ms)

	Found best solution and proved optimality.
