	Probing...
		Bounds: [658,4166]
		q5254 [makespan: 900]
		q5254 [makespan: 871]
			nodes:      12267
			failures:   9
			peak depth: 528
			runtime:    0.150 (150.000 ms)

	Adjusting...
		Bounds: [658,871]
		q5254 [makespan: 763]
		Bounds: [658,763]
		Bounds: [711,763]
		Bounds: [738,763]
		q5254 [makespan: 742]
		Bounds: [738,742]
			nodes:      4747
			failures:   2309
			restarts:   0
			no-goods:   0
			peak depth: 78
			runtime:    0.204 (204.000 ms)

	Found best solution and proved optimality.
