	Probing...
		Bounds: [607,3995]
		q5279 [makespan: 977]
		q5279 [makespan: 954]
		q5279 [makespan: 928]
		q5279 [makespan: 881]
			nodes:      12343
			failures:   1
			peak depth: 550
			runtime:    0.148 (148.000 ms)

	Adjusting...
		Bounds: [607,881]
		Bounds: [745,881]
		q5279 [makespan: 813]
		Bounds: [745,813]
		q5279 [makespan: 777]
		Bounds: [745,777]
		Bounds: [762,777]
		Bounds: [770,777]
		Bounds: [774,777]
		Bounds: [776,777]
			nodes:      40622
			failures:   20219
			restarts:   2
			no-goods:   50
			peak depth: 87
			runtime:    1.771 (1771.000 ms)

	Found best solution and proved optimality.
