	Probing...
		Bounds: [605,4193]
		q5274 [makespan: 880]
		q5274 [makespan: 876]
		q5274 [makespan: 781]
			nodes:      12426
			failures:   5
			peak depth: 591
			runtime:    0.148 (148.000 ms)

	Adjusting...
		Bounds: [605,781]
		Bounds: [694,781]
		Bounds: [738,781]
		q5274 [makespan: 752]
		Bounds: [738,752]
		Bounds: [746,752]
		Bounds: [750,752]
		q5274 [makespan: 751]
			nodes:      407
			failures:   149
			restarts:   0
			no-goods:   0
			peak depth: 76
			runtime:    0.017 (17.000 ms)

	Found best solution and proved optimality.
