	Probing...
		Bounds: [628,4313]
		q5288 [makespan: 980]
		q5288 [makespan: 953]
		q5288 [makespan: 945]
		q5288 [makespan: 927]
		q5288 [makespan: 882]
			nodes:      51674
			failures:   20016
			peak depth: 545
			runtime:    0.919 (919.000 ms)

	Adjusting...
		Bounds: [628,882]
		Bounds: [756,882]
		Bounds: [820,882]
		q5288 [makespan: 838]
		Bounds: [820,838]
		Bounds: [830,838]
		q5288 [makespan: 834]
		Bounds: [830,834]
			nodes:      14560
			failures:   7206
			restarts:   1
			no-goods:   14
			peak depth: 89
			runtime:    0.647 (647.000 ms)

	Found best solution and proved optimality.
