	Probing...
		Bounds: [630,3928]
		q5297 [makespan: 924]
		q5297 [makespan: 871]
		q5297 [makespan: 864]
		q5297 [makespan: 853]
			nodes:      32085
			failures:   10005
			peak depth: 552
			runtime:    0.663 (663.000 ms)

	Adjusting...
		Bounds: [630,853]
		Bounds: [742,853]
		q5297 [makespan: 795]
		Bounds: [742,795]
		q5297 [makespan: 767]
		Bounds: [742,767]
		q5297 [makespan: 754]
		Bounds: [742,754]
		q5297 [makespan: 748]
		Bounds: [742,748]
		q5297 [makespan: 745]
		Bounds: [742,745]
			nodes:      18134
			failures:   8891
			restarts:   1
			no-goods:   23
			peak depth: 83
			runtime:    0.767 (767.000 ms)

	Found best solution and proved optimality.
