	Probing...
		Bounds: [524,3667]
		q5302 [makespan: 720]
		q5302 [makespan: 699]
			nodes:      11833
			failures:   11
			peak depth: 508
			runtime:    0.153 (153.000 ms)

	Adjusting...
		Bounds: [524,699]
		Bounds: [612,699]
		Bounds: [656,699]
		q5302 [makespan: 677]
		Bounds: [656,677]
		q5302 [makespan: 666]
		Bounds: [656,666]
		q5302 [makespan: 658]
		Bounds: [656,658]
			nodes:      2446
			failures:   1126
			restarts:   0
			no-goods:   0
			peak depth: 84
			runtime:    0.123 (123.000 ms)

	Solving...
			nodes:      0
			failures:   1
			restarts:   0
			no-goods:   0
			peak depth: 0
			runtime:    0.000 (0.000 ms)

	Found best solution and proved optimality.
