	Probing...
		Bounds: [617,3845]
		q5312 [makespan: 760]
		q5312 [makespan: 749]
			nodes:      12283
			failures:   6
			peak depth: 538
			runtime:    0.148 (148.000 ms)

	Adjusting...
		Bounds: [617,749]
		Bounds: [684,749]
		q5312 [makespan: 714]
		Bounds: [684,714]
		q5312 [makespan: 697]
		Bounds: [684,697]
		Bounds: [691,697]
		q5312 [makespan: 694]
		Bounds: [691,694]
			nodes:      195
			failures:   5
			restarts:   0
			no-goods:   0
			peak depth: 69
			runtime:    0.003 (3.000 ms)

	Found best solution and proved optimality.
