	Probing...
		Bounds: [631,4436]
		q5367 [makespan: 876]
		q5367 [makespan: 828]
		q5367 [makespan: 810]
			nodes:      12323
			failures:   4
			peak depth: 545
			runtime:    0.148 (148.000 ms)

	Adjusting...
		Bounds: [631,810]
		Bounds: [721,810]
		q5367 [makespan: 762]
		Bounds: [721,762]
		Bounds: [742,762]
		q5367 [makespan: 750]
		Bounds: [742,750]
		Bounds: [747,750]
		Bounds: [749,750]
			nodes:      745
			failures:   303
			restarts:   0
			no-goods:   0
			peak depth: 81
			runtime:    0.037 (37.000 ms)

	Found best solution and proved optimality.
