	Probing...
		Bounds: [663,4428]
		q5413 [makespan: 1021]
		q5413 [makespan: 903]
		q5413 [makespan: 860]
		q5413 [makespan: 850]
		q5413 [makespan: 833]
			nodes:      12477
			failures:   0
			peak depth: 544
			runtime:    0.145 (145.000 ms)

	Adjusting...
		Bounds: [663,833]
		Bounds: [749,833]
		Bounds: [792,833]
		q5413 [makespan: 809]
		Bounds: [792,809]
		q5413 [makespan: 800]
		Bounds: [792,800]
		q5413 [makespan: 792]
			nodes:      13615
			failures:   6693
			restarts:   1
			no-goods:   9
			peak depth: 102
			runtime:    0.526 (526.000 ms)

	Found best solution and proved optimality.
