	Probing...
		Bounds: [615,4099]
		q5422 [makespan: 1036]
		q5422 [makespan: 816]
		q5422 [makespan: 788]
			nodes:      12125
			failures:   5
			peak depth: 539
			runtime:    0.149 (149.000 ms)

	Adjusting...
		Bounds: [615,788]
		Bounds: [702,788]
		q5422 [makespan: 745]
		Bounds: [702,745]
		Bounds: [724,745]
		Bounds: [735,745]
		q5422 [makespan: 740]
		Bounds: [735,740]
		Bounds: [738,740]
			nodes:      611
			failures:   254
			restarts:   0
			no-goods:   0
			peak depth: 70
			runtime:    0.031 (31.000 ms)

	Solving...
			nodes:      0
			failures:   1
			restarts:   0
			no-goods:   0
			peak depth: 0
			runtime:    0.000 (0.000 ms)

	Found best solution and proved optimality.
