	Probing...
		Bounds: [564,4030]
		q5449 [makespan: 999]
		q5449 [makespan: 847]
		q5449 [makespan: 842]
		q5449 [makespan: 826]
			nodes:      12150
			failures:   6
			peak depth: 547
			runtime:    0.149 (149.000 ms)

	Adjusting...
		Bounds: [564,826]
		Bounds: [696,826]
		q5449 [makespan: 759]
		Bounds: [696,759]
		Bounds: [728,759]
		Bounds: [744,759]
		q5449 [makespan: 748]
		Bounds: [744,748]
			nodes:      22662
			failures:   11250
			restarts:   1
			no-goods:   17
			peak depth: 95
			runtime:    1.057 (1057.000 ms)

	Found best solution and proved optimality.
