	Probing...
		Bounds: [607,3837]
		q5464 [makespan: 887]
		q5464 [makespan: 791]
		q5464 [makespan: 782]
			nodes:      12562
			failures:   7
			peak depth: 588
			runtime:    0.148 (148.000 ms)

	Adjusting...
		Bounds: [607,782]
		q5464 [makespan: 694]
		Bounds: [607,694]
		Bounds: [651,694]
		Bounds: [673,694]
		Bounds: [684,694]
		q5464 [makespan: 685]
			nodes:      2433
			failures:   1152
			restarts:   0
			no-goods:   0
			peak depth: 74
			runtime:    0.098 (98.000 ms)

	Found best solution and proved optimality.
