	Probing...
		Bounds: [647,4295]
		q5502 [makespan: 1008]
		q5502 [makespan: 940]
		q5502 [makespan: 872]
		q5502 [makespan: 863]
		q5502 [makespan: 856]
			nodes:      12259
			failures:   4
			peak depth: 545
			runtime:    0.148 (148.000 ms)

	Adjusting...
		Bounds: [647,856]
		Bounds: [752,856]
		q5502 [makespan: 802]
		Bounds: [752,802]
		q5502 [makespan: 777]
		Bounds: [752,777]
		q5502 [makespan: 760]
		Bounds: [752,760]
		Bounds: [757,760]
			nodes:      554
			failures:   178
			restarts:   0
			no-goods:   0
			peak depth: 76
			runtime:    0.026 (26.000 ms)

	Found best solution and proved optimality.
