	Probing...
		Bounds: [589,4120]
		q5506 [makespan: 942]
		q5506 [makespan: 842]
		q5506 [makespan: 819]
		q5506 [makespan: 772]
			nodes:      12355
			failures:   7
			peak depth: 541
			runtime:    0.150 (150.000 ms)

	Adjusting...
		Bounds: [589,772]
		Bounds: [681,772]
		q5506 [makespan: 726]
		Bounds: [681,726]
		Bounds: [704,726]
		q5506 [makespan: 712]
		Bounds: [704,712]
		q5506 [makespan: 707]
		Bounds: [704,707]
		q5506 [makespan: 705]
			nodes:      1147
			failures:   438
			restarts:   0
			no-goods:   0
			peak depth: 78
			runtime:    0.054 (54.000 ms)

	Found best solution and proved optimality.
