	Probing...
		Bounds: [696,4695]
		q5528 [makespan: 1222]
		q5528 [makespan: 926]
		q5528 [makespan: 919]
			nodes:      12543
			failures:   7
			peak depth: 548
			runtime:    0.155 (155.000 ms)

	Adjusting...
		Bounds: [696,919]
		Bounds: [808,919]
		q5528 [makespan: 861]
		Bounds: [808,861]
		Bounds: [835,861]
		q5528 [makespan: 846]
		Bounds: [835,846]
		Bounds: [841,846]
		Bounds: [844,846]
			nodes:      29825
			failures:   14837
			restarts:   1
			no-goods:   13
			peak depth: 91
			runtime:    1.247 (1247.000 ms)

	Solving...
			nodes:      0
			failures:   1
			restarts:   0
			no-goods:   0
			peak depth: 0
			runtime:    0.000 (0.000 ms)

	Found best solution and proved optimality.
