	Probing...
		Bounds: [576,3978]
		q5521 [makespan: 1030]
		q5521 [makespan: 917]
		q5521 [makespan: 902]
		q5521 [makespan: 886]
		q5521 [makespan: 884]
		q5521 [makespan: 883]
		q5521 [makespan: 878]
		q5521 [makespan: 865]
			nodes:      12070
			failures:   7
			peak depth: 539
			runtime:    0.153 (153.000 ms)

	Adjusting...
		Bounds: [576,865]
		Bounds: [721,865]
		q5521 [makespan: 793]
		Bounds: [721,793]
		Bounds: [758,793]
		q5521 [makespan: 774]
		Bounds: [758,774]
		Bounds: [767,774]
		Bounds: [771,774]
		q5521 [makespan: 771]
			nodes:      26520
			failures:   13148
			restarts:   1
			no-goods:   13
			peak depth: 97
			runtime:    1.137 (1137.000 ms)

	Found best solution and proved optimality.
