	Probing...
		Bounds: [645,3880]
		q5531 [makespan: 870]
		q5531 [makespan: 869]
		q5531 [makespan: 865]
		q5531 [makespan: 825]
		q5531 [makespan: 823]
			nodes:      51994
			failures:   20007
			peak depth: 539
			runtime:    0.956 (956.000 ms)

	Adjusting...
		Bounds: [645,823]
		Bounds: [735,823]
		q5531 [makespan: 779]
		Bounds: [735,779]
		Bounds: [758,779]
		Bounds: [769,779]
		Bounds: [775,779]
		q5531 [makespan: 777]
		Bounds: [775,777]
			nodes:      23101
			failures:   11474
			restarts:   0
			no-goods:   0
			peak depth: 100
			runtime:    0.790 (790.000 ms)

	Found best solution and proved optimality.
