	Probing...
		Bounds: [613,4098]
		q5617 [makespan: 1118]
		q5617 [makespan: 919]
		q5617 [makespan: 836]
		q5617 [makespan: 829]
		q5617 [makespan: 800]
			nodes:      12315
			failures:   2
			peak depth: 563
			runtime:    0.156 (156.000 ms)

	Adjusting...
		Bounds: [613,800]
		Bounds: [707,800]
		q5617 [makespan: 750]
		Bounds: [707,750]
		q5617 [makespan: 728]
		Bounds: [707,728]
		q5617 [makespan: 717]
		Bounds: [707,717]
		Bounds: [713,717]
			nodes:      2268
			failures:   1046
			restarts:   0
			no-goods:   0
			peak depth: 75
			runtime:    0.136 (136.000 ms)

	Found best solution and proved optimality.
