	Probing...
		Bounds: [616,4283]
		q5695 [makespan: 1081]
		q5695 [makespan: 881]
		q5695 [makespan: 847]
		q5695 [makespan: 827]
			nodes:      12465
			failures:   5
			peak depth: 533
			runtime:    0.151 (151.000 ms)

	Adjusting...
		Bounds: [616,827]
		Bounds: [722,827]
		q5695 [makespan: 774]
		Bounds: [722,774]
		q5695 [makespan: 748]
		Bounds: [722,748]
		q5695 [makespan: 734]
		Bounds: [722,734]
		Bounds: [729,734]
		Bounds: [732,734]
			nodes:      399
			failures:   107
			restarts:   0
			no-goods:   0
			peak depth: 75
			runtime:    0.014 (14.000 ms)

	Found best solution and proved optimality.
