	Probing...
		Bounds: [594,4283]
		q5747 [makespan: 1055]
		q5747 [makespan: 975]
		q5747 [makespan: 907]
		q5747 [makespan: 890]
		q5747 [makespan: 865]
		q5747 [makespan: 828]
			nodes:      11971
			failures:   1
			peak depth: 516
			runtime:    0.148 (148.000 ms)

	Adjusting...
		Bounds: [594,828]
		Bounds: [712,828]
		Bounds: [771,828]
		q5747 [makespan: 797]
		Bounds: [771,797]
		q5747 [makespan: 784]
		Bounds: [771,784]
		q5747 [makespan: 776]
		Bounds: [771,776]
		Bounds: [774,776]
		q5747 [makespan: 775]
			nodes:      47314
			failures:   23503
			restarts:   2
			no-goods:   27
			peak depth: 84
			runtime:    2.509 (2509.000 ms)

	Found best solution and proved optimality.
