	Probing...
		Bounds: [583,3911]
		q5808 [makespan: 809]
		q5808 [makespan: 763]
		q5808 [makespan: 756]
			nodes:      12414
			failures:   2
			peak depth: 538
			runtime:    0.151 (151.000 ms)

	Adjusting...
		Bounds: [583,756]
		Bounds: [670,756]
		q5808 [makespan: 713]
		Bounds: [670,713]
		Bounds: [692,713]
		q5808 [makespan: 700]
		Bounds: [692,700]
		q5808 [makespan: 695]
		Bounds: [692,695]
		q5808 [makespan: 693]
			nodes:      1927
			failures:   845
			restarts:   0
			no-goods:   0
			peak depth: 68
			runtime:    0.078 (78.000 ms)

	Found best solution and proved optimality.
