	Probing...
		Bounds: [631,3814]
		q5811 [makespan: 840]
		q5811 [makespan: 819]
		q5811 [makespan: 788]
		q5811 [makespan: 778]
		q5811 [makespan: 756]
			nodes:      12295
			failures:   3
			peak depth: 563
			runtime:    0.149 (149.000 ms)

	Adjusting...
		Bounds: [631,756]
		Bounds: [694,756]
		q5811 [makespan: 724]
		Bounds: [694,724]
		q5811 [makespan: 707]
		Bounds: [694,707]
		Bounds: [701,707]
		q5811 [makespan: 704]
		Bounds: [701,704]
			nodes:      2470
			failures:   1132
			restarts:   0
			no-goods:   0
			peak depth: 76
			runtime:    0.113 (113.000 ms)

	Found best solution and proved optimality.
