	Probing...
		Bounds: [593,3993]
		q5851 [makespan: 1040]
		q5851 [makespan: 1003]
		q5851 [makespan: 911]
		q5851 [makespan: 865]
			nodes:      12079
			failures:   5
			peak depth: 522
			runtime:    0.150 (150.000 ms)

	Adjusting...
		Bounds: [593,865]
		Bounds: [730,865]
		q5851 [makespan: 791]
		Bounds: [730,791]
		Bounds: [761,791]
		q5851 [makespan: 775]
		Bounds: [761,775]
		Bounds: [769,775]
		q5851 [makespan: 770]
			nodes:      13996
			failures:   6899
			restarts:   0
			no-goods:   0
			peak depth: 86
			runtime:    0.675 (675.000 ms)

	Found best solution and proved optimality.
