	Probing...
		Bounds: [610,4097]
		q5935 [makespan: 1036]
		q5935 [makespan: 904]
		q5935 [makespan: 894]
		q5935 [makespan: 888]
		q5935 [makespan: 886]
		q5935 [makespan: 858]
			nodes:      12180
			failures:   1
			peak depth: 537
			runtime:    0.147 (147.000 ms)

	Adjusting...
		Bounds: [610,858]
		Bounds: [735,858]
		q5935 [makespan: 793]
		Bounds: [735,793]
		Bounds: [765,793]
		Bounds: [780,793]
		q5935 [makespan: 783]
		Bounds: [780,783]
		q5935 [makespan: 781]
			nodes:      15374
			failures:   7584
			restarts:   1
			no-goods:   7
			peak depth: 75
			runtime:    0.687 (687.000 ms)

	Found best solution and proved optimality.
