	Probing...
		Bounds: [491,3610]
		q5946 [makespan: 899]
		q5946 [makespan: 773]
		q5946 [makespan: 755]
		q5946 [makespan: 739]
		q5946 [makespan: 711]
		q5946 [makespan: 708]
		q5946 [makespan: 698]
			nodes:      12045
			failures:   4
			peak depth: 514
			runtime:    0.163 (163.000 ms)

	Adjusting...
		Bounds: [491,698]
		Bounds: [595,698]
		q5946 [makespan: 646]
		Bounds: [595,646]
		Bounds: [621,646]
		q5946 [makespan: 630]
		Bounds: [621,630]
		q5946 [makespan: 625]
		Bounds: [621,625]
		q5946 [makespan: 621]
			nodes:      1648
			failures:   697
			restarts:   0
			no-goods:   0
			peak depth: 74
			runtime:    0.080 (80.000 ms)

	Solving...
			nodes:      0
			failures:   1
			restarts:   0
			no-goods:   0
			peak depth: 0
			runtime:    0.000 (0.000 ms)

	Found best solution and proved optimality.
