	Probing...
		Bounds: [546,3962]
		q5967 [makespan: 962]
		q5967 [makespan: 827]
		q5967 [makespan: 810]
			nodes:      31911
			failures:   10009
			peak depth: 522
			runtime:    0.425 (425.000 ms)

	Adjusting...
		Bounds: [546,810]
		Bounds: [679,810]
		q5967 [makespan: 744]
		Bounds: [679,744]
		q5967 [makespan: 709]
		Bounds: [679,709]
		q5967 [makespan: 694]
		Bounds: [679,694]
		q5967 [makespan: 686]
		Bounds: [679,686]
		q5967 [makespan: 680]
			nodes:      5865
			failures:   2781
			restarts:   0
			no-goods:   0
			peak depth: 84
			runtime:    0.260 (260.000 ms)

	Found best solution and proved optimality.
