	Probing...
		Bounds: [599,4303]
		q5962 [makespan: 1038]
		q5962 [makespan: 884]
		q5962 [makespan: 880]
		q5962 [makespan: 873]
			nodes:      12533
			failures:   10
			peak depth: 561
			runtime:    0.150 (150.000 ms)

	Adjusting...
		Bounds: [599,873]
		Bounds: [737,873]
		q5962 [makespan: 802]
		Bounds: [737,802]
		q5962 [makespan: 764]
		Bounds: [737,764]
		Bounds: [751,764]
		Bounds: [758,764]
		Bounds: [762,764]
			nodes:      8790
			failures:   4333
			restarts:   0
			no-goods:   0
			peak depth: 77
			runtime:    0.393 (393.000 ms)

	Solving...
			nodes:      0
			failures:   1
			restarts:   0
			no-goods:   0
			peak depth: 0
			runtime:    0.000 (0.000 ms)

	Found best solution and proved optimality.
