	Probing...
		Bounds: [619,4144]
		q6008 [makespan: 840]
		q6008 [makespan: 824]
		q6008 [makespan: 807]
			nodes:      12212
			failures:   2
			peak depth: 525
			runtime:    0.149 (149.000 ms)

	Adjusting...
		Bounds: [619,807]
		Bounds: [714,807]
		Bounds: [761,807]
		q6008 [makespan: 783]
		Bounds: [761,783]
		Bounds: [773,783]
		Bounds: [779,783]
		q6008 [makespan: 781]
		Bounds: [779,781]
		q6008 [makespan: 780]
		Bounds: [779,780]
		q6008 [makespan: 779]
			nodes:      8886
			failures:   4321
			restarts:   0
			no-goods:   0
			peak depth: 86
			runtime:    0.336 (336.000 ms)

	Found best solution and proved optimality.
