	Probing...
		Bounds: [546,3839]
		q6025 [makespan: 796]
		q6025 [makespan: 752]
		q6025 [makespan: 748]
		q6025 [makespan: 701]
			nodes:      11997
			failures:   11
			peak depth: 518
			runtime:    0.153 (153.000 ms)

	Adjusting...
		Bounds: [546,701]
		Bounds: [624,701]
		Bounds: [663,701]
		q6025 [makespan: 682]
		Bounds: [663,682]
		q6025 [makespan: 671]
		Bounds: [663,671]
		Bounds: [668,671]
			nodes:      4050
			failures:   1964
			restarts:   0
			no-goods:   0
			peak depth: 70
			runtime:    0.190 (190.000 ms)

	Found best solution and proved optimality.
