	Probing...
		Bounds: [585,3653]
		q6026 [makespan: 965]
		q6026 [makespan: 904]
		q6026 [makespan: 892]
		q6026 [makespan: 846]
		q6026 [makespan: 808]
		q6026 [makespan: 750]
		q6026 [makespan: 725]
			nodes:      12114
			failures:   3
			peak depth: 514
			runtime:    0.150 (150.000 ms)

	Adjusting...
		Bounds: [585,725]
		q6026 [makespan: 654]
		Bounds: [585,654]
		Bounds: [620,654]
		Bounds: [638,654]
		q6026 [makespan: 645]
		Bounds: [638,645]
		Bounds: [642,645]
			nodes:      168
			failures:   25
			restarts:   0
			no-goods:   0
			peak depth: 72
			runtime:    0.006 (6.000 ms)

	Found best solution and proved optimality.
