	Probing...
		Bounds: [647,4570]
		q6077 [makespan: 1114]
		q6077 [makespan: 963]
		q6077 [makespan: 954]
		q6077 [makespan: 933]
			nodes:      12256
			failures:   7
			peak depth: 570
			runtime:    0.150 (150.000 ms)

	Adjusting...
		Bounds: [647,933]
		Bounds: [791,933]
		q6077 [makespan: 858]
		Bounds: [791,858]
		Bounds: [825,858]
		Bounds: [842,858]
		q6077 [makespan: 844]
		Bounds: [842,844]
			nodes:      6107
			failures:   2977
			restarts:   0
			no-goods:   0
			peak depth: 102
			runtime:    0.262 (262.000 ms)

	Found best solution and proved optimality.
