	Probing...
		Bounds: [715,3993]
		q6109 [makespan: 844]
		q6109 [makespan: 826]
		q6109 [makespan: 820]
			nodes:      12276
			failures:   4
			peak depth: 521
			runtime:    0.153 (153.000 ms)

	Adjusting...
		Bounds: [715,820]
		q6109 [makespan: 763]
		Bounds: [715,763]
		q6109 [makespan: 731]
		Bounds: [715,731]
		Bounds: [724,731]
		Bounds: [728,731]
		q6109 [makespan: 729]
			nodes:      228
			failures:   13
			restarts:   0
			no-goods:   0
			peak depth: 84
			runtime:    0.004 (4.000 ms)

	Found best solution and proved optimality.
