	Probing...
		Bounds: [680,4419]
		q6110 [makespan: 1030]
		q6110 [makespan: 976]
		q6110 [makespan: 916]
			nodes:      12454
			failures:   8
			peak depth: 555
			runtime:    0.151 (151.000 ms)

	Adjusting...
		Bounds: [680,916]
		Bounds: [799,916]
		q6110 [makespan: 856]
		Bounds: [799,856]
		Bounds: [828,856]
		q6110 [makespan: 840]
		Bounds: [828,840]
		q6110 [makespan: 833]
		Bounds: [828,833]
		Bounds: [831,833]
			nodes:      29644
			failures:   14704
			restarts:   1
			no-goods:   17
			peak depth: 86
			runtime:    1.489 (1489.000 ms)

	Solving...
			nodes:      0
			failures:   1
			restarts:   0
			no-goods:   0
			peak depth: 0
			runtime:    0.000 (0.000 ms)

	Found best solution and proved optimality.
