	Probing...
		Bounds: [582,4078]
		q6112 [makespan: 838]
		q6112 [makespan: 824]
		q6112 [makespan: 801]
			nodes:      12235
			failures:   6
			peak depth: 530
			runtime:    0.146 (146.000 ms)

	Adjusting...
		Bounds: [582,801]
		Bounds: [692,801]
		q6112 [makespan: 746]
		Bounds: [692,746]
		Bounds: [720,746]
		Bounds: [734,746]
		Bounds: [741,746]
		Bounds: [744,746]
		q6112 [makespan: 744]
			nodes:      191
			failures:   40
			restarts:   0
			no-goods:   0
			peak depth: 74
			runtime:    0.008 (8.000 ms)

	Solving...
			nodes:      0
			failures:   1
			restarts:   0
			no-goods:   0
			peak depth: 0
			runtime:    0.000 (0.000 ms)

	Found best solution and proved optimality.
