	Probing...
		Bounds: [642,4609]
		q6157 [makespan: 903]
		q6157 [makespan: 888]
		q6157 [makespan: 839]
		q6157 [makespan: 831]
			nodes:      12574
			failures:   7
			peak depth: 537
			runtime:    0.149 (149.000 ms)

	Adjusting...
		Bounds: [642,831]
		Bounds: [737,831]
		Bounds: [785,831]
		q6157 [makespan: 802]
		Bounds: [785,802]
		Bounds: [794,802]
		Bounds: [799,802]
		q6157 [makespan: 800]
			nodes:      1316
			failures:   580
			restarts:   0
			no-goods:   0
			peak depth: 92
			runtime:    0.049 (49.000 ms)

	Found best solution and proved optimality.
