	Probing...
		Bounds: [701,4438]
		q6172 [makespan: 1112]
		q6172 [makespan: 913]
			nodes:      12526
			failures:   10
			peak depth: 551
			runtime:    0.154 (154.000 ms)

	Adjusting...
		Bounds: [701,913]
		Bounds: [808,913]
		q6172 [makespan: 859]
		Bounds: [808,859]
		Bounds: [834,859]
		q6172 [makespan: 843]
		Bounds: [834,843]
		q6172 [makespan: 838]
		Bounds: [834,838]
		q6172 [makespan: 834]
			nodes:      78848
			failures:   39241
			restarts:   5
			no-goods:   71
			peak depth: 84
			runtime:    3.715 (3715.000 ms)

	Solving...
			nodes:      0
			failures:   1
			restarts:   0
			no-goods:   0
			peak depth: 0
			runtime:    0.000 (0.000 ms)

	Found best solution and proved optimality.
