	Probing...
		Bounds: [650,4201]
		q6179 [makespan: 997]
		q6179 [makespan: 857]
		q6179 [makespan: 840]
		q6179 [makespan: 824]
			nodes:      12055
			failures:   4
			peak depth: 565
			runtime:    0.151 (151.000 ms)

	Adjusting...
		Bounds: [650,824]
		Bounds: [738,824]
		q6179 [makespan: 778]
		Bounds: [738,778]
		Bounds: [759,778]
		Bounds: [769,778]
		q6179 [makespan: 773]
		Bounds: [769,773]
			nodes:      35731
			failures:   17785
			restarts:   1
			no-goods:   6
			peak depth: 92
			runtime:    1.382 (1382.000 ms)

	Found best solution and proved optimality.
