	Probing...
		Bounds: [666,4286]
		q6192 [makespan: 971]
		q6192 [makespan: 931]
		q6192 [makespan: 870]
			nodes:      12121
			failures:   3
			peak depth: 559
			runtime:    0.147 (147.000 ms)

	Adjusting...
		Bounds: [666,870]
		Bounds: [769,870]
		q6192 [makespan: 817]
		Bounds: [769,817]
		q6192 [makespan: 793]
		Bounds: [769,793]
		Bounds: [782,793]
		q6192 [makespan: 785]
		Bounds: [782,785]
		q6192 [makespan: 783]
			nodes:      5557
			failures:   2652
			restarts:   0
			no-goods:   0
			peak depth: 72
			runtime:    0.240 (240.000 ms)

	Found best solution and proved optimality.
