	Probing...
		Bounds: [673,4306]
		q6214 [makespan: 989]
		q6214 [makespan: 876]
		q6214 [makespan: 832]
			nodes:      12337
			failures:   4
			peak depth: 542
			runtime:    0.152 (152.000 ms)

	Adjusting...
		Bounds: [673,832]
		Bounds: [753,832]
		q6214 [makespan: 792]
		Bounds: [753,792]
		Bounds: [773,792]
		q6214 [makespan: 778]
		Bounds: [773,778]
		q6214 [makespan: 774]
			nodes:      858
			failures:   334
			restarts:   0
			no-goods:   0
			peak depth: 83
			runtime:    0.036 (36.000 ms)

	Found best solution and proved optimality.
