	Probing...
		Bounds: [600,4171]
		q6225 [makespan: 931]
		q6225 [makespan: 768]
			nodes:      12464
			failures:   1
			peak depth: 554
			runtime:    0.144 (144.000 ms)

	Adjusting...
		Bounds: [600,768]
		Bounds: [685,768]
		q6225 [makespan: 725]
		Bounds: [685,725]
		Bounds: [706,725]
		q6225 [makespan: 715]
		Bounds: [706,715]
		q6225 [makespan: 710]
		Bounds: [706,710]
			nodes:      266
			failures:   51
			restarts:   0
			no-goods:   0
			peak depth: 67
			runtime:    0.008 (8.000 ms)

	Found best solution and proved optimality.
