	Probing...
		Bounds: [664,4148]
		q6257 [makespan: 905]
		q6257 [makespan: 825]
		q6257 [makespan: 823]
		q6257 [makespan: 819]
		q6257 [makespan: 817]
		q6257 [makespan: 744]
			nodes:      12492
			failures:   5
			peak depth: 547
			runtime:    0.153 (153.000 ms)

	Adjusting...
		Bounds: [664,744]
		q6257 [makespan: 703]
		Bounds: [664,703]
		Bounds: [684,703]
		q6257 [makespan: 692]
		Bounds: [684,692]
		q6257 [makespan: 688]
		Bounds: [684,688]
			nodes:      208
			failures:   11
			restarts:   0
			no-goods:   0
			peak depth: 86
			runtime:    0.004 (4.000 ms)

	Found best solution and proved optimality.
