	Probing...
		Bounds: [600,4021]
		q6268 [makespan: 888]
		q6268 [makespan: 864]
		q6268 [makespan: 858]
		q6268 [makespan: 848]
		q6268 [makespan: 841]
			nodes:      12611
			failures:   10
			peak depth: 564
			runtime:    0.148 (148.000 ms)

	Adjusting...
		Bounds: [600,841]
		Bounds: [721,841]
		q6268 [makespan: 781]
		Bounds: [721,781]
		Bounds: [752,781]
		q6268 [makespan: 761]
		Bounds: [752,761]
		q6268 [makespan: 755]
		Bounds: [752,755]
		q6268 [makespan: 753]
			nodes:      1998
			failures:   862
			restarts:   0
			no-goods:   0
			peak depth: 95
			runtime:    0.075 (75.000 ms)

	Found best solution and proved optimality.
