	Probing...
		Bounds: [632,4332]
		q6284 [makespan: 1020]
		q6284 [makespan: 887]
		q6284 [makespan: 862]
		q6284 [makespan: 839]
		q6284 [makespan: 810]
			nodes:      12515
			failures:   15
			peak depth: 539
			runtime:    0.155 (155.000 ms)

	Adjusting...
		Bounds: [632,810]
		Bounds: [722,810]
		Bounds: [767,810]
		q6284 [makespan: 787]
		Bounds: [767,787]
		q6284 [makespan: 777]
		Bounds: [767,777]
		q6284 [makespan: 770]
		Bounds: [767,770]
		q6284 [makespan: 768]
			nodes:      3808
			failures:   1779
			restarts:   0
			no-goods:   0
			peak depth: 74
			runtime:    0.177 (177.000 ms)

	Found best solution and proved optimality.
