	Probing...
		Bounds: [616,4075]
		q6288 [makespan: 1167]
		q6288 [makespan: 839]
			nodes:      12196
			failures:   9
			peak depth: 540
			runtime:    0.151 (151.000 ms)

	Adjusting...
		Bounds: [616,839]
		Bounds: [728,839]
		q6288 [makespan: 782]
		Bounds: [728,782]
		q6288 [makespan: 755]
		Bounds: [728,755]
		q6288 [makespan: 741]
		Bounds: [728,741]
		Bounds: [735,741]
		q6288 [makespan: 737]
		Bounds: [735,737]
			nodes:      6006
			failures:   2874
			restarts:   0
			no-goods:   0
			peak depth: 88
			runtime:    0.266 (266.000 ms)

	Found best solution and proved optimality.
