	Probing...
		Bounds: [608,3801]
		q6307 [makespan: 1019]
		q6307 [makespan: 792]
		q6307 [makespan: 782]
			nodes:      12211
			failures:   17
			peak depth: 546
			runtime:    0.149 (149.000 ms)

	Adjusting...
		Bounds: [608,782]
		Bounds: [696,782]
		q6307 [makespan: 738]
		Bounds: [696,738]
		q6307 [makespan: 714]
		Bounds: [696,714]
		Bounds: [706,714]
		q6307 [makespan: 710]
		Bounds: [706,710]
			nodes:      305
			failures:   57
			restarts:   0
			no-goods:   0
			peak depth: 71
			runtime:    0.010 (10.000 ms)

	Found best solution and proved optimality.
