	Probing...
		Bounds: [599,4139]
		q6313 [makespan: 1169]
		q6313 [makespan: 955]
		q6313 [makespan: 928]
		q6313 [makespan: 897]
		q6313 [makespan: 856]
		q6313 [makespan: 840]
		q6313 [makespan: 825]
			nodes:      12094
			failures:   4
			peak depth: 531
			runtime:    0.146 (146.000 ms)

	Adjusting...
		Bounds: [599,825]
		Bounds: [713,825]
		q6313 [makespan: 769]
		Bounds: [713,769]
		q6313 [makespan: 740]
		Bounds: [713,740]
		Bounds: [727,740]
		Bounds: [734,740]
		q6313 [makespan: 737]
		Bounds: [734,737]
		q6313 [makespan: 735]
			nodes:      5073
			failures:   2395
			restarts:   0
			no-goods:   0
			peak depth: 93
			runtime:    0.245 (245.000 ms)

	Found best solution and proved optimality.
