	Probing...
		Bounds: [498,3780]
		q6348 [makespan: 920]
		q6348 [makespan: 844]
		q6348 [makespan: 815]
		q6348 [makespan: 785]
			nodes:      31856
			failures:   10002
			peak depth: 529
			runtime:    0.430 (430.000 ms)

	Adjusting...
		Bounds: [498,785]
		Bounds: [642,785]
		Bounds: [714,785]
		q6348 [makespan: 744]
		Bounds: [714,744]
		q6348 [makespan: 728]
		Bounds: [714,728]
		q6348 [makespan: 720]
		Bounds: [714,720]
		q6348 [makespan: 715]
			nodes:      133082
			failures:   66358
			restarts:   6
			no-goods:   68
			peak depth: 86
			runtime:    5.458 (5458.000 ms)

	Found best solution and proved optimality.
