	Probing...
		Bounds: [644,4333]
		q6360 [makespan: 955]
		q6360 [makespan: 884]
		q6360 [makespan: 840]
			nodes:      12558
			failures:   0
			peak depth: 539
			runtime:    0.152 (152.000 ms)

	Adjusting...
		Bounds: [644,840]
		Bounds: [743,840]
		q6360 [makespan: 787]
		Bounds: [743,787]
		q6360 [makespan: 765]
		Bounds: [743,765]
		q6360 [makespan: 753]
		Bounds: [743,753]
		Bounds: [749,753]
			nodes:      2128
			failures:   963
			restarts:   0
			no-goods:   0
			peak depth: 78
			runtime:    0.102 (102.000 ms)

	Found best solution and proved optimality.
