	Probing...
		Bounds: [561,3956]
		q6413 [makespan: 1059]
		q6413 [makespan: 794]
		q6413 [makespan: 732]
			nodes:      12193
			failures:   1
			peak depth: 534
			runtime:    0.151 (151.000 ms)

	Adjusting...
		Bounds: [561,732]
		Bounds: [647,732]
		Bounds: [690,732]
		Bounds: [712,732]
		q6413 [makespan: 721]
		Bounds: [712,721]
		Bounds: [717,721]
		q6413 [makespan: 719]
		Bounds: [717,719]
		q6413 [makespan: 718]
			nodes:      27601
			failures:   13697
			restarts:   1
			no-goods:   11
			peak depth: 78
			runtime:    1.250 (1250.000 ms)

	Found best solution and proved optimality.
