	Probing...
		Bounds: [668,4070]
		q6411 [makespan: 1008]
		q6411 [makespan: 879]
			nodes:      12295
			failures:   5
			peak depth: 526
			runtime:    0.150 (150.000 ms)

	Adjusting...
		Bounds: [668,879]
		Bounds: [774,879]
		q6411 [makespan: 825]
		Bounds: [774,825]
		q6411 [makespan: 798]
		Bounds: [774,798]
		Bounds: [787,798]
		q6411 [makespan: 790]
		Bounds: [787,790]
		Bounds: [789,790]
			nodes:      771
			failures:   281
			restarts:   0
			no-goods:   0
			peak depth: 82
			runtime:    0.023 (23.000 ms)

	Found best solution and proved optimality.
