	Probing...
		Bounds: [648,3799]
		q6441 [makespan: 1005]
		q6441 [makespan: 783]
			nodes:      12253
			failures:   5
			peak depth: 545
			runtime:    0.149 (149.000 ms)

	Adjusting...
		Bounds: [648,783]
		Bounds: [716,783]
		q6441 [makespan: 747]
		Bounds: [716,747]
		q6441 [makespan: 729]
		Bounds: [716,729]
		q6441 [makespan: 721]
		Bounds: [716,721]
		q6441 [makespan: 717]
			nodes:      374
			failures:   40
			restarts:   0
			no-goods:   0
			peak depth: 84
			runtime:    0.010 (10.000 ms)

	Found best solution and proved optimality.
