	Probing...
		Bounds: [552,3646]
		q6465 [makespan: 842]
		q6465 [makespan: 758]
			nodes:      12012
			failures:   2
			peak depth: 543
			runtime:    0.150 (150.000 ms)

	Adjusting...
		Bounds: [552,758]
		Bounds: [656,758]
		q6465 [makespan: 707]
		Bounds: [656,707]
		q6465 [makespan: 681]
		Bounds: [656,681]
		Bounds: [669,681]
		Bounds: [676,681]
		Bounds: [679,681]
		q6465 [makespan: 680]
			nodes:      3706
			failures:   1759
			restarts:   0
			no-goods:   0
			peak depth: 77
			runtime:    0.195 (195.000 ms)

	Found best solution and proved optimality.
