	Probing...
		Bounds: [568,3796]
		q6470 [makespan: 845]
		q6470 [makespan: 812]
		q6470 [makespan: 760]
			nodes:      31717
			failures:   10012
			peak depth: 522
			runtime:    0.526 (526.000 ms)

	Adjusting...
		Bounds: [568,760]
		Bounds: [665,760]
		Bounds: [713,760]
		q6470 [makespan: 736]
		Bounds: [713,736]
		q6470 [makespan: 723]
		Bounds: [713,723]
		Bounds: [719,723]
		q6470 [makespan: 721]
		Bounds: [719,721]
			nodes:      63118
			failures:   31461
			restarts:   3
			no-goods:   47
			peak depth: 68
			runtime:    2.790 (2790.000 ms)

	Solving...
			nodes:      0
			failures:   1
			restarts:   0
			no-goods:   0
			peak depth: 0
			runtime:    0.000 (0.000 ms)

	Found best solution and proved optimality.
