	Probing...
		Bounds: [667,4255]
		q6484 [makespan: 1032]
		q6484 [makespan: 831]
			nodes:      12432
			failures:   2
			peak depth: 545
			runtime:    0.148 (148.000 ms)

	Adjusting...
		Bounds: [667,831]
		q6484 [makespan: 746]
		Bounds: [667,746]
		Bounds: [707,746]
		Bounds: [727,746]
		q6484 [makespan: 735]
		Bounds: [727,735]
		Bounds: [732,735]
			nodes:      141
			failures:   8
			restarts:   0
			no-goods:   0
			peak depth: 75
			runtime:    0.003 (3.000 ms)

	Found best solution and proved optimality.
