	Probing...
		Bounds: [592,4062]
		q6497 [makespan: 958]
		q6497 [makespan: 861]
		q6497 [makespan: 833]
		q6497 [makespan: 815]
		q6497 [makespan: 804]
			nodes:      11932
			failures:   6
			peak depth: 535
			runtime:    0.151 (151.000 ms)

	Adjusting...
		Bounds: [592,804]
		Bounds: [699,804]
		q6497 [makespan: 751]
		Bounds: [699,751]
		Bounds: [726,751]
		Bounds: [739,751]
		q6497 [makespan: 745]
		Bounds: [739,745]
		q6497 [makespan: 741]
		Bounds: [739,741]
			nodes:      12183
			failures:   5992
			restarts:   0
			no-goods:   0
			peak depth: 77
			runtime:    0.577 (577.000 ms)

	Solving...
			nodes:      0
			failures:   1
			restarts:   0
			no-goods:   0
			peak depth: 0
			runtime:    0.000 (0.000 ms)

	Found best solution and proved optimality.
