	Probing...
		Bounds: [678,3985]
		q6526 [makespan: 1090]
		q6526 [makespan: 880]
		q6526 [makespan: 873]
		q6526 [makespan: 845]
			nodes:      12186
			failures:   4
			peak depth: 552
			runtime:    0.149 (149.000 ms)

	Adjusting...
		Bounds: [678,845]
		Bounds: [762,845]
		q6526 [makespan: 803]
		Bounds: [762,803]
		q6526 [makespan: 782]
		Bounds: [762,782]
		Bounds: [773,782]
		q6526 [makespan: 777]
		Bounds: [773,777]
		q6526 [makespan: 775]
		Bounds: [773,775]
			nodes:      556
			failures:   155
			restarts:   0
			no-goods:   0
			peak depth: 80
			runtime:    0.016 (16.000 ms)

	Found best solution and proved optimality.
