	Probing...
		Bounds: [685,4184]
		q6527 [makespan: 1057]
		q6527 [makespan: 963]
		q6527 [makespan: 937]
		q6527 [makespan: 911]
		q6527 [makespan: 881]
		q6527 [makespan: 869]
			nodes:      12020
			failures:   7
			peak depth: 538
			runtime:    0.153 (153.000 ms)

	Adjusting...
		Bounds: [685,869]
		q6527 [makespan: 775]
		Bounds: [685,775]
		Bounds: [731,775]
		Bounds: [754,775]
		Bounds: [765,775]
		Bounds: [771,775]
		q6527 [makespan: 772]
			nodes:      1847
			failures:   862
			restarts:   0
			no-goods:   0
			peak depth: 73
			runtime:    0.085 (85.000 ms)

	Found best solution and proved optimality.
