	Probing...
		Bounds: [690,4316]
		q6539 [makespan: 1063]
		q6539 [makespan: 939]
			nodes:      31876
			failures:   10005
			peak depth: 542
			runtime:    0.502 (502.000 ms)

	Adjusting...
		Bounds: [690,939]
		q6539 [makespan: 813]
		Bounds: [690,813]
		Bounds: [752,813]
		Bounds: [783,813]
		Bounds: [799,813]
		q6539 [makespan: 806]
		Bounds: [799,806]
		Bounds: [803,806]
		q6539 [makespan: 804]
			nodes:      11066
			failures:   5443
			restarts:   0
			no-goods:   0
			peak depth: 68
			runtime:    0.587 (587.000 ms)

	Found best solution and proved optimality.
