	Probing...
		Bounds: [627,4164]
		q6569 [makespan: 1061]
		q6569 [makespan: 892]
		q6569 [makespan: 844]
		q6569 [makespan: 838]
			nodes:      12268
			failures:   5
			peak depth: 531
			runtime:    0.151 (151.000 ms)

	Adjusting...
		Bounds: [627,838]
		Bounds: [733,838]
		q6569 [makespan: 781]
		Bounds: [733,781]
		Bounds: [758,781]
		Bounds: [770,781]
		Bounds: [776,781]
		Bounds: [779,781]
		q6569 [makespan: 780]
			nodes:      6323
			failures:   3095
			restarts:   0
			no-goods:   0
			peak depth: 89
			runtime:    0.263 (263.000 ms)

	Found best solution and proved optimality.
