	Probing...
		Bounds: [599,3897]
		q6646 [makespan: 804]
		q6646 [makespan: 796]
		q6646 [makespan: 784]
		q6646 [makespan: 779]
		q6646 [makespan: 771]
		q6646 [makespan: 770]
			nodes:      12237
			failures:   2
			peak depth: 530
			runtime:    0.150 (150.000 ms)

	Adjusting...
		Bounds: [599,770]
		Bounds: [685,770]
		q6646 [makespan: 724]
		Bounds: [685,724]
		q6646 [makespan: 703]
		Bounds: [685,703]
		Bounds: [695,703]
		q6646 [makespan: 698]
		Bounds: [695,698]
		Bounds: [697,698]
		q6646 [makespan: 697]
			nodes:      1283
			failures:   490
			restarts:   0
			no-goods:   0
			peak depth: 106
			runtime:    0.041 (41.000 ms)

	Found best solution and proved optimality.
