	Probing...
		Bounds: [527,3628]
		q6658 [makespan: 726]
		q6658 [makespan: 706]
		q6658 [makespan: 698]
		q6658 [makespan: 682]
			nodes:      11953
			failures:   3
			peak depth: 559
			runtime:    0.150 (150.000 ms)

	Adjusting...
		Bounds: [527,682]
		Bounds: [605,682]
		q6658 [makespan: 643]
		Bounds: [605,643]
		q6658 [makespan: 624]
		Bounds: [605,624]
		Bounds: [615,624]
		q6658 [makespan: 619]
		Bounds: [615,619]
		q6658 [makespan: 616]
			nodes:      16487
			failures:   8105
			restarts:   1
			no-goods:   12
			peak depth: 82
			runtime:    0.605 (605.000 ms)

	Found best solution and proved optimality.
