	Probing...
		Bounds: [513,3823]
		q6673 [makespan: 940]
		q6673 [makespan: 774]
		q6673 [makespan: 759]
			nodes:      31860
			failures:   10006
			peak depth: 529
			runtime:    0.432 (432.000 ms)

	Adjusting...
		Bounds: [513,759]
		Bounds: [637,759]
		q6673 [makespan: 697]
		Bounds: [637,697]
		Bounds: [668,697]
		q6673 [makespan: 679]
		Bounds: [668,679]
		Bounds: [674,679]
		Bounds: [677,679]
			nodes:      1002
			failures:   438
			restarts:   0
			no-goods:   0
			peak depth: 79
			runtime:    0.046 (46.000 ms)

	Solving...
			nodes:      0
			failures:   1
			restarts:   0
			no-goods:   0
			peak depth: 0
			runtime:    0.000 (0.000 ms)

	Found best solution and proved optimality.
