	Probing...
		Bounds: [596,4532]
		q6675 [makespan: 1053]
		q6675 [makespan: 879]
		q6675 [makespan: 869]
			nodes:      12595
			failures:   7
			peak depth: 561
			runtime:    0.151 (151.000 ms)

	Adjusting...
		Bounds: [596,869]
		Bounds: [733,869]
		q6675 [makespan: 801]
		Bounds: [733,801]
		Bounds: [768,801]
		Bounds: [785,801]
		q6675 [makespan: 792]
		Bounds: [785,792]
		Bounds: [789,792]
			nodes:      3505
			failures:   1697
			restarts:   0
			no-goods:   0
			peak depth: 79
			runtime:    0.158 (158.000 ms)

	Found best solution and proved optimality.
