	Probing...
		Bounds: [587,3696]
		q6691 [makespan: 986]
		q6691 [makespan: 817]
		q6691 [makespan: 796]
		q6691 [makespan: 783]
			nodes:      11857
			failures:   7
			peak depth: 515
			runtime:    0.147 (147.000 ms)

	Adjusting...
		Bounds: [587,783]
		Bounds: [686,783]
		q6691 [makespan: 732]
		Bounds: [686,732]
		Bounds: [710,732]
		q6691 [makespan: 719]
		Bounds: [710,719]
		Bounds: [715,719]
		q6691 [makespan: 715]
			nodes:      426
			failures:   110
			restarts:   0
			no-goods:   0
			peak depth: 81
			runtime:    0.013 (13.000 ms)

	Found best solution and proved optimality.
