	Probing...
		Bounds: [555,4048]
		q6848 [makespan: 1038]
		q6848 [makespan: 808]
		q6848 [makespan: 732]
			nodes:      12133
			failures:   3
			peak depth: 533
			runtime:    0.150 (150.000 ms)

	Adjusting...
		Bounds: [555,732]
		Bounds: [644,732]
		q6848 [makespan: 688]
		Bounds: [644,688]
		Bounds: [667,688]
		Bounds: [678,688]
		Bounds: [684,688]
		q6848 [makespan: 686]
		Bounds: [684,686]
		q6848 [makespan: 685]
			nodes:      3872
			failures:   1853
			restarts:   0
			no-goods:   0
			peak depth: 64
			runtime:    0.179 (179.000 ms)

	Found best solution and proved optimality.
