	Probing...
		Bounds: [576,4120]
		q6894 [makespan: 819]
		q6894 [makespan: 794]
		q6894 [makespan: 752]
			nodes:      12403
			failures:   0
			peak depth: 545
			runtime:    0.150 (150.000 ms)

	Adjusting...
		Bounds: [576,752]
		Bounds: [665,752]
		Bounds: [709,752]
		q6894 [makespan: 729]
		Bounds: [709,729]
		Bounds: [720,729]
		q6894 [makespan: 724]
		Bounds: [720,724]
		q6894 [makespan: 722]
		Bounds: [720,722]
		q6894 [makespan: 721]
		Bounds: [720,721]
		q6894 [makespan: 720]
			nodes:      946
			failures:   342
			restarts:   0
			no-goods:   0
			peak depth: 73
			runtime:    0.040 (40.000 ms)

	Found best solution and proved optimality.
