	Probing...
		Bounds: [629,4424]
		q6907 [makespan: 1018]
		q6907 [makespan: 899]
		q6907 [makespan: 821]
		q6907 [makespan: 799]
			nodes:      12251
			failures:   9
			peak depth: 525
			runtime:    0.152 (152.000 ms)

	Adjusting...
		Bounds: [629,799]
		Bounds: [715,799]
		Bounds: [758,799]
		q6907 [makespan: 778]
		Bounds: [758,778]
		q6907 [makespan: 765]
		Bounds: [758,765]
		Bounds: [762,765]
		q6907 [makespan: 763]
		Bounds: [762,763]
			nodes:      806
			failures:   322
			restarts:   0
			no-goods:   0
			peak depth: 65
			runtime:    0.040 (40.000 ms)

	Found best solution and proved optimality.
