	Probing...
		Bounds: [549,3848]
		q6904 [makespan: 824]
		q6904 [makespan: 787]
		q6904 [makespan: 741]
		q6904 [makespan: 720]
		q6904 [makespan: 706]
		q6904 [makespan: 690]
		q6904 [makespan: 675]
			nodes:      32046
			failures:   10007
			peak depth: 538
			runtime:    0.690 (690.000 ms)

	Adjusting...
		Bounds: [549,675]
		Bounds: [613,675]
		Bounds: [645,675]
		q6904 [makespan: 656]
		Bounds: [645,656]
		q6904 [makespan: 649]
		Bounds: [645,649]
		q6904 [makespan: 647]
		Bounds: [645,647]
		q6904 [makespan: 646]
			nodes:      747
			failures:   253
			restarts:   0
			no-goods:   0
			peak depth: 72
			runtime:    0.030 (30.000 ms)

	Found best solution and proved optimality.
