	Probing...
		Bounds: [579,3874]
		q6923 [makespan: 993]
		q6923 [makespan: 855]
		q6923 [makespan: 828]
		q6923 [makespan: 823]
		q6923 [makespan: 792]
			nodes:      31718
			failures:   10007
			peak depth: 514
			runtime:    0.566 (566.000 ms)

	Adjusting...
		Bounds: [579,792]
		Bounds: [686,792]
		q6923 [makespan: 738]
		Bounds: [686,738]
		Bounds: [713,738]
		q6923 [makespan: 721]
		Bounds: [713,721]
		Bounds: [718,721]
		q6923 [makespan: 719]
		Bounds: [718,719]
			nodes:      1172
			failures:   491
			restarts:   0
			no-goods:   0
			peak depth: 75
			runtime:    0.060 (60.000 ms)

	Found best solution and proved optimality.
