	Probing...
		Bounds: [574,3848]
		q6992 [makespan: 923]
		q6992 [makespan: 889]
		q6992 [makespan: 871]
		q6992 [makespan: 811]
		q6992 [makespan: 744]
			nodes:      12451
			failures:   11
			peak depth: 549
			runtime:    0.153 (153.000 ms)

	Adjusting...
		Bounds: [574,744]
		Bounds: [660,744]
		Bounds: [703,744]
		q6992 [makespan: 719]
		Bounds: [703,719]
		Bounds: [712,719]
		Bounds: [716,719]
		q6992 [makespan: 717]
			nodes:      10471
			failures:   5161
			restarts:   0
			no-goods:   0
			peak depth: 101
			runtime:    0.417 (417.000 ms)

	Found best solution and proved optimality.
