	Probing...
		Bounds: [642,4013]
		q6998 [makespan: 922]
		q6998 [makespan: 912]
		q6998 [makespan: 904]
		q6998 [makespan: 875]
		q6998 [makespan: 861]
		q6998 [makespan: 849]
			nodes:      32011
			failures:   10007
			peak depth: 544
			runtime:    0.462 (462.000 ms)

	Adjusting...
		Bounds: [642,849]
		q6998 [makespan: 741]
		Bounds: [642,741]
		Bounds: [692,741]
		Bounds: [717,741]
		q6998 [makespan: 726]
		Bounds: [717,726]
		Bounds: [722,726]
		q6998 [makespan: 724]
		Bounds: [722,724]
		q6998 [makespan: 722]
			nodes:      552
			failures:   152
			restarts:   0
			no-goods:   0
			peak depth: 98
			runtime:    0.019 (19.000 ms)

	Solving...
			nodes:      0
			failures:   1
			restarts:   0
			no-goods:   0
			peak depth: 0
			runtime:    0.000 (0.000 ms)

	Found best solution and proved optimality.
