	Probing...
		Bounds: [660,4358]
		q7062 [makespan: 1030]
		q7062 [makespan: 1015]
		q7062 [makespan: 903]
			nodes:      12302
			failures:   7
			peak depth: 526
			runtime:    0.153 (153.000 ms)

	Adjusting...
		Bounds: [660,903]
		Bounds: [782,903]
		Bounds: [843,903]
		q7062 [makespan: 869]
		Bounds: [843,869]
		q7062 [makespan: 856]
		Bounds: [843,856]
		Bounds: [850,856]
		Bounds: [854,856]
			nodes:      2035
			failures:   960
			restarts:   0
			no-goods:   0
			peak depth: 72
			runtime:    0.091 (91.000 ms)

	Solving...
			nodes:      0
			failures:   1
			restarts:   0
			no-goods:   0
			peak depth: 0
			runtime:    0.000 (0.000 ms)

	Found best solution and proved optimality.
