	Probing...
		Bounds: [643,4040]
		q7113 [makespan: 849]
			nodes:      12166
			failures:   2
			peak depth: 538
			runtime:    0.150 (150.000 ms)

	Adjusting...
		Bounds: [643,849]
		Bounds: [747,849]
		q7113 [makespan: 795]
		Bounds: [747,795]
		q7113 [makespan: 769]
		Bounds: [747,769]
		q7113 [makespan: 758]
		Bounds: [747,758]
		Bounds: [753,758]
		Bounds: [756,758]
		q7113 [makespan: 757]
			nodes:      29117
			failures:   14423
			restarts:   1
			no-goods:   11
			peak depth: 81
			runtime:    1.230 (1230.000 ms)

	Found best solution and proved optimality.
