	Probing...
		Bounds: [526,3230]
		q7123 [makespan: 893]
		q7123 [makespan: 781]
		q7123 [makespan: 769]
		q7123 [makespan: 755]
		q7123 [makespan: 749]
		q7123 [makespan: 746]
		q7123 [makespan: 742]
		q7123 [makespan: 736]
		q7123 [makespan: 717]
			nodes:      12065
			failures:   2
			peak depth: 557
			runtime:    0.149 (149.000 ms)

	Adjusting...
		Bounds: [526,717]
		Bounds: [622,717]
		q7123 [makespan: 663]
		Bounds: [622,663]
		q7123 [makespan: 641]
		Bounds: [622,641]
		Bounds: [632,641]
		Bounds: [637,641]
		q7123 [makespan: 639]
		Bounds: [637,639]
		q7123 [makespan: 638]
			nodes:      319
			failures:   34
			restarts:   0
			no-goods:   0
			peak depth: 84
			runtime:    0.009 (9.000 ms)

	Found best solution and proved optimality.
