	Probing...
		Bounds: [553,3961]
		q7147 [makespan: 822]
		q7147 [makespan: 794]
		q7147 [makespan: 774]
		q7147 [makespan: 767]
			nodes:      12070
			failures:   4
			peak depth: 518
			runtime:    0.146 (146.000 ms)

	Adjusting...
		Bounds: [553,767]
		Bounds: [661,767]
		q7147 [makespan: 713]
		Bounds: [661,713]
		Bounds: [688,713]
		q7147 [makespan: 699]
		Bounds: [688,699]
		Bounds: [694,699]
		q7147 [makespan: 696]
		Bounds: [694,696]
			nodes:      3140
			failures:   1473
			restarts:   0
			no-goods:   0
			peak depth: 83
			runtime:    0.147 (147.000 ms)

	Solving...
			nodes:      0
			failures:   1
			restarts:   0
			no-goods:   0
			peak depth: 0
			runtime:    0.000 (0.000 ms)

	Found best solution and proved optimality.
