	Probing...
		Bounds: [595,3928]
		q7156 [makespan: 1002]
		q7156 [makespan: 811]
		q7156 [makespan: 782]
		q7156 [makespan: 780]
		q7156 [makespan: 725]
			nodes:      12382
			failures:   7
			peak depth: 543
			runtime:    0.151 (151.000 ms)

	Adjusting...
		Bounds: [595,725]
		Bounds: [661,725]
		q7156 [makespan: 691]
		Bounds: [661,691]
		q7156 [makespan: 676]
		Bounds: [661,676]
		Bounds: [669,676]
		Bounds: [673,676]
		q7156 [makespan: 674]
			nodes:      2780
			failures:   1283
			restarts:   0
			no-goods:   0
			peak depth: 81
			runtime:    0.112 (112.000 ms)

	Found best solution and proved optimality.
