	Probing...
		Bounds: [661,4578]
		q7177 [makespan: 993]
		q7177 [makespan: 937]
		q7177 [makespan: 913]
		q7177 [makespan: 890]
		q7177 [makespan: 885]
		q7177 [makespan: 877]
			nodes:      12402
			failures:   6
			peak depth: 550
			runtime:    0.149 (149.000 ms)

	Adjusting...
		Bounds: [661,877]
		q7177 [makespan: 766]
		Bounds: [661,766]
		Bounds: [714,766]
		Bounds: [741,766]
		Bounds: [754,766]
		Bounds: [761,766]
		Bounds: [764,766]
			nodes:      409
			failures:   180
			restarts:   0
			no-goods:   0
			peak depth: 59
			runtime:    0.020 (20.000 ms)

	Solving...
			nodes:      0
			failures:   1
			restarts:   0
			no-goods:   0
			peak depth: 0
			runtime:    0.000 (0.000 ms)

	Found best solution and proved optimality.
