	Probing...
		Bounds: [567,3834]
		q7193 [makespan: 863]
		q7193 [makespan: 841]
		q7193 [makespan: 834]
		q7193 [makespan: 757]
		q7193 [makespan: 705]
			nodes:      12152
			failures:   4
			peak depth: 557
			runtime:    0.151 (151.000 ms)

	Adjusting...
		Bounds: [567,705]
		Bounds: [637,705]
		q7193 [makespan: 671]
		Bounds: [637,671]
		Bounds: [655,671]
		Bounds: [664,671]
		Bounds: [668,671]
			nodes:      8961
			failures:   4455
			restarts:   0
			no-goods:   0
			peak depth: 66
			runtime:    0.488 (488.000 ms)

	Found best solution and proved optimality.
