	Probing...
		Bounds: [575,4035]
		q7202 [makespan: 1114]
		q7202 [makespan: 828]
		q7202 [makespan: 820]
		q7202 [makespan: 801]
			nodes:      12115
			failures:   6
			peak depth: 530
			runtime:    0.148 (148.000 ms)

	Adjusting...
		Bounds: [575,801]
		Bounds: [689,801]
		q7202 [makespan: 745]
		Bounds: [689,745]
		q7202 [makespan: 716]
		Bounds: [689,716]
		q7202 [makespan: 700]
		Bounds: [689,700]
		Bounds: [695,700]
		Bounds: [698,700]
			nodes:      1637
			failures:   712
			restarts:   0
			no-goods:   0
			peak depth: 85
			runtime:    0.076 (76.000 ms)

	Solving...
			nodes:      0
			failures:   1
			restarts:   0
			no-goods:   0
			peak depth: 0
			runtime:    0.000 (0.000 ms)

	Found best solution and proved optimality.
