	Probing...
		Bounds: [669,4150]
		q7222 [makespan: 1018]
		q7222 [makespan: 1007]
		q7222 [makespan: 992]
		q7222 [makespan: 935]
		q7222 [makespan: 880]
		q7222 [makespan: 875]
		q7222 [makespan: 865]
		q7222 [makespan: 817]
			nodes:      12458
			failures:   6
			peak depth: 549
			runtime:    0.151 (151.000 ms)

	Adjusting...
		Bounds: [669,817]
		Bounds: [744,817]
		q7222 [makespan: 769]
		Bounds: [744,769]
		q7222 [makespan: 756]
		Bounds: [744,756]
		q7222 [makespan: 750]
		Bounds: [744,750]
		Bounds: [748,750]
		q7222 [makespan: 749]
			nodes:      571
			failures:   157
			restarts:   0
			no-goods:   0
			peak depth: 85
			runtime:    0.024 (24.000 ms)

	Found best solution and proved optimality.
