	Probing...
		Bounds: [577,4064]
		q7274 [makespan: 868]
		q7274 [makespan: 827]
		q7274 [makespan: 818]
			nodes:      12201
			failures:   7
			peak depth: 541
			runtime:    0.149 (149.000 ms)

	Adjusting...
		Bounds: [577,818]
		Bounds: [698,818]
		q7274 [makespan: 757]
		Bounds: [698,757]
		Bounds: [728,757]
		Bounds: [743,757]
		q7274 [makespan: 749]
		Bounds: [743,749]
		q7274 [makespan: 746]
		Bounds: [743,746]
			nodes:      4320
			failures:   2058
			restarts:   0
			no-goods:   0
			peak depth: 86
			runtime:    0.153 (153.000 ms)

	Found best solution and proved optimality.
