	Probing...
		Bounds: [569,3939]
		q7272 [makespan: 1075]
		q7272 [makespan: 871]
		q7272 [makespan: 865]
		q7272 [makespan: 843]
		q7272 [makespan: 835]
			nodes:      12137
			failures:   8
			peak depth: 533
			runtime:    0.149 (149.000 ms)

	Adjusting...
		Bounds: [569,835]
		Bounds: [703,835]
		q7272 [makespan: 769]
		Bounds: [703,769]
		q7272 [makespan: 734]
		Bounds: [703,734]
		q7272 [makespan: 717]
		Bounds: [703,717]
		Bounds: [711,717]
		q7272 [makespan: 713]
		Bounds: [711,713]
		q7272 [makespan: 711]
			nodes:      5345
			failures:   2505
			restarts:   0
			no-goods:   0
			peak depth: 87
			runtime:    0.239 (239.000 ms)

	Solving...
			nodes:      0
			failures:   1
			restarts:   0
			no-goods:   0
			peak depth: 0
			runtime:    0.000 (0.000 ms)

	Found best solution and proved optimality.
