	Probing...
		Bounds: [601,3863]
		q7275 [makespan: 812]
		q7275 [makespan: 810]
		q7275 [makespan: 809]
			nodes:      12125
			failures:   9
			peak depth: 532
			runtime:    0.149 (149.000 ms)

	Adjusting...
		Bounds: [601,809]
		Bounds: [706,809]
		q7275 [makespan: 754]
		Bounds: [706,754]
		q7275 [makespan: 728]
		Bounds: [706,728]
		Bounds: [718,728]
		q7275 [makespan: 721]
		Bounds: [718,721]
		q7275 [makespan: 718]
			nodes:      3549
			failures:   1628
			restarts:   0
			no-goods:   0
			peak depth: 83
			runtime:    0.157 (157.000 ms)

	Found best solution and proved optimality.
