	Probing...
		Bounds: [636,4065]
		q7329 [makespan: 876]
		q7329 [makespan: 843]
			nodes:      12228
			failures:   8
			peak depth: 524
			runtime:    0.149 (149.000 ms)

	Adjusting...
		Bounds: [636,843]
		Bounds: [740,843]
		Bounds: [792,843]
		q7329 [makespan: 810]
		Bounds: [792,810]
		Bounds: [802,810]
		q7329 [makespan: 803]
			nodes:      407
			failures:   129
			restarts:   0
			no-goods:   0
			peak depth: 87
			runtime:    0.015 (15.000 ms)

	Found best solution and proved optimality.
