	Probing...
		Bounds: [700,3810]
		q7361 [makespan: 1022]
		q7361 [makespan: 872]
		q7361 [makespan: 853]
		q7361 [makespan: 841]
			nodes:      12146
			failures:   7
			peak depth: 530
			runtime:    0.152 (152.000 ms)

	Adjusting...
		Bounds: [700,841]
		Bounds: [771,841]
		q7361 [makespan: 803]
		Bounds: [771,803]
		Bounds: [788,803]
		Bounds: [796,803]
		Bounds: [800,803]
		Bounds: [802,803]
			nodes:      80
			failures:   12
			restarts:   0
			no-goods:   0
			peak depth: 73
			runtime:    0.003 (3.000 ms)

	Found best solution and proved optimality.
