	Probing...
		Bounds: [601,4095]
		q7360 [makespan: 851]
		q7360 [makespan: 767]
			nodes:      12236
			failures:   3
			peak depth: 548
			runtime:    0.150 (150.000 ms)

	Adjusting...
		Bounds: [601,767]
		Bounds: [685,767]
		Bounds: [727,767]
		q7360 [makespan: 747]
		Bounds: [727,747]
		Bounds: [738,747]
		q7360 [makespan: 741]
		Bounds: [738,741]
			nodes:      142873
			failures:   71286
			restarts:   8
			no-goods:   126
			peak depth: 79
			runtime:    5.447 (5447.000 ms)

	Found best solution and proved optimality.
