	Probing...
		Bounds: [635,3794]
		q7376 [makespan: 859]
		q7376 [makespan: 819]
		q7376 [makespan: 813]
		q7376 [makespan: 806]
		q7376 [makespan: 793]
		q7376 [makespan: 760]
			nodes:      12023
			failures:   2
			peak depth: 521
			runtime:    0.153 (153.000 ms)

	Adjusting...
		Bounds: [635,760]
		q7376 [makespan: 696]
		Bounds: [635,696]
		Bounds: [666,696]
		Bounds: [682,696]
		q7376 [makespan: 687]
		Bounds: [682,687]
		q7376 [makespan: 683]
		Bounds: [682,683]
			nodes:      1343
			failures:   576
			restarts:   0
			no-goods:   0
			peak depth: 83
			runtime:    0.057 (57.000 ms)

	Found best solution and proved optimality.
