	Probing...
		Bounds: [657,4144]
		q7406 [makespan: 925]
		q7406 [makespan: 856]
		q7406 [makespan: 851]
		q7406 [makespan: 808]
		q7406 [makespan: 805]
		q7406 [makespan: 797]
			nodes:      12594
			failures:   3
			peak depth: 569
			runtime:    0.153 (153.000 ms)

	Adjusting...
		Bounds: [657,797]
		Bounds: [728,797]
		q7406 [makespan: 757]
		Bounds: [728,757]
		Bounds: [743,757]
		Bounds: [751,757]
		q7406 [makespan: 754]
		Bounds: [751,754]
			nodes:      1552
			failures:   706
			restarts:   0
			no-goods:   0
			peak depth: 93
			runtime:    0.059 (59.000 ms)

	Found best solution and proved optimality.
