	Probing...
		Bounds: [586,4279]
		q7445 [makespan: 956]
		q7445 [makespan: 939]
		q7445 [makespan: 866]
			nodes:      12417
			failures:   7
			peak depth: 543
			runtime:    0.152 (152.000 ms)

	Adjusting...
		Bounds: [586,866]
		Bounds: [727,866]
		q7445 [makespan: 796]
		Bounds: [727,796]
		Bounds: [762,796]
		Bounds: [780,796]
		q7445 [makespan: 787]
		Bounds: [780,787]
		q7445 [makespan: 783]
		Bounds: [780,783]
			nodes:      22057
			failures:   10920
			restarts:   1
			no-goods:   14
			peak depth: 87
			runtime:    1.042 (1042.000 ms)

	Found best solution and proved optimality.
