	Probing...
		Bounds: [558,4198]
		q7498 [makespan: 935]
		q7498 [makespan: 864]
		q7498 [makespan: 793]
			nodes:      12439
			failures:   5
			peak depth: 560
			runtime:    0.152 (152.000 ms)

	Adjusting...
		Bounds: [558,793]
		Bounds: [676,793]
		q7498 [makespan: 727]
		Bounds: [676,727]
		Bounds: [702,727]
		q7498 [makespan: 713]
		Bounds: [702,713]
		Bounds: [708,713]
		Bounds: [711,713]
			nodes:      2606
			failures:   1240
			restarts:   0
			no-goods:   0
			peak depth: 81
			runtime:    0.135 (135.000 ms)

	Solving...
			nodes:      0
			failures:   1
			restarts:   0
			no-goods:   0
			peak depth: 0
			runtime:    0.000 (0.000 ms)

	Found best solution and proved optimality.
