	Probing...
		Bounds: [579,4043]
		q7506 [makespan: 968]
		q7506 [makespan: 841]
		q7506 [makespan: 825]
		q7506 [makespan: 807]
		q7506 [makespan: 804]
			nodes:      32137
			failures:   10010
			peak depth: 541
			runtime:    0.466 (466.000 ms)

	Adjusting...
		Bounds: [579,804]
		Bounds: [692,804]
		q7506 [makespan: 748]
		Bounds: [692,748]
		Bounds: [721,748]
		q7506 [makespan: 734]
		Bounds: [721,734]
		q7506 [makespan: 723]
		Bounds: [721,723]
			nodes:      156086
			failures:   77864
			restarts:   9
			no-goods:   153
			peak depth: 85
			runtime:    6.486 (6486.000 ms)

	Solving...
			nodes:      0
			failures:   1
			restarts:   0
			no-goods:   0
			peak depth: 0
			runtime:    0.000 (0.000 ms)

	Found best solution and proved optimality.
