	Probing...
		Bounds: [601,4160]
		q7520 [makespan: 1211]
		q7520 [makespan: 890]
		q7520 [makespan: 856]
		q7520 [makespan: 818]
			nodes:      12359
			failures:   9
			peak depth: 550
			runtime:    0.153 (153.000 ms)

	Adjusting...
		Bounds: [601,818]
		Bounds: [710,818]
		Bounds: [765,818]
		q7520 [makespan: 791]
		Bounds: [765,791]
		q7520 [makespan: 776]
		Bounds: [765,776]
		q7520 [makespan: 769]
		Bounds: [765,769]
		q7520 [makespan: 766]
			nodes:      2633
			failures:   1208
			restarts:   0
			no-goods:   0
			peak depth: 61
			runtime:    0.116 (116.000 ms)

	Found best solution and proved optimality.
