	Probing...
		Bounds: [594,4002]
		q7576 [makespan: 863]
		q7576 [makespan: 835]
		q7576 [makespan: 817]
			nodes:      12408
			failures:   3
			peak depth: 541
			runtime:    0.153 (153.000 ms)

	Adjusting...
		Bounds: [594,817]
		Bounds: [706,817]
		q7576 [makespan: 761]
		Bounds: [706,761]
		q7576 [makespan: 733]
		Bounds: [706,733]
		Bounds: [720,733]
		Bounds: [727,733]
		Bounds: [731,733]
			nodes:      32641
			failures:   16248
			restarts:   2
			no-goods:   26
			peak depth: 75
			runtime:    1.470 (1470.000 ms)

	Solving...
			nodes:      0
			failures:   1
			restarts:   0
			no-goods:   0
			peak depth: 0
			runtime:    0.000 (0.000 ms)

	Found best solution and proved optimality.
