	Probing...
		Bounds: [627,3880]
		q7590 [makespan: 751]
		q7590 [makespan: 739]
			nodes:      12087
			failures:   2
			peak depth: 520
			runtime:    0.148 (148.000 ms)

	Adjusting...
		Bounds: [627,739]
		q7590 [makespan: 680]
		Bounds: [627,680]
		Bounds: [654,680]
		q7590 [makespan: 667]
		Bounds: [654,667]
		q7590 [makespan: 659]
		Bounds: [654,659]
		Bounds: [657,659]
		q7590 [makespan: 658]
			nodes:      275
			failures:   4
			restarts:   0
			no-goods:   0
			peak depth: 74
			runtime:    0.005 (5.000 ms)

	Found best solution and proved optimality.
