	Probing...
		Bounds: [617,4533]
		q7604 [makespan: 980]
		q7604 [makespan: 959]
		q7604 [makespan: 900]
		q7604 [makespan: 852]
			nodes:      12401
			failures:   2
			peak depth: 545
			runtime:    0.152 (152.000 ms)

	Adjusting...
		Bounds: [617,852]
		Bounds: [735,852]
		q7604 [makespan: 792]
		Bounds: [735,792]
		Bounds: [764,792]
		Bounds: [779,792]
		Bounds: [786,792]
		q7604 [makespan: 789]
		Bounds: [786,789]
		Bounds: [788,789]
			nodes:      152806
			failures:   76287
			restarts:   9
			no-goods:   133
			peak depth: 74
			runtime:    7.941 (7941.000 ms)

	Found best solution and proved optimality.
