	Probing...
		Bounds: [646,4443]
		q7615 [makespan: 839]
		q7615 [makespan: 817]
		q7615 [makespan: 812]
		q7615 [makespan: 788]
		q7615 [makespan: 761]
			nodes:      12664
			failures:   6
			peak depth: 552
			runtime:    0.153 (153.000 ms)

	Adjusting...
		Bounds: [646,761]
		Bounds: [704,761]
		q7615 [makespan: 722]
		Bounds: [704,722]
		Bounds: [714,722]
		q7615 [makespan: 716]
		Bounds: [714,716]
			nodes:      2883
			failures:   1382
			restarts:   0
			no-goods:   0
			peak depth: 67
			runtime:    0.125 (125.000 ms)

	Solving...
			nodes:      0
			failures:   1
			restarts:   0
			no-goods:   0
			peak depth: 0
			runtime:    0.000 (0.000 ms)

	Found best solution and proved optimality.
