	Probing...
		Bounds: [604,4102]
		q7651 [makespan: 1057]
		q7651 [makespan: 822]
		q7651 [makespan: 814]
		q7651 [makespan: 797]
			nodes:      51627
			failures:   20008
			peak depth: 527
			runtime:    0.985 (985.000 ms)

	Adjusting...
		Bounds: [604,797]
		q7651 [makespan: 700]
		Bounds: [604,700]
		Bounds: [653,700]
		Bounds: [677,700]
		Bounds: [689,700]
		Bounds: [695,700]
		Bounds: [698,700]
			nodes:      17657
			failures:   8800
			restarts:   0
			no-goods:   0
			peak depth: 66
			runtime:    0.909 (909.000 ms)

	Solving...
			nodes:      0
			failures:   1
			restarts:   0
			no-goods:   0
			peak depth: 0
			runtime:    0.000 (0.000 ms)

	Found best solution and proved optimality.
