	Probing...
		Bounds: [568,4000]
		q7708 [makespan: 1034]
		q7708 [makespan: 843]
		q7708 [makespan: 806]
		q7708 [makespan: 776]
			nodes:      11853
			failures:   1
			peak depth: 508
			runtime:    0.149 (149.000 ms)

	Adjusting...
		Bounds: [568,776]
		Bounds: [673,776]
		q7708 [makespan: 724]
		Bounds: [673,724]
		Bounds: [699,724]
		Bounds: [712,724]
		q7708 [makespan: 713]
		Bounds: [712,713]
			nodes:      3102
			failures:   1490
			restarts:   0
			no-goods:   0
			peak depth: 73
			runtime:    0.129 (129.000 ms)

	Found best solution and proved optimality.
