	Probing...
		Bounds: [604,3949]
		q7726 [makespan: 930]
		q7726 [makespan: 774]
			nodes:      31816
			failures:   10005
			peak depth: 541
			runtime:    0.499 (499.000 ms)

	Adjusting...
		Bounds: [604,774]
		Bounds: [690,774]
		q7726 [makespan: 731]
		Bounds: [690,731]
		q7726 [makespan: 709]
		Bounds: [690,709]
		Bounds: [700,709]
		Bounds: [705,709]
		Bounds: [708,709]
			nodes:      35020
			failures:   17429
			restarts:   1
			no-goods:   19
			peak depth: 90
			runtime:    1.584 (1584.000 ms)

	Found best solution and proved optimality.
