	Probing...
		Bounds: [638,4502]
		q7775 [makespan: 1165]
		q7775 [makespan: 1042]
		q7775 [makespan: 1025]
		q7775 [makespan: 987]
		q7775 [makespan: 895]
			nodes:      32043
			failures:   10008
			peak depth: 529
			runtime:    0.573 (573.000 ms)

	Adjusting...
		Bounds: [638,895]
		Bounds: [767,895]
		q7775 [makespan: 828]
		Bounds: [767,828]
		Bounds: [798,828]
		Bounds: [814,828]
		Bounds: [822,828]
		Bounds: [826,828]
		q7775 [makespan: 826]
			nodes:      3943
			failures:   1907
			restarts:   0
			no-goods:   0
			peak depth: 76
			runtime:    0.171 (171.000 ms)

	Solving...
			nodes:      0
			failures:   1
			restarts:   0
			no-goods:   0
			peak depth: 0
			runtime:    0.000 (0.000 ms)

	Found best solution and proved optimality.
