	Probing...
		Bounds: [583,3865]
		q7773 [makespan: 901]
		q7773 [makespan: 851]
		q7773 [makespan: 830]
		q7773 [makespan: 802]
			nodes:      12104
			failures:   5
			peak depth: 529
			runtime:    0.149 (149.000 ms)

	Adjusting...
		Bounds: [583,802]
		Bounds: [693,802]
		q7773 [makespan: 746]
		Bounds: [693,746]
		Bounds: [720,746]
		q7773 [makespan: 731]
		Bounds: [720,731]
		q7773 [makespan: 723]
		Bounds: [720,723]
			nodes:      149914
			failures:   74781
			restarts:   10
			no-goods:   162
			peak depth: 90
			runtime:    6.967 (6967.000 ms)

	Found best solution and proved optimality.
