	Probing...
		Bounds: [635,4160]
		q7799 [makespan: 886]
		q7799 [makespan: 813]
		q7799 [makespan: 802]
			nodes:      12369
			failures:   5
			peak depth: 545
			runtime:    0.148 (148.000 ms)

	Adjusting...
		Bounds: [635,802]
		q7799 [makespan: 713]
		Bounds: [635,713]
		Bounds: [675,713]
		Bounds: [695,713]
		Bounds: [705,713]
		Bounds: [710,713]
			nodes:      1043
			failures:   491
			restarts:   0
			no-goods:   0
			peak depth: 76
			runtime:    0.038 (38.000 ms)

	Found best solution and proved optimality.
