	Probing...
		Bounds: [543,3719]
		q7798 [makespan: 727]
			nodes:      12125
			failures:   7
			peak depth: 536
			runtime:    0.147 (147.000 ms)

	Adjusting...
		Bounds: [543,727]
		Bounds: [636,727]
		q7798 [makespan: 678]
		Bounds: [636,678]
		Bounds: [658,678]
		Bounds: [669,678]
		Bounds: [674,678]
		q7798 [makespan: 676]
		Bounds: [674,676]
			nodes:      2942
			failures:   1413
			restarts:   0
			no-goods:   0
			peak depth: 68
			runtime:    0.125 (125.000 ms)

	Solving...
			nodes:      0
			failures:   1
			restarts:   0
			no-goods:   0
			peak depth: 0
			runtime:    0.000 (0.000 ms)

	Found best solution and proved optimality.
