	Probing...
		Bounds: [596,3615]
		q7833 [makespan: 1065]
		q7833 [makespan: 794]
		q7833 [makespan: 737]
			nodes:      11983
			failures:   11
			peak depth: 516
			runtime:    0.152 (152.000 ms)

	Adjusting...
		Bounds: [596,737]
		q7833 [makespan: 665]
		Bounds: [596,665]
		Bounds: [631,665]
		Bounds: [649,665]
		Bounds: [658,665]
		Bounds: [662,665]
		q7833 [makespan: 662]
			nodes:      4348
			failures:   2108
			restarts:   0
			no-goods:   0
			peak depth: 75
			runtime:    0.230 (230.000 ms)

	Solving...
			nodes:      0
			failures:   1
			restarts:   0
			no-goods:   0
			peak depth: 0
			runtime:    0.000 (0.000 ms)

	Found best solution and proved optimality.
