	Probing...
		Bounds: [569,4282]
		q7845 [makespan: 843]
		q7845 [makespan: 793]
		q7845 [makespan: 765]
			nodes:      12043
			failures:   7
			peak depth: 569
			runtime:    0.148 (148.000 ms)

	Adjusting...
		Bounds: [569,765]
		Bounds: [668,765]
		Bounds: [717,765]
		q7845 [makespan: 739]
		Bounds: [717,739]
		q7845 [makespan: 726]
		Bounds: [717,726]
		Bounds: [722,726]
		q7845 [makespan: 723]
			nodes:      910
			failures:   350
			restarts:   0
			no-goods:   0
			peak depth: 82
			runtime:    0.037 (37.000 ms)

	Found best solution and proved optimality.
