	Probing...
		Bounds: [554,3869]
		q7844 [makespan: 909]
		q7844 [makespan: 871]
		q7844 [makespan: 857]
			nodes:      12131
			failures:   1
			peak depth: 540
			runtime:    0.152 (152.000 ms)

	Adjusting...
		Bounds: [554,857]
		Bounds: [706,857]
		q7844 [makespan: 780]
		Bounds: [706,780]
		Bounds: [744,780]
		q7844 [makespan: 759]
		Bounds: [744,759]
		q7844 [makespan: 751]
		Bounds: [744,751]
		q7844 [makespan: 745]
			nodes:      18539
			failures:   9114
			restarts:   1
			no-goods:   18
			peak depth: 80
			runtime:    0.771 (771.000 ms)

	Found best solution and proved optimality.
