	Probing...
		Bounds: [624,3979]
		q7871 [makespan: 871]
		q7871 [makespan: 822]
		q7871 [makespan: 796]
		q7871 [makespan: 782]
		q7871 [makespan: 775]
			nodes:      12135
			failures:   1
			peak depth: 561
			runtime:    0.155 (155.000 ms)

	Adjusting...
		Bounds: [624,775]
		Bounds: [700,775]
		q7871 [makespan: 737]
		Bounds: [700,737]
		Bounds: [719,737]
		q7871 [makespan: 728]
		Bounds: [719,728]
		q7871 [makespan: 723]
		Bounds: [719,723]
			nodes:      7498
			failures:   3649
			restarts:   0
			no-goods:   0
			peak depth: 84
			runtime:    0.343 (343.000 ms)

	Found best solution and proved optimality.
