	Probing...
		Bounds: [696,4538]
		q7884 [makespan: 917]
		q7884 [makespan: 915]
		q7884 [makespan: 892]
		q7884 [makespan: 890]
		q7884 [makespan: 847]
			nodes:      12432
			failures:   4
			peak depth: 543
			runtime:    0.152 (152.000 ms)

	Adjusting...
		Bounds: [696,847]
		Bounds: [772,847]
		q7884 [makespan: 809]
		Bounds: [772,809]
		Bounds: [791,809]
		Bounds: [801,809]
		q7884 [makespan: 805]
		Bounds: [801,805]
			nodes:      4856
			failures:   2373
			restarts:   0
			no-goods:   0
			peak depth: 66
			runtime:    0.231 (231.000 ms)

	Found best solution and proved optimality.
