	Probing...
		Bounds: [593,4232]
		q7939 [makespan: 1163]
		q7939 [makespan: 923]
		q7939 [makespan: 886]
			nodes:      11784
			failures:   7
			peak depth: 549
			runtime:    0.153 (153.000 ms)

	Adjusting...
		Bounds: [593,886]
		Bounds: [740,886]
		q7939 [makespan: 813]
		Bounds: [740,813]
		Bounds: [777,813]
		q7939 [makespan: 795]
		Bounds: [777,795]
		q7939 [makespan: 786]
		Bounds: [777,786]
		Bounds: [782,786]
			nodes:      322442
			failures:   160972
			restarts:   15
			no-goods:   326
			peak depth: 88
			runtime:    15.001 (15001.000 ms)
				stopped due to time-out...

	Solving...
			nodes:      235766
			failures:   117821
			restarts:   7
			no-goods:   131
			peak depth: 76
			runtime:    10.716 (10716.000 ms)

	Found best solution and proved optimality.
