	Probing...
		Bounds: [593,4180]
		q7948 [makespan: 904]
		q7948 [makespan: 815]
			nodes:      12452
			failures:   6
			peak depth: 535
			runtime:    0.151 (151.000 ms)

	Adjusting...
		Bounds: [593,815]
		Bounds: [705,815]
		Bounds: [761,815]
		q7948 [makespan: 788]
		Bounds: [761,788]
		Bounds: [775,788]
		q7948 [makespan: 779]
		Bounds: [775,779]
			nodes:      20366
			failures:   10119
			restarts:   0
			no-goods:   0
			peak depth: 82
			runtime:    0.853 (853.000 ms)

	Found best solution and proved optimality.
