	Probing...
		Bounds: [576,3926]
		q8000 [makespan: 791]
		q8000 [makespan: 749]
		q8000 [makespan: 730]
			nodes:      12178
			failures:   0
			peak depth: 543
			runtime:    0.150 (150.000 ms)

	Adjusting...
		Bounds: [576,730]
		Bounds: [654,730]
		q8000 [makespan: 689]
		Bounds: [654,689]
		Bounds: [672,689]
		q8000 [makespan: 680]
		Bounds: [672,680]
		Bounds: [677,680]
		Bounds: [679,680]
			nodes:      4925
			failures:   2396
			restarts:   0
			no-goods:   0
			peak depth: 85
			runtime:    0.221 (221.000 ms)

	Found best solution and proved optimality.
