	Probing...
		Bounds: [599,3961]
		q8002 [makespan: 1089]
		q8002 [makespan: 812]
			nodes:      12126
			failures:   6
			peak depth: 551
			runtime:    0.149 (149.000 ms)

	Adjusting...
		Bounds: [599,812]
		Bounds: [706,812]
		Bounds: [760,812]
		q8002 [makespan: 782]
		Bounds: [760,782]
		q8002 [makespan: 771]
		Bounds: [760,771]
		Bounds: [766,771]
		q8002 [makespan: 768]
		Bounds: [766,768]
			nodes:      371241
			failures:   185344
			restarts:   19
			no-goods:   297
			peak depth: 89
			runtime:    14.784 (14784.000 ms)

	Solving...
			nodes:      0
			failures:   1
			restarts:   0
			no-goods:   0
			peak depth: 0
			runtime:    0.001 (1.000 ms)

	Found best solution and proved optimality.
