	Probing...
		Bounds: [551,4046]
		q8033 [makespan: 985]
		q8033 [makespan: 877]
		q8033 [makespan: 870]
		q8033 [makespan: 806]
		q8033 [makespan: 776]
			nodes:      12448
			failures:   7
			peak depth: 559
			runtime:    0.153 (153.000 ms)

	Adjusting...
		Bounds: [551,776]
		Bounds: [664,776]
		Bounds: [721,776]
		q8033 [makespan: 748]
		Bounds: [721,748]
		q8033 [makespan: 734]
		Bounds: [721,734]
		Bounds: [728,734]
		Bounds: [732,734]
		q8033 [makespan: 733]
		Bounds: [732,733]
		q8033 [makespan: 732]
			nodes:      12529
			failures:   6141
			restarts:   0
			no-goods:   0
			peak depth: 77
			runtime:    0.564 (564.000 ms)

	Found best solution and proved optimality.
