	Probing...
		Bounds: [698,4574]
		q8071 [makespan: 1049]
		q8071 [makespan: 961]
			nodes:      12208
			failures:   5
			peak depth: 539
			runtime:    0.151 (151.000 ms)

	Adjusting...
		Bounds: [698,961]
		Bounds: [830,961]
		q8071 [makespan: 890]
		Bounds: [830,890]
		q8071 [makespan: 853]
		Bounds: [830,853]
		Bounds: [842,853]
		Bounds: [848,853]
		Bounds: [851,853]
			nodes:      1931
			failures:   900
			restarts:   0
			no-goods:   0
			peak depth: 70
			runtime:    0.097 (97.000 ms)

	Solving...
			nodes:      0
			failures:   1
			restarts:   0
			no-goods:   0
			peak depth: 0
			runtime:    0.000 (0.000 ms)

	Found best solution and proved optimality.
