	Probing...
		Bounds: [531,3821]
		q8144 [makespan: 1004]
		q8144 [makespan: 840]
		q8144 [makespan: 834]
			nodes:      31748
			failures:   10010
			peak depth: 508
			runtime:    0.426 (426.000 ms)

	Adjusting...
		Bounds: [531,834]
		Bounds: [683,834]
		q8144 [makespan: 756]
		Bounds: [683,756]
		Bounds: [720,756]
		q8144 [makespan: 737]
		Bounds: [720,737]
		Bounds: [729,737]
		q8144 [makespan: 733]
		Bounds: [729,733]
		q8144 [makespan: 729]
			nodes:      10672
			failures:   5176
			restarts:   0
			no-goods:   0
			peak depth: 96
			runtime:    0.472 (472.000 ms)

	Solving...
			nodes:      0
			failures:   1
			restarts:   0
			no-goods:   0
			peak depth: 0
			runtime:    0.000 (0.000 ms)

	Found best solution and proved optimality.
