	Probing...
		Bounds: [598,4053]
		q8149 [makespan: 821]
		q8149 [makespan: 763]
			nodes:      12420
			failures:   3
			peak depth: 546
			runtime:    0.150 (150.000 ms)

	Adjusting...
		Bounds: [598,763]
		Bounds: [681,763]
		q8149 [makespan: 721]
		Bounds: [681,721]
		q8149 [makespan: 700]
		Bounds: [681,700]
		Bounds: [691,700]
		Bounds: [696,700]
			nodes:      3651
			failures:   1755
			restarts:   0
			no-goods:   0
			peak depth: 83
			runtime:    0.169 (169.000 ms)

	Found best solution and proved optimality.
