	Probing...
		Bounds: [692,4542]
		q8167 [makespan: 1046]
		q8167 [makespan: 1027]
		q8167 [makespan: 996]
		q8167 [makespan: 978]
		q8167 [makespan: 955]
			nodes:      12455
			failures:   5
			peak depth: 537
			runtime:    0.153 (153.000 ms)

	Adjusting...
		Bounds: [692,955]
		Bounds: [824,955]
		q8167 [makespan: 887]
		Bounds: [824,887]
		Bounds: [856,887]
		q8167 [makespan: 871]
		Bounds: [856,871]
		Bounds: [864,871]
		q8167 [makespan: 867]
		Bounds: [864,867]
			nodes:      214
			failures:   13
			restarts:   0
			no-goods:   0
			peak depth: 71
			runtime:    0.005 (5.000 ms)

	Found best solution and proved optimality.
