	Probing...
		Bounds: [592,3973]
		q8179 [makespan: 828]
			nodes:      11987
			failures:   6
			peak depth: 525
			runtime:    0.146 (146.000 ms)

	Adjusting...
		Bounds: [592,828]
		Bounds: [711,828]
		Bounds: [770,828]
		q8179 [makespan: 796]
		Bounds: [770,796]
		q8179 [makespan: 782]
		Bounds: [770,782]
		Bounds: [777,782]
		q8179 [makespan: 779]
		Bounds: [777,779]
			nodes:      16988
			failures:   8370
			restarts:   0
			no-goods:   0
			peak depth: 104
			runtime:    0.761 (761.000 ms)

	Solving...
			nodes:      0
			failures:   1
			restarts:   0
			no-goods:   0
			peak depth: 0
			runtime:    0.000 (0.000 ms)

	Found best solution and proved optimality.
