	Probing...
		Bounds: [533,3594]
		q8219 [makespan: 858]
		q8219 [makespan: 755]
		q8219 [makespan: 743]
		q8219 [makespan: 740]
		q8219 [makespan: 738]
		q8219 [makespan: 728]
			nodes:      12132
			failures:   6
			peak depth: 534
			runtime:    0.148 (148.000 ms)

	Adjusting...
		Bounds: [533,728]
		Bounds: [631,728]
		q8219 [makespan: 673]
		Bounds: [631,673]
		q8219 [makespan: 652]
		Bounds: [631,652]
		q8219 [makespan: 641]
		Bounds: [631,641]
		Bounds: [637,641]
			nodes:      230
			failures:   19
			restarts:   0
			no-goods:   0
			peak depth: 71
			runtime:    0.007 (7.000 ms)

	Found best solution and proved optimality.
