	Probing...
		Bounds: [696,4441]
		q8224 [makespan: 994]
		q8224 [makespan: 887]
		q8224 [makespan: 832]
			nodes:      32520
			failures:   10002
			peak depth: 564
			runtime:    0.570 (570.000 ms)

	Adjusting...
		Bounds: [696,832]
		Bounds: [765,832]
		q8224 [makespan: 796]
		Bounds: [765,796]
		Bounds: [781,796]
		q8224 [makespan: 786]
		Bounds: [781,786]
		q8224 [makespan: 781]
			nodes:      235
			failures:   22
			restarts:   0
			no-goods:   0
			peak depth: 75
			runtime:    0.006 (6.000 ms)

	Found best solution and proved optimality.
