	Probing...
		Bounds: [635,4288]
		q8315 [makespan: 998]
		q8315 [makespan: 842]
			nodes:      12207
			failures:   7
			peak depth: 536
			runtime:    0.151 (151.000 ms)

	Adjusting...
		Bounds: [635,842]
		Bounds: [739,842]
		q8315 [makespan: 790]
		Bounds: [739,790]
		q8315 [makespan: 761]
		Bounds: [739,761]
		Bounds: [751,761]
		q8315 [makespan: 755]
		Bounds: [751,755]
			nodes:      6749
			failures:   3260
			restarts:   0
			no-goods:   0
			peak depth: 89
			runtime:    0.298 (298.000 ms)

	Found best solution and proved optimality.
