	Probing...
		Bounds: [659,4407]
		q8343 [makespan: 958]
		q8343 [makespan: 921]
		q8343 [makespan: 915]
		q8343 [makespan: 907]
			nodes:      12576
			failures:   3
			peak depth: 564
			runtime:    0.151 (151.000 ms)

	Adjusting...
		Bounds: [659,907]
		Bounds: [784,907]
		q8343 [makespan: 842]
		Bounds: [784,842]
		Bounds: [814,842]
		q8343 [makespan: 827]
		Bounds: [814,827]
		Bounds: [821,827]
		Bounds: [825,827]
		q8343 [makespan: 826]
		Bounds: [825,826]
			nodes:      22530
			failures:   11165
			restarts:   0
			no-goods:   0
			peak depth: 82
			runtime:    1.122 (1122.000 ms)

	Found best solution and proved optimality.
