	Probing...
		Bounds: [729,4499]
		q8344 [makespan: 1269]
		q8344 [makespan: 1190]
		q8344 [makespan: 1124]
		q8344 [makespan: 1095]
		q8344 [makespan: 1080]
		q8344 [makespan: 1076]
			nodes:      12165
			failures:   5
			peak depth: 549
			runtime:    0.153 (153.000 ms)

	Adjusting...
		Bounds: [729,1076]
		Bounds: [903,1076]
		q8344 [makespan: 988]
		Bounds: [903,988]
		q8344 [makespan: 944]
		Bounds: [903,944]
		Bounds: [924,944]
		Bounds: [935,944]
		q8344 [makespan: 939]
		Bounds: [935,939]
		q8344 [makespan: 937]
		Bounds: [935,937]
			nodes:      7857
			failures:   3795
			restarts:   0
			no-goods:   0
			peak depth: 87
			runtime:    0.366 (366.000 ms)

	Found best solution and proved optimality.
