	Probing...
		Bounds: [607,3968]
		q8398 [makespan: 988]
		q8398 [makespan: 856]
		q8398 [makespan: 848]
		q8398 [makespan: 830]
			nodes:      12272
			failures:   7
			peak depth: 546
			runtime:    0.148 (148.000 ms)

	Adjusting...
		Bounds: [607,830]
		Bounds: [719,830]
		q8398 [makespan: 773]
		Bounds: [719,773]
		q8398 [makespan: 746]
		Bounds: [719,746]
		q8398 [makespan: 731]
		Bounds: [719,731]
		q8398 [makespan: 725]
		Bounds: [719,725]
		q8398 [makespan: 722]
		Bounds: [719,722]
		q8398 [makespan: 720]
			nodes:      496
			failures:   50
			restarts:   0
			no-goods:   0
			peak depth: 82
			runtime:    0.012 (12.000 ms)

	Found best solution and proved optimality.
