	Probing...
		Bounds: [574,3696]
		q8457 [makespan: 748]
		q8457 [makespan: 701]
			nodes:      12069
			failures:   2
			peak depth: 538
			runtime:    0.144 (144.000 ms)

	Adjusting...
		Bounds: [574,701]
		Bounds: [638,701]
		Bounds: [670,701]
		q8457 [makespan: 685]
		Bounds: [670,685]
		q8457 [makespan: 675]
		Bounds: [670,675]
		Bounds: [673,675]
			nodes:      601
			failures:   235
			restarts:   0
			no-goods:   0
			peak depth: 70
			runtime:    0.016 (16.000 ms)

	Found best solution and proved optimality.
