	Probing...
		Bounds: [634,4065]
		q8463 [makespan: 883]
		q8463 [makespan: 832]
		q8463 [makespan: 818]
		q8463 [makespan: 806]
		q8463 [makespan: 786]
			nodes:      12321
			failures:   9
			peak depth: 566
			runtime:    0.150 (150.000 ms)

	Adjusting...
		Bounds: [634,786]
		Bounds: [711,786]
		q8463 [makespan: 747]
		Bounds: [711,747]
		q8463 [makespan: 729]
		Bounds: [711,729]
		Bounds: [721,729]
		Bounds: [726,729]
		q8463 [makespan: 727]
			nodes:      334
			failures:   66
			restarts:   0
			no-goods:   0
			peak depth: 86
			runtime:    0.011 (11.000 ms)

	Found best solution and proved optimality.
