	Probing...
		Bounds: [612,3773]
		q8483 [makespan: 990]
		q8483 [makespan: 758]
			nodes:      12131
			failures:   10
			peak depth: 531
			runtime:    0.149 (149.000 ms)

	Adjusting...
		Bounds: [612,758]
		Bounds: [686,758]
		q8483 [makespan: 718]
		Bounds: [686,718]
		Bounds: [703,718]
		q8483 [makespan: 709]
		Bounds: [703,709]
		q8483 [makespan: 706]
		Bounds: [703,706]
		q8483 [makespan: 704]
			nodes:      17297
			failures:   8491
			restarts:   1
			no-goods:   15
			peak depth: 85
			runtime:    0.676 (676.000 ms)

	Found best solution and proved optimality.
