	Probing...
		Bounds: [602,4232]
		q8500 [makespan: 1129]
		q8500 [makespan: 927]
		q8500 [makespan: 904]
		q8500 [makespan: 886]
			nodes:      12061
			failures:   3
			peak depth: 527
			runtime:    0.150 (150.000 ms)

	Adjusting...
		Bounds: [602,886]
		Bounds: [745,886]
		q8500 [makespan: 815]
		Bounds: [745,815]
		Bounds: [781,815]
		q8500 [makespan: 797]
		Bounds: [781,797]
		q8500 [makespan: 788]
		Bounds: [781,788]
		q8500 [makespan: 784]
		Bounds: [781,784]
			nodes:      452
			failures:   97
			restarts:   0
			no-goods:   0
			peak depth: 82
			runtime:    0.018 (18.000 ms)

	Found best solution and proved optimality.
