	Probing...
		Bounds: [488,3248]
		q8520 [makespan: 627]
		q8520 [makespan: 625]
		q8520 [makespan: 578]
			nodes:      12209
			failures:   4
			peak depth: 541
			runtime:    0.148 (148.000 ms)

	Adjusting...
		Bounds: [488,578]
		Bounds: [534,578]
		Bounds: [557,578]
		q8520 [makespan: 566]
		Bounds: [557,566]
		Bounds: [562,566]
			nodes:      1630
			failures:   788
			restarts:   0
			no-goods:   0
			peak depth: 63
			runtime:    0.070 (70.000 ms)

	Found best solution and proved optimality.
