	Probing...
		Bounds: [576,4192]
		q8547 [makespan: 870]
		q8547 [makespan: 860]
		q8547 [makespan: 855]
		q8547 [makespan: 829]
			nodes:      12200
			failures:   8
			peak depth: 545
			runtime:    0.151 (151.000 ms)

	Adjusting...
		Bounds: [576,829]
		Bounds: [703,829]
		q8547 [makespan: 762]
		Bounds: [703,762]
		Bounds: [733,762]
		Bounds: [748,762]
		q8547 [makespan: 754]
		Bounds: [748,754]
		Bounds: [752,754]
			nodes:      19590
			failures:   9733
			restarts:   0
			no-goods:   0
			peak depth: 76
			runtime:    0.952 (952.000 ms)

	Found best solution and proved optimality.
