	Probing...
		Bounds: [581,3844]
		q8541 [makespan: 991]
		q8541 [makespan: 818]
		q8541 [makespan: 799]
		q8541 [makespan: 797]
			nodes:      12343
			failures:   3
			peak depth: 524
			runtime:    0.150 (150.000 ms)

	Adjusting...
		Bounds: [581,797]
		Bounds: [690,797]
		q8541 [makespan: 741]
		Bounds: [690,741]
		q8541 [makespan: 715]
		Bounds: [690,715]
		Bounds: [703,715]
		q8541 [makespan: 709]
		Bounds: [703,709]
		Bounds: [707,709]
			nodes:      6141
			failures:   2971
			restarts:   0
			no-goods:   0
			peak depth: 77
			runtime:    0.254 (254.000 ms)

	Solving...
			nodes:      0
			failures:   1
			restarts:   0
			no-goods:   0
			peak depth: 0
			runtime:    0.000 (0.000 ms)

	Found best solution and proved optimality.
