	Probing...
		Bounds: [667,3958]
		q8611 [makespan: 871]
		q8611 [makespan: 869]
		q8611 [makespan: 813]
		q8611 [makespan: 751]
			nodes:      12200
			failures:   3
			peak depth: 534
			runtime:    0.150 (150.000 ms)

	Adjusting...
		Bounds: [667,751]
		Bounds: [710,751]
		Bounds: [731,751]
		q8611 [makespan: 741]
		Bounds: [731,741]
		Bounds: [737,741]
		q8611 [makespan: 739]
		Bounds: [737,739]
		q8611 [makespan: 737]
			nodes:      2654
			failures:   1242
			restarts:   0
			no-goods:   0
			peak depth: 79
			runtime:    0.140 (140.000 ms)

	Solving...
			nodes:      0
			failures:   1
			restarts:   0
			no-goods:   0
			peak depth: 0
			runtime:    0.000 (0.000 ms)

	Found best solution and proved optimality.
