	Probing...
		Bounds: [620,3874]
		q8626 [makespan: 1004]
		q8626 [makespan: 812]
			nodes:      12009
			failures:   6
			peak depth: 524
			runtime:    0.154 (154.000 ms)

	Adjusting...
		Bounds: [620,812]
		Bounds: [717,812]
		q8626 [makespan: 763]
		Bounds: [717,763]
		q8626 [makespan: 739]
		Bounds: [717,739]
		q8626 [makespan: 727]
		Bounds: [717,727]
		q8626 [makespan: 722]
		Bounds: [717,722]
		Bounds: [720,722]
		q8626 [makespan: 721]
			nodes:      213987
			failures:   106680
			restarts:   10
			no-goods:   118
			peak depth: 97
			runtime:    9.273 (9273.000 ms)

	Found best solution and proved optimality.
