	Probing...
		Bounds: [621,3874]
		q8626 [makespan: 1004]
		q8626 [makespan: 812]
			nodes:      12009
			failures:   6
			peak depth: 524
			runtime:    0.157 (157.000 ms)

	Adjusting...
		Bounds: [621,812]
		Bounds: [717,812]
		q8626 [makespan: 759]
		Bounds: [717,759]
		q8626 [makespan: 737]
		Bounds: [717,737]
		q8626 [makespan: 727]
		Bounds: [717,727]
		q8626 [makespan: 722]
		Bounds: [717,722]
		Bounds: [720,722]
		q8626 [makespan: 721]
		Bounds: [720,721]
			nodes:      84939
			failures:   42249
			restarts:   4
			no-goods:   37
			peak depth: 87
			runtime:    3.769 (3769.000 ms)

	Found best solution and proved optimality.
