	Probing...
		Bounds: [642,4315]
		q8665 [makespan: 947]
		q8665 [makespan: 857]
		q8665 [makespan: 844]
		q8665 [makespan: 825]
			nodes:      12262
			failures:   4
			peak depth: 533
			runtime:    0.148 (148.000 ms)

	Adjusting...
		Bounds: [642,825]
		Bounds: [734,825]
		q8665 [makespan: 779]
		Bounds: [734,779]
		Bounds: [757,779]
		q8665 [makespan: 768]
		Bounds: [757,768]
		Bounds: [763,768]
		Bounds: [766,768]
			nodes:      2904
			failures:   1401
			restarts:   0
			no-goods:   0
			peak depth: 58
			runtime:    0.114 (114.000 ms)

	Solving...
			nodes:      0
			failures:   1
			restarts:   0
			no-goods:   0
			peak depth: 0
			runtime:    0.000 (0.000 ms)

	Found best solution and proved optimality.
