	Probing...
		Bounds: [553,4062]
		q8681 [makespan: 1052]
		q8681 [makespan: 885]
		q8681 [makespan: 879]
		q8681 [makespan: 852]
		q8681 [makespan: 847]
		q8681 [makespan: 835]
		q8681 [makespan: 819]
		q8681 [makespan: 799]
			nodes:      12245
			failures:   8
			peak depth: 561
			runtime:    0.149 (149.000 ms)

	Adjusting...
		Bounds: [553,799]
		Bounds: [677,799]
		q8681 [makespan: 736]
		Bounds: [677,736]
		Bounds: [707,736]
		Bounds: [722,736]
		q8681 [makespan: 729]
		Bounds: [722,729]
		Bounds: [726,729]
		q8681 [makespan: 727]
			nodes:      5134
			failures:   2464
			restarts:   0
			no-goods:   0
			peak depth: 78
			runtime:    0.237 (237.000 ms)

	Found best solution and proved optimality.
