	Probing...
		Bounds: [597,4238]
		q8790 [makespan: 961]
		q8790 [makespan: 886]
		q8790 [makespan: 875]
		q8790 [makespan: 860]
			nodes:      12523
			failures:   5
			peak depth: 565
			runtime:    0.154 (154.000 ms)

	Adjusting...
		Bounds: [597,860]
		Bounds: [729,860]
		q8790 [makespan: 790]
		Bounds: [729,790]
		q8790 [makespan: 757]
		Bounds: [729,757]
		Bounds: [744,757]
		q8790 [makespan: 750]
		Bounds: [744,750]
		Bounds: [748,750]
		q8790 [makespan: 749]
		Bounds: [748,749]
			nodes:      42588
			failures:   21146
			restarts:   2
			no-goods:   16
			peak depth: 90
			runtime:    2.016 (2016.000 ms)

	Found best solution and proved optimality.
