	Probing...
		Bounds: [509,3473]
		q8804 [makespan: 793]
		q8804 [makespan: 787]
		q8804 [makespan: 766]
		q8804 [makespan: 730]
		q8804 [makespan: 724]
			nodes:      12150
			failures:   6
			peak depth: 541
			runtime:    0.152 (152.000 ms)

	Adjusting...
		Bounds: [509,724]
		Bounds: [617,724]
		q8804 [makespan: 668]
		Bounds: [617,668]
		Bounds: [643,668]
		Bounds: [656,668]
		Bounds: [663,668]
		Bounds: [666,668]
		q8804 [makespan: 667]
			nodes:      19068
			failures:   9468
			restarts:   1
			no-goods:   5
			peak depth: 84
			runtime:    0.732 (732.000 ms)

	Found best solution and proved optimality.
