	Probing...
		Bounds: [606,3910]
		q8868 [makespan: 849]
		q8868 [makespan: 837]
		q8868 [makespan: 784]
		q8868 [makespan: 780]
		q8868 [makespan: 779]
			nodes:      12051
			failures:   3
			peak depth: 541
			runtime:    0.150 (150.000 ms)

	Adjusting...
		Bounds: [606,779]
		Bounds: [693,779]
		q8868 [makespan: 734]
		Bounds: [693,734]
		Bounds: [714,734]
		q8868 [makespan: 723]
		Bounds: [714,723]
		Bounds: [719,723]
		q8868 [makespan: 721]
		Bounds: [719,721]
			nodes:      1154
			failures:   475
			restarts:   0
			no-goods:   0
			peak depth: 86
			runtime:    0.048 (48.000 ms)

	Solving...
			nodes:      0
			failures:   1
			restarts:   0
			no-goods:   0
			peak depth: 0
			runtime:    0.000 (0.000 ms)

	Found best solution and proved optimality.
