	Probing...
		Bounds: [645,3894]
		q8909 [makespan: 970]
		q8909 [makespan: 848]
		q8909 [makespan: 817]
		q8909 [makespan: 809]
			nodes:      12318
			failures:   7
			peak depth: 521
			runtime:    0.148 (148.000 ms)

	Adjusting...
		Bounds: [645,809]
		Bounds: [728,809]
		q8909 [makespan: 766]
		Bounds: [728,766]
		q8909 [makespan: 747]
		Bounds: [728,747]
		Bounds: [738,747]
		Bounds: [743,747]
			nodes:      619
			failures:   252
			restarts:   0
			no-goods:   0
			peak depth: 82
			runtime:    0.028 (28.000 ms)

	Found best solution and proved optimality.
