	Probing...
		Bounds: [672,4138]
		q8933 [makespan: 1015]
		q8933 [makespan: 844]
		q8933 [makespan: 838]
		q8933 [makespan: 800]
			nodes:      12165
			failures:   2
			peak depth: 531
			runtime:    0.149 (149.000 ms)

	Adjusting...
		Bounds: [672,800]
		Bounds: [737,800]
		Bounds: [769,800]
		q8933 [makespan: 781]
		Bounds: [769,781]
		q8933 [makespan: 774]
		Bounds: [769,774]
		Bounds: [772,774]
		q8933 [makespan: 773]
		Bounds: [772,773]
		q8933 [makespan: 772]
			nodes:      147833
			failures:   73724
			restarts:   8
			no-goods:   135
			peak depth: 79
			runtime:    4.693 (4693.000 ms)

	Found best solution and proved optimality.
