	Probing...
		Bounds: [600,3752]
		q8941 [makespan: 719]
		q8941 [makespan: 710]
			nodes:      12236
			failures:   4
			peak depth: 534
			runtime:    0.153 (153.000 ms)

	Adjusting...
		Bounds: [600,710]
		q8941 [makespan: 655]
		Bounds: [600,655]
		Bounds: [628,655]
		Bounds: [642,655]
		Bounds: [649,655]
		q8941 [makespan: 652]
		Bounds: [649,652]
		q8941 [makespan: 650]
			nodes:      373
			failures:   97
			restarts:   0
			no-goods:   0
			peak depth: 65
			runtime:    0.012 (12.000 ms)

	Found best solution and proved optimality.
