	Probing...
		Bounds: [599,4062]
		q8968 [makespan: 1044]
		q8968 [makespan: 845]
			nodes:      31875
			failures:   10018
			peak depth: 531
			runtime:    0.496 (496.000 ms)

	Adjusting...
		Bounds: [599,845]
		Bounds: [723,845]
		q8968 [makespan: 783]
		Bounds: [723,783]
		q8968 [makespan: 753]
		Bounds: [723,753]
		Bounds: [739,753]
		q8968 [makespan: 745]
		Bounds: [739,745]
		q8968 [makespan: 742]
		Bounds: [739,742]
		q8968 [makespan: 740]
		Bounds: [739,740]
			nodes:      22884
			failures:   11285
			restarts:   0
			no-goods:   0
			peak depth: 89
			runtime:    1.140 (1140.000 ms)

	Found best solution and proved optimality.
