	Probing...
		Bounds: [679,4720]
		q8977 [makespan: 1079]
		q8977 [makespan: 1020]
		q8977 [makespan: 956]
		q8977 [makespan: 936]
		q8977 [makespan: 928]
		q8977 [makespan: 921]
			nodes:      32179
			failures:   10007
			peak depth: 549
			runtime:    0.530 (530.000 ms)

	Adjusting...
		Bounds: [679,921]
		Bounds: [801,921]
		q8977 [makespan: 861]
		Bounds: [801,861]
		Bounds: [832,861]
		q8977 [makespan: 846]
		Bounds: [832,846]
		Bounds: [840,846]
		Bounds: [844,846]
		q8977 [makespan: 845]
			nodes:      34229
			failures:   17021
			restarts:   1
			no-goods:   25
			peak depth: 68
			runtime:    1.469 (1469.000 ms)

	Found best solution and proved optimality.
