	Probing...
		Bounds: [691,4263]
		q9020 [makespan: 1162]
		q9020 [makespan: 1043]
		q9020 [makespan: 1008]
		q9020 [makespan: 956]
		q9020 [makespan: 918]
		q9020 [makespan: 908]
		q9020 [makespan: 853]
		q9020 [makespan: 840]
			nodes:      12458
			failures:   9
			peak depth: 536
			runtime:    0.153 (153.000 ms)

	Adjusting...
		Bounds: [691,840]
		Bounds: [766,840]
		Bounds: [804,840]
		q9020 [makespan: 820]
		Bounds: [804,820]
		q9020 [makespan: 806]
		Bounds: [804,806]
			nodes:      14724
			failures:   7302
			restarts:   0
			no-goods:   0
			peak depth: 70
			runtime:    0.715 (715.000 ms)

	Solving...
			nodes:      0
			failures:   1
			restarts:   0
			no-goods:   0
			peak depth: 0
			runtime:    0.000 (0.000 ms)

	Found best solution and proved optimality.
