	Probing...
		Bounds: [560,3837]
		q9023 [makespan: 799]
		q9023 [makespan: 780]
		q9023 [makespan: 715]
			nodes:      31925
			failures:   10010
			peak depth: 539
			runtime:    0.447 (447.000 ms)

	Adjusting...
		Bounds: [560,715]
		Bounds: [638,715]
		Bounds: [677,715]
		q9023 [makespan: 694]
		Bounds: [677,694]
		Bounds: [686,694]
		q9023 [makespan: 690]
		Bounds: [686,690]
		q9023 [makespan: 688]
		Bounds: [686,688]
		q9023 [makespan: 687]
			nodes:      416
			failures:   102
			restarts:   0
			no-goods:   0
			peak depth: 65
			runtime:    0.016 (16.000 ms)

	Found best solution and proved optimality.
