	Probing...
		Bounds: [630,3830]
		q9039 [makespan: 922]
		q9039 [makespan: 814]
		q9039 [makespan: 776]
		q9039 [makespan: 699]
			nodes:      12050
			failures:   3
			peak depth: 535
			runtime:    0.144 (144.000 ms)

	Adjusting...
		Bounds: [630,699]
		Bounds: [665,699]
		q9039 [makespan: 682]
		Bounds: [665,682]
		Bounds: [674,682]
		Bounds: [679,682]
		q9039 [makespan: 680]
		Bounds: [679,680]
			nodes:      274
			failures:   85
			restarts:   0
			no-goods:   0
			peak depth: 67
			runtime:    0.011 (11.000 ms)

	Found best solution and proved optimality.
