	Probing...
		Bounds: [549,3657]
		q9099 [makespan: 887]
		q9099 [makespan: 728]
			nodes:      12357
			failures:   4
			peak depth: 547
			runtime:    0.148 (148.000 ms)

	Adjusting...
		Bounds: [549,728]
		Bounds: [639,728]
		Bounds: [684,728]
		q9099 [makespan: 705]
		Bounds: [684,705]
		q9099 [makespan: 693]
		Bounds: [684,693]
		Bounds: [689,693]
			nodes:      2687
			failures:   1267
			restarts:   0
			no-goods:   0
			peak depth: 95
			runtime:    0.099 (99.000 ms)

	Found best solution and proved optimality.
