	Probing...
		Bounds: [591,3913]
		q9143 [makespan: 938]
		q9143 [makespan: 876]
		q9143 [makespan: 857]
			nodes:      12037
			failures:   4
			peak depth: 537
			runtime:    0.154 (154.000 ms)

	Adjusting...
		Bounds: [591,857]
		Bounds: [725,857]
		q9143 [makespan: 791]
		Bounds: [725,791]
		q9143 [makespan: 758]
		Bounds: [725,758]
		Bounds: [742,758]
		Bounds: [751,758]
		q9143 [makespan: 754]
		Bounds: [751,754]
		Bounds: [753,754]
		q9143 [makespan: 753]
			nodes:      45286
			failures:   22521
			restarts:   1
			no-goods:   12
			peak depth: 68
			runtime:    2.348 (2348.000 ms)

	Found best solution and proved optimality.
