	Probing...
		Bounds: [673,4014]
		q9164 [makespan: 904]
		q9164 [makespan: 867]
		q9164 [makespan: 861]
		q9164 [makespan: 846]
			nodes:      11878
			failures:   4
			peak depth: 517
			runtime:    0.154 (154.000 ms)

	Adjusting...
		Bounds: [673,846]
		Bounds: [760,846]
		q9164 [makespan: 803]
		Bounds: [760,803]
		q9164 [makespan: 781]
		Bounds: [760,781]
		q9164 [makespan: 768]
		Bounds: [760,768]
		q9164 [makespan: 762]
		Bounds: [760,762]
		q9164 [makespan: 760]
			nodes:      2857
			failures:   1259
			restarts:   0
			no-goods:   0
			peak depth: 92
			runtime:    0.140 (140.000 ms)

	Solving...
			nodes:      0
			failures:   1
			restarts:   0
			no-goods:   0
			peak depth: 0
			runtime:    0.000 (0.000 ms)

	Found best solution and proved optimality.
