	Probing...
		Bounds: [638,4249]
		q9215 [makespan: 997]
		q9215 [makespan: 964]
		q9215 [makespan: 945]
		q9215 [makespan: 847]
		q9215 [makespan: 846]
		q9215 [makespan: 817]
			nodes:      12458
			failures:   2
			peak depth: 542
			runtime:    0.152 (152.000 ms)

	Adjusting...
		Bounds: [638,817]
		Bounds: [728,817]
		q9215 [makespan: 772]
		Bounds: [728,772]
		Bounds: [751,772]
		q9215 [makespan: 758]
		Bounds: [751,758]
		Bounds: [755,758]
		q9215 [makespan: 756]
		Bounds: [755,756]
			nodes:      408
			failures:   114
			restarts:   0
			no-goods:   0
			peak depth: 67
			runtime:    0.013 (13.000 ms)

	Found best solution and proved optimality.
