	Probing...
		Bounds: [608,3994]
		q9212 [makespan: 944]
		q9212 [makespan: 859]
		q9212 [makespan: 854]
		q9212 [makespan: 835]
			nodes:      12307
			failures:   2
			peak depth: 535
			runtime:    0.153 (153.000 ms)

	Adjusting...
		Bounds: [608,835]
		Bounds: [722,835]
		q9212 [makespan: 776]
		Bounds: [722,776]
		Bounds: [750,776]
		q9212 [makespan: 762]
		Bounds: [750,762]
		Bounds: [757,762]
		q9212 [makespan: 758]
			nodes:      25404
			failures:   12590
			restarts:   1
			no-goods:   13
			peak depth: 88
			runtime:    1.151 (1151.000 ms)

	Found best solution and proved optimality.
