	Probing...
		Bounds: [575,3635]
		q9258 [makespan: 1055]
		q9258 [makespan: 731]
		q9258 [makespan: 719]
			nodes:      12100
			failures:   5
			peak depth: 535
			runtime:    0.150 (150.000 ms)

	Adjusting...
		Bounds: [575,719]
		Bounds: [648,719]
		q9258 [makespan: 683]
		Bounds: [648,683]
		q9258 [makespan: 663]
		Bounds: [648,663]
		q9258 [makespan: 655]
		Bounds: [648,655]
		Bounds: [652,655]
		Bounds: [654,655]
			nodes:      2035
			failures:   924
			restarts:   0
			no-goods:   0
			peak depth: 76
			runtime:    0.084 (84.000 ms)

	Found best solution and proved optimality.
