	Probing...
		Bounds: [510,3783]
		q9272 [makespan: 879]
		q9272 [makespan: 826]
		q9272 [makespan: 809]
		q9272 [makespan: 778]
		q9272 [makespan: 777]
		q9272 [makespan: 755]
			nodes:      12182
			failures:   1
			peak depth: 516
			runtime:    0.151 (151.000 ms)

	Adjusting...
		Bounds: [510,755]
		Bounds: [633,755]
		q9272 [makespan: 694]
		Bounds: [633,694]
		Bounds: [664,694]
		Bounds: [680,694]
		Bounds: [688,694]
		Bounds: [692,694]
			nodes:      23362
			failures:   11645
			restarts:   1
			no-goods:   15
			peak depth: 80
			runtime:    1.002 (1003.000 ms)

	Solving...
			nodes:      0
			failures:   1
			restarts:   0
			no-goods:   0
			peak depth: 0
			runtime:    0.000 (0.000 ms)

	Found best solution and proved optimality.
