	Probing...
		Bounds: [592,4081]
		q9281 [makespan: 998]
		q9281 [makespan: 897]
		q9281 [makespan: 874]
		q9281 [makespan: 822]
		q9281 [makespan: 799]
			nodes:      12186
			failures:   5
			peak depth: 542
			runtime:    0.151 (151.000 ms)

	Adjusting...
		Bounds: [592,799]
		Bounds: [696,799]
		q9281 [makespan: 746]
		Bounds: [696,746]
		q9281 [makespan: 721]
		Bounds: [696,721]
		Bounds: [709,721]
		Bounds: [716,721]
		Bounds: [719,721]
		q9281 [makespan: 719]
			nodes:      1846
			failures:   831
			restarts:   0
			no-goods:   0
			peak depth: 75
			runtime:    0.082 (82.000 ms)

	Solving...
			nodes:      0
			failures:   1
			restarts:   0
			no-goods:   0
			peak depth: 0
			runtime:    0.000 (0.000 ms)

	Found best solution and proved optimality.
