	Probing...
		Bounds: [551,3822]
		q9324 [makespan: 892]
		q9324 [makespan: 838]
		q9324 [makespan: 815]
		q9324 [makespan: 803]
		q9324 [makespan: 800]
		q9324 [makespan: 760]
			nodes:      12286
			failures:   6
			peak depth: 525
			runtime:    0.152 (152.000 ms)

	Adjusting...
		Bounds: [551,760]
		Bounds: [656,760]
		q9324 [makespan: 708]
		Bounds: [656,708]
		Bounds: [683,708]
		Bounds: [696,708]
		Bounds: [703,708]
		Bounds: [706,708]
			nodes:      1673
			failures:   811
			restarts:   0
			no-goods:   0
			peak depth: 59
			runtime:    0.069 (69.000 ms)

	Solving...
			nodes:      0
			failures:   1
			restarts:   0
			no-goods:   0
			peak depth: 0
			runtime:    0.000 (0.000 ms)

	Found best solution and proved optimality.
