	Probing...
		Bounds: [515,3202]
		q9340 [makespan: 833]
		q9340 [makespan: 749]
		q9340 [makespan: 738]
		q9340 [makespan: 659]
			nodes:      11926
			failures:   3
			peak depth: 522
			runtime:    0.148 (148.000 ms)

	Adjusting...
		Bounds: [515,659]
		Bounds: [588,659]
		Bounds: [624,659]
		q9340 [makespan: 641]
		Bounds: [624,641]
		q9340 [makespan: 632]
		Bounds: [624,632]
		Bounds: [629,632]
		Bounds: [631,632]
		q9340 [makespan: 631]
			nodes:      7713
			failures:   3760
			restarts:   0
			no-goods:   0
			peak depth: 76
			runtime:    0.311 (311.000 ms)

	Found best solution and proved optimality.
