	Probing...
		Bounds: [620,4283]
		q9375 [makespan: 1171]
		q9375 [makespan: 933]
		q9375 [makespan: 931]
		q9375 [makespan: 919]
		q9375 [makespan: 912]
		q9375 [makespan: 840]
			nodes:      12503
			failures:   6
			peak depth: 542
			runtime:    0.154 (154.000 ms)

	Adjusting...
		Bounds: [620,840]
		Bounds: [731,840]
		Bounds: [786,840]
		q9375 [makespan: 813]
		Bounds: [786,813]
		q9375 [makespan: 797]
		Bounds: [786,797]
		q9375 [makespan: 790]
		Bounds: [786,790]
		Bounds: [789,790]
			nodes:      34030
			failures:   16910
			restarts:   0
			no-goods:   0
			peak depth: 89
			runtime:    1.471 (1471.000 ms)

	Found best solution and proved optimality.
