	Probing...
		Bounds: [680,4426]
		q9407 [makespan: 1136]
		q9407 [makespan: 856]
		q9407 [makespan: 838]
			nodes:      12437
			failures:   8
			peak depth: 537
			runtime:    0.154 (154.000 ms)

	Adjusting...
		Bounds: [680,838]
		q9407 [makespan: 758]
		Bounds: [680,758]
		Bounds: [720,758]
		Bounds: [740,758]
		Bounds: [750,758]
		Bounds: [755,758]
		Bounds: [757,758]
		q9407 [makespan: 757]
			nodes:      182
			failures:   45
			restarts:   0
			no-goods:   0
			peak depth: 54
			runtime:    0.007 (7.000 ms)

	Found best solution and proved optimality.
