	Probing...
		Bounds: [541,3793]
		q9411 [makespan: 960]
		q9411 [makespan: 684]
			nodes:      12061
			failures:   2
			peak depth: 528
			runtime:    0.150 (150.000 ms)

	Adjusting...
		Bounds: [541,684]
		Bounds: [613,684]
		q9411 [makespan: 647]
		Bounds: [613,647]
		Bounds: [631,647]
		q9411 [makespan: 638]
		Bounds: [631,638]
		Bounds: [635,638]
			nodes:      759
			failures:   320
			restarts:   0
			no-goods:   0
			peak depth: 74
			runtime:    0.036 (36.000 ms)

	Found best solution and proved optimality.
