	Probing...
		Bounds: [582,4130]
		q9431 [makespan: 896]
		q9431 [makespan: 871]
		q9431 [makespan: 842]
			nodes:      12109
			failures:   3
			peak depth: 529
			runtime:    0.149 (149.000 ms)

	Adjusting...
		Bounds: [582,842]
		Bounds: [713,842]
		q9431 [makespan: 775]
		Bounds: [713,775]
		Bounds: [745,775]
		Bounds: [761,775]
		Bounds: [769,775]
		q9431 [makespan: 772]
		Bounds: [769,772]
		Bounds: [771,772]
			nodes:      23631
			failures:   11748
			restarts:   0
			no-goods:   0
			peak depth: 80
			runtime:    1.156 (1156.000 ms)

	Found best solution and proved optimality.
