	Probing...
		Bounds: [580,3799]
		q9459 [makespan: 804]
		q9459 [makespan: 724]
			nodes:      12287
			failures:   1
			peak depth: 551
			runtime:    0.149 (149.000 ms)

	Adjusting...
		Bounds: [580,724]
		Bounds: [653,724]
		q9459 [makespan: 688]
		Bounds: [653,688]
		Bounds: [671,688]
		q9459 [makespan: 678]
		Bounds: [671,678]
		Bounds: [675,678]
		Bounds: [677,678]
			nodes:      375
			failures:   117
			restarts:   0
			no-goods:   0
			peak depth: 81
			runtime:    0.016 (16.000 ms)

	Found best solution and proved optimality.
