	Probing...
		Bounds: [669,4375]
		q9483 [makespan: 931]
		q9483 [makespan: 832]
			nodes:      31949
			failures:   10008
			peak depth: 533
			runtime:    0.617 (617.000 ms)

	Adjusting...
		Bounds: [669,832]
		Bounds: [751,832]
		q9483 [makespan: 791]
		Bounds: [751,791]
		q9483 [makespan: 769]
		Bounds: [751,769]
		Bounds: [761,769]
		Bounds: [766,769]
		q9483 [makespan: 767]
		Bounds: [766,767]
			nodes:      4229
			failures:   2029
			restarts:   0
			no-goods:   0
			peak depth: 64
			runtime:    0.153 (153.000 ms)

	Found best solution and proved optimality.
