	Probing...
		Bounds: [585,3723]
		q9501 [makespan: 835]
		q9501 [makespan: 800]
		q9501 [makespan: 747]
			nodes:      31818
			failures:   10002
			peak depth: 526
			runtime:    0.631 (631.000 ms)

	Adjusting...
		Bounds: [585,747]
		Bounds: [667,747]
		Bounds: [708,747]
		q9501 [makespan: 725]
		Bounds: [708,725]
		q9501 [makespan: 715]
		Bounds: [708,715]
		q9501 [makespan: 711]
		Bounds: [708,711]
			nodes:      8690
			failures:   4212
			restarts:   0
			no-goods:   0
			peak depth: 112
			runtime:    0.373 (373.000 ms)

	Found best solution and proved optimality.
