	Probing...
		Bounds: [585,3723]
		q9501 [makespan: 835]
		q9501 [makespan: 800]
		q9501 [makespan: 747]
			nodes:      31818
			failures:   10002
			peak depth: 526
			runtime:    0.632 (632.000 ms)

	Adjusting...
		Bounds: [585,747]
		Bounds: [667,747]
		Bounds: [708,747]
		q9501 [makespan: 727]
		Bounds: [708,727]
		q9501 [makespan: 715]
		Bounds: [708,715]
		q9501 [makespan: 711]
		Bounds: [708,711]
			nodes:      13496
			failures:   6619
			restarts:   0
			no-goods:   0
			peak depth: 113
			runtime:    0.577 (577.000 ms)

	Found best solution and proved optimality.
