	Probing...
		Bounds: [539,3929]
		q9511 [makespan: 891]
		q9511 [makespan: 810]
		q9511 [makespan: 784]
		q9511 [makespan: 782]
			nodes:      12135
			failures:   5
			peak depth: 518
			runtime:    0.149 (149.000 ms)

	Adjusting...
		Bounds: [539,782]
		Bounds: [661,782]
		q9511 [makespan: 721]
		Bounds: [661,721]
		Bounds: [692,721]
		Bounds: [707,721]
		q9511 [makespan: 714]
		Bounds: [707,714]
		Bounds: [711,714]
		q9511 [makespan: 712]
			nodes:      6184
			failures:   3014
			restarts:   0
			no-goods:   0
			peak depth: 75
			runtime:    0.275 (275.000 ms)

	Found best solution and proved optimality.
