	Probing...
		Bounds: [569,3982]
		q9517 [makespan: 935]
		q9517 [makespan: 906]
		q9517 [makespan: 894]
		q9517 [makespan: 867]
		q9517 [makespan: 859]
		q9517 [makespan: 817]
		q9517 [makespan: 807]
			nodes:      11896
			failures:   5
			peak depth: 526
			runtime:    0.149 (149.000 ms)

	Adjusting...
		Bounds: [569,807]
		Bounds: [689,807]
		q9517 [makespan: 748]
		Bounds: [689,748]
		Bounds: [719,748]
		Bounds: [734,748]
		q9517 [makespan: 738]
		Bounds: [734,738]
			nodes:      585
			failures:   233
			restarts:   0
			no-goods:   0
			peak depth: 76
			runtime:    0.028 (28.000 ms)

	Found best solution and proved optimality.
