	Probing...
		Bounds: [577,4320]
		q9528 [makespan: 859]
		q9528 [makespan: 854]
		q9528 [makespan: 846]
			nodes:      12475
			failures:   5
			peak depth: 539
			runtime:    0.151 (151.000 ms)

	Adjusting...
		Bounds: [577,846]
		Bounds: [712,846]
		Bounds: [780,846]
		q9528 [makespan: 811]
		Bounds: [780,811]
		q9528 [makespan: 793]
		Bounds: [780,793]
		q9528 [makespan: 786]
		Bounds: [780,786]
		Bounds: [784,786]
		q9528 [makespan: 785]
		Bounds: [784,785]
			nodes:      5414
			failures:   2581
			restarts:   0
			no-goods:   0
			peak depth: 71
			runtime:    0.211 (211.000 ms)

	Found best solution and proved optimality.
