	Probing...
		Bounds: [628,4061]
		q9581 [makespan: 1053]
		q9581 [makespan: 853]
		q9581 [makespan: 850]
		q9581 [makespan: 835]
		q9581 [makespan: 827]
			nodes:      12419
			failures:   5
			peak depth: 560
			runtime:    0.150 (150.000 ms)

	Adjusting...
		Bounds: [628,827]
		Bounds: [728,827]
		q9581 [makespan: 770]
		Bounds: [728,770]
		Bounds: [750,770]
		q9581 [makespan: 760]
		Bounds: [750,760]
		Bounds: [756,760]
			nodes:      609
			failures:   241
			restarts:   0
			no-goods:   0
			peak depth: 76
			runtime:    0.027 (27.000 ms)

	Found best solution and proved optimality.
