	Probing...
		Bounds: [626,3918]
		q9613 [makespan: 958]
		q9613 [makespan: 812]
		q9613 [makespan: 768]
		q9613 [makespan: 764]
		q9613 [makespan: 742]
		q9613 [makespan: 735]
			nodes:      12082
			failures:   11
			peak depth: 518
			runtime:    0.154 (154.000 ms)

	Adjusting...
		Bounds: [626,735]
		q9613 [makespan: 679]
		Bounds: [626,679]
		Bounds: [653,679]
		Bounds: [667,679]
		Bounds: [674,679]
		Bounds: [677,679]
			nodes:      1555
			failures:   749
			restarts:   0
			no-goods:   0
			peak depth: 62
			runtime:    0.066 (66.000 ms)

	Found best solution and proved optimality.
