	Probing...
		Bounds: [597,4315]
		q9664 [makespan: 1049]
		q9664 [makespan: 885]
		q9664 [makespan: 856]
			nodes:      12214
			failures:   8
			peak depth: 540
			runtime:    0.152 (152.000 ms)

	Adjusting...
		Bounds: [597,856]
		Bounds: [727,856]
		q9664 [makespan: 791]
		Bounds: [727,791]
		Bounds: [760,791]
		Bounds: [776,791]
		q9664 [makespan: 782]
		Bounds: [776,782]
		q9664 [makespan: 779]
		Bounds: [776,779]
		q9664 [makespan: 777]
			nodes:      1366
			failures:   563
			restarts:   0
			no-goods:   0
			peak depth: 84
			runtime:    0.060 (60.000 ms)

	Found best solution and proved optimality.
