	Probing...
		Bounds: [677,4628]
		q9663 [makespan: 1182]
		q9663 [makespan: 908]
		q9663 [makespan: 893]
			nodes:      12532
			failures:   0
			peak depth: 552
			runtime:    0.151 (151.000 ms)

	Adjusting...
		Bounds: [677,893]
		Bounds: [786,893]
		q9663 [makespan: 839]
		Bounds: [786,839]
		Bounds: [813,839]
		Bounds: [827,839]
		Bounds: [834,839]
		q9663 [makespan: 835]
			nodes:      487
			failures:   181
			restarts:   0
			no-goods:   0
			peak depth: 83
			runtime:    0.020 (20.000 ms)

	Found best solution and proved optimality.
