	Probing...
		Bounds: [604,4146]
		q9727 [makespan: 984]
		q9727 [makespan: 939]
		q9727 [makespan: 917]
		q9727 [makespan: 835]
		q9727 [makespan: 821]
			nodes:      12365
			failures:   3
			peak depth: 561
			runtime:    0.150 (150.000 ms)

	Adjusting...
		Bounds: [604,821]
		Bounds: [713,821]
		Bounds: [768,821]
		q9727 [makespan: 794]
		Bounds: [768,794]
		q9727 [makespan: 781]
		Bounds: [768,781]
		q9727 [makespan: 773]
		Bounds: [768,773]
		q9727 [makespan: 770]
		Bounds: [768,770]
		q9727 [makespan: 769]
		Bounds: [768,769]
			nodes:      52578
			failures:   26094
			restarts:   3
			no-goods:   65
			peak depth: 91
			runtime:    1.929 (1929.000 ms)

	Found best solution and proved optimality.
