	Probing...
		Bounds: [661,4193]
		q9733 [makespan: 879]
		q9733 [makespan: 835]
		q9733 [makespan: 833]
			nodes:      12343
			failures:   7
			peak depth: 574
			runtime:    0.153 (153.000 ms)

	Adjusting...
		Bounds: [661,833]
		q9733 [makespan: 747]
		Bounds: [661,747]
		Bounds: [705,747]
		Bounds: [727,747]
		Bounds: [738,747]
		Bounds: [743,747]
		q9733 [makespan: 745]
		Bounds: [743,745]
			nodes:      138
			failures:   7
			restarts:   0
			no-goods:   0
			peak depth: 72
			runtime:    0.003 (3.000 ms)

	Found best solution and proved optimality.
