	Probing...
		Bounds: [582,4135]
		q9742 [makespan: 880]
		q9742 [makespan: 865]
		q9742 [makespan: 845]
		q9742 [makespan: 833]
		q9742 [makespan: 811]
			nodes:      12398
			failures:   6
			peak depth: 523
			runtime:    0.148 (148.000 ms)

	Adjusting...
		Bounds: [582,811]
		Bounds: [697,811]
		q9742 [makespan: 748]
		Bounds: [697,748]
		q9742 [makespan: 722]
		Bounds: [697,722]
		Bounds: [710,722]
		q9742 [makespan: 715]
		Bounds: [710,715]
		Bounds: [713,715]
			nodes:      5536
			failures:   2664
			restarts:   0
			no-goods:   0
			peak depth: 82
			runtime:    0.279 (279.000 ms)

	Solving...
			nodes:      0
			failures:   1
			restarts:   0
			no-goods:   0
			peak depth: 0
			runtime:    0.000 (0.000 ms)

	Found best solution and proved optimality.
