	Probing...
		Bounds: [680,4599]
		q9776 [makespan: 1199]
		q9776 [makespan: 1196]
		q9776 [makespan: 1139]
		q9776 [makespan: 1100]
		q9776 [makespan: 1085]
		q9776 [makespan: 1062]
		q9776 [makespan: 1057]
		q9776 [makespan: 1031]
		q9776 [makespan: 1030]
		q9776 [makespan: 1021]
		q9776 [makespan: 1003]
			nodes:      32051
			failures:   10008
			peak depth: 555
			runtime:    0.444 (444.000 ms)

	Adjusting...
		Bounds: [680,1003]
		Bounds: [842,1003]
		q9776 [makespan: 919]
		Bounds: [842,919]
		Bounds: [881,919]
		q9776 [makespan: 899]
		Bounds: [881,899]
		q9776 [makespan: 888]
		Bounds: [881,888]
		Bounds: [885,888]
			nodes:      18717
			failures:   9256
			restarts:   0
			no-goods:   0
			peak depth: 79
			runtime:    0.829 (829.000 ms)

	Found best solution and proved optimality.
