	Probing...
		Bounds: [681,4455]
		q9779 [makespan: 1027]
		q9779 [makespan: 961]
		q9779 [makespan: 948]
		q9779 [makespan: 920]
			nodes:      12405
			failures:   4
			peak depth: 530
			runtime:    0.156 (156.000 ms)

	Adjusting...
		Bounds: [681,920]
		Bounds: [801,920]
		q9779 [makespan: 856]
		Bounds: [801,856]
		Bounds: [829,856]
		Bounds: [843,856]
		q9779 [makespan: 847]
		Bounds: [843,847]
		Bounds: [846,847]
			nodes:      1712
			failures:   790
			restarts:   0
			no-goods:   0
			peak depth: 86
			runtime:    0.067 (67.000 ms)

	Found best solution and proved optimality.
