	Probing...
		Bounds: [671,3763]
		q9797 [makespan: 964]
		q9797 [makespan: 843]
		q9797 [makespan: 795]
			nodes:      12032
			failures:   3
			peak depth: 535
			runtime:    0.147 (147.000 ms)

	Adjusting...
		Bounds: [671,795]
		Bounds: [734,795]
		q9797 [makespan: 764]
		Bounds: [734,764]
		q9797 [makespan: 748]
		Bounds: [734,748]
		Bounds: [742,748]
		q9797 [makespan: 745]
		Bounds: [742,745]
		Bounds: [744,745]
			nodes:      205
			failures:   5
			restarts:   0
			no-goods:   0
			peak depth: 72
			runtime:    0.003 (3.000 ms)

	Found best solution and proved optimality.
