	Probing...
		Bounds: [532,3738]
		q9835 [makespan: 757]
		q9835 [makespan: 750]
		q9835 [makespan: 723]
		q9835 [makespan: 710]
			nodes:      12278
			failures:   7
			peak depth: 539
			runtime:    0.149 (149.000 ms)

	Adjusting...
		Bounds: [532,710]
		Bounds: [622,710]
		q9835 [makespan: 663]
		Bounds: [622,663]
		Bounds: [643,663]
		q9835 [makespan: 652]
		Bounds: [643,652]
		Bounds: [648,652]
			nodes:      2100
			failures:   985
			restarts:   0
			no-goods:   0
			peak depth: 72
			runtime:    0.079 (79.000 ms)

	Found best solution and proved optimality.
