	Probing...
		Bounds: [574,4070]
		q9868 [makespan: 1080]
		q9868 [makespan: 881]
		q9868 [makespan: 875]
		q9868 [makespan: 830]
		q9868 [makespan: 814]
			nodes:      12340
			failures:   9
			peak depth: 551
			runtime:    0.155 (155.000 ms)

	Adjusting...
		Bounds: [574,814]
		Bounds: [695,814]
		q9868 [makespan: 754]
		Bounds: [695,754]
		Bounds: [725,754]
		Bounds: [740,754]
		q9868 [makespan: 746]
		Bounds: [740,746]
		Bounds: [744,746]
			nodes:      13503
			failures:   6683
			restarts:   0
			no-goods:   0
			peak depth: 90
			runtime:    0.667 (667.000 ms)

	Found best solution and proved optimality.
