	Probing...
		Bounds: [578,3767]
		q9863 [makespan: 809]
		q9863 [makespan: 763]
		q9863 [makespan: 749]
			nodes:      31909
			failures:   10009
			peak depth: 536
			runtime:    0.625 (625.000 ms)

	Adjusting...
		Bounds: [578,749]
		Bounds: [664,749]
		q9863 [makespan: 706]
		Bounds: [664,706]
		q9863 [makespan: 685]
		Bounds: [664,685]
		q9863 [makespan: 673]
		Bounds: [664,673]
		q9863 [makespan: 668]
		Bounds: [664,668]
			nodes:      24086
			failures:   11907
			restarts:   1
			no-goods:   15
			peak depth: 76
			runtime:    0.924 (924.000 ms)

	Found best solution and proved optimality.
