	Probing...
		Bounds: [604,4100]
		q9949 [makespan: 914]
		q9949 [makespan: 827]
		q9949 [makespan: 819]
			nodes:      12185
			failures:   2
			peak depth: 540
			runtime:    0.148 (148.000 ms)

	Adjusting...
		Bounds: [604,819]
		Bounds: [712,819]
		q9949 [makespan: 762]
		Bounds: [712,762]
		Bounds: [738,762]
		q9949 [makespan: 748]
		Bounds: [738,748]
		q9949 [makespan: 743]
		Bounds: [738,743]
		Bounds: [741,743]
			nodes:      3663
			failures:   1732
			restarts:   0
			no-goods:   0
			peak depth: 83
			runtime:    0.174 (174.000 ms)

	Solving...
			nodes:      0
			failures:   1
			restarts:   0
			no-goods:   0
			peak depth: 0
			runtime:    0.000 (0.000 ms)

	Found best solution and proved optimality.
