	Probing...
		Bounds: [600,3906]
		q9945 [makespan: 984]
		q9945 [makespan: 907]
		q9945 [makespan: 905]
		q9945 [makespan: 846]
		q9945 [makespan: 843]
		q9945 [makespan: 795]
			nodes:      31760
			failures:   10005
			peak depth: 537
			runtime:    0.633 (633.000 ms)

	Adjusting...
		Bounds: [600,795]
		Bounds: [698,795]
		q9945 [makespan: 746]
		Bounds: [698,746]
		q9945 [makespan: 720]
		Bounds: [698,720]
		Bounds: [710,720]
		Bounds: [716,720]
		q9945 [makespan: 718]
		Bounds: [716,718]
			nodes:      1329
			failures:   569
			restarts:   0
			no-goods:   0
			peak depth: 83
			runtime:    0.058 (58.000 ms)

	Solving...
			nodes:      0
			failures:   1
			restarts:   0
			no-goods:   0
			peak depth: 0
			runtime:    0.000 (0.000 ms)

	Found best solution and proved optimality.
