	Probing...
		Bounds: [744,4290]
		q9959 [makespan: 1190]
		q9959 [makespan: 990]
		q9959 [makespan: 956]
		q9959 [makespan: 941]
		q9959 [makespan: 913]
		q9959 [makespan: 906]
			nodes:      12615
			failures:   6
			peak depth: 562
			runtime:    0.152 (152.000 ms)

	Adjusting...
		Bounds: [744,906]
		Bounds: [826,906]
		Bounds: [867,906]
		q9959 [makespan: 886]
		Bounds: [867,886]
		q9959 [makespan: 876]
		Bounds: [867,876]
		Bounds: [872,876]
		q9959 [makespan: 874]
		Bounds: [872,874]
			nodes:      209
			failures:   5
			restarts:   0
			no-goods:   0
			peak depth: 75
			runtime:    0.004 (4.000 ms)

	Found best solution and proved optimality.
