	Probing...
		Bounds: [603,4096]
		q9996 [makespan: 938]
		q9996 [makespan: 862]
		q9996 [makespan: 853]
			nodes:      12366
			failures:   7
			peak depth: 550
			runtime:    0.153 (153.000 ms)

	Adjusting...
		Bounds: [603,853]
		Bounds: [729,853]
		Bounds: [792,853]
		q9996 [makespan: 821]
		Bounds: [792,821]
		q9996 [makespan: 802]
		Bounds: [792,802]
		q9996 [makespan: 797]
		Bounds: [792,797]
		Bounds: [795,797]
			nodes:      137718
			failures:   68687
			restarts:   8
			no-goods:   101
			peak depth: 95
			runtime:    5.514 (5514.000 ms)

	Solving...
			nodes:      0
			failures:   1
			restarts:   0
			no-goods:   0
			peak depth: 0
			runtime:    0.000 (0.000 ms)

	Found best solution and proved optimality.
