	Probing...
		Bounds: [624,4048]
		q9994 [makespan: 977]
		q9994 [makespan: 875]
		q9994 [makespan: 827]
		q9994 [makespan: 807]
			nodes:      12313
			failures:   8
			peak depth: 558
			runtime:    0.151 (151.000 ms)

	Adjusting...
		Bounds: [624,807]
		Bounds: [716,807]
		q9994 [makespan: 760]
		Bounds: [716,760]
		Bounds: [739,760]
		q9994 [makespan: 746]
		Bounds: [739,746]
		q9994 [makespan: 741]
		Bounds: [739,741]
			nodes:      173432
			failures:   86533
			restarts:   9
			no-goods:   155
			peak depth: 79
			runtime:    6.512 (6512.000 ms)

	Solving...
			nodes:      0
			failures:   1
			restarts:   0
			no-goods:   0
			peak depth: 0
			runtime:    0.000 (0.000 ms)

	Found best solution and proved optimality.
