	Probing...
		abz6 [makespan: 1023]
		abz6 [makespan: 975]
			nodes:      15259
			failures:   5
			peak depth: 652
			runtime:    0.221 (221.000 ms)

	Adjusting...
		Bounds: [751,975]
		Bounds: [864,975]
		Bounds: [920,975]
		abz6 [makespan: 946]
		Bounds: [920,946]
		Bounds: [934,946]
		Bounds: [941,946]
		Bounds: [944,946]
			nodes:      37388
			failures:   18650
			restarts:   1
			no-goods:   4
			peak depth: 89
			runtime:    2.405 (2405.000 ms)

	Solving...
			nodes:      0
			failures:   1
			restarts:   0
			no-goods:   0
			peak depth: 0
			runtime:    0.000 (0.000 ms)

	Found best solution and proved optimality.
