	Probing...
		ft20 [makespan: 1476]
		ft20 [makespan: 1419]
		ft20 [makespan: 1412]
		ft20 [makespan: 1388]
		ft20 [makespan: 1355]
			nodes:      53742
			failures:   20027
			peak depth: 593
			runtime:    1.470 (1470.000 ms)

	Adjusting...
		Bounds: [1118,1355]
			nodes:      1523262
			failures:   760745
			restarts:   14
			no-goods:   280
			peak depth: 281
			runtime:    2:00.002 (120002.000 ms)
				stopped due to time-out...

	Solving...
			nodes:      1643685
			failures:   820632
			restarts:   14
			no-goods:   141
			peak depth: 362
			runtime:    2:00.001 (120001.000 ms)
				stopped due to time-out...

	Solution at most 17.56% away from optimum.
