	Probing...
		Bounds: [361,2676]
		r025 [makespan: 592]
		r025 [makespan: 525]
		r025 [makespan: 499]
		r025 [makespan: 493]
		r025 [makespan: 448]
			nodes:      13521
			failures:   17
			peak depth: 592
			runtime:    0.208 (208.000 ms)

	Adjusting...
		Bounds: [361,448]
		Bounds: [405,448]
		r025 [makespan: 426]
		Bounds: [405,426]
		Bounds: [416,426]
		Bounds: [422,426]
			nodes:      32218
			failures:   16060
			restarts:   1
			no-goods:   22
			peak depth: 93
			runtime:    1.907 (1907.000 ms)

	Found best solution and proved optimality.
