	Probing...
		Bounds: [361,2676]
		r025 [makespan: 592]
		r025 [makespan: 525]
		r025 [makespan: 499]
		r025 [makespan: 493]
		r025 [makespan: 448]
			nodes:      13521
			failures:   17
			peak depth: 592
			runtime:    0.209 (209.000 ms)

	Adjusting...
		Bounds: [361,448]
		Bounds: [405,448]
		r025 [makespan: 426]
		Bounds: [405,426]
		Bounds: [416,426]
		Bounds: [422,426]
			nodes:      5108
			failures:   2515
			restarts:   0
			no-goods:   0
			peak depth: 96
			runtime:    0.298 (298.000 ms)

	Found best solution and proved optimality.
