	Probing...
		Bounds: [331,2574]
		r034 [makespan: 548]
		r034 [makespan: 502]
		r034 [makespan: 488]
		r034 [makespan: 487]
			nodes:      33126
			failures:   10007
			peak depth: 572
			runtime:    0.614 (614.000 ms)

	Adjusting...
		Bounds: [331,487]
		Bounds: [410,487]
		r034 [makespan: 448]
		Bounds: [410,448]
		Bounds: [430,448]
		Bounds: [440,448]
		r034 [makespan: 444]
		Bounds: [440,444]
		r034 [makespan: 442]
		Bounds: [440,442]
		r034 [makespan: 441]
			nodes:      172434
			failures:   85962
			restarts:   9
			no-goods:   191
			peak depth: 94
			runtime:    9.997 (9997.000 ms)

	Found best solution and proved optimality.
