	Probing...
		Bounds: [330,2517]
		r035 [makespan: 517]
		r035 [makespan: 442]
			nodes:      13474
			failures:   12
			peak depth: 581
			runtime:    0.209 (209.000 ms)

	Adjusting...
		Bounds: [330,442]
		Bounds: [387,442]
		r035 [makespan: 414]
		Bounds: [387,414]
		r035 [makespan: 400]
		Bounds: [387,400]
		Bounds: [394,400]
		Bounds: [398,400]
		r035 [makespan: 399]
			nodes:      21215
			failures:   10502
			restarts:   0
			no-goods:   0
			peak depth: 94
			runtime:    1.421 (1421.000 ms)

	Found best solution and proved optimality.
