	Probing...
		Bounds: [338,2473]
		r043 [makespan: 411]
			nodes:      33359
			failures:   10004
			peak depth: 581
			runtime:    0.671 (671.000 ms)

	Adjusting...
		Bounds: [338,411]
		Bounds: [375,411]
		r043 [makespan: 393]
		Bounds: [375,393]
		r043 [makespan: 384]
		Bounds: [375,384]
		Bounds: [380,384]
			nodes:      57189
			failures:   28491
			restarts:   3
			no-goods:   57
			peak depth: 85
			runtime:    3.441 (3441.000 ms)

	Found best solution and proved optimality.
