	Probing...
		Bounds: [299,2288]
		r049 [makespan: 518]
		r049 [makespan: 488]
		r049 [makespan: 468]
		r049 [makespan: 456]
		r049 [makespan: 450]
		r049 [makespan: 440]
		r049 [makespan: 432]
			nodes:      13128
			failures:   8
			peak depth: 581
			runtime:    0.207 (207.000 ms)

	Adjusting...
		Bounds: [299,432]
		Bounds: [366,432]
		r049 [makespan: 398]
		Bounds: [366,398]
		r049 [makespan: 382]
		Bounds: [366,382]
		r049 [makespan: 374]
		Bounds: [366,374]
		r049 [makespan: 370]
		Bounds: [366,370]
		r049 [makespan: 368]
		Bounds: [366,368]
		r049 [makespan: 367]
			nodes:      11585
			failures:   5587
			restarts:   0
			no-goods:   0
			peak depth: 109
			runtime:    0.752 (752.000 ms)

	Found best solution and proved optimality.
