	Probing...
		Bounds: [334,2603]
		r051 [makespan: 515]
		r051 [makespan: 453]
		r051 [makespan: 449]
			nodes:      33466
			failures:   10007
			peak depth: 591
			runtime:    0.755 (755.000 ms)

	Adjusting...
		Bounds: [334,449]
		Bounds: [392,449]
		r051 [makespan: 420]
		Bounds: [392,420]
		r051 [makespan: 404]
		Bounds: [392,404]
		r051 [makespan: 396]
		Bounds: [392,396]
		r051 [makespan: 394]
		Bounds: [392,394]
		r051 [makespan: 393]
			nodes:      17025
			failures:   8310
			restarts:   0
			no-goods:   0
			peak depth: 100
			runtime:    1.000 (1000.000 ms)

	Found best solution and proved optimality.
