	Probing...
		Bounds: [312,2541]
		r072 [makespan: 612]
		r072 [makespan: 499]
		r072 [makespan: 486]
		r072 [makespan: 475]
		r072 [makespan: 451]
			nodes:      13329
			failures:   3
			peak depth: 574
			runtime:    0.204 (204.000 ms)

	Adjusting...
		Bounds: [312,451]
		Bounds: [382,451]
		Bounds: [417,451]
		r072 [makespan: 433]
		Bounds: [417,433]
		r072 [makespan: 425]
		Bounds: [417,425]
		r072 [makespan: 420]
		Bounds: [417,420]
		r072 [makespan: 418]
			nodes:      13735
			failures:   6713
			restarts:   0
			no-goods:   0
			peak depth: 106
			runtime:    0.821 (821.000 ms)

	Found best solution and proved optimality.
