	Probing...
		Bounds: [381,2803]
		r097 [makespan: 570]
		r097 [makespan: 569]
		r097 [makespan: 516]
		r097 [makespan: 511]
			nodes:      33357
			failures:   10005
			peak depth: 593
			runtime:    0.739 (739.000 ms)

	Adjusting...
		Bounds: [381,511]
		Bounds: [447,511]
		r097 [makespan: 479]
		Bounds: [447,479]
		r097 [makespan: 463]
		Bounds: [447,463]
		r097 [makespan: 455]
		Bounds: [447,455]
		r097 [makespan: 451]
		Bounds: [447,451]
			nodes:      19467
			failures:   9575
			restarts:   1
			no-goods:   14
			peak depth: 99
			runtime:    1.164 (1164.000 ms)

	Found best solution and proved optimality.
