	Probing...
		Bounds: [340,2406]
		r101 [makespan: 596]
		r101 [makespan: 492]
		r101 [makespan: 476]
		r101 [makespan: 471]
		r101 [makespan: 463]
		r101 [makespan: 436]
			nodes:      13210
			failures:   3
			peak depth: 559
			runtime:    0.208 (208.000 ms)

	Adjusting...
		Bounds: [340,436]
		Bounds: [389,436]
		r101 [makespan: 412]
		Bounds: [389,412]
		Bounds: [401,412]
		r101 [makespan: 406]
		Bounds: [401,406]
		Bounds: [404,406]
		r101 [makespan: 405]
			nodes:      77079
			failures:   38370
			restarts:   5
			no-goods:   95
			peak depth: 110
			runtime:    4.368 (4368.000 ms)

	Found best solution and proved optimality.
