	Probing...
		Bounds: [369,2675]
		r102 [makespan: 522]
		r102 [makespan: 511]
		r102 [makespan: 491]
			nodes:      13646
			failures:   4
			peak depth: 598
			runtime:    0.209 (209.000 ms)

	Adjusting...
		Bounds: [369,491]
		Bounds: [431,491]
		r102 [makespan: 460]
		Bounds: [431,460]
		r102 [makespan: 444]
		Bounds: [431,444]
		Bounds: [438,444]
		Bounds: [442,444]
		r102 [makespan: 442]
			nodes:      31084
			failures:   15382
			restarts:   2
			no-goods:   26
			peak depth: 107
			runtime:    1.586 (1586.000 ms)

	Solving...
			nodes:      0
			failures:   1
			restarts:   0
			no-goods:   0
			peak depth: 0
			runtime:    0.000 (0.000 ms)

	Found best solution and proved optimality.
