	Probing...
		Bounds: [332,2533]
		r104 [makespan: 549]
		r104 [makespan: 466]
		r104 [makespan: 465]
			nodes:      13073
			failures:   3
			peak depth: 572
			runtime:    0.204 (204.000 ms)

	Adjusting...
		Bounds: [332,465]
		Bounds: [399,465]
		r104 [makespan: 432]
		Bounds: [399,432]
		r104 [makespan: 415]
		Bounds: [399,415]
		Bounds: [408,415]
		r104 [makespan: 411]
		Bounds: [408,411]
		r104 [makespan: 409]
			nodes:      66096
			failures:   32888
			restarts:   3
			no-goods:   36
			peak depth: 94
			runtime:    3.888 (3888.000 ms)

	Found best solution and proved optimality.
