	Probing...
		Bounds: [335,2301]
		r167 [makespan: 561]
		r167 [makespan: 474]
		r167 [makespan: 454]
		r167 [makespan: 448]
		r167 [makespan: 416]
		r167 [makespan: 407]
			nodes:      13604
			failures:   8
			peak depth: 579
			runtime:    0.208 (208.000 ms)

	Adjusting...
		Bounds: [335,407]
		Bounds: [372,407]
		r167 [makespan: 389]
		Bounds: [372,389]
		r167 [makespan: 380]
		Bounds: [372,380]
		r167 [makespan: 376]
		Bounds: [372,376]
		r167 [makespan: 374]
		Bounds: [372,374]
		r167 [makespan: 373]
			nodes:      273345
			failures:   136337
			restarts:   15
			no-goods:   303
			peak depth: 107
			runtime:    14.343 (14343.000 ms)

	Found best solution and proved optimality.
