	Probing...
		Bounds: [331,2631]
		r177 [makespan: 608]
		r177 [makespan: 485]
			nodes:      13472
			failures:   9
			peak depth: 561
			runtime:    0.205 (205.000 ms)

	Adjusting...
		Bounds: [331,485]
		Bounds: [409,485]
		r177 [makespan: 445]
		Bounds: [409,445]
		Bounds: [428,445]
		r177 [makespan: 435]
		Bounds: [428,435]
		r177 [makespan: 430]
		Bounds: [428,430]
			nodes:      339871
			failures:   169686
			restarts:   15
			no-goods:   220
			peak depth: 118
			runtime:    20.933 (20933.000 ms)

	Solving...
			nodes:      0
			failures:   1
			restarts:   0
			no-goods:   0
			peak depth: 0
			runtime:    0.000 (0.000 ms)

	Found best solution and proved optimality.
