	Probing...
		Bounds: [378,2377]
		r198 [makespan: 502]
		r198 [makespan: 482]
		r198 [makespan: 481]
		r198 [makespan: 461]
		r198 [makespan: 452]
			nodes:      13879
			failures:   13
			peak depth: 583
			runtime:    0.210 (210.000 ms)

	Adjusting...
		Bounds: [378,452]
		r198 [makespan: 413]
		Bounds: [378,413]
		Bounds: [396,413]
		Bounds: [405,413]
		Bounds: [410,413]
			nodes:      97
			failures:   4
			restarts:   0
			no-goods:   0
			peak depth: 96
			runtime:    0.002 (2.000 ms)

	Found best solution and proved optimality.
