	Probing...
		Bounds: [353,2625]
		r248 [makespan: 510]
			nodes:      13761
			failures:   13
			peak depth: 611
			runtime:    0.207 (207.000 ms)

	Adjusting...
		Bounds: [353,510]
		Bounds: [432,510]
		r248 [makespan: 471]
		Bounds: [432,471]
		r248 [makespan: 451]
		Bounds: [432,451]
		r248 [makespan: 441]
		Bounds: [432,441]
		Bounds: [437,441]
		r248 [makespan: 439]
		Bounds: [437,439]
		r248 [makespan: 438]
			nodes:      55987
			failures:   27755
			restarts:   3
			no-goods:   54
			peak depth: 121
			runtime:    3.113 (3113.000 ms)

	Found best solution and proved optimality.
