	Probing...
		Bounds: [356,2545]
		r276 [makespan: 587]
		r276 [makespan: 540]
		r276 [makespan: 517]
		r276 [makespan: 487]
			nodes:      13451
			failures:   18
			peak depth: 562
			runtime:    0.210 (210.000 ms)

	Adjusting...
		Bounds: [356,487]
		Bounds: [422,487]
		r276 [makespan: 454]
		Bounds: [422,454]
		Bounds: [439,454]
		r276 [makespan: 446]
		Bounds: [439,446]
		Bounds: [443,446]
			nodes:      688382
			failures:   343831
			restarts:   22
			no-goods:   509
			peak depth: 98
			runtime:    33.356 (33356.000 ms)

	Found best solution and proved optimality.
