	Probing...
		Bounds: [373,2775]
		r363 [makespan: 539]
		r363 [makespan: 474]
		r363 [makespan: 472]
			nodes:      33523
			failures:   10007
			peak depth: 596
			runtime:    0.536 (536.000 ms)

	Adjusting...
		Bounds: [373,472]
		r363 [makespan: 422]
		Bounds: [373,422]
		Bounds: [398,422]
		Bounds: [411,422]
		r363 [makespan: 414]
		Bounds: [411,414]
			nodes:      19375
			failures:   9602
			restarts:   0
			no-goods:   0
			peak depth: 108
			runtime:    1.143 (1143.000 ms)

	Found best solution and proved optimality.
