	Probing...
		Bounds: [320,2429]
		r402 [makespan: 585]
		r402 [makespan: 468]
		r402 [makespan: 454]
		r402 [makespan: 453]
		r402 [makespan: 444]
			nodes:      32897
			failures:   10015
			peak depth: 584
			runtime:    0.651 (651.000 ms)

	Adjusting...
		Bounds: [320,444]
		Bounds: [383,444]
		r402 [makespan: 413]
		Bounds: [383,413]
		r402 [makespan: 398]
		Bounds: [383,398]
		r402 [makespan: 389]
		Bounds: [383,389]
		Bounds: [387,389]
			nodes:      67782
			failures:   33724
			restarts:   4
			no-goods:   118
			peak depth: 105
			runtime:    3.875 (3875.000 ms)

	Solving...
			nodes:      0
			failures:   1
			restarts:   0
			no-goods:   0
			peak depth: 0
			runtime:    0.000 (0.000 ms)

	Found best solution and proved optimality.
