	Probing...
		Bounds: [313,2377]
		r413 [makespan: 492]
		r413 [makespan: 448]
		r413 [makespan: 425]
		r413 [makespan: 413]
			nodes:      13395
			failures:   2
			peak depth: 594
			runtime:    0.207 (207.000 ms)

	Adjusting...
		Bounds: [313,413]
		Bounds: [364,413]
		r413 [makespan: 387]
		Bounds: [364,387]
		Bounds: [376,387]
		Bounds: [382,387]
		Bounds: [385,387]
		r413 [makespan: 386]
			nodes:      567237
			failures:   283346
			restarts:   21
			no-goods:   387
			peak depth: 95
			runtime:    28.021 (28021.000 ms)

	Found best solution and proved optimality.
