	Probing...
		Bounds: [345,2605]
		r424 [makespan: 588]
		r424 [makespan: 530]
		r424 [makespan: 507]
		r424 [makespan: 482]
		r424 [makespan: 478]
			nodes:      13582
			failures:   3
			peak depth: 581
			runtime:    0.211 (211.000 ms)

	Adjusting...
		Bounds: [345,478]
		Bounds: [412,478]
		r424 [makespan: 445]
		Bounds: [412,445]
		Bounds: [429,445]
		r424 [makespan: 435]
		Bounds: [429,435]
		Bounds: [433,435]
		r424 [makespan: 434]
			nodes:      9893
			failures:   4824
			restarts:   0
			no-goods:   0
			peak depth: 98
			runtime:    0.634 (634.000 ms)

	Found best solution and proved optimality.
