	Probing...
		Bounds: [323,2577]
		r428 [makespan: 543]
		r428 [makespan: 470]
		r428 [makespan: 454]
			nodes:      13374
			failures:   11
			peak depth: 574
			runtime:    0.207 (207.000 ms)

	Adjusting...
		Bounds: [323,454]
		Bounds: [389,454]
		r428 [makespan: 421]
		Bounds: [389,421]
		Bounds: [406,421]
		Bounds: [414,421]
		r428 [makespan: 417]
		Bounds: [414,417]
			nodes:      193060
			failures:   96356
			restarts:   10
			no-goods:   208
			peak depth: 92
			runtime:    11.857 (11857.000 ms)

	Found best solution and proved optimality.
