	Probing...
		Bounds: [334,2640]
		r446 [makespan: 477]
		r446 [makespan: 469]
		r446 [makespan: 452]
			nodes:      13170
			failures:   6
			peak depth: 561
			runtime:    0.203 (203.000 ms)

	Adjusting...
		Bounds: [334,452]
		Bounds: [394,452]
		r446 [makespan: 422]
		Bounds: [394,422]
		Bounds: [409,422]
		r446 [makespan: 415]
		Bounds: [409,415]
		r446 [makespan: 412]
		Bounds: [409,412]
			nodes:      19513
			failures:   9638
			restarts:   1
			no-goods:   13
			peak depth: 86
			runtime:    1.049 (1049.000 ms)

	Found best solution and proved optimality.
