	Probing...
		Bounds: [374,2710]
		r470 [makespan: 519]
		r470 [makespan: 504]
		r470 [makespan: 474]
		r470 [makespan: 466]
		r470 [makespan: 453]
			nodes:      13956
			failures:   3
			peak depth: 603
			runtime:    0.211 (211.000 ms)

	Adjusting...
		Bounds: [374,453]
		Bounds: [414,453]
		r470 [makespan: 433]
		Bounds: [414,433]
		Bounds: [424,433]
		Bounds: [429,433]
			nodes:      106118
			failures:   52959
			restarts:   6
			no-goods:   113
			peak depth: 87
			runtime:    4.657 (4657.000 ms)

	Found best solution and proved optimality.
