	Probing...
		Bounds: [374,2710]
		r470 [makespan: 519]
		r470 [makespan: 504]
		r470 [makespan: 474]
		r470 [makespan: 466]
		r470 [makespan: 453]
			nodes:      13956
			failures:   3
			peak depth: 603
			runtime:    0.207 (207.000 ms)

	Adjusting...
		Bounds: [374,453]
		Bounds: [414,453]
		r470 [makespan: 432]
		Bounds: [414,432]
		Bounds: [424,432]
		Bounds: [429,432]
			nodes:      52578
			failures:   26219
			restarts:   3
			no-goods:   51
			peak depth: 101
			runtime:    2.378 (2378.000 ms)

	Found best solution and proved optimality.
