	Probing...
		Bounds: [384,2589]
		r507 [makespan: 512]
		r507 [makespan: 460]
		r507 [makespan: 445]
			nodes:      13822
			failures:   10
			peak depth: 617
			runtime:    0.210 (210.000 ms)

	Adjusting...
		Bounds: [384,445]
		r507 [makespan: 413]
		Bounds: [384,413]
		Bounds: [399,413]
		Bounds: [407,413]
		r507 [makespan: 410]
		Bounds: [407,410]
		r507 [makespan: 408]
			nodes:      893
			failures:   336
			restarts:   0
			no-goods:   0
			peak depth: 80
			runtime:    0.040 (40.000 ms)

	Found best solution and proved optimality.
