	Probing...
		Bounds: [315,2497]
		r537 [makespan: 592]
		r537 [makespan: 481]
		r537 [makespan: 468]
		r537 [makespan: 452]
		r537 [makespan: 451]
			nodes:      13324
			failures:   6
			peak depth: 572
			runtime:    0.206 (206.000 ms)

	Adjusting...
		Bounds: [315,451]
		Bounds: [384,451]
		r537 [makespan: 417]
		Bounds: [384,417]
		Bounds: [401,417]
		Bounds: [410,417]
			nodes:      2187218
			failures:   1093139
			restarts:   32
			no-goods:   581
			peak depth: 113
			runtime:    2:00.001 (120001.000 ms)
				stopped due to time-out...

	Solving...
		r537 [makespan: 416]
		r537 [makespan: 413]
			nodes:      2235323
			failures:   1117342
			restarts:   17
			no-goods:   348
			peak depth: 134
			runtime:    2:00.001 (120001.000 ms)
				stopped due to time-out...

	Solution at most 0.97% away from optimum.
