	Probing...
		Bounds: [325,2417]
		r548 [makespan: 468]
		r548 [makespan: 441]
		r548 [makespan: 419]
			nodes:      13300
			failures:   2
			peak depth: 558
			runtime:    0.206 (206.000 ms)

	Adjusting...
		Bounds: [325,419]
		Bounds: [373,419]
		r548 [makespan: 396]
		Bounds: [373,396]
		Bounds: [385,396]
		r548 [makespan: 390]
		Bounds: [385,390]
		r548 [makespan: 387]
		Bounds: [385,387]
			nodes:      11485
			failures:   5631
			restarts:   0
			no-goods:   0
			peak depth: 94
			runtime:    0.615 (615.000 ms)

	Solving...
			nodes:      0
			failures:   1
			restarts:   0
			no-goods:   0
			peak depth: 0
			runtime:    0.000 (0.000 ms)

	Found best solution and proved optimality.
