	Probing...
		Bounds: [333,2481]
		r594 [makespan: 542]
		r594 [makespan: 539]
		r594 [makespan: 532]
		r594 [makespan: 517]
		r594 [makespan: 500]
		r594 [makespan: 483]
		r594 [makespan: 463]
			nodes:      13310
			failures:   2
			peak depth: 569
			runtime:    0.215 (215.000 ms)

	Adjusting...
		Bounds: [333,463]
		Bounds: [399,463]
		r594 [makespan: 431]
		Bounds: [399,431]
		r594 [makespan: 413]
		Bounds: [399,413]
		Bounds: [407,413]
		r594 [makespan: 410]
		Bounds: [407,410]
			nodes:      123952
			failures:   61804
			restarts:   7
			no-goods:   117
			peak depth: 104
			runtime:    7.912 (7912.000 ms)

	Found best solution and proved optimality.
