	Probing...
		Bounds: [325,2450]
		r659 [makespan: 507]
		r659 [makespan: 484]
		r659 [makespan: 471]
			nodes:      13729
			failures:   6
			peak depth: 594
			runtime:    0.207 (207.000 ms)

	Adjusting...
		Bounds: [325,471]
		Bounds: [399,471]
		r659 [makespan: 435]
		Bounds: [399,435]
		r659 [makespan: 417]
		Bounds: [399,417]
		Bounds: [409,417]
		Bounds: [414,417]
		r659 [makespan: 415]
			nodes:      126134
			failures:   62902
			restarts:   6
			no-goods:   77
			peak depth: 108
			runtime:    7.723 (7723.000 ms)

	Found best solution and proved optimality.
