	Probing...
		Bounds: [321,2500]
		r698 [makespan: 560]
		r698 [makespan: 490]
		r698 [makespan: 464]
		r698 [makespan: 458]
		r698 [makespan: 441]
			nodes:      13415
			failures:   11
			peak depth: 575
			runtime:    0.209 (209.000 ms)

	Adjusting...
		Bounds: [321,441]
		Bounds: [382,441]
		r698 [makespan: 411]
		Bounds: [382,411]
		Bounds: [397,411]
		r698 [makespan: 404]
		Bounds: [397,404]
		r698 [makespan: 400]
		Bounds: [397,400]
		r698 [makespan: 398]
			nodes:      86933
			failures:   43275
			restarts:   5
			no-goods:   85
			peak depth: 104
			runtime:    5.484 (5484.000 ms)

	Found best solution and proved optimality.
