	Probing...
		Bounds: [311,2512]
		r736 [makespan: 513]
		r736 [makespan: 489]
		r736 [makespan: 458]
			nodes:      13319
			failures:   6
			peak depth: 572
			runtime:    0.202 (202.000 ms)

	Adjusting...
		Bounds: [311,458]
		Bounds: [385,458]
		r736 [makespan: 419]
		Bounds: [385,419]
		Bounds: [403,419]
		Bounds: [412,419]
		Bounds: [416,419]
		r736 [makespan: 417]
			nodes:      19579
			failures:   9701
			restarts:   1
			no-goods:   9
			peak depth: 116
			runtime:    1.473 (1473.000 ms)

	Found best solution and proved optimality.
