	Probing...
		Bounds: [334,2627]
		r840 [makespan: 553]
		r840 [makespan: 541]
		r840 [makespan: 534]
		r840 [makespan: 533]
		r840 [makespan: 530]
		r840 [makespan: 522]
			nodes:      13273
			failures:   19
			peak depth: 569
			runtime:    0.208 (208.000 ms)

	Adjusting...
		Bounds: [334,522]
		Bounds: [429,522]
		r840 [makespan: 475]
		Bounds: [429,475]
		Bounds: [453,475]
		r840 [makespan: 462]
		Bounds: [453,462]
		r840 [makespan: 457]
		Bounds: [453,457]
			nodes:      321847
			failures:   160624
			restarts:   14
			no-goods:   251
			peak depth: 109
			runtime:    19.640 (19640.000 ms)

	Found best solution and proved optimality.
