	Probing...
		Bounds: [325,2631]
		r854 [makespan: 630]
		r854 [makespan: 501]
			nodes:      33588
			failures:   10012
			peak depth: 608
			runtime:    0.740 (740.000 ms)

	Adjusting...
		Bounds: [325,501]
		Bounds: [414,501]
		r854 [makespan: 457]
		Bounds: [414,457]
		Bounds: [436,457]
		Bounds: [447,457]
		r854 [makespan: 449]
		Bounds: [447,449]
			nodes:      4950
			failures:   2388
			restarts:   0
			no-goods:   0
			peak depth: 101
			runtime:    0.260 (260.000 ms)

	Solving...
			nodes:      0
			failures:   1
			restarts:   0
			no-goods:   0
			peak depth: 0
			runtime:    0.000 (0.000 ms)

	Found best solution and proved optimality.
