	Probing...
		Bounds: [372,2900]
		r858 [makespan: 570]
		r858 [makespan: 490]
		r858 [makespan: 486]
		r858 [makespan: 470]
			nodes:      13933
			failures:   15
			peak depth: 604
			runtime:    0.210 (210.000 ms)

	Adjusting...
		Bounds: [372,470]
		Bounds: [422,470]
		r858 [makespan: 446]
		Bounds: [422,446]
		Bounds: [435,446]
		Bounds: [441,446]
		Bounds: [444,446]
		r858 [makespan: 444]
			nodes:      72837
			failures:   36309
			restarts:   4
			no-goods:   57
			peak depth: 97
			runtime:    4.091 (4091.000 ms)

	Solving...
			nodes:      0
			failures:   1
			restarts:   0
			no-goods:   0
			peak depth: 0
			runtime:    0.000 (0.000 ms)

	Found best solution and proved optimality.
