	Probing...
		Bounds: [356,2500]
		r879 [makespan: 587]
		r879 [makespan: 470]
		r879 [makespan: 467]
		r879 [makespan: 435]
			nodes:      13526
			failures:   4
			peak depth: 594
			runtime:    0.210 (210.000 ms)

	Adjusting...
		Bounds: [356,435]
		r879 [makespan: 395]
		Bounds: [356,395]
		Bounds: [376,395]
		Bounds: [386,395]
		r879 [makespan: 390]
		Bounds: [386,390]
		r879 [makespan: 387]
			nodes:      1021
			failures:   397
			restarts:   0
			no-goods:   0
			peak depth: 88
			runtime:    0.060 (60.000 ms)

	Found best solution and proved optimality.
