	Probing...
		Bounds: [376,2649]
		r887 [makespan: 622]
		r887 [makespan: 502]
		r887 [makespan: 501]
			nodes:      13836
			failures:   15
			peak depth: 614
			runtime:    0.206 (206.000 ms)

	Adjusting...
		Bounds: [376,501]
		r887 [makespan: 438]
		Bounds: [376,438]
		Bounds: [408,438]
		Bounds: [424,438]
		r887 [makespan: 431]
		Bounds: [424,431]
		r887 [makespan: 427]
		Bounds: [424,427]
		r887 [makespan: 425]
			nodes:      8477
			failures:   4075
			restarts:   0
			no-goods:   0
			peak depth: 92
			runtime:    0.438 (438.000 ms)

	Found best solution and proved optimality.
