	Probing...
		Bounds: [361,2910]
		r892 [makespan: 554]
		r892 [makespan: 527]
		r892 [makespan: 501]
		r892 [makespan: 480]
		r892 [makespan: 479]
			nodes:      13699
			failures:   15
			peak depth: 594
			runtime:    0.204 (204.000 ms)

	Adjusting...
		Bounds: [361,479]
		Bounds: [421,479]
		r892 [makespan: 449]
		Bounds: [421,449]
		Bounds: [436,449]
		r892 [makespan: 438]
		Bounds: [436,438]
		r892 [makespan: 437]
			nodes:      7124
			failures:   3438
			restarts:   0
			no-goods:   0
			peak depth: 101
			runtime:    0.429 (429.000 ms)

	Found best solution and proved optimality.
