	Probing...
		Bounds: [370,2628]
		r914 [makespan: 612]
		r914 [makespan: 501]
			nodes:      13742
			failures:   3
			peak depth: 603
			runtime:    0.209 (209.000 ms)

	Adjusting...
		Bounds: [370,501]
		Bounds: [436,501]
		r914 [makespan: 468]
		Bounds: [436,468]
		Bounds: [453,468]
		r914 [makespan: 460]
		Bounds: [453,460]
		r914 [makespan: 456]
		Bounds: [453,456]
			nodes:      79649
			failures:   39658
			restarts:   4
			no-goods:   71
			peak depth: 107
			runtime:    5.202 (5202.000 ms)

	Found best solution and proved optimality.
