	Probing...
		Bounds: [364,2670]
		r922 [makespan: 622]
		r922 [makespan: 580]
		r922 [makespan: 543]
			nodes:      13516
			failures:   12
			peak depth: 578
			runtime:    0.209 (209.000 ms)

	Adjusting...
		Bounds: [364,543]
		Bounds: [454,543]
		Bounds: [499,543]
		r922 [makespan: 521]
		Bounds: [499,521]
		Bounds: [511,521]
		r922 [makespan: 516]
		Bounds: [511,516]
		Bounds: [514,516]
		r922 [makespan: 515]
			nodes:      298
			failures:   14
			restarts:   0
			no-goods:   0
			peak depth: 97
			runtime:    0.009 (9.000 ms)

	Found best solution and proved optimality.
